#
# A fatal error has been detected by the Java Runtime Environment:
#
#  SIGSEGV (0xb) at pc=0x00007fff5345be9d, pid=16127, tid=0x0000000000000307
#
# JRE version: Java(TM) SE Runtime Environment (8.0_151-b12) (build 1.8.0_151-b12)
# Java VM: Java HotSpot(TM) 64-Bit Server VM (25.151-b12 mixed mode bsd-amd64 compressed oops)
# Problematic frame:
# C  [libobjc.A.dylib+0x6e9d]  objc_msgSend+0x1d
#
# Failed to write core dump. Core dumps have been disabled. To enable core dumping, try "ulimit -c unlimited" before starting Java again
#
# If you would like to submit a bug report, please visit:
#   http://bugreport.java.com/bugreport/crash.jsp
# The crash happened outside the Java Virtual Machine in native code.
# See problematic frame for where to report the bug.
#

---------------  T H R E A D  ---------------

Current thread (0x00007f9629012000):  JavaThread "AWT-AppKit" daemon [_thread_in_native, id=775, stack(0x00007ffee9a95000,0x00007ffeea295000)]

siginfo: si_signo: 11 (SIGSEGV), si_code: 1 (SEGV_MAPERR), si_addr: 0x0000000000000018

Registers:
RAX=0x00007f962cd16f20, RBX=0x000000011f612450, RCX=0x0000000000000001, RDX=0x0000000000000000
RSP=0x00007ffeea28fdc8, RBP=0x00007ffeea28fe80, RSI=0x00007fff2a4aa31e, RDI=0x00007f962cc1d060
R8 =0x0000000062a80083, R9 =0x0000000000000001, R10=0x0000000000000000, R11=0x00007fff2a4aa31e
R12=0x0000000000000000, R13=0x000000018f1a8b98, R14=0x000000011f612440, R15=0x00007f9629012000
RIP=0x00007fff5345be9d, EFLAGS=0x0000000000010246, ERR=0x0000000000000004
  TRAPNO=0x000000000000000e

Top of Stack: (sp=0x00007ffeea28fdc8)
0x00007ffeea28fdc8:   000000011f610157 00007ffeea28fe20
0x00007ffeea28fdd8:   0000000000000003 00007ffeea28fe00
0x00007ffeea28fde8:   00000001063f392e 000000018f1a8b98
0x00007ffeea28fdf8:   000000018f1a8b98 00007f962cd16f20
0x00007ffeea28fe08:   000000011f6126a0 000000011f612710
0x00007ffeea28fe18:   00007fff8634ab38 00007fff87a99178
0x00007ffeea28fe28:   000000011f612450 000000011f612690
0x00007ffeea28fe38:   00007f962cd16f20 00007f962cc1d060
0x00007ffeea28fe48:   00007f9628544a30 00007f962cd16f20
0x00007ffeea28fe58:   00007f962cc1d060 00007ffeea28ff00
0x00007ffeea28fe68:   00007f96290121f8 000000018f1a8b98
0x00007ffeea28fe78:   00007ffeea28ff28 00007ffeea28fef0
0x00007ffeea28fe88:   00000001091839f4 00007ffeea28fef0
0x00007ffeea28fe98:   0000000109183779 000000010918f9a3
0x00007ffeea28fea8:   0000000109183742 00007ffeea28feb0
0x00007ffeea28feb8:   000000018f1a8b98 00007ffeea28ff28
0x00007ffeea28fec8:   000000018f1cc028 0000000000000000
0x00007ffeea28fed8:   000000018f1a8b98 0000000000000000
0x00007ffeea28fee8:   00007ffeea28ff10 00007ffeea28ff70
0x00007ffeea28fef8:   00000001091742bd 0000000740489ea0
0x00007ffeea28ff08:   000000010917d538 00007f962cd16f20
0x00007ffeea28ff18:   000000010917ee39 00007f962cc1d060
0x00007ffeea28ff28:   000000010917ee02 00007ffeea28ff30
0x00007ffeea28ff38:   000000018f1a8d62 00007ffeea28ff98
0x00007ffeea28ff48:   000000018f1cc028 0000000000000000
0x00007ffeea28ff58:   000000018f1a8d70 00007ffeea28ff10
0x00007ffeea28ff68:   00007ffeea28ff80 00007ffeea28ffe0
0x00007ffeea28ff78:   00000001091742bd 00007f962cd16f20
0x00007ffeea28ff88:   00000007402cc260 00007f962cc1d060
0x00007ffeea28ff98:   00000007402cc260 00007ffeea28ffa0
0x00007ffeea28ffa8:   000000019513143e 00007ffeea28fff0
0x00007ffeea28ffb8:   00000001951314f8 0000000000000000 

Instructions: (pc=0x00007fff5345be9d)
0x00007fff5345be7d:   0f 1f 00 48 85 ff 2e 74 62 40 f6 c7 01 2e 75 66
0x00007fff5345be8d:   49 ba f8 ff ff ff ff 7f 00 00 4c 23 17 49 89 f3
0x00007fff5345be9d:   45 23 5a 18 49 c1 e3 04 4d 03 5a 10 49 3b 33 75
0x00007fff5345bead:   04 41 ff 63 08 49 83 3b 01 76 0d 49 83 c3 10 49 

Register to memory mapping:

RAX=0x00007f962cd16f20 is an unknown value
RBX=0x000000011f612450: Java_jogamp_nativewindow_macosx_OSXUtil_GetScreenRefreshRate0+0x1cf0 in /private/var/folders/2b/rxb1vsr90zqgm70cphy2n7sh0000gn/T/jogamp_0000/file_cache/jln2087896516933054851/jln5611741017959549394/libnativewindow_macosx.jnilib at 0x000000011f60b000
RCX=0x0000000000000001 is an unknown value
RDX=0x0000000000000000 is an unknown value
RSP=0x00007ffeea28fdc8 is pointing into the stack for thread: 0x00007f9629012000
RBP=0x00007ffeea28fe80 is pointing into the stack for thread: 0x00007f9629012000
RSI=0x00007fff2a4aa31e: .str.41.llvm.DC87FEEF+0x43861 in /System/Library/Frameworks/AppKit.framework/Versions/C/AppKit at 0x00007fff297d0000
RDI=0x00007f962cc1d060 is an unknown value
R8 =0x0000000062a80083 is an unknown value
R9 =0x0000000000000001 is an unknown value
R10=0x0000000000000000 is an unknown value
R11=0x00007fff2a4aa31e: .str.41.llvm.DC87FEEF+0x43861 in /System/Library/Frameworks/AppKit.framework/Versions/C/AppKit at 0x00007fff297d0000
R12=0x0000000000000000 is an unknown value
R13={method} {0x000000018f1a8b98} 'UnsetJAWTRootSurfaceLayer0' '(JJ)V' in 'jogamp/nativewindow/jawt/macosx/MacOSXJAWTWindow'
R14=0x000000011f612440: Java_jogamp_nativewindow_macosx_OSXUtil_GetScreenRefreshRate0+0x1ce0 in /private/var/folders/2b/rxb1vsr90zqgm70cphy2n7sh0000gn/T/jogamp_0000/file_cache/jln2087896516933054851/jln5611741017959549394/libnativewindow_macosx.jnilib at 0x000000011f60b000
R15=0x00007f9629012000 is a thread


Stack: [0x00007ffee9a95000,0x00007ffeea295000],  sp=0x00007ffeea28fdc8,  free space=8171k
Native frames: (J=compiled Java code, j=interpreted, Vv=VM code, C=native code)
C  [libobjc.A.dylib+0x6e9d]  objc_msgSend+0x1d
j  jogamp.nativewindow.jawt.macosx.MacOSXJAWTWindow.UnsetJAWTRootSurfaceLayer0(JJ)V+0
j  jogamp.nativewindow.jawt.macosx.MacOSXJAWTWindow.access$200(JJ)V+2
j  jogamp.nativewindow.jawt.macosx.MacOSXJAWTWindow$1.run()V+38
j  com.jogamp.common.util.RunnableTask.run()V+24
v  ~StubRoutines::call_stub
V  [libjvm.dylib+0x2ee9aa]
V  [libjvm.dylib+0x325b59]
V  [libjvm.dylib+0x318327]
C  [libnativewindow_macosx.jnilib+0x5326]  Java_jogamp_nativewindow_jawt_macosx_MacOSXJAWTWindow_UnsetJAWTRootSurfaceLayer0+0x2b6
C  [Foundation+0x682b5]  __NSThreadPerformPerform+0x14e
C  [CoreFoundation+0xa3a61]  __CFRUNLOOP_IS_CALLING_OUT_TO_A_SOURCE0_PERFORM_FUNCTION__+0x11
C  [CoreFoundation+0x15d47c]  __CFRunLoopDoSource0+0x6c
C  [CoreFoundation+0x8651c]  __CFRunLoopDoSources0+0x12c
C  [CoreFoundation+0x8593d]  __CFRunLoopRun+0x50d
C  [CoreFoundation+0x851a3]  CFRunLoopRunSpecific+0x1e3
C  [HIToolbox+0x2fd96]  RunCurrentEventLoopInMode+0x11e
C  [HIToolbox+0x2fa0f]  ReceiveNextEventCommon+0x16e
C  [HIToolbox+0x2f884]  _BlockUntilNextEventMatchingListInModeWithFilter+0x40
C  [AppKit+0x41a73]  _DPSNextEvent+0x825
C  [AppKit+0x7d7e34]  -[NSApplication(NSEvent) _nextEventMatchingEventMask:untilDate:inMode:dequeue:]+0xbe4
C  [libosxapp.dylib+0x23aa]  -[NSApplicationAWT nextEventMatchingMask:untilDate:inMode:dequeue:]+0x7c
C  [AppKit+0x36885]  -[NSApplication run]+0x2fc
C  [libosxapp.dylib+0x214d]  +[NSApplicationAWT runAWTLoopWithApp:]+0x9c
C  [libawt_lwawt.dylib+0x45edf]  -[AWTStarter starter:]+0x389
C  [Foundation+0x682b5]  __NSThreadPerformPerform+0x14e
C  [CoreFoundation+0xa3a61]  __CFRUNLOOP_IS_CALLING_OUT_TO_A_SOURCE0_PERFORM_FUNCTION__+0x11
C  [CoreFoundation+0x15d47c]  __CFRunLoopDoSource0+0x6c
C  [CoreFoundation+0x864c0]  __CFRunLoopDoSources0+0xd0
C  [CoreFoundation+0x8593d]  __CFRunLoopRun+0x50d
C  [CoreFoundation+0x851a3]  CFRunLoopRunSpecific+0x1e3
C  [java+0x6465]  CreateExecutionEnvironment+0x367
C  [java+0x218c]  JLI_Launch+0x7a0
C  [java+0x84c2]  main+0x65
C  [java+0x19e4]  start+0x34
C  0x0000000000000007

Java frames: (J=compiled Java code, j=interpreted, Vv=VM code)
j  jogamp.nativewindow.jawt.macosx.MacOSXJAWTWindow.UnsetJAWTRootSurfaceLayer0(JJ)V+0
j  jogamp.nativewindow.jawt.macosx.MacOSXJAWTWindow.access$200(JJ)V+2
j  jogamp.nativewindow.jawt.macosx.MacOSXJAWTWindow$1.run()V+38
j  com.jogamp.common.util.RunnableTask.run()V+24
v  ~StubRoutines::call_stub

---------------  P R O C E S S  ---------------

Java Threads: ( => current thread )
  0x00007f9629132000 JavaThread "Thread-20" [_thread_blocked, id=57395, stack(0x0000700007c60000,0x0000700007d60000)]
  0x00007f9628edd000 JavaThread "Thread-5" [_thread_blocked, id=70403, stack(0x0000700009840000,0x0000700009940000)]
  0x00007f9629c4b000 JavaThread "Thread-3" [_thread_blocked, id=70663, stack(0x000070000963a000,0x000070000973a000)]
  0x00007f962a2e2800 JavaThread "AWT-EventQueue-1" [_thread_in_native, id=55063, stack(0x0000700009431000,0x0000700009531000)]
  0x00007f962890e000 JavaThread "DestroyJavaVM" [_thread_blocked, id=6147, stack(0x0000700007de9000,0x0000700007ee9000)]
  0x00007f9628a3a000 JavaThread "AWT-EventQueue-0" [_thread_blocked, id=78095, stack(0x000070000922b000,0x000070000932b000)]
  0x00007f962a206800 JavaThread "Java2D Disposer" daemon [_thread_blocked, id=78863, stack(0x0000700008fa2000,0x00007000090a2000)]
  0x00007f96298b7000 JavaThread "Java2D Queue Flusher" daemon [_thread_blocked, id=45315, stack(0x0000700008e9f000,0x0000700008f9f000)]
  0x00007f96288e6000 JavaThread "AWT-Shutdown" [_thread_blocked, id=25899, stack(0x0000700008c13000,0x0000700008d13000)]
=>0x00007f9629012000 JavaThread "AWT-AppKit" daemon [_thread_in_native, id=775, stack(0x00007ffee9a95000,0x00007ffeea295000)]
  0x00007f962a042800 JavaThread "Service Thread" daemon [_thread_blocked, id=15107, stack(0x0000700008a0d000,0x0000700008b0d000)]
  0x00007f962a015000 JavaThread "C1 CompilerThread2" daemon [_thread_blocked, id=18179, stack(0x000070000890a000,0x0000700008a0a000)]
  0x00007f962a014800 JavaThread "C2 CompilerThread1" daemon [_thread_blocked, id=14339, stack(0x0000700008807000,0x0000700008907000)]
  0x00007f962a012800 JavaThread "C2 CompilerThread0" daemon [_thread_blocked, id=18435, stack(0x0000700008704000,0x0000700008804000)]
  0x00007f962a012000 JavaThread "Signal Dispatcher" daemon [_thread_blocked, id=13571, stack(0x0000700008601000,0x0000700008701000)]
  0x00007f962a036800 JavaThread "Finalizer" daemon [_thread_blocked, id=19971, stack(0x00007000084fe000,0x00007000085fe000)]
  0x00007f962a034000 JavaThread "Reference Handler" daemon [_thread_blocked, id=20483, stack(0x00007000083fb000,0x00007000084fb000)]

Other Threads:
  0x00007f962a02f000 VMThread [stack: 0x00007000082f8000,0x00007000083f8000] [id=11267]
  0x00007f9629856000 WatcherThread [stack: 0x0000700008b10000,0x0000700008c10000] [id=15619]

VM state:not at safepoint (normal execution)

VM Mutex/Monitor currently owned by a thread: None

Heap:
 PSYoungGen      total 55808K, used 50464K [0x0000000795580000, 0x0000000799100000, 0x00000007c0000000)
  eden space 50688K, 90% used [0x0000000795580000,0x000000079822bad8,0x0000000798700000)
  from space 5120K, 92% used [0x0000000798c00000,0x000000079909c650,0x0000000799100000)
  to   space 5120K, 0% used [0x0000000798700000,0x0000000798700000,0x0000000798c00000)
 ParOldGen       total 64000K, used 25390K [0x0000000740000000, 0x0000000743e80000, 0x0000000795580000)
  object space 64000K, 39% used [0x0000000740000000,0x00000007418cbbe8,0x0000000743e80000)
 Metaspace       used 30462K, capacity 30939K, committed 31152K, reserved 1077248K
  class space    used 2559K, capacity 2681K, committed 2736K, reserved 1048576K

Card table byte_map: [0x00000001075a7000,0x00000001079a8000] byte_map_base: 0x0000000103ba7000

Marking Bits: (ParMarkBitMap*) 0x0000000106af35d0
 Begin Bits: [0x000000011816c000, 0x000000011a16c000)
 End Bits:   [0x000000011a16c000, 0x000000011c16c000)

Polling page: 0x00000001059e7000

CodeCache: size=245760Kb used=10119Kb max_used=10614Kb free=235640Kb
 bounds [0x000000010916c000, 0x0000000109bdc000, 0x000000011816c000]
 total_blobs=3588 nmethods=2635 adapters=866
 compilation: enabled

Compilation events (10 events):
Event: 9.588 Thread 0x00007f962a015000 2883   !   3       jogamp.common.util.locks.RecursiveLockImpl01Unfairish::getHoldCount (24 bytes)
Event: 9.588 Thread 0x00007f962a015000 nmethod 2883 0x000000010934c410 code [0x000000010934c580, 0x000000010934c930]
Event: 9.590 Thread 0x00007f962a015000 2884       3       jogamp.nativewindow.jawt.JAWT_DrawingSurface::getBuffer (8 bytes)
Event: 9.590 Thread 0x00007f962a015000 nmethod 2884 0x00000001096c85d0 code [0x00000001096c8740, 0x00000001096c8930]
Event: 9.604 Thread 0x00007f962a015000 2885       3       java.awt.GraphicsEnvironment::isHeadless (4 bytes)
Event: 9.605 Thread 0x00007f962a015000 nmethod 2885 0x00000001096c20d0 code [0x00000001096c2260, 0x00000001096c26c8]
Event: 9.605 Thread 0x00007f962a015000 2886       3       java.awt.GraphicsEnvironment::getHeadlessProperty (22 bytes)
Event: 9.605 Thread 0x00007f962a015000 nmethod 2886 0x00000001097129d0 code [0x0000000109712b60, 0x0000000109712f68]
Event: 9.605 Thread 0x00007f962a015000 2887       3       java.awt.Rectangle::isEmpty (20 bytes)
Event: 9.606 Thread 0x00007f962a015000 nmethod 2887 0x00000001096c1d10 code [0x00000001096c1e80, 0x00000001096c2070]

GC Heap History (10 events):
Event: 3.871 GC heap before
{Heap before GC invocations=1 (full 0):
 PSYoungGen      total 38400K, used 33280K [0x0000000795580000, 0x0000000798000000, 0x00000007c0000000)
  eden space 33280K, 100% used [0x0000000795580000,0x0000000797600000,0x0000000797600000)
  from space 5120K, 0% used [0x0000000797b00000,0x0000000797b00000,0x0000000798000000)
  to   space 5120K, 0% used [0x0000000797600000,0x0000000797600000,0x0000000797b00000)
 ParOldGen       total 87552K, used 0K [0x0000000740000000, 0x0000000745580000, 0x0000000795580000)
  object space 87552K, 0% used [0x0000000740000000,0x0000000740000000,0x0000000745580000)
 Metaspace       used 16212K, capacity 16541K, committed 16640K, reserved 1064960K
  class space    used 1670K, capacity 1791K, committed 1792K, reserved 1048576K
Event: 3.881 GC heap after
Heap after GC invocations=1 (full 0):
 PSYoungGen      total 38400K, used 5109K [0x0000000795580000, 0x0000000798000000, 0x00000007c0000000)
  eden space 33280K, 0% used [0x0000000795580000,0x0000000795580000,0x0000000797600000)
  from space 5120K, 99% used [0x0000000797600000,0x0000000797afd4e8,0x0000000797b00000)
  to   space 5120K, 0% used [0x0000000797b00000,0x0000000797b00000,0x0000000798000000)
 ParOldGen       total 87552K, used 32K [0x0000000740000000, 0x0000000745580000, 0x0000000795580000)
  object space 87552K, 0% used [0x0000000740000000,0x0000000740008340,0x0000000745580000)
 Metaspace       used 16212K, capacity 16541K, committed 16640K, reserved 1064960K
  class space    used 1670K, capacity 1791K, committed 1792K, reserved 1048576K
}
Event: 5.276 GC heap before
{Heap before GC invocations=2 (full 0):
 PSYoungGen      total 38400K, used 28039K [0x0000000795580000, 0x0000000798000000, 0x00000007c0000000)
  eden space 33280K, 68% used [0x0000000795580000,0x0000000796be4768,0x0000000797600000)
  from space 5120K, 99% used [0x0000000797600000,0x0000000797afd4e8,0x0000000797b00000)
  to   space 5120K, 0% used [0x0000000797b00000,0x0000000797b00000,0x0000000798000000)
 ParOldGen       total 87552K, used 32K [0x0000000740000000, 0x0000000745580000, 0x0000000795580000)
  object space 87552K, 0% used [0x0000000740000000,0x0000000740008340,0x0000000745580000)
 Metaspace       used 20826K, capacity 21239K, committed 21296K, reserved 1069056K
  class space    used 2177K, capacity 2324K, committed 2352K, reserved 1048576K
Event: 5.292 GC heap after
Heap after GC invocations=2 (full 0):
 PSYoungGen      total 38400K, used 5090K [0x0000000795580000, 0x0000000798000000, 0x00000007c0000000)
  eden space 33280K, 0% used [0x0000000795580000,0x0000000795580000,0x0000000797600000)
  from space 5120K, 99% used [0x0000000797b00000,0x0000000797ff89c0,0x0000000798000000)
  to   space 5120K, 0% used [0x0000000797600000,0x0000000797600000,0x0000000797b00000)
 ParOldGen       total 87552K, used 2845K [0x0000000740000000, 0x0000000745580000, 0x0000000795580000)
  object space 87552K, 3% used [0x0000000740000000,0x00000007402c7670,0x0000000745580000)
 Metaspace       used 20826K, capacity 21239K, committed 21296K, reserved 1069056K
  class space    used 2177K, capacity 2324K, committed 2352K, reserved 1048576K
}
Event: 5.292 GC heap before
{Heap before GC invocations=3 (full 1):
 PSYoungGen      total 38400K, used 5090K [0x0000000795580000, 0x0000000798000000, 0x00000007c0000000)
  eden space 33280K, 0% used [0x0000000795580000,0x0000000795580000,0x0000000797600000)
  from space 5120K, 99% used [0x0000000797b00000,0x0000000797ff89c0,0x0000000798000000)
  to   space 5120K, 0% used [0x0000000797600000,0x0000000797600000,0x0000000797b00000)
 ParOldGen       total 87552K, used 2845K [0x0000000740000000, 0x0000000745580000, 0x0000000795580000)
  object space 87552K, 3% used [0x0000000740000000,0x00000007402c7670,0x0000000745580000)
 Metaspace       used 20826K, capacity 21239K, committed 21296K, reserved 1069056K
  class space    used 2177K, capacity 2324K, committed 2352K, reserved 1048576K
Event: 5.339 GC heap after
Heap after GC invocations=3 (full 1):
 PSYoungGen      total 38400K, used 0K [0x0000000795580000, 0x0000000798000000, 0x00000007c0000000)
  eden space 33280K, 0% used [0x0000000795580000,0x0000000795580000,0x0000000797600000)
  from space 5120K, 0% used [0x0000000797b00000,0x0000000797b00000,0x0000000798000000)
  to   space 5120K, 0% used [0x0000000797600000,0x0000000797600000,0x0000000797b00000)
 ParOldGen       total 64000K, used 7772K [0x0000000740000000, 0x0000000743e80000, 0x0000000795580000)
  object space 64000K, 12% used [0x0000000740000000,0x00000007407970b8,0x0000000743e80000)
 Metaspace       used 20826K, capacity 21239K, committed 21296K, reserved 1069056K
  class space    used 2177K, capacity 2324K, committed 2352K, reserved 1048576K
}
Event: 6.734 GC heap before
{Heap before GC invocations=4 (full 1):
 PSYoungGen      total 38400K, used 33194K [0x0000000795580000, 0x0000000798000000, 0x00000007c0000000)
  eden space 33280K, 99% used [0x0000000795580000,0x00000007975ea930,0x0000000797600000)
  from space 5120K, 0% used [0x0000000797b00000,0x0000000797b00000,0x0000000798000000)
  to   space 5120K, 0% used [0x0000000797600000,0x0000000797600000,0x0000000797b00000)
 ParOldGen       total 64000K, used 7772K [0x0000000740000000, 0x0000000743e80000, 0x0000000795580000)
  object space 64000K, 12% used [0x0000000740000000,0x00000007407970b8,0x0000000743e80000)
 Metaspace       used 23218K, capacity 23625K, committed 23856K, reserved 1071104K
  class space    used 2394K, capacity 2519K, committed 2608K, reserved 1048576K
Event: 6.756 GC heap after
Heap after GC invocations=4 (full 1):
 PSYoungGen      total 38400K, used 5093K [0x0000000795580000, 0x0000000799100000, 0x00000007c0000000)
  eden space 33280K, 0% used [0x0000000795580000,0x0000000795580000,0x0000000797600000)
  from space 5120K, 99% used [0x0000000797600000,0x0000000797af94a0,0x0000000797b00000)
  to   space 5120K, 0% used [0x0000000798c00000,0x0000000798c00000,0x0000000799100000)
 ParOldGen       total 64000K, used 19905K [0x0000000740000000, 0x0000000743e80000, 0x0000000795580000)
  object space 64000K, 31% used [0x0000000740000000,0x0000000741370738,0x0000000743e80000)
 Metaspace       used 23218K, capacity 23625K, committed 23856K, reserved 1071104K
  class space    used 2394K, capacity 2519K, committed 2608K, reserved 1048576K
}
Event: 7.614 GC heap before
{Heap before GC invocations=5 (full 1):
 PSYoungGen      total 38400K, used 38373K [0x0000000795580000, 0x0000000799100000, 0x00000007c0000000)
  eden space 33280K, 100% used [0x0000000795580000,0x0000000797600000,0x0000000797600000)
  from space 5120K, 99% used [0x0000000797600000,0x0000000797af94a0,0x0000000797b00000)
  to   space 5120K, 0% used [0x0000000798c00000,0x0000000798c00000,0x0000000799100000)
 ParOldGen       total 64000K, used 19905K [0x0000000740000000, 0x0000000743e80000, 0x0000000795580000)
  object space 64000K, 31% used [0x0000000740000000,0x0000000741370738,0x0000000743e80000)
 Metaspace       used 28896K, capacity 29342K, committed 29488K, reserved 1077248K
  class space    used 2450K, capacity 2583K, committed 2608K, reserved 1048576K
Event: 7.623 GC heap after
Heap after GC invocations=5 (full 1):
 PSYoungGen      total 55808K, used 4721K [0x0000000795580000, 0x0000000799100000, 0x00000007c0000000)
  eden space 50688K, 0% used [0x0000000795580000,0x0000000795580000,0x0000000798700000)
  from space 5120K, 92% used [0x0000000798c00000,0x000000079909c650,0x0000000799100000)
  to   space 5120K, 0% used [0x0000000798700000,0x0000000798700000,0x0000000798c00000)
 ParOldGen       total 64000K, used 25390K [0x0000000740000000, 0x0000000743e80000, 0x0000000795580000)
  object space 64000K, 39% used [0x0000000740000000,0x00000007418cbbe8,0x0000000743e80000)
 Metaspace       used 28896K, capacity 29342K, committed 29488K, reserved 1077248K
  class space    used 2450K, capacity 2583K, committed 2608K, reserved 1048576K
}

Deoptimization events (10 events):
Event: 6.838 Thread 0x00007f962a2e2800 Uncommon trap: reason=class_check action=maybe_recompile pc=0x000000010964897c method=java.util.regex.Matcher.search(I)Z @ 86
Event: 6.838 Thread 0x00007f962a2e2800 Uncommon trap: reason=class_check action=maybe_recompile pc=0x000000010964897c method=java.util.regex.Matcher.search(I)Z @ 86
Event: 8.620 Thread 0x00007f9629c4b000 Uncommon trap: reason=unstable_if action=reinterpret pc=0x0000000109637540 method=java.util.concurrent.ConcurrentHashMap.get(Ljava/lang/Object;)Ljava/lang/Object; @ 138
Event: 8.736 Thread 0x00007f9628e24800 Uncommon trap: reason=unstable_if action=reinterpret pc=0x00000001099fb7e8 method=java.lang.Long.numberOfTrailingZeros(J)I @ 44
Event: 8.890 Thread 0x00007f962a2e2800 Uncommon trap: reason=unstable_if action=reinterpret pc=0x000000010995b568 method=processing.opengl.PGraphicsOpenGL$InGeometry.addVertex(FFFIFFFFFIFIIIFIZ)I @ 218
Event: 9.588 Thread 0x00007f9629054800 Uncommon trap: reason=class_check action=maybe_recompile pc=0x000000010963df54 method=java.util.HashMap.putVal(ILjava/lang/Object;Ljava/lang/Object;ZZ)Ljava/lang/Object; @ 91
Event: 9.588 Thread 0x00007f9629054800 Uncommon trap: reason=bimorphic action=maybe_recompile pc=0x0000000109692c2c method=java.util.HashMap.putVal(ILjava/lang/Object;Ljava/lang/Object;ZZ)Ljava/lang/Object; @ 91
Event: 9.588 Thread 0x00007f9629054800 Uncommon trap: reason=bimorphic action=maybe_recompile pc=0x0000000109692c2c method=java.util.HashMap.putVal(ILjava/lang/Object;Ljava/lang/Object;ZZ)Ljava/lang/Object; @ 91
Event: 9.588 Thread 0x00007f9629054800 Uncommon trap: reason=bimorphic action=maybe_recompile pc=0x0000000109692c2c method=java.util.HashMap.putVal(ILjava/lang/Object;Ljava/lang/Object;ZZ)Ljava/lang/Object; @ 91
Event: 9.588 Thread 0x00007f9629054800 Uncommon trap: reason=bimorphic action=maybe_recompile pc=0x0000000109692c2c method=java.util.HashMap.putVal(ILjava/lang/Object;Ljava/lang/Object;ZZ)Ljava/lang/Object; @ 91

Internal exceptions (10 events):
Event: 0.384 Thread 0x00007f9629803000 Exception <a 'java/io/FileNotFoundException'> (0x00000007958171f0) thrown at [/Users/java_re/workspace/8-2-build-macosx-x86_64/jdk8u151/9699/hotspot/src/share/vm/prims/jni.cpp, line 709]
Event: 0.384 Thread 0x00007f9629803000 Exception <a 'java/io/FileNotFoundException'> (0x0000000795817d78) thrown at [/Users/java_re/workspace/8-2-build-macosx-x86_64/jdk8u151/9699/hotspot/src/share/vm/prims/jni.cpp, line 709]
Event: 0.527 Thread 0x00007f9629803000 Exception <a 'java/io/FileNotFoundException'> (0x0000000795a0e7c8) thrown at [/Users/java_re/workspace/8-2-build-macosx-x86_64/jdk8u151/9699/hotspot/src/share/vm/prims/jni.cpp, line 709]
Event: 3.483 Thread 0x00007f962a1ac800 Exception <a 'java/lang/UnsatisfiedLinkError': com.jogamp.common.util.JarUtil.fixNativeLibAttribs(Ljava/lang/String;)Z> (0x0000000796c2ea68) thrown at [/Users/java_re/workspace/8-2-build-macosx-x86_64/jdk8u151/9699/hotspot/src/share/vm/prims/nativeLookup.
Event: 3.884 Thread 0x00007f962a036800 Exception <a 'java/lang/NullPointerException'> (0x00000007956a2f18) thrown at [/Users/java_re/workspace/8-2-build-macosx-x86_64/jdk8u151/9699/hotspot/src/share/vm/interpreter/linkResolver.cpp, line 1183]
Event: 4.800 Thread 0x00007f962a2e2800 Exception <a 'java/io/FileNotFoundException'> (0x0000000796039690) thrown at [/Users/java_re/workspace/8-2-build-macosx-x86_64/jdk8u151/9699/hotspot/src/share/vm/prims/jni.cpp, line 709]
Event: 4.800 Thread 0x00007f962a2e2800 Exception <a 'java/io/FileNotFoundException'> (0x00000007960400a0) thrown at [/Users/java_re/workspace/8-2-build-macosx-x86_64/jdk8u151/9699/hotspot/src/share/vm/prims/jni.cpp, line 709]
Event: 4.801 Thread 0x00007f962a2e2800 Implicit null exception at 0x000000010934eff4 to 0x000000010934f429
Event: 5.124 Thread 0x00007f962a2e2800 Implicit null exception at 0x0000000109533386 to 0x00000001095335cd
Event: 6.762 Thread 0x00007f9628e24800 Implicit null exception at 0x000000010934c275 to 0x000000010934c635

Events (10 events):
Event: 9.602 loading class jogamp/nativewindow/jawt/macosx/MacOSXJAWTWindow$1 done
Event: 9.605 loading class java/awt/LightweightDispatcher$2
Event: 9.605 loading class java/awt/LightweightDispatcher$2 done
Event: 9.605 loading class java/awt/event/AWTEventListenerProxy
Event: 9.605 loading class java/awt/event/AWTEventListenerProxy done
Event: 9.605 loading class java/awt/Toolkit$ToolkitEventMulticaster
Event: 9.605 loading class java/awt/Toolkit$ToolkitEventMulticaster done
Event: 9.605 Thread 0x00007f9629054800 Thread exited: 0x00007f9629054800
Event: 9.606 loading class java/awt/Window$1DisposeAction
Event: 9.606 loading class java/awt/Window$1DisposeAction done


Dynamic libraries:
0x00000000046d8000 	/System/Library/Frameworks/Cocoa.framework/Versions/A/Cocoa
0x00000000046d8000 	/System/Library/Frameworks/Security.framework/Versions/A/Security
0x00000000046d8000 	/System/Library/Frameworks/ApplicationServices.framework/Versions/A/ApplicationServices
0x00000000046d8000 	/usr/lib/libz.1.dylib
0x00000000046d8000 	/usr/lib/libSystem.B.dylib
0x00000000046d8000 	/usr/lib/libobjc.A.dylib
0x00000000046d8000 	/System/Library/Frameworks/CoreFoundation.framework/Versions/A/CoreFoundation
0x00000000046d8000 	/System/Library/Frameworks/Foundation.framework/Versions/C/Foundation
0x00000000046d8000 	/System/Library/Frameworks/AppKit.framework/Versions/C/AppKit
0x00000000046d8000 	/System/Library/Frameworks/CoreData.framework/Versions/A/CoreData
0x00000000046d8000 	/System/Library/PrivateFrameworks/RemoteViewServices.framework/Versions/A/RemoteViewServices
0x00000000046d8000 	/System/Library/PrivateFrameworks/UIFoundation.framework/Versions/A/UIFoundation
0x00000000046d8000 	/System/Library/PrivateFrameworks/DFRFoundation.framework/Versions/A/DFRFoundation
0x00000000046d8000 	/System/Library/Frameworks/Metal.framework/Versions/A/Metal
0x00000000046d8000 	/System/Library/PrivateFrameworks/DesktopServicesPriv.framework/Versions/A/DesktopServicesPriv
0x00000000046d8000 	/usr/lib/libenergytrace.dylib
0x00000000046d8000 	/System/Library/PrivateFrameworks/SkyLight.framework/Versions/A/SkyLight
0x00000000046d8000 	/System/Library/Frameworks/CoreGraphics.framework/Versions/A/CoreGraphics
0x00000000046d8000 	/usr/lib/libScreenReader.dylib
0x00000000046d8000 	/System/Library/Frameworks/Accelerate.framework/Versions/A/Accelerate
0x00000000046d8000 	/System/Library/Frameworks/IOSurface.framework/Versions/A/IOSurface
0x00000000046d8000 	/System/Library/Frameworks/AudioToolbox.framework/Versions/A/AudioToolbox
0x00000000046d8000 	/System/Library/Frameworks/AudioUnit.framework/Versions/A/AudioUnit
0x00000000046d8000 	/System/Library/PrivateFrameworks/DataDetectorsCore.framework/Versions/A/DataDetectorsCore
0x00000000046d8000 	/System/Library/Frameworks/Carbon.framework/Versions/A/Frameworks/HIToolbox.framework/Versions/A/HIToolbox
0x00000000046d8000 	/usr/lib/libicucore.A.dylib
0x00000000046d8000 	/System/Library/Frameworks/QuartzCore.framework/Versions/A/QuartzCore
0x00000000046d8000 	/System/Library/PrivateFrameworks/SignpostNotification.framework/Versions/A/SignpostNotification
0x00000000046d8000 	/System/Library/Frameworks/Carbon.framework/Versions/A/Frameworks/SpeechRecognition.framework/Versions/A/SpeechRecognition
0x00000000046d8000 	/usr/lib/libauto.dylib
0x00000000046d8000 	/usr/lib/libxml2.2.dylib
0x00000000046d8000 	/System/Library/PrivateFrameworks/CoreUI.framework/Versions/A/CoreUI
0x00000000046d8000 	/System/Library/Frameworks/CoreAudio.framework/Versions/A/CoreAudio
0x00000000046d8000 	/System/Library/Frameworks/DiskArbitration.framework/Versions/A/DiskArbitration
0x00000000046d8000 	/usr/lib/liblangid.dylib
0x00000000046d8000 	/System/Library/PrivateFrameworks/MultitouchSupport.framework/Versions/A/MultitouchSupport
0x00000000046d8000 	/System/Library/Frameworks/IOKit.framework/Versions/A/IOKit
0x00000000046d8000 	/usr/lib/libDiagnosticMessagesClient.dylib
0x00000000046d8000 	/System/Library/Frameworks/CoreServices.framework/Versions/A/CoreServices
0x00000000046d8000 	/System/Library/PrivateFrameworks/PerformanceAnalysis.framework/Versions/A/PerformanceAnalysis
0x00000000046d8000 	/System/Library/Frameworks/OpenGL.framework/Versions/A/OpenGL
0x00000000046d8000 	/System/Library/Frameworks/ColorSync.framework/Versions/A/ColorSync
0x00000000046d8000 	/System/Library/Frameworks/CoreImage.framework/Versions/A/CoreImage
0x00000000046d8000 	/System/Library/Frameworks/CoreText.framework/Versions/A/CoreText
0x00000000046d8000 	/System/Library/Frameworks/ImageIO.framework/Versions/A/ImageIO
0x00000000046d8000 	/System/Library/PrivateFrameworks/Backup.framework/Versions/A/Backup
0x00000000046d8000 	/usr/lib/libarchive.2.dylib
0x00000000046d8000 	/System/Library/Frameworks/CFNetwork.framework/Versions/A/CFNetwork
0x00000000046d8000 	/System/Library/Frameworks/SystemConfiguration.framework/Versions/A/SystemConfiguration
0x00000000046d8000 	/usr/lib/libCRFSuite.dylib
0x00000000046d8000 	/usr/lib/libc++.1.dylib
0x00000000046d8000 	/usr/lib/libc++abi.dylib
0x00000000046d8000 	/usr/lib/system/libcache.dylib
0x00000000046d8000 	/usr/lib/system/libcommonCrypto.dylib
0x00000000046d8000 	/usr/lib/system/libcompiler_rt.dylib
0x00000000046d8000 	/usr/lib/system/libcopyfile.dylib
0x00000000046d8000 	/usr/lib/system/libcorecrypto.dylib
0x00000000046d8000 	/usr/lib/system/libdispatch.dylib
0x00000000046d8000 	/usr/lib/system/libdyld.dylib
0x00000000046d8000 	/usr/lib/system/libkeymgr.dylib
0x00000000046d8000 	/usr/lib/system/liblaunch.dylib
0x00000000046d8000 	/usr/lib/system/libmacho.dylib
0x00000000046d8000 	/usr/lib/system/libquarantine.dylib
0x00000000046d8000 	/usr/lib/system/libremovefile.dylib
0x00000000046d8000 	/usr/lib/system/libsystem_asl.dylib
0x00000000046d8000 	/usr/lib/system/libsystem_blocks.dylib
0x00000000046d8000 	/usr/lib/system/libsystem_c.dylib
0x00000000046d8000 	/usr/lib/system/libsystem_configuration.dylib
0x00000000046d8000 	/usr/lib/system/libsystem_coreservices.dylib
0x00000000046d8000 	/usr/lib/system/libsystem_darwin.dylib
0x00000000046d8000 	/usr/lib/system/libsystem_dnssd.dylib
0x00000000046d8000 	/usr/lib/system/libsystem_info.dylib
0x00000000046d8000 	/usr/lib/system/libsystem_m.dylib
0x00000000046d8000 	/usr/lib/system/libsystem_malloc.dylib
0x00000000046d8000 	/usr/lib/system/libsystem_network.dylib
0x00000000046d8000 	/usr/lib/system/libsystem_networkextension.dylib
0x00000000046d8000 	/usr/lib/system/libsystem_notify.dylib
0x00000000046d8000 	/usr/lib/system/libsystem_sandbox.dylib
0x00000000046d8000 	/usr/lib/system/libsystem_secinit.dylib
0x00000000046d8000 	/usr/lib/system/libsystem_kernel.dylib
0x00000000046d8000 	/usr/lib/system/libsystem_platform.dylib
0x00000000046d8000 	/usr/lib/system/libsystem_pthread.dylib
0x00000000046d8000 	/usr/lib/system/libsystem_symptoms.dylib
0x00000000046d8000 	/usr/lib/system/libsystem_trace.dylib
0x00000000046d8000 	/usr/lib/system/libunwind.dylib
0x00000000046d8000 	/usr/lib/system/libxpc.dylib
0x00000000046d8000 	/usr/lib/closure/libclosured.dylib
0x00000000046d8000 	/usr/lib/libbsm.0.dylib
0x00000000046d8000 	/usr/lib/system/libkxld.dylib
0x00000000046d8000 	/usr/lib/libOpenScriptingUtil.dylib
0x00000000046d8000 	/usr/lib/libcoretls.dylib
0x00000000046d8000 	/usr/lib/libcoretls_cfhelpers.dylib
0x00000000046d8000 	/usr/lib/libpam.2.dylib
0x00000000046d8000 	/usr/lib/libsqlite3.dylib
0x00000000046d8000 	/usr/lib/libxar.1.dylib
0x00000000046d8000 	/usr/lib/libbz2.1.0.dylib
0x00000000046d8000 	/usr/lib/liblzma.5.dylib
0x00000000046d8000 	/usr/lib/libnetwork.dylib
0x00000000046d8000 	/usr/lib/libapple_nghttp2.dylib
0x00000000046d8000 	/usr/lib/libpcap.A.dylib
0x00000000046d8000 	/usr/lib/libboringssl.dylib
0x00000000046d8000 	/usr/lib/libusrtcp.dylib
0x00000000046d8000 	/usr/lib/libapple_crypto.dylib
0x00000000046d8000 	/System/Library/Frameworks/CoreServices.framework/Versions/A/Frameworks/FSEvents.framework/Versions/A/FSEvents
0x00000000046d8000 	/System/Library/Frameworks/CoreServices.framework/Versions/A/Frameworks/CarbonCore.framework/Versions/A/CarbonCore
0x00000000046d8000 	/System/Library/Frameworks/CoreServices.framework/Versions/A/Frameworks/Metadata.framework/Versions/A/Metadata
0x00000000046d8000 	/System/Library/Frameworks/CoreServices.framework/Versions/A/Frameworks/OSServices.framework/Versions/A/OSServices
0x00000000046d8000 	/System/Library/Frameworks/CoreServices.framework/Versions/A/Frameworks/SearchKit.framework/Versions/A/SearchKit
0x00000000046d8000 	/System/Library/Frameworks/CoreServices.framework/Versions/A/Frameworks/AE.framework/Versions/A/AE
0x00000000046d8000 	/System/Library/Frameworks/CoreServices.framework/Versions/A/Frameworks/LaunchServices.framework/Versions/A/LaunchServices
0x00000000046d8000 	/System/Library/Frameworks/CoreServices.framework/Versions/A/Frameworks/DictionaryServices.framework/Versions/A/DictionaryServices
0x00000000046d8000 	/System/Library/Frameworks/CoreServices.framework/Versions/A/Frameworks/SharedFileList.framework/Versions/A/SharedFileList
0x00000000046d8000 	/System/Library/Frameworks/NetFS.framework/Versions/A/NetFS
0x00000000046d8000 	/System/Library/PrivateFrameworks/NetAuth.framework/Versions/A/NetAuth
0x00000000046d8000 	/System/Library/PrivateFrameworks/login.framework/Versions/A/Frameworks/loginsupport.framework/Versions/A/loginsupport
0x00000000046d8000 	/System/Library/PrivateFrameworks/TCC.framework/Versions/A/TCC
0x00000000046d8000 	/usr/lib/libmecabra.dylib
0x00000000046d8000 	/System/Library/Frameworks/ApplicationServices.framework/Versions/A/Frameworks/ATS.framework/Versions/A/ATS
0x00000000046d8000 	/System/Library/Frameworks/ApplicationServices.framework/Versions/A/Frameworks/ColorSyncLegacy.framework/Versions/A/ColorSyncLegacy
0x00000000046d8000 	/System/Library/Frameworks/ApplicationServices.framework/Versions/A/Frameworks/HIServices.framework/Versions/A/HIServices
0x00000000046d8000 	/System/Library/Frameworks/ApplicationServices.framework/Versions/A/Frameworks/LangAnalysis.framework/Versions/A/LangAnalysis
0x00000000046d8000 	/System/Library/Frameworks/ApplicationServices.framework/Versions/A/Frameworks/PrintCore.framework/Versions/A/PrintCore
0x00000000046d8000 	/System/Library/Frameworks/ApplicationServices.framework/Versions/A/Frameworks/QD.framework/Versions/A/QD
0x00000000046d8000 	/System/Library/Frameworks/ApplicationServices.framework/Versions/A/Frameworks/SpeechSynthesis.framework/Versions/A/SpeechSynthesis
0x00000000046d8000 	/System/Library/Frameworks/CoreDisplay.framework/Versions/A/CoreDisplay
0x00000000046d8000 	/System/Library/Frameworks/Accelerate.framework/Versions/A/Frameworks/vImage.framework/Versions/A/vImage
0x00000000046d8000 	/System/Library/Frameworks/Accelerate.framework/Versions/A/Frameworks/vecLib.framework/Versions/A/vecLib
0x00000000046d8000 	/System/Library/Frameworks/Accelerate.framework/Versions/A/Frameworks/vecLib.framework/Versions/A/libvDSP.dylib
0x00000000046d8000 	/System/Library/Frameworks/Accelerate.framework/Versions/A/Frameworks/vecLib.framework/Versions/A/libBNNS.dylib
0x00000000046d8000 	/System/Library/Frameworks/Accelerate.framework/Versions/A/Frameworks/vecLib.framework/Versions/A/libQuadrature.dylib
0x00000000046d8000 	/System/Library/Frameworks/Accelerate.framework/Versions/A/Frameworks/vecLib.framework/Versions/A/libvMisc.dylib
0x00000000046d8000 	/System/Library/Frameworks/Accelerate.framework/Versions/A/Frameworks/vecLib.framework/Versions/A/libLAPACK.dylib
0x00000000046d8000 	/System/Library/Frameworks/Accelerate.framework/Versions/A/Frameworks/vecLib.framework/Versions/A/libBLAS.dylib
0x00000000046d8000 	/System/Library/Frameworks/Accelerate.framework/Versions/A/Frameworks/vecLib.framework/Versions/A/libLinearAlgebra.dylib
0x00000000046d8000 	/System/Library/Frameworks/Accelerate.framework/Versions/A/Frameworks/vecLib.framework/Versions/A/libSparse.dylib
0x00000000046d8000 	/System/Library/Frameworks/Accelerate.framework/Versions/A/Frameworks/vecLib.framework/Versions/A/libSparseBLAS.dylib
0x00000000046d8000 	/System/Library/PrivateFrameworks/GPUWrangler.framework/Versions/A/GPUWrangler
0x00000000046d8000 	/System/Library/PrivateFrameworks/IOAccelerator.framework/Versions/A/IOAccelerator
0x00000000046d8000 	/System/Library/PrivateFrameworks/IOPresentment.framework/Versions/A/IOPresentment
0x00000000046d8000 	/System/Library/PrivateFrameworks/DSExternalDisplay.framework/Versions/A/DSExternalDisplay
0x00000000046d8000 	/System/Library/Frameworks/OpenGL.framework/Versions/A/Libraries/libCoreFSCache.dylib
0x00000000046d8000 	/System/Library/Frameworks/CoreVideo.framework/Versions/A/CoreVideo
0x00000000046d8000 	/System/Library/PrivateFrameworks/GraphVisualizer.framework/Versions/A/GraphVisualizer
0x00000000046d8000 	/System/Library/Frameworks/MetalPerformanceShaders.framework/Versions/A/MetalPerformanceShaders
0x00000000046d8000 	/usr/lib/libFosl_dynamic.dylib
0x00000000046d8000 	/System/Library/PrivateFrameworks/FaceCore.framework/Versions/A/FaceCore
0x00000000046d8000 	/System/Library/Frameworks/OpenCL.framework/Versions/A/OpenCL
0x00000000046d8000 	/usr/lib/libcompression.dylib
0x00000000046d8000 	/System/Library/Frameworks/ApplicationServices.framework/Versions/A/Frameworks/ATS.framework/Versions/A/Resources/libFontParser.dylib
0x00000000046d8000 	/System/Library/Frameworks/ApplicationServices.framework/Versions/A/Frameworks/ATS.framework/Versions/A/Resources/libFontRegistry.dylib
0x00000000046d8000 	/System/Library/Frameworks/ImageIO.framework/Versions/A/Resources/libJPEG.dylib
0x00000000046d8000 	/System/Library/Frameworks/ImageIO.framework/Versions/A/Resources/libTIFF.dylib
0x00000000046d8000 	/System/Library/Frameworks/ImageIO.framework/Versions/A/Resources/libPng.dylib
0x00000000046d8000 	/System/Library/Frameworks/ImageIO.framework/Versions/A/Resources/libGIF.dylib
0x00000000046d8000 	/System/Library/Frameworks/ImageIO.framework/Versions/A/Resources/libJP2.dylib
0x00000000046d8000 	/System/Library/Frameworks/ImageIO.framework/Versions/A/Resources/libRadiance.dylib
0x00000000046d8000 	/System/Library/PrivateFrameworks/AppleJPEG.framework/Versions/A/AppleJPEG
0x00000000046d8000 	/System/Library/Frameworks/MetalPerformanceShaders.framework/Frameworks/MPSCore.framework/Versions/A/MPSCore
0x00000000046d8000 	/System/Library/Frameworks/MetalPerformanceShaders.framework/Frameworks/MPSImage.framework/Versions/A/MPSImage
0x00000000046d8000 	/System/Library/Frameworks/MetalPerformanceShaders.framework/Frameworks/MPSNeuralNetwork.framework/Versions/A/MPSNeuralNetwork
0x00000000046d8000 	/System/Library/Frameworks/MetalPerformanceShaders.framework/Frameworks/MPSMatrix.framework/Versions/A/MPSMatrix
0x00000000046d8000 	/System/Library/PrivateFrameworks/MetalTools.framework/Versions/A/MetalTools
0x00000000046d8000 	/System/Library/Frameworks/OpenGL.framework/Versions/A/Libraries/libGLU.dylib
0x00000000046d8000 	/System/Library/Frameworks/OpenGL.framework/Versions/A/Libraries/libGFXShared.dylib
0x00000000046d8000 	/System/Library/Frameworks/OpenGL.framework/Versions/A/Libraries/libGL.dylib
0x00000000046d8000 	/System/Library/Frameworks/OpenGL.framework/Versions/A/Libraries/libGLImage.dylib
0x00000000046d8000 	/System/Library/Frameworks/OpenGL.framework/Versions/A/Libraries/libCVMSPluginSupport.dylib
0x00000000046d8000 	/System/Library/Frameworks/OpenGL.framework/Versions/A/Libraries/libCoreVMClient.dylib
0x00000000046d8000 	/usr/lib/libcups.2.dylib
0x00000000046d8000 	/System/Library/Frameworks/Kerberos.framework/Versions/A/Kerberos
0x00000000046d8000 	/System/Library/Frameworks/GSS.framework/Versions/A/GSS
0x00000000046d8000 	/usr/lib/libresolv.9.dylib
0x00000000046d8000 	/usr/lib/libiconv.2.dylib
0x00000000046d8000 	/System/Library/PrivateFrameworks/Heimdal.framework/Versions/A/Heimdal
0x00000000046d8000 	/usr/lib/libheimdal-asn1.dylib
0x00000000046d8000 	/System/Library/Frameworks/OpenDirectory.framework/Versions/A/OpenDirectory
0x00000000046d8000 	/System/Library/PrivateFrameworks/CommonAuth.framework/Versions/A/CommonAuth
0x00000000046d8000 	/System/Library/Frameworks/OpenDirectory.framework/Versions/A/Frameworks/CFOpenDirectory.framework/Versions/A/CFOpenDirectory
0x00000000046d8000 	/System/Library/Frameworks/SecurityFoundation.framework/Versions/A/SecurityFoundation
0x00000000046d8000 	/System/Library/PrivateFrameworks/APFS.framework/Versions/A/APFS
0x00000000046d8000 	/usr/lib/libutil.dylib
0x00000000046d8000 	/System/Library/PrivateFrameworks/AppleSauce.framework/Versions/A/AppleSauce
0x00000000046d8000 	/System/Library/PrivateFrameworks/LinguisticData.framework/Versions/A/LinguisticData
0x00000000046d8000 	/usr/lib/libmarisa.dylib
0x00000000046d8000 	/System/Library/PrivateFrameworks/Lexicon.framework/Versions/A/Lexicon
0x00000000046d8000 	/usr/lib/libChineseTokenizer.dylib
0x00000000046d8000 	/usr/lib/libcmph.dylib
0x00000000046d8000 	/System/Library/PrivateFrameworks/LanguageModeling.framework/Versions/A/LanguageModeling
0x00000000046d8000 	/System/Library/PrivateFrameworks/CoreEmoji.framework/Versions/A/CoreEmoji
0x00000000046d8000 	/System/Library/Frameworks/ServiceManagement.framework/Versions/A/ServiceManagement
0x00000000046d8000 	/System/Library/PrivateFrameworks/BackgroundTaskManagement.framework/Versions/A/BackgroundTaskManagement
0x00000000046d8000 	/usr/lib/libxslt.1.dylib
0x00000000046d8000 	/System/Library/Frameworks/Carbon.framework/Versions/A/Frameworks/Ink.framework/Versions/A/Ink
0x00000000046d8000 	/System/Library/PrivateFrameworks/TextureIO.framework/Versions/A/TextureIO
0x00000000046d8000 	/usr/lib/libate.dylib
0x00000000046d8000 	/System/Library/PrivateFrameworks/CrashReporterSupport.framework/Versions/A/CrashReporterSupport
0x00000000046d8000 	/System/Library/PrivateFrameworks/Sharing.framework/Versions/A/Sharing
0x00000000046d8000 	/System/Library/PrivateFrameworks/IconServices.framework/Versions/A/IconServices
0x00000000046d8000 	/System/Library/PrivateFrameworks/Apple80211.framework/Versions/A/Apple80211
0x00000000046d8000 	/System/Library/PrivateFrameworks/CoreUtils.framework/Versions/A/CoreUtils
0x00000000046d8000 	/System/Library/Frameworks/CoreWLAN.framework/Versions/A/CoreWLAN
0x00000000046d8000 	/System/Library/Frameworks/IOBluetooth.framework/Versions/A/IOBluetooth
0x00000000046d8000 	/System/Library/PrivateFrameworks/ProtocolBuffer.framework/Versions/A/ProtocolBuffer
0x00000000046d8000 	/System/Library/PrivateFrameworks/CoreWiFi.framework/Versions/A/CoreWiFi
0x00000000046d8000 	/System/Library/Frameworks/CoreBluetooth.framework/Versions/A/CoreBluetooth
0x00000000046d8000 	/System/Library/PrivateFrameworks/DebugSymbols.framework/Versions/A/DebugSymbols
0x00000000046d8000 	/System/Library/PrivateFrameworks/CoreSymbolication.framework/Versions/A/CoreSymbolication
0x00000000046d8000 	/System/Library/PrivateFrameworks/Symbolication.framework/Versions/A/Symbolication
0x00000000046d8000 	/System/Library/PrivateFrameworks/AppleFSCompression.framework/Versions/A/AppleFSCompression
0x00000000046d8000 	/System/Library/PrivateFrameworks/SpeechRecognitionCore.framework/Versions/A/SpeechRecognitionCore
0x0000000106200000 	/Library/Java/JavaVirtualMachines/jdk1.8.0_151.jdk/Contents/Home/jre/lib/server/libjvm.dylib
0x00000000046d8000 	/usr/lib/libstdc++.6.0.9.dylib
0x00000001059a4000 	/Library/Java/JavaVirtualMachines/jdk1.8.0_151.jdk/Contents/Home/jre/lib/libverify.dylib
0x00000001059b2000 	/Library/Java/JavaVirtualMachines/jdk1.8.0_151.jdk/Contents/Home/jre/lib/libjava.dylib
0x00000001059f1000 	/Library/Java/JavaVirtualMachines/jdk1.8.0_151.jdk/Contents/Home/jre/lib/libzip.dylib
0x00000000046d8000 	/System/Library/Frameworks/JavaVM.framework/Versions/A/Frameworks/JavaRuntimeSupport.framework/Versions/A/JavaRuntimeSupport
0x00000000046d8000 	/System/Library/Frameworks/JavaVM.framework/Versions/A/Frameworks/JavaNativeFoundation.framework/Versions/A/JavaNativeFoundation
0x00000000046d8000 	/System/Library/Frameworks/JavaVM.framework/Versions/A/JavaVM
0x00000000046d8000 	/System/Library/Frameworks/Carbon.framework/Versions/A/Carbon
0x00000000046d8000 	/System/Library/PrivateFrameworks/JavaLaunching.framework/Versions/A/JavaLaunching
0x00000000046d8000 	/System/Library/Frameworks/Carbon.framework/Versions/A/Frameworks/CommonPanels.framework/Versions/A/CommonPanels
0x00000000046d8000 	/System/Library/Frameworks/Carbon.framework/Versions/A/Frameworks/Help.framework/Versions/A/Help
0x00000000046d8000 	/System/Library/Frameworks/Carbon.framework/Versions/A/Frameworks/ImageCapture.framework/Versions/A/ImageCapture
0x00000000046d8000 	/System/Library/Frameworks/Carbon.framework/Versions/A/Frameworks/OpenScripting.framework/Versions/A/OpenScripting
0x00000000046d8000 	/System/Library/Frameworks/Carbon.framework/Versions/A/Frameworks/Print.framework/Versions/A/Print
0x00000000046d8000 	/System/Library/Frameworks/Carbon.framework/Versions/A/Frameworks/SecurityHI.framework/Versions/A/SecurityHI
0x000000011e576000 	/Library/Java/JavaVirtualMachines/jdk1.8.0_151.jdk/Contents/Home/jre/lib/libawt.dylib
0x000000011e61e000 	/Library/Java/JavaVirtualMachines/jdk1.8.0_151.jdk/Contents/Home/jre/lib/./libmlib_image.dylib
0x000000011e6ea000 	/Library/Java/JavaVirtualMachines/jdk1.8.0_151.jdk/Contents/Home/jre/lib/libawt_lwawt.dylib
0x000000011e7a1000 	/Library/Java/JavaVirtualMachines/jdk1.8.0_151.jdk/Contents/Home/jre/lib/./libosxapp.dylib
0x00000000046d8000 	/System/Library/Frameworks/ExceptionHandling.framework/Versions/A/ExceptionHandling
0x00000000046d8000 	/System/Library/PrivateFrameworks/CoreServicesInternal.framework/Versions/A/CoreServicesInternal
0x00000000046d8000 	/System/Library/CoreServices/RawCamera.bundle/Contents/MacOS/RawCamera
0x00000000046d8000 	/System/Library/PrivateFrameworks/MobileAsset.framework/Versions/A/MobileAsset
0x00000000046d8000 	/System/Library/PrivateFrameworks/StreamingZip.framework/Versions/A/StreamingZip
0x00000000046d8000 	/System/Library/Frameworks/MediaToolbox.framework/Versions/A/MediaToolbox
0x00000000046d8000 	/System/Library/PrivateFrameworks/CoreAVCHD.framework/Versions/A/CoreAVCHD
0x00000000046d8000 	/System/Library/Frameworks/MediaAccessibility.framework/Versions/A/MediaAccessibility
0x00000000046d8000 	/System/Library/PrivateFrameworks/Mangrove.framework/Versions/A/Mangrove
0x00000000046d8000 	/System/Library/Frameworks/CoreMedia.framework/Versions/A/CoreMedia
0x00000000046d8000 	/System/Library/Frameworks/VideoToolbox.framework/Versions/A/VideoToolbox
0x00000000046d8000 	/System/Library/PrivateFrameworks/CoreAUC.framework/Versions/A/CoreAUC
0x00000000046d8000 	/usr/lib/libspindump.dylib
0x00000000046d8000 	/System/Library/PrivateFrameworks/AppleVA.framework/Versions/A/AppleVA
0x00000000046d8000 	/System/Library/Frameworks/Accelerate.framework/Versions/A/Frameworks/vImage.framework/Versions/A/Libraries/libCGInterfaces.dylib
0x00000000046d8000 	/System/Library/Frameworks/ApplicationServices.framework/Versions/A/Frameworks/ATS.framework/Versions/A/Resources/libTrueTypeScaler.dylib
0x00000000046d8000 	/System/Library/Extensions/AppleIntelHD5000GraphicsMTLDriver.bundle/Contents/MacOS/AppleIntelHD5000GraphicsMTLDriver
0x00000000046d8000 	/System/Library/PrivateFrameworks/GPUCompiler.framework/Versions/3802/Libraries/libmetal_timestamp.dylib
0x00000000046d8000 	/System/Library/PrivateFrameworks/FamilyControls.framework/Versions/A/FamilyControls
0x00000000046d8000 	/System/Library/PrivateFrameworks/CommerceKit.framework/Versions/A/Frameworks/CommerceCore.framework/Versions/A/CommerceCore
0x00000000046d8000 	/System/Library/PrivateFrameworks/SystemAdministration.framework/Versions/A/SystemAdministration
0x00000000046d8000 	/System/Library/PrivateFrameworks/AppContainer.framework/Versions/A/AppContainer
0x00000000046d8000 	/System/Library/PrivateFrameworks/SecCodeWrapper.framework/Versions/A/SecCodeWrapper
0x00000000046d8000 	/System/Library/PrivateFrameworks/DiskManagement.framework/Versions/A/DiskManagement
0x00000000046d8000 	/System/Library/Frameworks/DirectoryService.framework/Versions/A/DirectoryService
0x00000000046d8000 	/System/Library/PrivateFrameworks/DiskImages.framework/Versions/A/DiskImages
0x00000000046d8000 	/System/Library/PrivateFrameworks/LoginUIKit.framework/Versions/A/Frameworks/LoginUICore.framework/Versions/A/LoginUICore
0x00000000046d8000 	/usr/lib/libCoreStorage.dylib
0x00000000046d8000 	/usr/lib/libcsfde.dylib
0x00000000046d8000 	/usr/lib/libodfde.dylib
0x00000000046d8000 	/System/Library/PrivateFrameworks/MediaKit.framework/Versions/A/MediaKit
0x00000000046d8000 	/System/Library/Frameworks/DiscRecording.framework/Versions/A/DiscRecording
0x00000000046d8000 	/System/Library/PrivateFrameworks/EFILogin.framework/Versions/A/EFILogin
0x00000000046d8000 	/System/Library/PrivateFrameworks/ProtectedCloudStorage.framework/Versions/A/ProtectedCloudStorage
0x00000000046d8000 	/usr/lib/libcurl.4.dylib
0x00000000046d8000 	/usr/lib/libcrypto.35.dylib
0x00000000046d8000 	/usr/lib/libssl.35.dylib
0x00000000046d8000 	/System/Library/Frameworks/LDAP.framework/Versions/A/LDAP
0x00000000046d8000 	/System/Library/PrivateFrameworks/TrustEvaluationAgent.framework/Versions/A/TrustEvaluationAgent
0x00000000046d8000 	/usr/lib/libsasl2.2.dylib
0x00000000046d8000 	/System/Library/PrivateFrameworks/CoreDaemon.framework/Versions/B/CoreDaemon
0x00000000046d8000 	/System/Library/PrivateFrameworks/AppleSRP.framework/Versions/A/AppleSRP
0x00000000046d8000 	/System/Library/Frameworks/OpenGL.framework/Versions/A/Resources/GLEngine.bundle/GLEngine
0x00000000046d8000 	/System/Library/Frameworks/OpenGL.framework/Versions/A/Libraries/libGLProgrammability.dylib
0x000000012092a000 	/System/Library/Extensions/AppleIntelHD5000GraphicsGLDriver.bundle/Contents/MacOS/AppleIntelHD5000GraphicsGLDriver
0x00000000046d8000 	/System/Library/PrivateFrameworks/GPUSupport.framework/Versions/A/Libraries/libGPUSupportMercury.dylib
0x00000000046d8000 	/System/Library/Frameworks/OpenGL.framework/Versions/A/Resources/GLRendererFloat.bundle/GLRendererFloat
0x00000000046d8000 	/System/Library/Frameworks/OpenCL.framework/Versions/A/Libraries/libcldcpuengine.dylib
0x0000000121971000 	/Library/Java/JavaVirtualMachines/jdk1.8.0_151.jdk/Contents/Home/jre/lib/libfontmanager.dylib
0x00000000046d8000 	/System/Library/PrivateFrameworks/ViewBridge.framework/Versions/A/ViewBridge
0x0000000122df0000 	/Library/Java/JavaVirtualMachines/jdk1.8.0_151.jdk/Contents/Home/jre/lib/libosxui.dylib
0x0000000123c65000 	/Library/Java/JavaVirtualMachines/jdk1.8.0_151.jdk/Contents/Home/jre/lib/libnet.dylib
0x0000000123cc4000 	/Library/Java/JavaVirtualMachines/jdk1.8.0_151.jdk/Contents/Home/jre/lib/libnio.dylib
0x000000011f600000 	/private/var/folders/2b/rxb1vsr90zqgm70cphy2n7sh0000gn/T/jogamp_0000/file_cache/jln2087896516933054851/jln5611741017959549394/libgluegen-rt.jnilib
0x000000011f605000 	/private/var/folders/2b/rxb1vsr90zqgm70cphy2n7sh0000gn/T/jogamp_0000/file_cache/jln2087896516933054851/jln5611741017959549394/libnativewindow_awt.jnilib
0x000000011f608000 	/Library/Java/JavaVirtualMachines/jdk1.8.0_151.jdk/Contents/Home/jre/lib/libjawt.dylib
0x000000011f60b000 	/private/var/folders/2b/rxb1vsr90zqgm70cphy2n7sh0000gn/T/jogamp_0000/file_cache/jln2087896516933054851/jln5611741017959549394/libnativewindow_macosx.jnilib
0x000000018f2ac000 	/private/var/folders/2b/rxb1vsr90zqgm70cphy2n7sh0000gn/T/jogamp_0000/file_cache/jln2087896516933054851/jln5611741017959549394/libjogl_desktop.jnilib
0x000000011f6cd000 	/Library/Java/JavaVirtualMachines/jdk1.8.0_151.jdk/Contents/Home/jre/lib/libsunec.dylib
0x00000001957f4000 	/Library/Java/JavaVirtualMachines/jdk1.8.0_151.jdk/Contents/Home/jre/lib/libt2k.dylib

VM Arguments:
jvm_args: -Djava.security.policy=java.policy.applet -Dfile.encoding=UTF-8 
java_command: sun.applet.AppletViewer module3.EarthquakeCityMap1531317947393.html
java_class_path (initial): /Library/Java/JavaVirtualMachines/jdk1.8.0_151.jdk/Contents/Home/jre/lib/resources.jar:/Library/Java/JavaVirtualMachines/jdk1.8.0_151.jdk/Contents/Home/jre/lib/rt.jar:/Library/Java/JavaVirtualMachines/jdk1.8.0_151.jdk/Contents/Home/jre/lib/jsse.jar:/Library/Java/JavaVirtualMachines/jdk1.8.0_151.jdk/Contents/Home/jre/lib/jce.jar:/Library/Java/JavaVirtualMachines/jdk1.8.0_151.jdk/Contents/Home/jre/lib/charsets.jar:/Library/Java/JavaVirtualMachines/jdk1.8.0_151.jdk/Contents/Home/jre/lib/jfr.jar:/Library/Java/JavaVirtualMachines/jdk1.8.0_151.jdk/Contents/Home/jre/lib/ext/sunec.jar:/Library/Java/JavaVirtualMachines/jdk1.8.0_151.jdk/Contents/Home/jre/lib/ext/nashorn.jar:/Library/Java/JavaVirtualMachines/jdk1.8.0_151.jdk/Contents/Home/jre/lib/ext/cldrdata.jar:/Library/Java/JavaVirtualMachines/jdk1.8.0_151.jdk/Contents/Home/jre/lib/ext/jfxrt.jar:/Library/Java/JavaVirtualMachines/jdk1.8.0_151.jdk/Contents/Home/jre/lib/ext/dnsns.jar:/Library/Java/JavaVirtualMachines/jdk1.8.0_151.jdk/Contents/Home/jre/lib/ext/localedata.jar:/Library/Java/JavaVirtualMachines/jdk1.8.0_151.jdk/Contents/Home/jre/lib/ext/sunjce_provider.jar:/Library/Java/JavaVirtualMachines/jdk1.8.0_151.jdk/Contents/Home/jre/lib/ext/sunpkcs11.jar:/Library/Java/JavaVirtualMachines/jdk1.8.0_151.jdk/Contents/Home/jre/lib/ext/jaccess.jar:/Library/Java/JavaVirtualMachines/jdk1.8.0_151.jdk/Contents/Home/jre/lib/ext/zipfs.jar:/System/Library/Java/Extensions/MRJToolkit.jar:/Users/yunsangil/Documents/computing/JAVA/UCSDUnfoldingMaps/build:/Users/yunsangil/Documents/computing/JAVA/UCSDUnfoldingMaps/lib/core.jar:/Users/yunsangil/Documents/computing/JAVA/UCSDUnfoldingMaps/lib/gluegen-rt.jar:/Users/yunsangil/Documents/computing/JAVA/UCSDUnfoldingMaps/lib/jogl-all.jar:/Users/yunsangil/Documents/computing/JAVA/UCSDUnfoldingMaps/lib/log4j-1.2.15.jar:/Users/yunsangil/Documents/computing/JAVA/UCSDUnfoldingMaps/lib/sqlite-jdbc-3.7.2.jar:/Users/yunsangil/Documents/computing/JAVA/UCSDUnfoldingMaps/lib/json4
Launcher Type: SUN_STANDARD

Environment Variables:
PATH=/usr/bin:/bin:/usr/sbin:/sbin
SHELL=/bin/bash

Signal Handlers:
SIGSEGV: [libjvm.dylib+0x5b27a5], sa_mask[0]=11111111011111110111111111111111, sa_flags=SA_ONSTACK|SA_RESTART|SA_SIGINFO
SIGBUS: [libjvm.dylib+0x5b27a5], sa_mask[0]=11111111011111110111111111111111, sa_flags=SA_RESTART|SA_SIGINFO
SIGFPE: [libjvm.dylib+0x4891c4], sa_mask[0]=11111111011111110111111111111111, sa_flags=SA_RESTART|SA_SIGINFO
SIGPIPE: [libjvm.dylib+0x4891c4], sa_mask[0]=11111111011111110111111111111111, sa_flags=SA_RESTART|SA_SIGINFO
SIGXFSZ: [libjvm.dylib+0x4891c4], sa_mask[0]=11111111011111110111111111111111, sa_flags=SA_RESTART|SA_SIGINFO
SIGILL: [libjvm.dylib+0x4891c4], sa_mask[0]=11111111011111110111111111111111, sa_flags=SA_RESTART|SA_SIGINFO
SIGUSR1: SIG_DFL, sa_mask[0]=00000000000000000000000000000000, sa_flags=none
SIGUSR2: [libjvm.dylib+0x488ce2], sa_mask[0]=00100000000000000000000000000000, sa_flags=SA_RESTART|SA_SIGINFO
SIGHUP: [libjvm.dylib+0x4872b9], sa_mask[0]=11111111011111110111111111111111, sa_flags=SA_RESTART|SA_SIGINFO
SIGINT: [libjvm.dylib+0x4872b9], sa_mask[0]=11111111011111110111111111111111, sa_flags=SA_RESTART|SA_SIGINFO
SIGTERM: [libjvm.dylib+0x4872b9], sa_mask[0]=11111111011111110111111111111111, sa_flags=SA_RESTART|SA_SIGINFO
SIGQUIT: [libjvm.dylib+0x4872b9], sa_mask[0]=11111111011111110111111111111111, sa_flags=SA_RESTART|SA_SIGINFO


---------------  S Y S T E M  ---------------

OS:Bsduname:Darwin 17.6.0 Darwin Kernel Version 17.6.0: Tue May  8 15:22:16 PDT 2018; root:xnu-4570.61.1~1/RELEASE_X86_64 x86_64
rlimit: STACK 8192k, CORE 0k, NPROC 709, NOFILE 10240, AS infinity
load average:3.56 2.59 2.43

CPU:total 4 (initial active 4) (2 cores per cpu, 2 threads per core) family 6 model 69 stepping 1, cmov, cx8, fxsr, mmx, sse, sse2, sse3, ssse3, sse4.1, sse4.2, popcnt, avx, avx2, aes, clmul, erms, lzcnt, ht, tsc, tscinvbit, bmi1, bmi2

Memory: 4k page, physical 8388608k(61100k free)

/proc/meminfo:


vm_info: Java HotSpot(TM) 64-Bit Server VM (25.151-b12) for bsd-amd64 JRE (1.8.0_151-b12), built on Sep  5 2017 19:37:08 by "java_re" with gcc 4.2.1 (Based on Apple Inc. build 5658) (LLVM build 2336.11.00)

time: Wed Jul 11 23:05:57 2018
elapsed time: 9 seconds (0d 0h 0m 9s)

