#
# A fatal error has been detected by the Java Runtime Environment:
#
#  SIGSEGV (0xb) at pc=0x00007fff5345be9d, pid=20803, tid=0x0000000000000307
#
# JRE version: Java(TM) SE Runtime Environment (8.0_151-b12) (build 1.8.0_151-b12)
# Java VM: Java HotSpot(TM) 64-Bit Server VM (25.151-b12 mixed mode bsd-amd64 compressed oops)
# Problematic frame:
# C  [libobjc.A.dylib+0x6e9d]  objc_msgSend+0x1d
#
# Failed to write core dump. Core dumps have been disabled. To enable core dumping, try "ulimit -c unlimited" before starting Java again
#
# If you would like to submit a bug report, please visit:
#   http://bugreport.java.com/bugreport/crash.jsp
# The crash happened outside the Java Virtual Machine in native code.
# See problematic frame for where to report the bug.
#

---------------  T H R E A D  ---------------

Current thread (0x00007fe06d0ab800):  JavaThread "AWT-AppKit" daemon [_thread_in_native, id=775, stack(0x00007ffeeea2f000,0x00007ffeef22f000)]

siginfo: si_signo: 11 (SIGSEGV), si_code: 1 (SEGV_MAPERR), si_addr: 0x0000000000000018

Registers:
RAX=0x00007fe0713b5850, RBX=0x000000010b52e450, RCX=0x0000000000000001, RDX=0x0000000000000000
RSP=0x00007ffeef229cc8, RBP=0x00007ffeef229d80, RSI=0x00007fff2a4aa31e, RDI=0x00007fe071407e30
R8 =0x0000000006e000b3, R9 =0x0000000000000001, R10=0x0000000000000000, R11=0x00007fff2a4aa31e
R12=0x0000000000000000, R13=0x000000018a5e3a98, R14=0x000000010b52e440, R15=0x00007fe06d0ab800
RIP=0x00007fff5345be9d, EFLAGS=0x0000000000010246, ERR=0x0000000000000004
  TRAPNO=0x000000000000000e

Top of Stack: (sp=0x00007ffeef229cc8)
0x00007ffeef229cc8:   000000010b52c157 00007ffeef229d20
0x00007ffeef229cd8:   0000000000000003 00007ffeef229d00
0x00007ffeef229ce8:   00000001015f392e 000000018a5e3a98
0x00007ffeef229cf8:   000000018a5e3a98 00007fe0713b5850
0x00007ffeef229d08:   000000010b52e6a0 000000010b52e710
0x00007ffeef229d18:   00007fff8634ab38 00007fff87a99178
0x00007ffeef229d28:   000000010b52e450 000000010b52e690
0x00007ffeef229d38:   00007fe0713b5850 00007fe071407e30
0x00007ffeef229d48:   00007fe06bd18c70 00007fe0713b5850
0x00007ffeef229d58:   00007fe071407e30 00007ffeef229e08
0x00007ffeef229d68:   00007fe06d0ab9f8 000000018a5e3a98
0x00007ffeef229d78:   00007ffeef229e30 00007ffeef229df8
0x00007ffeef229d88:   000000010fd5c9f4 000000018a5e3a98
0x00007ffeef229d98:   00007ffeef229e30 00007ffeef229df8
0x00007ffeef229da8:   000000010fd5c787 000000010fd5c742
0x00007ffeef229db8:   00007ffeef229db8 000000018a5e3a98
0x00007ffeef229dc8:   00007ffeef229e30 000000018a5e66d0
0x00007ffeef229dd8:   0000000000000000 000000018a5e3a98
0x00007ffeef229de8:   0000000000000000 00007ffeef229e18
0x00007ffeef229df8:   00007ffeef229e78 000000010fd4d2bd
0x00007ffeef229e08:   0000000740479258 000000010fd56538
0x00007ffeef229e18:   00007fe0713b5850 00007ffeef229e78
0x00007ffeef229e28:   00007fe071407e30 000000010fd57e02
0x00007ffeef229e38:   00007ffeef229e38 000000018a5e3c62
0x00007ffeef229e48:   00007ffeef229ea0 000000018a5e66d0
0x00007ffeef229e58:   0000000000000000 000000018a5e3c70
0x00007ffeef229e68:   00007ffeef229e18 00007ffeef229e88
0x00007ffeef229e78:   00007ffeef229ee8 000000010fd4d2bd
0x00007ffeef229e88:   00007fe0713b5850 0000000740283cb8
0x00007ffeef229e98:   00007fe071407e30 0000000740283cb8
0x00007ffeef229ea8:   00007ffeef229ea8 0000000191d4bbce
0x00007ffeef229eb8:   00007ffeef229ef8 0000000191d4bc88 

Instructions: (pc=0x00007fff5345be9d)
0x00007fff5345be7d:   0f 1f 00 48 85 ff 2e 74 62 40 f6 c7 01 2e 75 66
0x00007fff5345be8d:   49 ba f8 ff ff ff ff 7f 00 00 4c 23 17 49 89 f3
0x00007fff5345be9d:   45 23 5a 18 49 c1 e3 04 4d 03 5a 10 49 3b 33 75
0x00007fff5345bead:   04 41 ff 63 08 49 83 3b 01 76 0d 49 83 c3 10 49 

Register to memory mapping:

RAX=0x00007fe0713b5850 is an unknown value
RBX=0x000000010b52e450: Java_jogamp_nativewindow_macosx_OSXUtil_GetScreenRefreshRate0+0x1cf0 in /private/var/folders/2b/rxb1vsr90zqgm70cphy2n7sh0000gn/T/jogamp_0000/file_cache/jln8780737189782891357/jln27961326010922390/libnativewindow_macosx.jnilib at 0x000000010b527000
RCX=0x0000000000000001 is an unknown value
RDX=0x0000000000000000 is an unknown value
RSP=0x00007ffeef229cc8 is pointing into the stack for thread: 0x00007fe06d0ab800
RBP=0x00007ffeef229d80 is pointing into the stack for thread: 0x00007fe06d0ab800
RSI=0x00007fff2a4aa31e: .str.41.llvm.DC87FEEF+0x43861 in /System/Library/Frameworks/AppKit.framework/Versions/C/AppKit at 0x00007fff297d0000
RDI=0x00007fe071407e30 is an unknown value
R8 =0x0000000006e000b3 is an unknown value
R9 =0x0000000000000001 is an unknown value
R10=0x0000000000000000 is an unknown value
R11=0x00007fff2a4aa31e: .str.41.llvm.DC87FEEF+0x43861 in /System/Library/Frameworks/AppKit.framework/Versions/C/AppKit at 0x00007fff297d0000
R12=0x0000000000000000 is an unknown value
R13={method} {0x000000018a5e3a98} 'UnsetJAWTRootSurfaceLayer0' '(JJ)V' in 'jogamp/nativewindow/jawt/macosx/MacOSXJAWTWindow'
R14=0x000000010b52e440: Java_jogamp_nativewindow_macosx_OSXUtil_GetScreenRefreshRate0+0x1ce0 in /private/var/folders/2b/rxb1vsr90zqgm70cphy2n7sh0000gn/T/jogamp_0000/file_cache/jln8780737189782891357/jln27961326010922390/libnativewindow_macosx.jnilib at 0x000000010b527000
R15=0x00007fe06d0ab800 is a thread


Stack: [0x00007ffeeea2f000,0x00007ffeef22f000],  sp=0x00007ffeef229cc8,  free space=8171k
Native frames: (J=compiled Java code, j=interpreted, Vv=VM code, C=native code)
C  [libobjc.A.dylib+0x6e9d]  objc_msgSend+0x1d
j  jogamp.nativewindow.jawt.macosx.MacOSXJAWTWindow.UnsetJAWTRootSurfaceLayer0(JJ)V+0
j  jogamp.nativewindow.jawt.macosx.MacOSXJAWTWindow.access$200(JJ)V+2
j  jogamp.nativewindow.jawt.macosx.MacOSXJAWTWindow$1.run()V+38
J 3073 C1 com.jogamp.common.util.RunnableTask.run()V (345 bytes) @ 0x00000001106d13f4 [0x00000001106d1260+0x194]
v  ~StubRoutines::call_stub
V  [libjvm.dylib+0x2ee9aa]
V  [libjvm.dylib+0x325b59]
V  [libjvm.dylib+0x318327]
C  [libnativewindow_macosx.jnilib+0x5326]  Java_jogamp_nativewindow_jawt_macosx_MacOSXJAWTWindow_UnsetJAWTRootSurfaceLayer0+0x2b6
C  [Foundation+0x682b5]  __NSThreadPerformPerform+0x14e
C  [CoreFoundation+0xa3a61]  __CFRUNLOOP_IS_CALLING_OUT_TO_A_SOURCE0_PERFORM_FUNCTION__+0x11
C  [CoreFoundation+0x15d47c]  __CFRunLoopDoSource0+0x6c
C  [CoreFoundation+0x8651c]  __CFRunLoopDoSources0+0x12c
C  [CoreFoundation+0x8593d]  __CFRunLoopRun+0x50d
C  [CoreFoundation+0x851a3]  CFRunLoopRunSpecific+0x1e3
C  [HIToolbox+0x2fd96]  RunCurrentEventLoopInMode+0x11e
C  [HIToolbox+0x2fa0f]  ReceiveNextEventCommon+0x16e
C  [HIToolbox+0x2f884]  _BlockUntilNextEventMatchingListInModeWithFilter+0x40
C  [AppKit+0x41a73]  _DPSNextEvent+0x825
C  [AppKit+0x7d7e34]  -[NSApplication(NSEvent) _nextEventMatchingEventMask:untilDate:inMode:dequeue:]+0xbe4
C  [libosxapp.dylib+0x23aa]  -[NSApplicationAWT nextEventMatchingMask:untilDate:inMode:dequeue:]+0x7c
C  [AppKit+0x36885]  -[NSApplication run]+0x2fc
C  [libosxapp.dylib+0x214d]  +[NSApplicationAWT runAWTLoopWithApp:]+0x9c
C  [libawt_lwawt.dylib+0x45edf]  -[AWTStarter starter:]+0x389
C  [Foundation+0x682b5]  __NSThreadPerformPerform+0x14e
C  [CoreFoundation+0xa3a61]  __CFRUNLOOP_IS_CALLING_OUT_TO_A_SOURCE0_PERFORM_FUNCTION__+0x11
C  [CoreFoundation+0x15d47c]  __CFRunLoopDoSource0+0x6c
C  [CoreFoundation+0x864c0]  __CFRunLoopDoSources0+0xd0
C  [CoreFoundation+0x8593d]  __CFRunLoopRun+0x50d
C  [CoreFoundation+0x851a3]  CFRunLoopRunSpecific+0x1e3
C  [java+0x6465]  CreateExecutionEnvironment+0x367
C  [java+0x218c]  JLI_Launch+0x7a0
C  [java+0x84c2]  main+0x65
C  [java+0x19e4]  start+0x34
C  0x0000000000000007

Java frames: (J=compiled Java code, j=interpreted, Vv=VM code)
j  jogamp.nativewindow.jawt.macosx.MacOSXJAWTWindow.UnsetJAWTRootSurfaceLayer0(JJ)V+0
j  jogamp.nativewindow.jawt.macosx.MacOSXJAWTWindow.access$200(JJ)V+2
j  jogamp.nativewindow.jawt.macosx.MacOSXJAWTWindow$1.run()V+38
J 3073 C1 com.jogamp.common.util.RunnableTask.run()V (345 bytes) @ 0x00000001106d13f4 [0x00000001106d1260+0x194]
v  ~StubRoutines::call_stub

---------------  P R O C E S S  ---------------

Java Threads: ( => current thread )
  0x00007fe06d6d5800 JavaThread "Thread-20" [_thread_blocked, id=58739, stack(0x000070000a2c5000,0x000070000a3c5000)]
  0x00007fe06d352800 JavaThread "Animation Thread" [_thread_blocked, id=56591, stack(0x000070000b993000,0x000070000ba93000)]
  0x00007fe06d352000 JavaThread "AWT-EventQueue-1" [_thread_in_native, id=75371, stack(0x000070000ba96000,0x000070000bb96000)]
  0x00007fe06d801800 JavaThread "DestroyJavaVM" [_thread_blocked, id=10499, stack(0x000070000a3cb000,0x000070000a4cb000)]
  0x00007fe06c201000 JavaThread "AWT-EventQueue-0" [_thread_blocked, id=79127, stack(0x000070000b890000,0x000070000b990000)]
  0x00007fe06ca9e000 JavaThread "Java2D Disposer" daemon [_thread_blocked, id=50959, stack(0x000070000b607000,0x000070000b707000)]
  0x00007fe06d128000 JavaThread "Java2D Queue Flusher" daemon [_thread_blocked, id=85887, stack(0x000070000b504000,0x000070000b604000)]
  0x00007fe06d0bd800 JavaThread "AWT-Shutdown" [_thread_blocked, id=26155, stack(0x000070000b278000,0x000070000b378000)]
=>0x00007fe06d0ab800 JavaThread "AWT-AppKit" daemon [_thread_in_native, id=775, stack(0x00007ffeeea2f000,0x00007ffeef22f000)]
  0x00007fe06d006800 JavaThread "Service Thread" daemon [_thread_blocked, id=17155, stack(0x000070000afef000,0x000070000b0ef000)]
  0x00007fe06c07b000 JavaThread "C1 CompilerThread2" daemon [_thread_blocked, id=13315, stack(0x000070000aeec000,0x000070000afec000)]
  0x00007fe06c07a000 JavaThread "C2 CompilerThread1" daemon [_thread_blocked, id=17667, stack(0x000070000ade9000,0x000070000aee9000)]
  0x00007fe06c06a000 JavaThread "C2 CompilerThread0" daemon [_thread_blocked, id=13059, stack(0x000070000ace6000,0x000070000ade6000)]
  0x00007fe06d800000 JavaThread "Signal Dispatcher" daemon [_thread_blocked, id=18187, stack(0x000070000abe3000,0x000070000ace3000)]
  0x00007fe06c04c000 JavaThread "Finalizer" daemon [_thread_blocked, id=20483, stack(0x000070000aae0000,0x000070000abe0000)]
  0x00007fe06c049800 JavaThread "Reference Handler" daemon [_thread_blocked, id=11523, stack(0x000070000a9dd000,0x000070000aadd000)]

Other Threads:
  0x00007fe06c82a800 VMThread [stack: 0x000070000a8da000,0x000070000a9da000] [id=11011]
  0x00007fe06d00f000 WatcherThread [stack: 0x000070000b0f2000,0x000070000b1f2000] [id=14083]

VM state:not at safepoint (normal execution)

VM Mutex/Monitor currently owned by a thread: None

Heap:
 PSYoungGen      total 123904K, used 112541K [0x0000000795580000, 0x000000079e800000, 0x00000007c0000000)
  eden space 107008K, 93% used [0x0000000795580000,0x000000079b765c10,0x000000079be00000)
  from space 16896K, 72% used [0x000000079cf00000,0x000000079db01ab8,0x000000079df80000)
  to   space 17408K, 0% used [0x000000079be00000,0x000000079be00000,0x000000079cf00000)
 ParOldGen       total 49664K, used 25132K [0x0000000740000000, 0x0000000743080000, 0x0000000795580000)
  object space 49664K, 50% used [0x0000000740000000,0x000000074188b248,0x0000000743080000)
 Metaspace       used 31092K, capacity 31571K, committed 31920K, reserved 1079296K
  class space    used 2587K, capacity 2715K, committed 2736K, reserved 1048576K

Card table byte_map: [0x0000000102767000,0x0000000102b68000] byte_map_base: 0x00000000fed67000

Marking Bits: (ParMarkBitMap*) 0x0000000101cf35d0
 Begin Bits: [0x0000000102e13000, 0x0000000104e13000)
 End Bits:   [0x0000000104e13000, 0x0000000106e13000)

Polling page: 0x0000000100a4d000

CodeCache: size=245760Kb used=12123Kb max_used=12123Kb free=233636Kb
 bounds [0x000000010fd45000, 0x0000000110935000, 0x000000011ed45000]
 total_blobs=4237 nmethods=3281 adapters=869
 compilation: enabled

Compilation events (10 events):
Event: 13.906 Thread 0x00007fe06c06a000 3628       4       processing.opengl.PShader::setTexture (327 bytes)
Event: 13.920 Thread 0x00007fe06c07b000 3629       3       java.awt.Rectangle::isEmpty (20 bytes)
Event: 13.920 Thread 0x00007fe06c07b000 nmethod 3629 0x0000000110926990 code [0x0000000110926b00, 0x0000000110926cf0]
Event: 13.920 Thread 0x00007fe06c07b000 3630       1       sun.java2d.SurfaceData::isValid (5 bytes)
Event: 13.921 Thread 0x00007fe06c07b000 nmethod 3630 0x00000001108e5b90 code [0x00000001108e5ce0, 0x00000001108e5df0]
Event: 13.933 Thread 0x00007fe06c06a000 nmethod 3628 0x0000000110928390 code [0x00000001109286a0, 0x0000000110929b20]
Event: 13.936 Thread 0x00007fe06c07b000 3631       3       java.util.HashMap::put (13 bytes)
Event: 13.937 Thread 0x00007fe06c07b000 nmethod 3631 0x0000000110926310 code [0x00000001109264a0, 0x0000000110926858]
Event: 13.953 Thread 0x00007fe06c07b000 3632       3       java.util.HashMap::putVal (300 bytes)
Event: 13.956 Thread 0x00007fe06c07b000 nmethod 3632 0x0000000110924710 code [0x0000000110924980, 0x0000000110925c38]

GC Heap History (10 events):
Event: 5.326 GC heap before
{Heap before GC invocations=3 (full 0):
 PSYoungGen      total 38400K, used 6450K [0x0000000795580000, 0x0000000798000000, 0x00000007c0000000)
  eden space 33280K, 4% used [0x0000000795580000,0x00000007956d4248,0x0000000797600000)
  from space 5120K, 99% used [0x0000000797b00000,0x0000000797ff8780,0x0000000798000000)
  to   space 5120K, 0% used [0x0000000797600000,0x0000000797600000,0x0000000797b00000)
 ParOldGen       total 87552K, used 2990K [0x0000000740000000, 0x0000000745580000, 0x0000000795580000)
  object space 87552K, 3% used [0x0000000740000000,0x00000007402eb9b8,0x0000000745580000)
 Metaspace       used 20771K, capacity 21203K, committed 21296K, reserved 1069056K
  class space    used 2171K, capacity 2326K, committed 2352K, reserved 1048576K
Event: 5.339 GC heap after
Heap after GC invocations=3 (full 0):
 PSYoungGen      total 38400K, used 5104K [0x0000000795580000, 0x000000079a080000, 0x00000007c0000000)
  eden space 33280K, 0% used [0x0000000795580000,0x0000000795580000,0x0000000797600000)
  from space 5120K, 99% used [0x0000000797600000,0x0000000797afc050,0x0000000797b00000)
  to   space 5120K, 0% used [0x0000000799b80000,0x0000000799b80000,0x000000079a080000)
 ParOldGen       total 87552K, used 3348K [0x0000000740000000, 0x0000000745580000, 0x0000000795580000)
  object space 87552K, 3% used [0x0000000740000000,0x00000007403450f0,0x0000000745580000)
 Metaspace       used 20771K, capacity 21203K, committed 21296K, reserved 1069056K
  class space    used 2171K, capacity 2326K, committed 2352K, reserved 1048576K
}
Event: 5.339 GC heap before
{Heap before GC invocations=4 (full 1):
 PSYoungGen      total 38400K, used 5104K [0x0000000795580000, 0x000000079a080000, 0x00000007c0000000)
  eden space 33280K, 0% used [0x0000000795580000,0x0000000795580000,0x0000000797600000)
  from space 5120K, 99% used [0x0000000797600000,0x0000000797afc050,0x0000000797b00000)
  to   space 5120K, 0% used [0x0000000799b80000,0x0000000799b80000,0x000000079a080000)
 ParOldGen       total 87552K, used 3348K [0x0000000740000000, 0x0000000745580000, 0x0000000795580000)
  object space 87552K, 3% used [0x0000000740000000,0x00000007403450f0,0x0000000745580000)
 Metaspace       used 20771K, capacity 21203K, committed 21296K, reserved 1069056K
  class space    used 2171K, capacity 2326K, committed 2352K, reserved 1048576K
Event: 5.400 GC heap after
Heap after GC invocations=4 (full 1):
 PSYoungGen      total 38400K, used 0K [0x0000000795580000, 0x000000079a080000, 0x00000007c0000000)
  eden space 33280K, 0% used [0x0000000795580000,0x0000000795580000,0x0000000797600000)
  from space 5120K, 0% used [0x0000000797600000,0x0000000797600000,0x0000000797b00000)
  to   space 5120K, 0% used [0x0000000799b80000,0x0000000799b80000,0x000000079a080000)
 ParOldGen       total 49664K, used 7274K [0x0000000740000000, 0x0000000743080000, 0x0000000795580000)
  object space 49664K, 14% used [0x0000000740000000,0x000000074071ab88,0x0000000743080000)
 Metaspace       used 20771K, capacity 21203K, committed 21296K, reserved 1069056K
  class space    used 2171K, capacity 2326K, committed 2352K, reserved 1048576K
}
Event: 6.447 GC heap before
{Heap before GC invocations=5 (full 1):
 PSYoungGen      total 38400K, used 33102K [0x0000000795580000, 0x000000079a080000, 0x00000007c0000000)
  eden space 33280K, 99% used [0x0000000795580000,0x00000007975d3a08,0x0000000797600000)
  from space 5120K, 0% used [0x0000000797600000,0x0000000797600000,0x0000000797b00000)
  to   space 5120K, 0% used [0x0000000799b80000,0x0000000799b80000,0x000000079a080000)
 ParOldGen       total 49664K, used 7274K [0x0000000740000000, 0x0000000743080000, 0x0000000795580000)
  object space 49664K, 14% used [0x0000000740000000,0x000000074071ab88,0x0000000743080000)
 Metaspace       used 23266K, capacity 23717K, committed 23856K, reserved 1071104K
  class space    used 2409K, capacity 2521K, committed 2608K, reserved 1048576K
Event: 6.466 GC heap after
Heap after GC invocations=5 (full 1):
 PSYoungGen      total 65536K, used 5097K [0x0000000795580000, 0x000000079a080000, 0x00000007c0000000)
  eden space 60416K, 0% used [0x0000000795580000,0x0000000795580000,0x0000000799080000)
  from space 5120K, 99% used [0x0000000799b80000,0x000000079a07a418,0x000000079a080000)
  to   space 5120K, 0% used [0x0000000799680000,0x0000000799680000,0x0000000799b80000)
 ParOldGen       total 49664K, used 17547K [0x0000000740000000, 0x0000000743080000, 0x0000000795580000)
  object space 49664K, 35% used [0x0000000740000000,0x0000000741122c98,0x0000000743080000)
 Metaspace       used 23266K, capacity 23717K, committed 23856K, reserved 1071104K
  class space    used 2409K, capacity 2521K, committed 2608K, reserved 1048576K
}
Event: 7.768 GC heap before
{Heap before GC invocations=6 (full 1):
 PSYoungGen      total 65536K, used 65513K [0x0000000795580000, 0x000000079a080000, 0x00000007c0000000)
  eden space 60416K, 100% used [0x0000000795580000,0x0000000799080000,0x0000000799080000)
  from space 5120K, 99% used [0x0000000799b80000,0x000000079a07a418,0x000000079a080000)
  to   space 5120K, 0% used [0x0000000799680000,0x0000000799680000,0x0000000799b80000)
 ParOldGen       total 49664K, used 17547K [0x0000000740000000, 0x0000000743080000, 0x0000000795580000)
  object space 49664K, 35% used [0x0000000740000000,0x0000000741122c98,0x0000000743080000)
 Metaspace       used 29188K, capacity 29670K, committed 29872K, reserved 1077248K
  class space    used 2476K, capacity 2619K, committed 2736K, reserved 1048576K
Event: 7.786 GC heap after
Heap after GC invocations=6 (full 1):
 PSYoungGen      total 71680K, used 5099K [0x0000000795580000, 0x000000079df80000, 0x00000007c0000000)
  eden space 66560K, 0% used [0x0000000795580000,0x0000000795580000,0x0000000799680000)
  from space 5120K, 99% used [0x0000000799680000,0x0000000799b7aeb0,0x0000000799b80000)
  to   space 16896K, 0% used [0x000000079cf00000,0x000000079cf00000,0x000000079df80000)
 ParOldGen       total 49664K, used 25132K [0x0000000740000000, 0x0000000743080000, 0x0000000795580000)
  object space 49664K, 50% used [0x0000000740000000,0x000000074188b248,0x0000000743080000)
 Metaspace       used 29188K, capacity 29670K, committed 29872K, reserved 1077248K
  class space    used 2476K, capacity 2619K, committed 2736K, reserved 1048576K
}
Event: 10.537 GC heap before
{Heap before GC invocations=7 (full 1):
 PSYoungGen      total 71680K, used 71659K [0x0000000795580000, 0x000000079df80000, 0x00000007c0000000)
  eden space 66560K, 100% used [0x0000000795580000,0x0000000799680000,0x0000000799680000)
  from space 5120K, 99% used [0x0000000799680000,0x0000000799b7aeb0,0x0000000799b80000)
  to   space 16896K, 0% used [0x000000079cf00000,0x000000079cf00000,0x000000079df80000)
 ParOldGen       total 49664K, used 25132K [0x0000000740000000, 0x0000000743080000, 0x0000000795580000)
  object space 49664K, 50% used [0x0000000740000000,0x000000074188b248,0x0000000743080000)
 Metaspace       used 30724K, capacity 31187K, committed 31408K, reserved 1077248K
  class space    used 2579K, capacity 2715K, committed 2736K, reserved 1048576K
Event: 10.553 GC heap after
Heap after GC invocations=7 (full 1):
 PSYoungGen      total 123904K, used 12294K [0x0000000795580000, 0x000000079e800000, 0x00000007c0000000)
  eden space 107008K, 0% used [0x0000000795580000,0x0000000795580000,0x000000079be00000)
  from space 16896K, 72% used [0x000000079cf00000,0x000000079db01ab8,0x000000079df80000)
  to   space 17408K, 0% used [0x000000079be00000,0x000000079be00000,0x000000079cf00000)
 ParOldGen       total 49664K, used 25132K [0x0000000740000000, 0x0000000743080000, 0x0000000795580000)
  object space 49664K, 50% used [0x0000000740000000,0x000000074188b248,0x0000000743080000)
 Metaspace       used 30724K, capacity 31187K, committed 31408K, reserved 1077248K
  class space    used 2579K, capacity 2715K, committed 2736K, reserved 1048576K
}

Deoptimization events (10 events):
Event: 13.920 Thread 0x00007fe06d352000 Uncommon trap: reason=unstable_if action=reinterpret pc=0x0000000110460528 method=com.jogamp.common.util.VersionNumber.compareTo(Lcom/jogamp/common/util/VersionNumber;)I @ 21
Event: 13.922 Thread 0x00007fe06c201000 Uncommon trap: reason=unstable_if action=reinterpret pc=0x0000000110328d7c method=java.awt.font.FontRenderContext.equals(Ljava/awt/font/FontRenderContext;)Z @ 2
Event: 13.923 Thread 0x00007fe06c201000 Uncommon trap: reason=unstable_if action=reinterpret pc=0x0000000110314d14 method=java.awt.Font.equals(Ljava/lang/Object;)Z @ 2
Event: 13.935 Thread 0x00007fe06d102800 Uncommon trap: reason=class_check action=maybe_recompile pc=0x000000011027a798 method=java.util.HashMap.putVal(ILjava/lang/Object;Ljava/lang/Object;ZZ)Ljava/lang/Object; @ 91
Event: 13.936 Thread 0x00007fe06d102800 Uncommon trap: reason=bimorphic action=maybe_recompile pc=0x00000001102b8b0c method=java.util.HashMap.putVal(ILjava/lang/Object;Ljava/lang/Object;ZZ)Ljava/lang/Object; @ 91
Event: 13.936 Thread 0x00007fe06d102800 Uncommon trap: reason=bimorphic action=maybe_recompile pc=0x00000001102b8b0c method=java.util.HashMap.putVal(ILjava/lang/Object;Ljava/lang/Object;ZZ)Ljava/lang/Object; @ 91
Event: 13.936 Thread 0x00007fe06d102800 Uncommon trap: reason=bimorphic action=maybe_recompile pc=0x00000001102b8b0c method=java.util.HashMap.putVal(ILjava/lang/Object;Ljava/lang/Object;ZZ)Ljava/lang/Object; @ 91
Event: 13.936 Thread 0x00007fe06d102800 Uncommon trap: reason=bimorphic action=maybe_recompile pc=0x00000001102b8b0c method=java.util.HashMap.putVal(ILjava/lang/Object;Ljava/lang/Object;ZZ)Ljava/lang/Object; @ 91
Event: 13.937 Thread 0x00007fe06c201000 Uncommon trap: reason=unstable_if action=reinterpret pc=0x0000000110629978 method=java.awt.font.FontRenderContext.equals(Ljava/awt/font/FontRenderContext;)Z @ 2
Event: 13.956 Thread 0x00007fe06d6d5800 Uncommon trap: reason=predicate action=maybe_recompile pc=0x00000001106db810 method=java.util.Vector.indexOf(Ljava/lang/Object;I)I @ 44

Internal exceptions (10 events):
Event: 0.393 Thread 0x00007fe06d801800 Exception <a 'java/io/FileNotFoundException'> (0x00000007958171f0) thrown at [/Users/java_re/workspace/8-2-build-macosx-x86_64/jdk8u151/9699/hotspot/src/share/vm/prims/jni.cpp, line 709]
Event: 0.393 Thread 0x00007fe06d801800 Exception <a 'java/io/FileNotFoundException'> (0x0000000795817d78) thrown at [/Users/java_re/workspace/8-2-build-macosx-x86_64/jdk8u151/9699/hotspot/src/share/vm/prims/jni.cpp, line 709]
Event: 0.536 Thread 0x00007fe06d801800 Exception <a 'java/io/FileNotFoundException'> (0x0000000795a0e7c8) thrown at [/Users/java_re/workspace/8-2-build-macosx-x86_64/jdk8u151/9699/hotspot/src/share/vm/prims/jni.cpp, line 709]
Event: 3.338 Thread 0x00007fe06d352800 Exception <a 'java/lang/UnsatisfiedLinkError': com.jogamp.common.util.JarUtil.fixNativeLibAttribs(Ljava/lang/String;)Z> (0x0000000796c40950) thrown at [/Users/java_re/workspace/8-2-build-macosx-x86_64/jdk8u151/9699/hotspot/src/share/vm/prims/nativeLookup.
Event: 3.764 Thread 0x00007fe06c04c000 Exception <a 'java/lang/NullPointerException'> (0x00000007956a4738) thrown at [/Users/java_re/workspace/8-2-build-macosx-x86_64/jdk8u151/9699/hotspot/src/share/vm/interpreter/linkResolver.cpp, line 1183]
Event: 4.736 Thread 0x00007fe06d352000 Exception <a 'java/io/FileNotFoundException'> (0x00000007960364d0) thrown at [/Users/java_re/workspace/8-2-build-macosx-x86_64/jdk8u151/9699/hotspot/src/share/vm/prims/jni.cpp, line 709]
Event: 4.737 Thread 0x00007fe06d352000 Exception <a 'java/io/FileNotFoundException'> (0x000000079603cef0) thrown at [/Users/java_re/workspace/8-2-build-macosx-x86_64/jdk8u151/9699/hotspot/src/share/vm/prims/jni.cpp, line 709]
Event: 4.737 Thread 0x00007fe06d352000 Implicit null exception at 0x000000010ff27b74 to 0x000000010ff27f6d
Event: 5.213 Thread 0x00007fe06d352000 Implicit null exception at 0x000000011011ef46 to 0x000000011011f18d
Event: 6.554 Thread 0x00007fe071b3d800 Implicit null exception at 0x000000010ff1e935 to 0x000000010ff1ecf5

Events (10 events):
Event: 13.956 loading class java/awt/event/AWTEventListenerProxy
Event: 13.956 loading class java/awt/event/AWTEventListenerProxy done
Event: 13.956 loading class java/awt/Toolkit$ToolkitEventMulticaster
Event: 13.956 loading class java/awt/Toolkit$ToolkitEventMulticaster done
Event: 13.956 Thread 0x00007fe06d102800 Thread exited: 0x00007fe06d102800
Event: 13.956 Thread 0x00007fe06d6d5800 Uncommon trap: trap_request=0xffffff86 fr.pc=0x00000001106db810
Event: 13.956 Thread 0x00007fe06d6d5800 DEOPT PACKING pc=0x00000001106db810 sp=0x000070000a3c4770
Event: 13.956 Thread 0x00007fe06d6d5800 DEOPT UNPACKING pc=0x000000010fd4a229 sp=0x000070000a3c4748 mode 2
Event: 13.956 loading class java/awt/Window$1DisposeAction
Event: 13.957 loading class java/awt/Window$1DisposeAction done


Dynamic libraries:
0x00000000046d8000 	/System/Library/Frameworks/Cocoa.framework/Versions/A/Cocoa
0x00000000046d8000 	/System/Library/Frameworks/Security.framework/Versions/A/Security
0x00000000046d8000 	/System/Library/Frameworks/ApplicationServices.framework/Versions/A/ApplicationServices
0x00000000046d8000 	/usr/lib/libz.1.dylib
0x00000000046d8000 	/usr/lib/libSystem.B.dylib
0x00000000046d8000 	/usr/lib/libobjc.A.dylib
0x00000000046d8000 	/System/Library/Frameworks/CoreFoundation.framework/Versions/A/CoreFoundation
0x00000000046d8000 	/System/Library/Frameworks/Foundation.framework/Versions/C/Foundation
0x00000000046d8000 	/System/Library/Frameworks/AppKit.framework/Versions/C/AppKit
0x00000000046d8000 	/System/Library/Frameworks/CoreData.framework/Versions/A/CoreData
0x00000000046d8000 	/System/Library/PrivateFrameworks/RemoteViewServices.framework/Versions/A/RemoteViewServices
0x00000000046d8000 	/System/Library/PrivateFrameworks/UIFoundation.framework/Versions/A/UIFoundation
0x00000000046d8000 	/System/Library/PrivateFrameworks/DFRFoundation.framework/Versions/A/DFRFoundation
0x00000000046d8000 	/System/Library/Frameworks/Metal.framework/Versions/A/Metal
0x00000000046d8000 	/System/Library/PrivateFrameworks/DesktopServicesPriv.framework/Versions/A/DesktopServicesPriv
0x00000000046d8000 	/usr/lib/libenergytrace.dylib
0x00000000046d8000 	/System/Library/PrivateFrameworks/SkyLight.framework/Versions/A/SkyLight
0x00000000046d8000 	/System/Library/Frameworks/CoreGraphics.framework/Versions/A/CoreGraphics
0x00000000046d8000 	/usr/lib/libScreenReader.dylib
0x00000000046d8000 	/System/Library/Frameworks/Accelerate.framework/Versions/A/Accelerate
0x00000000046d8000 	/System/Library/Frameworks/IOSurface.framework/Versions/A/IOSurface
0x00000000046d8000 	/System/Library/Frameworks/AudioToolbox.framework/Versions/A/AudioToolbox
0x00000000046d8000 	/System/Library/Frameworks/AudioUnit.framework/Versions/A/AudioUnit
0x00000000046d8000 	/System/Library/PrivateFrameworks/DataDetectorsCore.framework/Versions/A/DataDetectorsCore
0x00000000046d8000 	/System/Library/Frameworks/Carbon.framework/Versions/A/Frameworks/HIToolbox.framework/Versions/A/HIToolbox
0x00000000046d8000 	/usr/lib/libicucore.A.dylib
0x00000000046d8000 	/System/Library/Frameworks/QuartzCore.framework/Versions/A/QuartzCore
0x00000000046d8000 	/System/Library/PrivateFrameworks/SignpostNotification.framework/Versions/A/SignpostNotification
0x00000000046d8000 	/System/Library/Frameworks/Carbon.framework/Versions/A/Frameworks/SpeechRecognition.framework/Versions/A/SpeechRecognition
0x00000000046d8000 	/usr/lib/libauto.dylib
0x00000000046d8000 	/usr/lib/libxml2.2.dylib
0x00000000046d8000 	/System/Library/PrivateFrameworks/CoreUI.framework/Versions/A/CoreUI
0x00000000046d8000 	/System/Library/Frameworks/CoreAudio.framework/Versions/A/CoreAudio
0x00000000046d8000 	/System/Library/Frameworks/DiskArbitration.framework/Versions/A/DiskArbitration
0x00000000046d8000 	/usr/lib/liblangid.dylib
0x00000000046d8000 	/System/Library/PrivateFrameworks/MultitouchSupport.framework/Versions/A/MultitouchSupport
0x00000000046d8000 	/System/Library/Frameworks/IOKit.framework/Versions/A/IOKit
0x00000000046d8000 	/usr/lib/libDiagnosticMessagesClient.dylib
0x00000000046d8000 	/System/Library/Frameworks/CoreServices.framework/Versions/A/CoreServices
0x00000000046d8000 	/System/Library/PrivateFrameworks/PerformanceAnalysis.framework/Versions/A/PerformanceAnalysis
0x00000000046d8000 	/System/Library/Frameworks/OpenGL.framework/Versions/A/OpenGL
0x00000000046d8000 	/System/Library/Frameworks/ColorSync.framework/Versions/A/ColorSync
0x00000000046d8000 	/System/Library/Frameworks/CoreImage.framework/Versions/A/CoreImage
0x00000000046d8000 	/System/Library/Frameworks/CoreText.framework/Versions/A/CoreText
0x00000000046d8000 	/System/Library/Frameworks/ImageIO.framework/Versions/A/ImageIO
0x00000000046d8000 	/System/Library/PrivateFrameworks/Backup.framework/Versions/A/Backup
0x00000000046d8000 	/usr/lib/libarchive.2.dylib
0x00000000046d8000 	/System/Library/Frameworks/CFNetwork.framework/Versions/A/CFNetwork
0x00000000046d8000 	/System/Library/Frameworks/SystemConfiguration.framework/Versions/A/SystemConfiguration
0x00000000046d8000 	/usr/lib/libCRFSuite.dylib
0x00000000046d8000 	/usr/lib/libc++.1.dylib
0x00000000046d8000 	/usr/lib/libc++abi.dylib
0x00000000046d8000 	/usr/lib/system/libcache.dylib
0x00000000046d8000 	/usr/lib/system/libcommonCrypto.dylib
0x00000000046d8000 	/usr/lib/system/libcompiler_rt.dylib
0x00000000046d8000 	/usr/lib/system/libcopyfile.dylib
0x00000000046d8000 	/usr/lib/system/libcorecrypto.dylib
0x00000000046d8000 	/usr/lib/system/libdispatch.dylib
0x00000000046d8000 	/usr/lib/system/libdyld.dylib
0x00000000046d8000 	/usr/lib/system/libkeymgr.dylib
0x00000000046d8000 	/usr/lib/system/liblaunch.dylib
0x00000000046d8000 	/usr/lib/system/libmacho.dylib
0x00000000046d8000 	/usr/lib/system/libquarantine.dylib
0x00000000046d8000 	/usr/lib/system/libremovefile.dylib
0x00000000046d8000 	/usr/lib/system/libsystem_asl.dylib
0x00000000046d8000 	/usr/lib/system/libsystem_blocks.dylib
0x00000000046d8000 	/usr/lib/system/libsystem_c.dylib
0x00000000046d8000 	/usr/lib/system/libsystem_configuration.dylib
0x00000000046d8000 	/usr/lib/system/libsystem_coreservices.dylib
0x00000000046d8000 	/usr/lib/system/libsystem_darwin.dylib
0x00000000046d8000 	/usr/lib/system/libsystem_dnssd.dylib
0x00000000046d8000 	/usr/lib/system/libsystem_info.dylib
0x00000000046d8000 	/usr/lib/system/libsystem_m.dylib
0x00000000046d8000 	/usr/lib/system/libsystem_malloc.dylib
0x00000000046d8000 	/usr/lib/system/libsystem_network.dylib
0x00000000046d8000 	/usr/lib/system/libsystem_networkextension.dylib
0x00000000046d8000 	/usr/lib/system/libsystem_notify.dylib
0x00000000046d8000 	/usr/lib/system/libsystem_sandbox.dylib
0x00000000046d8000 	/usr/lib/system/libsystem_secinit.dylib
0x00000000046d8000 	/usr/lib/system/libsystem_kernel.dylib
0x00000000046d8000 	/usr/lib/system/libsystem_platform.dylib
0x00000000046d8000 	/usr/lib/system/libsystem_pthread.dylib
0x00000000046d8000 	/usr/lib/system/libsystem_symptoms.dylib
0x00000000046d8000 	/usr/lib/system/libsystem_trace.dylib
0x00000000046d8000 	/usr/lib/system/libunwind.dylib
0x00000000046d8000 	/usr/lib/system/libxpc.dylib
0x00000000046d8000 	/usr/lib/closure/libclosured.dylib
0x00000000046d8000 	/usr/lib/libbsm.0.dylib
0x00000000046d8000 	/usr/lib/system/libkxld.dylib
0x00000000046d8000 	/usr/lib/libOpenScriptingUtil.dylib
0x00000000046d8000 	/usr/lib/libcoretls.dylib
0x00000000046d8000 	/usr/lib/libcoretls_cfhelpers.dylib
0x00000000046d8000 	/usr/lib/libpam.2.dylib
0x00000000046d8000 	/usr/lib/libsqlite3.dylib
0x00000000046d8000 	/usr/lib/libxar.1.dylib
0x00000000046d8000 	/usr/lib/libbz2.1.0.dylib
0x00000000046d8000 	/usr/lib/liblzma.5.dylib
0x00000000046d8000 	/usr/lib/libnetwork.dylib
0x00000000046d8000 	/usr/lib/libapple_nghttp2.dylib
0x00000000046d8000 	/usr/lib/libpcap.A.dylib
0x00000000046d8000 	/usr/lib/libboringssl.dylib
0x00000000046d8000 	/usr/lib/libusrtcp.dylib
0x00000000046d8000 	/usr/lib/libapple_crypto.dylib
0x00000000046d8000 	/System/Library/Frameworks/CoreServices.framework/Versions/A/Frameworks/FSEvents.framework/Versions/A/FSEvents
0x00000000046d8000 	/System/Library/Frameworks/CoreServices.framework/Versions/A/Frameworks/CarbonCore.framework/Versions/A/CarbonCore
0x00000000046d8000 	/System/Library/Frameworks/CoreServices.framework/Versions/A/Frameworks/Metadata.framework/Versions/A/Metadata
0x00000000046d8000 	/System/Library/Frameworks/CoreServices.framework/Versions/A/Frameworks/OSServices.framework/Versions/A/OSServices
0x00000000046d8000 	/System/Library/Frameworks/CoreServices.framework/Versions/A/Frameworks/SearchKit.framework/Versions/A/SearchKit
0x00000000046d8000 	/System/Library/Frameworks/CoreServices.framework/Versions/A/Frameworks/AE.framework/Versions/A/AE
0x00000000046d8000 	/System/Library/Frameworks/CoreServices.framework/Versions/A/Frameworks/LaunchServices.framework/Versions/A/LaunchServices
0x00000000046d8000 	/System/Library/Frameworks/CoreServices.framework/Versions/A/Frameworks/DictionaryServices.framework/Versions/A/DictionaryServices
0x00000000046d8000 	/System/Library/Frameworks/CoreServices.framework/Versions/A/Frameworks/SharedFileList.framework/Versions/A/SharedFileList
0x00000000046d8000 	/System/Library/Frameworks/NetFS.framework/Versions/A/NetFS
0x00000000046d8000 	/System/Library/PrivateFrameworks/NetAuth.framework/Versions/A/NetAuth
0x00000000046d8000 	/System/Library/PrivateFrameworks/login.framework/Versions/A/Frameworks/loginsupport.framework/Versions/A/loginsupport
0x00000000046d8000 	/System/Library/PrivateFrameworks/TCC.framework/Versions/A/TCC
0x00000000046d8000 	/usr/lib/libmecabra.dylib
0x00000000046d8000 	/System/Library/Frameworks/ApplicationServices.framework/Versions/A/Frameworks/ATS.framework/Versions/A/ATS
0x00000000046d8000 	/System/Library/Frameworks/ApplicationServices.framework/Versions/A/Frameworks/ColorSyncLegacy.framework/Versions/A/ColorSyncLegacy
0x00000000046d8000 	/System/Library/Frameworks/ApplicationServices.framework/Versions/A/Frameworks/HIServices.framework/Versions/A/HIServices
0x00000000046d8000 	/System/Library/Frameworks/ApplicationServices.framework/Versions/A/Frameworks/LangAnalysis.framework/Versions/A/LangAnalysis
0x00000000046d8000 	/System/Library/Frameworks/ApplicationServices.framework/Versions/A/Frameworks/PrintCore.framework/Versions/A/PrintCore
0x00000000046d8000 	/System/Library/Frameworks/ApplicationServices.framework/Versions/A/Frameworks/QD.framework/Versions/A/QD
0x00000000046d8000 	/System/Library/Frameworks/ApplicationServices.framework/Versions/A/Frameworks/SpeechSynthesis.framework/Versions/A/SpeechSynthesis
0x00000000046d8000 	/System/Library/Frameworks/CoreDisplay.framework/Versions/A/CoreDisplay
0x00000000046d8000 	/System/Library/Frameworks/Accelerate.framework/Versions/A/Frameworks/vImage.framework/Versions/A/vImage
0x00000000046d8000 	/System/Library/Frameworks/Accelerate.framework/Versions/A/Frameworks/vecLib.framework/Versions/A/vecLib
0x00000000046d8000 	/System/Library/Frameworks/Accelerate.framework/Versions/A/Frameworks/vecLib.framework/Versions/A/libvDSP.dylib
0x00000000046d8000 	/System/Library/Frameworks/Accelerate.framework/Versions/A/Frameworks/vecLib.framework/Versions/A/libBNNS.dylib
0x00000000046d8000 	/System/Library/Frameworks/Accelerate.framework/Versions/A/Frameworks/vecLib.framework/Versions/A/libQuadrature.dylib
0x00000000046d8000 	/System/Library/Frameworks/Accelerate.framework/Versions/A/Frameworks/vecLib.framework/Versions/A/libvMisc.dylib
0x00000000046d8000 	/System/Library/Frameworks/Accelerate.framework/Versions/A/Frameworks/vecLib.framework/Versions/A/libLAPACK.dylib
0x00000000046d8000 	/System/Library/Frameworks/Accelerate.framework/Versions/A/Frameworks/vecLib.framework/Versions/A/libBLAS.dylib
0x00000000046d8000 	/System/Library/Frameworks/Accelerate.framework/Versions/A/Frameworks/vecLib.framework/Versions/A/libLinearAlgebra.dylib
0x00000000046d8000 	/System/Library/Frameworks/Accelerate.framework/Versions/A/Frameworks/vecLib.framework/Versions/A/libSparse.dylib
0x00000000046d8000 	/System/Library/Frameworks/Accelerate.framework/Versions/A/Frameworks/vecLib.framework/Versions/A/libSparseBLAS.dylib
0x00000000046d8000 	/System/Library/PrivateFrameworks/GPUWrangler.framework/Versions/A/GPUWrangler
0x00000000046d8000 	/System/Library/PrivateFrameworks/IOAccelerator.framework/Versions/A/IOAccelerator
0x00000000046d8000 	/System/Library/PrivateFrameworks/IOPresentment.framework/Versions/A/IOPresentment
0x00000000046d8000 	/System/Library/PrivateFrameworks/DSExternalDisplay.framework/Versions/A/DSExternalDisplay
0x00000000046d8000 	/System/Library/Frameworks/OpenGL.framework/Versions/A/Libraries/libCoreFSCache.dylib
0x00000000046d8000 	/System/Library/Frameworks/CoreVideo.framework/Versions/A/CoreVideo
0x00000000046d8000 	/System/Library/PrivateFrameworks/GraphVisualizer.framework/Versions/A/GraphVisualizer
0x00000000046d8000 	/System/Library/Frameworks/MetalPerformanceShaders.framework/Versions/A/MetalPerformanceShaders
0x00000000046d8000 	/usr/lib/libFosl_dynamic.dylib
0x00000000046d8000 	/System/Library/PrivateFrameworks/FaceCore.framework/Versions/A/FaceCore
0x00000000046d8000 	/System/Library/Frameworks/OpenCL.framework/Versions/A/OpenCL
0x00000000046d8000 	/usr/lib/libcompression.dylib
0x00000000046d8000 	/System/Library/Frameworks/ApplicationServices.framework/Versions/A/Frameworks/ATS.framework/Versions/A/Resources/libFontParser.dylib
0x00000000046d8000 	/System/Library/Frameworks/ApplicationServices.framework/Versions/A/Frameworks/ATS.framework/Versions/A/Resources/libFontRegistry.dylib
0x00000000046d8000 	/System/Library/Frameworks/ImageIO.framework/Versions/A/Resources/libJPEG.dylib
0x00000000046d8000 	/System/Library/Frameworks/ImageIO.framework/Versions/A/Resources/libTIFF.dylib
0x00000000046d8000 	/System/Library/Frameworks/ImageIO.framework/Versions/A/Resources/libPng.dylib
0x00000000046d8000 	/System/Library/Frameworks/ImageIO.framework/Versions/A/Resources/libGIF.dylib
0x00000000046d8000 	/System/Library/Frameworks/ImageIO.framework/Versions/A/Resources/libJP2.dylib
0x00000000046d8000 	/System/Library/Frameworks/ImageIO.framework/Versions/A/Resources/libRadiance.dylib
0x00000000046d8000 	/System/Library/PrivateFrameworks/AppleJPEG.framework/Versions/A/AppleJPEG
0x00000000046d8000 	/System/Library/Frameworks/MetalPerformanceShaders.framework/Frameworks/MPSCore.framework/Versions/A/MPSCore
0x00000000046d8000 	/System/Library/Frameworks/MetalPerformanceShaders.framework/Frameworks/MPSImage.framework/Versions/A/MPSImage
0x00000000046d8000 	/System/Library/Frameworks/MetalPerformanceShaders.framework/Frameworks/MPSNeuralNetwork.framework/Versions/A/MPSNeuralNetwork
0x00000000046d8000 	/System/Library/Frameworks/MetalPerformanceShaders.framework/Frameworks/MPSMatrix.framework/Versions/A/MPSMatrix
0x00000000046d8000 	/System/Library/PrivateFrameworks/MetalTools.framework/Versions/A/MetalTools
0x00000000046d8000 	/System/Library/Frameworks/OpenGL.framework/Versions/A/Libraries/libGLU.dylib
0x00000000046d8000 	/System/Library/Frameworks/OpenGL.framework/Versions/A/Libraries/libGFXShared.dylib
0x00000000046d8000 	/System/Library/Frameworks/OpenGL.framework/Versions/A/Libraries/libGL.dylib
0x00000000046d8000 	/System/Library/Frameworks/OpenGL.framework/Versions/A/Libraries/libGLImage.dylib
0x00000000046d8000 	/System/Library/Frameworks/OpenGL.framework/Versions/A/Libraries/libCVMSPluginSupport.dylib
0x00000000046d8000 	/System/Library/Frameworks/OpenGL.framework/Versions/A/Libraries/libCoreVMClient.dylib
0x00000000046d8000 	/usr/lib/libcups.2.dylib
0x00000000046d8000 	/System/Library/Frameworks/Kerberos.framework/Versions/A/Kerberos
0x00000000046d8000 	/System/Library/Frameworks/GSS.framework/Versions/A/GSS
0x00000000046d8000 	/usr/lib/libresolv.9.dylib
0x00000000046d8000 	/usr/lib/libiconv.2.dylib
0x00000000046d8000 	/System/Library/PrivateFrameworks/Heimdal.framework/Versions/A/Heimdal
0x00000000046d8000 	/usr/lib/libheimdal-asn1.dylib
0x00000000046d8000 	/System/Library/Frameworks/OpenDirectory.framework/Versions/A/OpenDirectory
0x00000000046d8000 	/System/Library/PrivateFrameworks/CommonAuth.framework/Versions/A/CommonAuth
0x00000000046d8000 	/System/Library/Frameworks/OpenDirectory.framework/Versions/A/Frameworks/CFOpenDirectory.framework/Versions/A/CFOpenDirectory
0x00000000046d8000 	/System/Library/Frameworks/SecurityFoundation.framework/Versions/A/SecurityFoundation
0x00000000046d8000 	/System/Library/PrivateFrameworks/APFS.framework/Versions/A/APFS
0x00000000046d8000 	/usr/lib/libutil.dylib
0x00000000046d8000 	/System/Library/PrivateFrameworks/AppleSauce.framework/Versions/A/AppleSauce
0x00000000046d8000 	/System/Library/PrivateFrameworks/LinguisticData.framework/Versions/A/LinguisticData
0x00000000046d8000 	/usr/lib/libmarisa.dylib
0x00000000046d8000 	/System/Library/PrivateFrameworks/Lexicon.framework/Versions/A/Lexicon
0x00000000046d8000 	/usr/lib/libChineseTokenizer.dylib
0x00000000046d8000 	/usr/lib/libcmph.dylib
0x00000000046d8000 	/System/Library/PrivateFrameworks/LanguageModeling.framework/Versions/A/LanguageModeling
0x00000000046d8000 	/System/Library/PrivateFrameworks/CoreEmoji.framework/Versions/A/CoreEmoji
0x00000000046d8000 	/System/Library/Frameworks/ServiceManagement.framework/Versions/A/ServiceManagement
0x00000000046d8000 	/System/Library/PrivateFrameworks/BackgroundTaskManagement.framework/Versions/A/BackgroundTaskManagement
0x00000000046d8000 	/usr/lib/libxslt.1.dylib
0x00000000046d8000 	/System/Library/Frameworks/Carbon.framework/Versions/A/Frameworks/Ink.framework/Versions/A/Ink
0x00000000046d8000 	/System/Library/PrivateFrameworks/TextureIO.framework/Versions/A/TextureIO
0x00000000046d8000 	/usr/lib/libate.dylib
0x00000000046d8000 	/System/Library/PrivateFrameworks/CrashReporterSupport.framework/Versions/A/CrashReporterSupport
0x00000000046d8000 	/System/Library/PrivateFrameworks/Sharing.framework/Versions/A/Sharing
0x00000000046d8000 	/System/Library/PrivateFrameworks/IconServices.framework/Versions/A/IconServices
0x00000000046d8000 	/System/Library/PrivateFrameworks/Apple80211.framework/Versions/A/Apple80211
0x00000000046d8000 	/System/Library/PrivateFrameworks/CoreUtils.framework/Versions/A/CoreUtils
0x00000000046d8000 	/System/Library/Frameworks/CoreWLAN.framework/Versions/A/CoreWLAN
0x00000000046d8000 	/System/Library/Frameworks/IOBluetooth.framework/Versions/A/IOBluetooth
0x00000000046d8000 	/System/Library/PrivateFrameworks/ProtocolBuffer.framework/Versions/A/ProtocolBuffer
0x00000000046d8000 	/System/Library/PrivateFrameworks/CoreWiFi.framework/Versions/A/CoreWiFi
0x00000000046d8000 	/System/Library/Frameworks/CoreBluetooth.framework/Versions/A/CoreBluetooth
0x00000000046d8000 	/System/Library/PrivateFrameworks/DebugSymbols.framework/Versions/A/DebugSymbols
0x00000000046d8000 	/System/Library/PrivateFrameworks/CoreSymbolication.framework/Versions/A/CoreSymbolication
0x00000000046d8000 	/System/Library/PrivateFrameworks/Symbolication.framework/Versions/A/Symbolication
0x00000000046d8000 	/System/Library/PrivateFrameworks/AppleFSCompression.framework/Versions/A/AppleFSCompression
0x00000000046d8000 	/System/Library/PrivateFrameworks/SpeechRecognitionCore.framework/Versions/A/SpeechRecognitionCore
0x0000000101400000 	/Library/Java/JavaVirtualMachines/jdk1.8.0_151.jdk/Contents/Home/jre/lib/server/libjvm.dylib
0x00000000046d8000 	/usr/lib/libstdc++.6.0.9.dylib
0x0000000100a0a000 	/Library/Java/JavaVirtualMachines/jdk1.8.0_151.jdk/Contents/Home/jre/lib/libverify.dylib
0x0000000100a18000 	/Library/Java/JavaVirtualMachines/jdk1.8.0_151.jdk/Contents/Home/jre/lib/libjava.dylib
0x0000000100a97000 	/Library/Java/JavaVirtualMachines/jdk1.8.0_151.jdk/Contents/Home/jre/lib/libzip.dylib
0x00000000046d8000 	/System/Library/Frameworks/JavaVM.framework/Versions/A/Frameworks/JavaRuntimeSupport.framework/Versions/A/JavaRuntimeSupport
0x00000000046d8000 	/System/Library/Frameworks/JavaVM.framework/Versions/A/Frameworks/JavaNativeFoundation.framework/Versions/A/JavaNativeFoundation
0x00000000046d8000 	/System/Library/Frameworks/JavaVM.framework/Versions/A/JavaVM
0x00000000046d8000 	/System/Library/Frameworks/Carbon.framework/Versions/A/Carbon
0x00000000046d8000 	/System/Library/PrivateFrameworks/JavaLaunching.framework/Versions/A/JavaLaunching
0x00000000046d8000 	/System/Library/Frameworks/Carbon.framework/Versions/A/Frameworks/CommonPanels.framework/Versions/A/CommonPanels
0x00000000046d8000 	/System/Library/Frameworks/Carbon.framework/Versions/A/Frameworks/Help.framework/Versions/A/Help
0x00000000046d8000 	/System/Library/Frameworks/Carbon.framework/Versions/A/Frameworks/ImageCapture.framework/Versions/A/ImageCapture
0x00000000046d8000 	/System/Library/Frameworks/Carbon.framework/Versions/A/Frameworks/OpenScripting.framework/Versions/A/OpenScripting
0x00000000046d8000 	/System/Library/Frameworks/Carbon.framework/Versions/A/Frameworks/Print.framework/Versions/A/Print
0x00000000046d8000 	/System/Library/Frameworks/Carbon.framework/Versions/A/Frameworks/SecurityHI.framework/Versions/A/SecurityHI
0x000000010a551000 	/Library/Java/JavaVirtualMachines/jdk1.8.0_151.jdk/Contents/Home/jre/lib/libawt.dylib
0x000000010a5f9000 	/Library/Java/JavaVirtualMachines/jdk1.8.0_151.jdk/Contents/Home/jre/lib/./libmlib_image.dylib
0x000000010a6c5000 	/Library/Java/JavaVirtualMachines/jdk1.8.0_151.jdk/Contents/Home/jre/lib/libawt_lwawt.dylib
0x000000010a77c000 	/Library/Java/JavaVirtualMachines/jdk1.8.0_151.jdk/Contents/Home/jre/lib/./libosxapp.dylib
0x00000000046d8000 	/System/Library/Frameworks/ExceptionHandling.framework/Versions/A/ExceptionHandling
0x00000000046d8000 	/System/Library/PrivateFrameworks/CoreServicesInternal.framework/Versions/A/CoreServicesInternal
0x00000000046d8000 	/System/Library/CoreServices/RawCamera.bundle/Contents/MacOS/RawCamera
0x00000000046d8000 	/System/Library/PrivateFrameworks/MobileAsset.framework/Versions/A/MobileAsset
0x00000000046d8000 	/System/Library/PrivateFrameworks/StreamingZip.framework/Versions/A/StreamingZip
0x00000000046d8000 	/System/Library/Frameworks/MediaToolbox.framework/Versions/A/MediaToolbox
0x00000000046d8000 	/System/Library/PrivateFrameworks/CoreAVCHD.framework/Versions/A/CoreAVCHD
0x00000000046d8000 	/System/Library/Frameworks/MediaAccessibility.framework/Versions/A/MediaAccessibility
0x00000000046d8000 	/System/Library/PrivateFrameworks/Mangrove.framework/Versions/A/Mangrove
0x00000000046d8000 	/System/Library/Frameworks/CoreMedia.framework/Versions/A/CoreMedia
0x00000000046d8000 	/System/Library/Frameworks/VideoToolbox.framework/Versions/A/VideoToolbox
0x00000000046d8000 	/System/Library/PrivateFrameworks/CoreAUC.framework/Versions/A/CoreAUC
0x00000000046d8000 	/usr/lib/libspindump.dylib
0x00000000046d8000 	/System/Library/PrivateFrameworks/AppleVA.framework/Versions/A/AppleVA
0x00000000046d8000 	/System/Library/Frameworks/Accelerate.framework/Versions/A/Frameworks/vImage.framework/Versions/A/Libraries/libCGInterfaces.dylib
0x00000000046d8000 	/System/Library/Frameworks/ApplicationServices.framework/Versions/A/Frameworks/ATS.framework/Versions/A/Resources/libTrueTypeScaler.dylib
0x00000000046d8000 	/System/Library/Extensions/AppleIntelHD5000GraphicsMTLDriver.bundle/Contents/MacOS/AppleIntelHD5000GraphicsMTLDriver
0x00000000046d8000 	/System/Library/PrivateFrameworks/GPUCompiler.framework/Versions/3802/Libraries/libmetal_timestamp.dylib
0x00000000046d8000 	/System/Library/PrivateFrameworks/FamilyControls.framework/Versions/A/FamilyControls
0x00000000046d8000 	/System/Library/PrivateFrameworks/CommerceKit.framework/Versions/A/Frameworks/CommerceCore.framework/Versions/A/CommerceCore
0x00000000046d8000 	/System/Library/PrivateFrameworks/SystemAdministration.framework/Versions/A/SystemAdministration
0x00000000046d8000 	/System/Library/PrivateFrameworks/AppContainer.framework/Versions/A/AppContainer
0x00000000046d8000 	/System/Library/PrivateFrameworks/SecCodeWrapper.framework/Versions/A/SecCodeWrapper
0x00000000046d8000 	/System/Library/PrivateFrameworks/DiskManagement.framework/Versions/A/DiskManagement
0x00000000046d8000 	/System/Library/Frameworks/DirectoryService.framework/Versions/A/DirectoryService
0x00000000046d8000 	/System/Library/PrivateFrameworks/DiskImages.framework/Versions/A/DiskImages
0x00000000046d8000 	/System/Library/PrivateFrameworks/LoginUIKit.framework/Versions/A/Frameworks/LoginUICore.framework/Versions/A/LoginUICore
0x00000000046d8000 	/usr/lib/libCoreStorage.dylib
0x00000000046d8000 	/usr/lib/libcsfde.dylib
0x00000000046d8000 	/usr/lib/libodfde.dylib
0x00000000046d8000 	/System/Library/PrivateFrameworks/MediaKit.framework/Versions/A/MediaKit
0x00000000046d8000 	/System/Library/Frameworks/DiscRecording.framework/Versions/A/DiscRecording
0x00000000046d8000 	/System/Library/PrivateFrameworks/EFILogin.framework/Versions/A/EFILogin
0x00000000046d8000 	/System/Library/PrivateFrameworks/ProtectedCloudStorage.framework/Versions/A/ProtectedCloudStorage
0x00000000046d8000 	/usr/lib/libcurl.4.dylib
0x00000000046d8000 	/usr/lib/libcrypto.35.dylib
0x00000000046d8000 	/usr/lib/libssl.35.dylib
0x00000000046d8000 	/System/Library/Frameworks/LDAP.framework/Versions/A/LDAP
0x00000000046d8000 	/System/Library/PrivateFrameworks/TrustEvaluationAgent.framework/Versions/A/TrustEvaluationAgent
0x00000000046d8000 	/usr/lib/libsasl2.2.dylib
0x00000000046d8000 	/System/Library/PrivateFrameworks/CoreDaemon.framework/Versions/B/CoreDaemon
0x00000000046d8000 	/System/Library/PrivateFrameworks/AppleSRP.framework/Versions/A/AppleSRP
0x00000000046d8000 	/System/Library/Frameworks/OpenGL.framework/Versions/A/Resources/GLEngine.bundle/GLEngine
0x00000000046d8000 	/System/Library/Frameworks/OpenGL.framework/Versions/A/Libraries/libGLProgrammability.dylib
0x000000010c897000 	/System/Library/Extensions/AppleIntelHD5000GraphicsGLDriver.bundle/Contents/MacOS/AppleIntelHD5000GraphicsGLDriver
0x00000000046d8000 	/System/Library/PrivateFrameworks/GPUSupport.framework/Versions/A/Libraries/libGPUSupportMercury.dylib
0x00000000046d8000 	/System/Library/Frameworks/OpenGL.framework/Versions/A/Resources/GLRendererFloat.bundle/GLRendererFloat
0x00000000046d8000 	/System/Library/Frameworks/OpenCL.framework/Versions/A/Libraries/libcldcpuengine.dylib
0x000000010d8de000 	/Library/Java/JavaVirtualMachines/jdk1.8.0_151.jdk/Contents/Home/jre/lib/libfontmanager.dylib
0x00000000046d8000 	/System/Library/PrivateFrameworks/ViewBridge.framework/Versions/A/ViewBridge
0x000000010ed5d000 	/Library/Java/JavaVirtualMachines/jdk1.8.0_151.jdk/Contents/Home/jre/lib/libosxui.dylib
0x000000010fbfc000 	/Library/Java/JavaVirtualMachines/jdk1.8.0_151.jdk/Contents/Home/jre/lib/libnet.dylib
0x000000010fa45000 	/Library/Java/JavaVirtualMachines/jdk1.8.0_151.jdk/Contents/Home/jre/lib/libnio.dylib
0x000000010b51c000 	/private/var/folders/2b/rxb1vsr90zqgm70cphy2n7sh0000gn/T/jogamp_0000/file_cache/jln8780737189782891357/jln27961326010922390/libgluegen-rt.jnilib
0x000000010b521000 	/private/var/folders/2b/rxb1vsr90zqgm70cphy2n7sh0000gn/T/jogamp_0000/file_cache/jln8780737189782891357/jln27961326010922390/libnativewindow_awt.jnilib
0x000000010b524000 	/Library/Java/JavaVirtualMachines/jdk1.8.0_151.jdk/Contents/Home/jre/lib/libjawt.dylib
0x000000010b527000 	/private/var/folders/2b/rxb1vsr90zqgm70cphy2n7sh0000gn/T/jogamp_0000/file_cache/jln8780737189782891357/jln27961326010922390/libnativewindow_macosx.jnilib
0x000000018a6ea000 	/private/var/folders/2b/rxb1vsr90zqgm70cphy2n7sh0000gn/T/jogamp_0000/file_cache/jln8780737189782891357/jln27961326010922390/libjogl_desktop.jnilib
0x000000018ce18000 	/Library/Java/JavaVirtualMachines/jdk1.8.0_151.jdk/Contents/Home/jre/lib/libsunec.dylib
0x0000000190e55000 	/Library/Java/JavaVirtualMachines/jdk1.8.0_151.jdk/Contents/Home/jre/lib/libt2k.dylib

VM Arguments:
jvm_args: -Djava.security.policy=java.policy.applet -Dfile.encoding=UTF-8 
java_command: sun.applet.AppletViewer module5.EarthquakeCityMap1531650170553.html
java_class_path (initial): /Library/Java/JavaVirtualMachines/jdk1.8.0_151.jdk/Contents/Home/jre/lib/resources.jar:/Library/Java/JavaVirtualMachines/jdk1.8.0_151.jdk/Contents/Home/jre/lib/rt.jar:/Library/Java/JavaVirtualMachines/jdk1.8.0_151.jdk/Contents/Home/jre/lib/jsse.jar:/Library/Java/JavaVirtualMachines/jdk1.8.0_151.jdk/Contents/Home/jre/lib/jce.jar:/Library/Java/JavaVirtualMachines/jdk1.8.0_151.jdk/Contents/Home/jre/lib/charsets.jar:/Library/Java/JavaVirtualMachines/jdk1.8.0_151.jdk/Contents/Home/jre/lib/jfr.jar:/Library/Java/JavaVirtualMachines/jdk1.8.0_151.jdk/Contents/Home/jre/lib/ext/sunec.jar:/Library/Java/JavaVirtualMachines/jdk1.8.0_151.jdk/Contents/Home/jre/lib/ext/nashorn.jar:/Library/Java/JavaVirtualMachines/jdk1.8.0_151.jdk/Contents/Home/jre/lib/ext/cldrdata.jar:/Library/Java/JavaVirtualMachines/jdk1.8.0_151.jdk/Contents/Home/jre/lib/ext/jfxrt.jar:/Library/Java/JavaVirtualMachines/jdk1.8.0_151.jdk/Contents/Home/jre/lib/ext/dnsns.jar:/Library/Java/JavaVirtualMachines/jdk1.8.0_151.jdk/Contents/Home/jre/lib/ext/localedata.jar:/Library/Java/JavaVirtualMachines/jdk1.8.0_151.jdk/Contents/Home/jre/lib/ext/sunjce_provider.jar:/Library/Java/JavaVirtualMachines/jdk1.8.0_151.jdk/Contents/Home/jre/lib/ext/sunpkcs11.jar:/Library/Java/JavaVirtualMachines/jdk1.8.0_151.jdk/Contents/Home/jre/lib/ext/jaccess.jar:/Library/Java/JavaVirtualMachines/jdk1.8.0_151.jdk/Contents/Home/jre/lib/ext/zipfs.jar:/System/Library/Java/Extensions/MRJToolkit.jar:/Users/yunsangil/Documents/computing/JAVA/UCSDUnfoldingMaps/build:/Users/yunsangil/Documents/computing/JAVA/UCSDUnfoldingMaps/lib/core.jar:/Users/yunsangil/Documents/computing/JAVA/UCSDUnfoldingMaps/lib/gluegen-rt.jar:/Users/yunsangil/Documents/computing/JAVA/UCSDUnfoldingMaps/lib/jogl-all.jar:/Users/yunsangil/Documents/computing/JAVA/UCSDUnfoldingMaps/lib/log4j-1.2.15.jar:/Users/yunsangil/Documents/computing/JAVA/UCSDUnfoldingMaps/lib/sqlite-jdbc-3.7.2.jar:/Users/yunsangil/Documents/computing/JAVA/UCSDUnfoldingMaps/lib/json4
Launcher Type: SUN_STANDARD

Environment Variables:
PATH=/usr/bin:/bin:/usr/sbin:/sbin
SHELL=/bin/bash

Signal Handlers:
SIGSEGV: [libjvm.dylib+0x5b27a5], sa_mask[0]=11111111011111110111111111111111, sa_flags=SA_ONSTACK|SA_RESTART|SA_SIGINFO
SIGBUS: [libjvm.dylib+0x5b27a5], sa_mask[0]=11111111011111110111111111111111, sa_flags=SA_RESTART|SA_SIGINFO
SIGFPE: [libjvm.dylib+0x4891c4], sa_mask[0]=11111111011111110111111111111111, sa_flags=SA_RESTART|SA_SIGINFO
SIGPIPE: [libjvm.dylib+0x4891c4], sa_mask[0]=11111111011111110111111111111111, sa_flags=SA_RESTART|SA_SIGINFO
SIGXFSZ: [libjvm.dylib+0x4891c4], sa_mask[0]=11111111011111110111111111111111, sa_flags=SA_RESTART|SA_SIGINFO
SIGILL: [libjvm.dylib+0x4891c4], sa_mask[0]=11111111011111110111111111111111, sa_flags=SA_RESTART|SA_SIGINFO
SIGUSR1: SIG_DFL, sa_mask[0]=00000000000000000000000000000000, sa_flags=none
SIGUSR2: [libjvm.dylib+0x488ce2], sa_mask[0]=00100000000000000000000000000000, sa_flags=SA_RESTART|SA_SIGINFO
SIGHUP: [libjvm.dylib+0x4872b9], sa_mask[0]=11111111011111110111111111111111, sa_flags=SA_RESTART|SA_SIGINFO
SIGINT: [libjvm.dylib+0x4872b9], sa_mask[0]=11111111011111110111111111111111, sa_flags=SA_RESTART|SA_SIGINFO
SIGTERM: [libjvm.dylib+0x4872b9], sa_mask[0]=11111111011111110111111111111111, sa_flags=SA_RESTART|SA_SIGINFO
SIGQUIT: [libjvm.dylib+0x4872b9], sa_mask[0]=11111111011111110111111111111111, sa_flags=SA_RESTART|SA_SIGINFO


---------------  S Y S T E M  ---------------

OS:Bsduname:Darwin 17.6.0 Darwin Kernel Version 17.6.0: Tue May  8 15:22:16 PDT 2018; root:xnu-4570.61.1~1/RELEASE_X86_64 x86_64
rlimit: STACK 8192k, CORE 0k, NPROC 709, NOFILE 10240, AS infinity
load average:2.81 2.42 2.41

CPU:total 4 (initial active 4) (2 cores per cpu, 2 threads per core) family 6 model 69 stepping 1, cmov, cx8, fxsr, mmx, sse, sse2, sse3, ssse3, sse4.1, sse4.2, popcnt, avx, avx2, aes, clmul, erms, lzcnt, ht, tsc, tscinvbit, bmi1, bmi2

Memory: 4k page, physical 8388608k(52264k free)

/proc/meminfo:


vm_info: Java HotSpot(TM) 64-Bit Server VM (25.151-b12) for bsd-amd64 JRE (1.8.0_151-b12), built on Sep  5 2017 19:37:08 by "java_re" with gcc 4.2.1 (Based on Apple Inc. build 5658) (LLVM build 2336.11.00)

time: Sun Jul 15 19:23:04 2018
elapsed time: 13 seconds (0d 0h 0m 13s)

