#
# A fatal error has been detected by the Java Runtime Environment:
#
#  SIGSEGV (0xb) at pc=0x00007fff5df2d181, pid=738, tid=0x0000000000000307
#
# JRE version: Java(TM) SE Runtime Environment (8.0_151-b12) (build 1.8.0_151-b12)
# Java VM: Java HotSpot(TM) 64-Bit Server VM (25.151-b12 mixed mode bsd-amd64 compressed oops)
# Problematic frame:
# C  [libobjc.A.dylib+0x9181]  objc_release+0x21
#
# Failed to write core dump. Core dumps have been disabled. To enable core dumping, try "ulimit -c unlimited" before starting Java again
#
# If you would like to submit a bug report, please visit:
#   http://bugreport.java.com/bugreport/crash.jsp
# The crash happened outside the Java Virtual Machine in native code.
# See problematic frame for where to report the bug.
#

---------------  T H R E A D  ---------------

Current thread (0x00007fd32b803800):  JavaThread "AWT-AppKit" daemon [_thread_in_native, id=775, stack(0x00007ffee9088000,0x00007ffee9888000)]

siginfo: si_signo: 11 (SIGSEGV), si_code: 0 (unknown), si_addr: 0x0000000000000000

Registers:
RAX=0x00007ffffffffff8, RBX=0x0000000000000000, RCX=0x0000000000000003, RDX=0x00007fd32fabcf68
RSP=0x00007ffee9882ca0, RBP=0x00007ffee9882ca0, RSI=0x000000010e74e010, RDI=0x300007fd32fe005c
R8 =0x9e3779b97f4a7c55, R9 =0x0000000000000001, R10=0x000000010f544840, R11=0x00007fd3308b4710
R12=0x0000000000000000, R13=0x000000018fcadc40, R14=0x00007fd32fabcc30, R15=0x00007fd32b803800
RIP=0x00007fff5df2d181, EFLAGS=0x0000000000010246, ERR=0x0000000000000000
  TRAPNO=0x000000000000000d

Top of Stack: (sp=0x00007ffee9882ca0)
0x00007ffee9882ca0:   00007ffee9882cd0 000000010e6d5f5c
0x00007ffee9882cb0:   00007ffee9882cd0 000000010f544450
0x00007ffee9882cc0:   000000010f544440 00007fd32b803800
0x00007ffee9882cd0:   00007ffee9882d90 000000010f542215
0x00007ffee9882ce0:   000000010f544700 000000010f5446e0
0x00007ffee9882cf0:   000000010f5444b0 0000000000000000
0x00007ffee9882d00:   000000018fcadc40 000000018fcadc40
0x00007ffee9882d10:   00007fd32fabcf60 000000010f5446a0
0x00007ffee9882d20:   000000010f544710 00007fff90e15b38
0x00007ffee9882d30:   00007fff92564178 000000010f544450
0x00007ffee9882d40:   000000010f544690 00007fd32fabcf60
0x00007ffee9882d50:   00007fd32fabcc30 00007fd32a53d8b0
0x00007ffee9882d60:   00007fd32fabcf60 00007fd32fabcc30
0x00007ffee9882d70:   00007ffee9882e18 00007fd32b8039f8
0x00007ffee9882d80:   000000018fcadc40 00007ffee9882e40
0x00007ffee9882d90:   00007ffee9882e08 000000010fbe79f4
0x00007ffee9882da0:   000000018fcadc40 00007ffee9882e40
0x00007ffee9882db0:   00007ffee9882e08 000000010fbe7787
0x00007ffee9882dc0:   000000010fbe7742 00007ffee9882dc8
0x00007ffee9882dd0:   000000018fcadc40 00007ffee9882e40
0x00007ffee9882de0:   000000018fcaf3f0 0000000000000000
0x00007ffee9882df0:   000000018fcadc40 0000000000000000
0x00007ffee9882e00:   00007ffee9882e28 00007ffee9882e88
0x00007ffee9882e10:   000000010fbd82bd 000000074042cb60
0x00007ffee9882e20:   000000010fbe1538 00007fd32fabcf60
0x00007ffee9882e30:   00007ffee9882e88 00007fd32fabcc30
0x00007ffee9882e40:   000000010fbe2e02 00007ffee9882e48
0x00007ffee9882e50:   000000018fcade0a 00007ffee9882eb0
0x00007ffee9882e60:   000000018fcaf3f0 0000000000000000
0x00007ffee9882e70:   000000018fcade18 00007ffee9882e28
0x00007ffee9882e80:   00007ffee9882e98 00007ffee9882ef8
0x00007ffee9882e90:   000000010fbd82bd 00007fd32fabcf60 

Instructions: (pc=0x00007fff5df2d181)
0x00007fff5df2d161:   48 89 e5 48 85 ff 0f 84 9c 00 00 00 40 f6 c7 01
0x00007fff5df2d171:   0f 85 92 00 00 00 48 b8 f8 ff ff ff ff 7f 00 00
0x00007fff5df2d181:   48 23 07 f6 40 20 02 74 5e 48 b9 00 00 00 00 00
0x00007fff5df2d191:   00 00 01 48 ba 00 00 00 00 00 00 40 00 48 8b 07 

Register to memory mapping:

RAX=0x00007ffffffffff8 is an unknown value
RBX=0x0000000000000000 is an unknown value
RCX=0x0000000000000003 is an unknown value
RDX=0x00007fd32fabcf68 is an unknown value
RSP=0x00007ffee9882ca0 is pointing into the stack for thread: 0x00007fd32b803800
RBP=0x00007ffee9882ca0 is pointing into the stack for thread: 0x00007fd32b803800
RSI=0x000000010e74e010: OBJC_IVAR_$_PrinterView.fCurPeekGraphics+0x1af0 in /Library/Java/JavaVirtualMachines/jdk1.8.0_151.jdk/Contents/Home/jre/lib/libawt_lwawt.dylib at 0x000000010e6d1000
RDI=0x300007fd32fe005c is an unknown value
R8 =0x9e3779b97f4a7c55 is an unknown value
R9 =0x0000000000000001 is an unknown value
R10=0x000000010f544840: OBJC_CLASS_$_MyCALayer+0 in /private/var/folders/2b/rxb1vsr90zqgm70cphy2n7sh0000gn/T/jogamp_0000/file_cache/jln7048662985887391036/jln7042213391245173201/libnativewindow_macosx.jnilib at 0x000000010f53d000
R11=0x00007fd3308b4710 is an unknown value
R12=0x0000000000000000 is an unknown value
R13={method} {0x000000018fcadc40} 'UnsetJAWTRootSurfaceLayer0' '(JJ)V' in 'jogamp/nativewindow/jawt/macosx/MacOSXJAWTWindow'
R14=0x00007fd32fabcc30 is an unknown value
R15=0x00007fd32b803800 is a thread


Stack: [0x00007ffee9088000,0x00007ffee9888000],  sp=0x00007ffee9882ca0,  free space=8171k
Native frames: (J=compiled Java code, j=interpreted, Vv=VM code, C=native code)
C  [libobjc.A.dylib+0x9181]  objc_release+0x21
C  [libawt_lwawt.dylib+0x4f5c]  -[AWTSurfaceLayers setLayer:]+0x54
C  [libnativewindow_macosx.jnilib+0x5215]  Java_jogamp_nativewindow_jawt_macosx_MacOSXJAWTWindow_UnsetJAWTRootSurfaceLayer0+0x1a5
j  jogamp.nativewindow.jawt.macosx.MacOSXJAWTWindow.UnsetJAWTRootSurfaceLayer0(JJ)V+0
j  jogamp.nativewindow.jawt.macosx.MacOSXJAWTWindow.access$200(JJ)V+2
j  jogamp.nativewindow.jawt.macosx.MacOSXJAWTWindow$1.run()V+38
J 2058 C1 com.jogamp.common.util.RunnableTask.run()V (345 bytes) @ 0x000000011036fff4 [0x000000011036fe60+0x194]
v  ~StubRoutines::call_stub
V  [libjvm.dylib+0x2ee9aa]
V  [libjvm.dylib+0x325b59]
V  [libjvm.dylib+0x318327]
C  [libnativewindow_macosx.jnilib+0x5326]  Java_jogamp_nativewindow_jawt_macosx_MacOSXJAWTWindow_UnsetJAWTRootSurfaceLayer0+0x2b6
C  [Foundation+0x682b5]  __NSThreadPerformPerform+0x14e
C  [CoreFoundation+0xa3a61]  __CFRUNLOOP_IS_CALLING_OUT_TO_A_SOURCE0_PERFORM_FUNCTION__+0x11
C  [CoreFoundation+0x15d47c]  __CFRunLoopDoSource0+0x6c
C  [CoreFoundation+0x8651c]  __CFRunLoopDoSources0+0x12c
C  [CoreFoundation+0x8593d]  __CFRunLoopRun+0x50d
C  [CoreFoundation+0x851a3]  CFRunLoopRunSpecific+0x1e3
C  [HIToolbox+0x2fd96]  RunCurrentEventLoopInMode+0x11e
C  [HIToolbox+0x2fa0f]  ReceiveNextEventCommon+0x16e
C  [HIToolbox+0x2f884]  _BlockUntilNextEventMatchingListInModeWithFilter+0x40
C  [AppKit+0x41a73]  _DPSNextEvent+0x825
C  [AppKit+0x7d7e34]  -[NSApplication(NSEvent) _nextEventMatchingEventMask:untilDate:inMode:dequeue:]+0xbe4
C  [libosxapp.dylib+0x23aa]  -[NSApplicationAWT nextEventMatchingMask:untilDate:inMode:dequeue:]+0x7c
C  [AppKit+0x36885]  -[NSApplication run]+0x2fc
C  [libosxapp.dylib+0x214d]  +[NSApplicationAWT runAWTLoopWithApp:]+0x9c
C  [libawt_lwawt.dylib+0x45edf]  -[AWTStarter starter:]+0x389
C  [Foundation+0x682b5]  __NSThreadPerformPerform+0x14e
C  [CoreFoundation+0xa3a61]  __CFRUNLOOP_IS_CALLING_OUT_TO_A_SOURCE0_PERFORM_FUNCTION__+0x11
C  [CoreFoundation+0x15d47c]  __CFRunLoopDoSource0+0x6c
C  [CoreFoundation+0x864c0]  __CFRunLoopDoSources0+0xd0
C  [CoreFoundation+0x8593d]  __CFRunLoopRun+0x50d
C  [CoreFoundation+0x851a3]  CFRunLoopRunSpecific+0x1e3
C  [java+0x6465]  CreateExecutionEnvironment+0x367
C  [java+0x218c]  JLI_Launch+0x7a0
C  [java+0x84c2]  main+0x65
C  [java+0x19e4]  start+0x34
C  0x0000000000000007

Java frames: (J=compiled Java code, j=interpreted, Vv=VM code)
j  jogamp.nativewindow.jawt.macosx.MacOSXJAWTWindow.UnsetJAWTRootSurfaceLayer0(JJ)V+0
j  jogamp.nativewindow.jawt.macosx.MacOSXJAWTWindow.access$200(JJ)V+2
j  jogamp.nativewindow.jawt.macosx.MacOSXJAWTWindow$1.run()V+38
J 2058 C1 com.jogamp.common.util.RunnableTask.run()V (345 bytes) @ 0x000000011036fff4 [0x000000011036fe60+0x194]
v  ~StubRoutines::call_stub

---------------  P R O C E S S  ---------------

Java Threads: ( => current thread )
  0x00007fd31ff3a800 JavaThread "Thread-75" [_thread_blocked, id=71555, stack(0x000070000ed75000,0x000070000ee75000)]
  0x00007fd32ba03800 JavaThread "AWT-EventQueue-1" [_thread_in_native, id=71955, stack(0x000070000ec72000,0x000070000ed72000)]
  0x00007fd32b9f3800 JavaThread "DestroyJavaVM" [_thread_blocked, id=5891, stack(0x000070000d6ad000,0x000070000d7ad000)]
  0x00007fd32aa56000 JavaThread "AWT-EventQueue-0" [_thread_blocked, id=75811, stack(0x000070000ea6c000,0x000070000eb6c000)]
  0x00007fd32c0a8800 JavaThread "Java2D Disposer" daemon [_thread_blocked, id=77839, stack(0x000070000e7e3000,0x000070000e8e3000)]
  0x00007fd32b9db000 JavaThread "Java2D Queue Flusher" daemon [_thread_blocked, id=85315, stack(0x000070000e6e0000,0x000070000e7e0000)]
  0x00007fd32a89e000 JavaThread "AWT-Shutdown" [_thread_blocked, id=27435, stack(0x000070000e55a000,0x000070000e65a000)]
=>0x00007fd32b803800 JavaThread "AWT-AppKit" daemon [_thread_in_native, id=775, stack(0x00007ffee9088000,0x00007ffee9888000)]
  0x00007fd32b01f800 JavaThread "Service Thread" daemon [_thread_blocked, id=17411, stack(0x000070000e2d1000,0x000070000e3d1000)]
  0x00007fd32c045800 JavaThread "C1 CompilerThread2" daemon [_thread_blocked, id=14339, stack(0x000070000e1ce000,0x000070000e2ce000)]
  0x00007fd32b81a000 JavaThread "C2 CompilerThread1" daemon [_thread_blocked, id=17923, stack(0x000070000e0cb000,0x000070000e1cb000)]
  0x00007fd32a842800 JavaThread "C2 CompilerThread0" daemon [_thread_blocked, id=13571, stack(0x000070000dfc8000,0x000070000e0c8000)]
  0x00007fd32b80f800 JavaThread "Signal Dispatcher" daemon [_thread_blocked, id=13315, stack(0x000070000dec5000,0x000070000dfc5000)]
  0x00007fd32c023000 JavaThread "Finalizer" daemon [_thread_blocked, id=12035, stack(0x000070000ddc2000,0x000070000dec2000)]
  0x00007fd32b010800 JavaThread "Reference Handler" daemon [_thread_blocked, id=20739, stack(0x000070000dcbf000,0x000070000ddbf000)]

Other Threads:
  0x00007fd32c022800 VMThread [stack: 0x000070000dbbc000,0x000070000dcbc000] [id=11267]
  0x00007fd32b020000 WatcherThread [stack: 0x000070000e3d4000,0x000070000e4d4000] [id=14595]

VM state:not at safepoint (normal execution)

VM Mutex/Monitor currently owned by a thread: None

Heap:
 PSYoungGen      total 258560K, used 102771K [0x0000000795580000, 0x00000007a6b00000, 0x00000007c0000000)
  eden space 240128K, 35% used [0x0000000795580000,0x000000079a9e8a00,0x00000007a4000000)
  from space 18432K, 88% used [0x00000007a5900000,0x00000007a68f43d0,0x00000007a6b00000)
  to   space 22016K, 0% used [0x00000007a4000000,0x00000007a4000000,0x00000007a5580000)
 ParOldGen       total 56320K, used 37983K [0x0000000740000000, 0x0000000743700000, 0x0000000795580000)
  object space 56320K, 67% used [0x0000000740000000,0x0000000742517e78,0x0000000743700000)
 Metaspace       used 31789K, capacity 32259K, committed 32512K, reserved 1079296K
  class space    used 2597K, capacity 2715K, committed 2816K, reserved 1048576K

Card table byte_map: [0x0000000107fb0000,0x00000001083b1000] byte_map_base: 0x00000001045b0000

Marking Bits: (ParMarkBitMap*) 0x00000001074f35d0
 Begin Bits: [0x000000010865c000, 0x000000010a65c000)
 End Bits:   [0x000000010a65c000, 0x000000010c65c000)

Polling page: 0x00000001063f4000

CodeCache: size=245760Kb used=15591Kb max_used=15599Kb free=230168Kb
 bounds [0x000000010fbd0000, 0x0000000110b20000, 0x000000011ebd0000]
 total_blobs=4621 nmethods=3665 adapters=869
 compilation: enabled

Compilation events (10 events):
Event: 25.184 Thread 0x00007fd32b81a000 4247   !   4       sun.awt.AWTAutoShutdown::setToolkitBusy (124 bytes)
Event: 25.188 Thread 0x00007fd32b81a000 nmethod 4247 0x0000000110b19690 code [0x0000000110b19800, 0x0000000110b19df8]
Event: 25.478 Thread 0x00007fd32c045800 4248       1       java.awt.Component::getTreeLock (4 bytes)
Event: 25.479 Thread 0x00007fd32c045800 nmethod 4248 0x0000000110ad90d0 code [0x0000000110ad9220, 0x0000000110ad9330]
Event: 25.480 Thread 0x00007fd32c045800 4249       1       sun.java2d.SurfaceData::isValid (5 bytes)
Event: 25.480 Thread 0x00007fd32c045800 nmethod 4249 0x0000000110b16390 code [0x0000000110b164e0, 0x0000000110b165f0]
Event: 25.480 Thread 0x00007fd32c045800 4250       3       sun.java2d.SunGraphics2D::setColor (108 bytes)
Event: 25.481 Thread 0x00007fd32c045800 nmethod 4250 0x0000000110b1aed0 code [0x0000000110b1b060, 0x0000000110b1b598]
Event: 25.561 Thread 0x00007fd32c045800 4251       3       java.awt.Rectangle::isEmpty (20 bytes)
Event: 25.562 Thread 0x00007fd32c045800 nmethod 4251 0x0000000110b15fd0 code [0x0000000110b16140, 0x0000000110b16330]

GC Heap History (10 events):
Event: 7.338 GC heap before
{Heap before GC invocations=7 (full 1):
 PSYoungGen      total 71680K, used 71642K [0x0000000795580000, 0x000000079cd00000, 0x00000007c0000000)
  eden space 66560K, 100% used [0x0000000795580000,0x0000000799680000,0x0000000799680000)
  from space 5120K, 99% used [0x0000000799680000,0x0000000799b76b90,0x0000000799b80000)
  to   space 13312K, 0% used [0x000000079c000000,0x000000079c000000,0x000000079cd00000)
 ParOldGen       total 56320K, used 15166K [0x0000000740000000, 0x0000000743700000, 0x0000000795580000)
  object space 56320K, 26% used [0x0000000740000000,0x0000000740ecf838,0x0000000743700000)
 Metaspace       used 23237K, capacity 23697K, committed 23808K, reserved 1071104K
  class space    used 2393K, capacity 2521K, committed 2560K, reserved 1048576K
Event: 7.347 GC heap after
Heap after GC invocations=7 (full 1):
 PSYoungGen      total 109056K, used 5083K [0x0000000795580000, 0x000000079e500000, 0x00000007c0000000)
  eden space 95744K, 0% used [0x0000000795580000,0x0000000795580000,0x000000079b300000)
  from space 13312K, 38% used [0x000000079c000000,0x000000079c4f6dd0,0x000000079cd00000)
  to   space 13312K, 0% used [0x000000079b300000,0x000000079b300000,0x000000079c000000)
 ParOldGen       total 56320K, used 15174K [0x0000000740000000, 0x0000000743700000, 0x0000000795580000)
  object space 56320K, 26% used [0x0000000740000000,0x0000000740ed1838,0x0000000743700000)
 Metaspace       used 23237K, capacity 23697K, committed 23808K, reserved 1071104K
  class space    used 2393K, capacity 2521K, committed 2560K, reserved 1048576K
}
Event: 7.683 GC heap before
{Heap before GC invocations=8 (full 1):
 PSYoungGen      total 109056K, used 99585K [0x0000000795580000, 0x000000079e500000, 0x00000007c0000000)
  eden space 95744K, 98% used [0x0000000795580000,0x000000079b1c9708,0x000000079b300000)
  from space 13312K, 38% used [0x000000079c000000,0x000000079c4f6dd0,0x000000079cd00000)
  to   space 13312K, 0% used [0x000000079b300000,0x000000079b300000,0x000000079c000000)
 ParOldGen       total 56320K, used 15174K [0x0000000740000000, 0x0000000743700000, 0x0000000795580000)
  object space 56320K, 26% used [0x0000000740000000,0x0000000740ed1838,0x0000000743700000)
 Metaspace       used 23747K, capacity 24209K, committed 24448K, reserved 1071104K
  class space    used 2438K, capacity 2585K, committed 2688K, reserved 1048576K
Event: 7.696 GC heap after
Heap after GC invocations=8 (full 1):
 PSYoungGen      total 109056K, used 13306K [0x0000000795580000, 0x00000007a1e00000, 0x00000007c0000000)
  eden space 95744K, 0% used [0x0000000795580000,0x0000000795580000,0x000000079b300000)
  from space 13312K, 99% used [0x000000079b300000,0x000000079bffe940,0x000000079c000000)
  to   space 15872K, 0% used [0x00000007a0e80000,0x00000007a0e80000,0x00000007a1e00000)
 ParOldGen       total 56320K, used 16050K [0x0000000740000000, 0x0000000743700000, 0x0000000795580000)
  object space 56320K, 28% used [0x0000000740000000,0x0000000740fac958,0x0000000743700000)
 Metaspace       used 23747K, capacity 24209K, committed 24448K, reserved 1071104K
  class space    used 2438K, capacity 2585K, committed 2688K, reserved 1048576K
}
Event: 10.728 GC heap before
{Heap before GC invocations=9 (full 1):
 PSYoungGen      total 109056K, used 109050K [0x0000000795580000, 0x00000007a1e00000, 0x00000007c0000000)
  eden space 95744K, 100% used [0x0000000795580000,0x000000079b300000,0x000000079b300000)
  from space 13312K, 99% used [0x000000079b300000,0x000000079bffe940,0x000000079c000000)
  to   space 15872K, 0% used [0x00000007a0e80000,0x00000007a0e80000,0x00000007a1e00000)
 ParOldGen       total 56320K, used 16050K [0x0000000740000000, 0x0000000743700000, 0x0000000795580000)
  object space 56320K, 28% used [0x0000000740000000,0x0000000740fac958,0x0000000743700000)
 Metaspace       used 30841K, capacity 31299K, committed 31744K, reserved 1079296K
  class space    used 2588K, capacity 2715K, committed 2816K, reserved 1048576K
Event: 10.755 GC heap after
Heap after GC invocations=9 (full 1):
 PSYoungGen      total 186368K, used 14656K [0x0000000795580000, 0x00000007a1f00000, 0x00000007c0000000)
  eden space 170496K, 0% used [0x0000000795580000,0x0000000795580000,0x000000079fc00000)
  from space 15872K, 92% used [0x00000007a0e80000,0x00000007a1cd0208,0x00000007a1e00000)
  to   space 17920K, 0% used [0x000000079fc00000,0x000000079fc00000,0x00000007a0d80000)
 ParOldGen       total 56320K, used 25292K [0x0000000740000000, 0x0000000743700000, 0x0000000795580000)
  object space 56320K, 44% used [0x0000000740000000,0x00000007418b3260,0x0000000743700000)
 Metaspace       used 30841K, capacity 31299K, committed 31744K, reserved 1079296K
  class space    used 2588K, capacity 2715K, committed 2816K, reserved 1048576K
}
Event: 17.684 GC heap before
{Heap before GC invocations=10 (full 1):
 PSYoungGen      total 186368K, used 185121K [0x0000000795580000, 0x00000007a1f00000, 0x00000007c0000000)
  eden space 170496K, 99% used [0x0000000795580000,0x000000079fbf8538,0x000000079fc00000)
  from space 15872K, 92% used [0x00000007a0e80000,0x00000007a1cd0208,0x00000007a1e00000)
  to   space 17920K, 0% used [0x000000079fc00000,0x000000079fc00000,0x00000007a0d80000)
 ParOldGen       total 56320K, used 25292K [0x0000000740000000, 0x0000000743700000, 0x0000000795580000)
  object space 56320K, 44% used [0x0000000740000000,0x00000007418b3260,0x0000000743700000)
 Metaspace       used 31358K, capacity 31811K, committed 32256K, reserved 1079296K
  class space    used 2589K, capacity 2715K, committed 2816K, reserved 1048576K
Event: 17.696 GC heap after
Heap after GC invocations=10 (full 1):
 PSYoungGen      total 188416K, used 17899K [0x0000000795580000, 0x00000007a6d00000, 0x00000007c0000000)
  eden space 170496K, 0% used [0x0000000795580000,0x0000000795580000,0x000000079fc00000)
  from space 17920K, 99% used [0x000000079fc00000,0x00000007a0d7ad18,0x00000007a0d80000)
  to   space 20480K, 0% used [0x00000007a5900000,0x00000007a5900000,0x00000007a6d00000)
 ParOldGen       total 56320K, used 25324K [0x0000000740000000, 0x0000000743700000, 0x0000000795580000)
  object space 56320K, 44% used [0x0000000740000000,0x00000007418bb328,0x0000000743700000)
 Metaspace       used 31358K, capacity 31811K, committed 32256K, reserved 1079296K
  class space    used 2589K, capacity 2715K, committed 2816K, reserved 1048576K
}
Event: 21.808 GC heap before
{Heap before GC invocations=11 (full 1):
 PSYoungGen      total 188416K, used 188395K [0x0000000795580000, 0x00000007a6d00000, 0x00000007c0000000)
  eden space 170496K, 100% used [0x0000000795580000,0x000000079fc00000,0x000000079fc00000)
  from space 17920K, 99% used [0x000000079fc00000,0x00000007a0d7ad18,0x00000007a0d80000)
  to   space 20480K, 0% used [0x00000007a5900000,0x00000007a5900000,0x00000007a6d00000)
 ParOldGen       total 56320K, used 25324K [0x0000000740000000, 0x0000000743700000, 0x0000000795580000)
  object space 56320K, 44% used [0x0000000740000000,0x00000007418bb328,0x0000000743700000)
 Metaspace       used 31619K, capacity 32067K, committed 32512K, reserved 1079296K
  class space    used 2589K, capacity 2715K, committed 2816K, reserved 1048576K
Event: 21.823 GC heap after
Heap after GC invocations=11 (full 1):
 PSYoungGen      total 258560K, used 16336K [0x0000000795580000, 0x00000007a6b00000, 0x00000007c0000000)
  eden space 240128K, 0% used [0x0000000795580000,0x0000000795580000,0x00000007a4000000)
  from space 18432K, 88% used [0x00000007a5900000,0x00000007a68f43d0,0x00000007a6b00000)
  to   space 22016K, 0% used [0x00000007a4000000,0x00000007a4000000,0x00000007a5580000)
 ParOldGen       total 56320K, used 37983K [0x0000000740000000, 0x0000000743700000, 0x0000000795580000)
  object space 56320K, 67% used [0x0000000740000000,0x0000000742517e78,0x0000000743700000)
 Metaspace       used 31619K, capacity 32067K, committed 32512K, reserved 1079296K
  class space    used 2589K, capacity 2715K, committed 2816K, reserved 1048576K
}

Deoptimization events (10 events):
Event: 17.510 Thread 0x00007fd32ba03800 Uncommon trap: reason=unstable_if action=reinterpret pc=0x000000010fdae304 method=de.fhpotsdam.unfolding.core.Coordinate.equals(Ljava/lang/Object;)Z @ 38
Event: 17.593 Thread 0x00007fd31e53a800 Uncommon trap: reason=unstable_if action=reinterpret pc=0x000000011041c724 method=org.sqlite.SQLite.run_0x12400()V @ 359
Event: 17.602 Thread 0x00007fd31fcf3800 Uncommon trap: reason=unstable_if action=reinterpret pc=0x0000000110857620 method=org.sqlite.SQLite.run_0x2c000()V @ 420
Event: 20.676 Thread 0x00007fd32ba03800 Uncommon trap: reason=unstable_if action=reinterpret pc=0x0000000110516db8 method=java.text.DigitList.getDataChars(I)[C @ 13
Event: 20.676 Thread 0x00007fd32ba03800 Uncommon trap: reason=unstable_if action=reinterpret pc=0x0000000110537964 method=java.text.DecimalFormat.subformat(Ljava/lang/StringBuffer;Ljava/text/Format$FieldDelegate;ZZIIII)Ljava/lang/StringBuffer; @ 753
Event: 25.477 Thread 0x00007fd32ba03800 Uncommon trap: reason=unstable_if action=reinterpret pc=0x000000010feb2c28 method=com.jogamp.common.util.VersionNumber.compareTo(Lcom/jogamp/common/util/VersionNumber;)I @ 21
Event: 25.480 Thread 0x00007fd32aa56000 Uncommon trap: reason=unstable_if action=reinterpret pc=0x000000010fe0b2d4 method=java.awt.Font.equals(Ljava/lang/Object;)Z @ 2
Event: 25.542 Thread 0x00007fd32aa1a800 Uncommon trap: reason=class_check action=maybe_recompile pc=0x0000000110110b28 method=java.util.HashMap.putVal(ILjava/lang/Object;Ljava/lang/Object;ZZ)Ljava/lang/Object; @ 91
Event: 25.542 Thread 0x00007fd32aa1a800 Uncommon trap: reason=class_check action=maybe_recompile pc=0x00000001100b1334 method=java.util.HashMap.putVal(ILjava/lang/Object;Ljava/lang/Object;ZZ)Ljava/lang/Object; @ 91
Event: 25.561 Thread 0x00007fd31ff3a800 Uncommon trap: reason=predicate action=maybe_recompile pc=0x000000011056c454 method=java.util.Vector.indexOf(Ljava/lang/Object;I)I @ 44

Internal exceptions (10 events):
Event: 0.467 Thread 0x00007fd32b002000 Exception <a 'java/io/FileNotFoundException'> (0x00000007958171d0) thrown at [/Users/java_re/workspace/8-2-build-macosx-x86_64/jdk8u151/9699/hotspot/src/share/vm/prims/jni.cpp, line 709]
Event: 0.467 Thread 0x00007fd32b002000 Exception <a 'java/io/FileNotFoundException'> (0x0000000795817d58) thrown at [/Users/java_re/workspace/8-2-build-macosx-x86_64/jdk8u151/9699/hotspot/src/share/vm/prims/jni.cpp, line 709]
Event: 0.665 Thread 0x00007fd32b002000 Exception <a 'java/io/FileNotFoundException'> (0x0000000795a0e7c8) thrown at [/Users/java_re/workspace/8-2-build-macosx-x86_64/jdk8u151/9699/hotspot/src/share/vm/prims/jni.cpp, line 709]
Event: 3.512 Thread 0x00007fd32ab1c800 Exception <a 'java/lang/UnsatisfiedLinkError': com.jogamp.common.util.JarUtil.fixNativeLibAttribs(Ljava/lang/String;)Z> (0x0000000796cb7b28) thrown at [/Users/java_re/workspace/8-2-build-macosx-x86_64/jdk8u151/9699/hotspot/src/share/vm/prims/nativeLookup.
Event: 3.790 Thread 0x00007fd32c023000 Exception <a 'java/lang/NullPointerException'> (0x00000007956a3790) thrown at [/Users/java_re/workspace/8-2-build-macosx-x86_64/jdk8u151/9699/hotspot/src/share/vm/interpreter/linkResolver.cpp, line 1183]
Event: 4.711 Thread 0x00007fd32ba03800 Exception <a 'java/io/FileNotFoundException'> (0x00000007960a2d88) thrown at [/Users/java_re/workspace/8-2-build-macosx-x86_64/jdk8u151/9699/hotspot/src/share/vm/prims/jni.cpp, line 709]
Event: 4.712 Thread 0x00007fd32ba03800 Exception <a 'java/io/FileNotFoundException'> (0x00000007960a97a0) thrown at [/Users/java_re/workspace/8-2-build-macosx-x86_64/jdk8u151/9699/hotspot/src/share/vm/prims/jni.cpp, line 709]
Event: 4.713 Thread 0x00007fd32ba03800 Implicit null exception at 0x000000010fdbabf6 to 0x000000010fdbafb9
Event: 5.178 Thread 0x00007fd32ba03800 Implicit null exception at 0x000000010ff9ae46 to 0x000000010ff9b08d
Event: 7.626 Thread 0x00007fd32b71d800 Implicit null exception at 0x000000010fdb8a73 to 0x000000010fdb8e51

Events (10 events):
Event: 25.560 loading class java/awt/event/AWTEventListenerProxy
Event: 25.561 loading class java/awt/event/AWTEventListenerProxy done
Event: 25.561 loading class java/awt/Toolkit$ToolkitEventMulticaster
Event: 25.561 loading class java/awt/Toolkit$ToolkitEventMulticaster done
Event: 25.561 Thread 0x00007fd32aa1a800 Thread exited: 0x00007fd32aa1a800
Event: 25.561 Thread 0x00007fd31ff3a800 Uncommon trap: trap_request=0xffffff86 fr.pc=0x000000011056c454
Event: 25.561 Thread 0x00007fd31ff3a800 DEOPT PACKING pc=0x000000011056c454 sp=0x000070000ee747e0
Event: 25.561 Thread 0x00007fd31ff3a800 DEOPT UNPACKING pc=0x000000010fbd5229 sp=0x000070000ee747a0 mode 2
Event: 25.561 loading class java/awt/Window$1DisposeAction
Event: 25.561 loading class java/awt/Window$1DisposeAction done


Dynamic libraries:
0x000000000f1a3000 	/System/Library/Frameworks/Cocoa.framework/Versions/A/Cocoa
0x000000000f1a3000 	/System/Library/Frameworks/Security.framework/Versions/A/Security
0x000000000f1a3000 	/System/Library/Frameworks/ApplicationServices.framework/Versions/A/ApplicationServices
0x000000000f1a3000 	/usr/lib/libz.1.dylib
0x000000000f1a3000 	/usr/lib/libSystem.B.dylib
0x000000000f1a3000 	/usr/lib/libobjc.A.dylib
0x000000000f1a3000 	/System/Library/Frameworks/CoreFoundation.framework/Versions/A/CoreFoundation
0x000000000f1a3000 	/System/Library/Frameworks/Foundation.framework/Versions/C/Foundation
0x000000000f1a3000 	/System/Library/Frameworks/AppKit.framework/Versions/C/AppKit
0x000000000f1a3000 	/System/Library/Frameworks/CoreData.framework/Versions/A/CoreData
0x000000000f1a3000 	/System/Library/PrivateFrameworks/RemoteViewServices.framework/Versions/A/RemoteViewServices
0x000000000f1a3000 	/System/Library/PrivateFrameworks/UIFoundation.framework/Versions/A/UIFoundation
0x000000000f1a3000 	/System/Library/PrivateFrameworks/DFRFoundation.framework/Versions/A/DFRFoundation
0x000000000f1a3000 	/System/Library/Frameworks/Metal.framework/Versions/A/Metal
0x000000000f1a3000 	/System/Library/PrivateFrameworks/DesktopServicesPriv.framework/Versions/A/DesktopServicesPriv
0x000000000f1a3000 	/usr/lib/libenergytrace.dylib
0x000000000f1a3000 	/System/Library/PrivateFrameworks/SkyLight.framework/Versions/A/SkyLight
0x000000000f1a3000 	/System/Library/Frameworks/CoreGraphics.framework/Versions/A/CoreGraphics
0x000000000f1a3000 	/usr/lib/libScreenReader.dylib
0x000000000f1a3000 	/System/Library/Frameworks/Accelerate.framework/Versions/A/Accelerate
0x000000000f1a3000 	/System/Library/Frameworks/IOSurface.framework/Versions/A/IOSurface
0x000000000f1a3000 	/System/Library/Frameworks/AudioToolbox.framework/Versions/A/AudioToolbox
0x000000000f1a3000 	/System/Library/Frameworks/AudioUnit.framework/Versions/A/AudioUnit
0x000000000f1a3000 	/System/Library/PrivateFrameworks/DataDetectorsCore.framework/Versions/A/DataDetectorsCore
0x000000000f1a3000 	/System/Library/Frameworks/Carbon.framework/Versions/A/Frameworks/HIToolbox.framework/Versions/A/HIToolbox
0x000000000f1a3000 	/usr/lib/libicucore.A.dylib
0x000000000f1a3000 	/System/Library/Frameworks/QuartzCore.framework/Versions/A/QuartzCore
0x000000000f1a3000 	/System/Library/PrivateFrameworks/SignpostNotification.framework/Versions/A/SignpostNotification
0x000000000f1a3000 	/System/Library/Frameworks/Carbon.framework/Versions/A/Frameworks/SpeechRecognition.framework/Versions/A/SpeechRecognition
0x000000000f1a3000 	/usr/lib/libauto.dylib
0x000000000f1a3000 	/usr/lib/libxml2.2.dylib
0x000000000f1a3000 	/System/Library/PrivateFrameworks/CoreUI.framework/Versions/A/CoreUI
0x000000000f1a3000 	/System/Library/Frameworks/CoreAudio.framework/Versions/A/CoreAudio
0x000000000f1a3000 	/System/Library/Frameworks/DiskArbitration.framework/Versions/A/DiskArbitration
0x000000000f1a3000 	/usr/lib/liblangid.dylib
0x000000000f1a3000 	/System/Library/PrivateFrameworks/MultitouchSupport.framework/Versions/A/MultitouchSupport
0x000000000f1a3000 	/System/Library/Frameworks/IOKit.framework/Versions/A/IOKit
0x000000000f1a3000 	/usr/lib/libDiagnosticMessagesClient.dylib
0x000000000f1a3000 	/System/Library/Frameworks/CoreServices.framework/Versions/A/CoreServices
0x000000000f1a3000 	/System/Library/PrivateFrameworks/PerformanceAnalysis.framework/Versions/A/PerformanceAnalysis
0x000000000f1a3000 	/System/Library/Frameworks/OpenGL.framework/Versions/A/OpenGL
0x000000000f1a3000 	/System/Library/Frameworks/ColorSync.framework/Versions/A/ColorSync
0x000000000f1a3000 	/System/Library/Frameworks/CoreImage.framework/Versions/A/CoreImage
0x000000000f1a3000 	/System/Library/Frameworks/CoreText.framework/Versions/A/CoreText
0x000000000f1a3000 	/System/Library/Frameworks/ImageIO.framework/Versions/A/ImageIO
0x000000000f1a3000 	/System/Library/PrivateFrameworks/Backup.framework/Versions/A/Backup
0x000000000f1a3000 	/usr/lib/libarchive.2.dylib
0x000000000f1a3000 	/System/Library/Frameworks/CFNetwork.framework/Versions/A/CFNetwork
0x000000000f1a3000 	/System/Library/Frameworks/SystemConfiguration.framework/Versions/A/SystemConfiguration
0x000000000f1a3000 	/usr/lib/libCRFSuite.dylib
0x000000000f1a3000 	/usr/lib/libc++.1.dylib
0x000000000f1a3000 	/usr/lib/libc++abi.dylib
0x000000000f1a3000 	/usr/lib/system/libcache.dylib
0x000000000f1a3000 	/usr/lib/system/libcommonCrypto.dylib
0x000000000f1a3000 	/usr/lib/system/libcompiler_rt.dylib
0x000000000f1a3000 	/usr/lib/system/libcopyfile.dylib
0x000000000f1a3000 	/usr/lib/system/libcorecrypto.dylib
0x000000000f1a3000 	/usr/lib/system/libdispatch.dylib
0x000000000f1a3000 	/usr/lib/system/libdyld.dylib
0x000000000f1a3000 	/usr/lib/system/libkeymgr.dylib
0x000000000f1a3000 	/usr/lib/system/liblaunch.dylib
0x000000000f1a3000 	/usr/lib/system/libmacho.dylib
0x000000000f1a3000 	/usr/lib/system/libquarantine.dylib
0x000000000f1a3000 	/usr/lib/system/libremovefile.dylib
0x000000000f1a3000 	/usr/lib/system/libsystem_asl.dylib
0x000000000f1a3000 	/usr/lib/system/libsystem_blocks.dylib
0x000000000f1a3000 	/usr/lib/system/libsystem_c.dylib
0x000000000f1a3000 	/usr/lib/system/libsystem_configuration.dylib
0x000000000f1a3000 	/usr/lib/system/libsystem_coreservices.dylib
0x000000000f1a3000 	/usr/lib/system/libsystem_darwin.dylib
0x000000000f1a3000 	/usr/lib/system/libsystem_dnssd.dylib
0x000000000f1a3000 	/usr/lib/system/libsystem_info.dylib
0x000000000f1a3000 	/usr/lib/system/libsystem_m.dylib
0x000000000f1a3000 	/usr/lib/system/libsystem_malloc.dylib
0x000000000f1a3000 	/usr/lib/system/libsystem_network.dylib
0x000000000f1a3000 	/usr/lib/system/libsystem_networkextension.dylib
0x000000000f1a3000 	/usr/lib/system/libsystem_notify.dylib
0x000000000f1a3000 	/usr/lib/system/libsystem_sandbox.dylib
0x000000000f1a3000 	/usr/lib/system/libsystem_secinit.dylib
0x000000000f1a3000 	/usr/lib/system/libsystem_kernel.dylib
0x000000000f1a3000 	/usr/lib/system/libsystem_platform.dylib
0x000000000f1a3000 	/usr/lib/system/libsystem_pthread.dylib
0x000000000f1a3000 	/usr/lib/system/libsystem_symptoms.dylib
0x000000000f1a3000 	/usr/lib/system/libsystem_trace.dylib
0x000000000f1a3000 	/usr/lib/system/libunwind.dylib
0x000000000f1a3000 	/usr/lib/system/libxpc.dylib
0x000000000f1a3000 	/usr/lib/closure/libclosured.dylib
0x000000000f1a3000 	/usr/lib/libbsm.0.dylib
0x000000000f1a3000 	/usr/lib/system/libkxld.dylib
0x000000000f1a3000 	/usr/lib/libOpenScriptingUtil.dylib
0x000000000f1a3000 	/usr/lib/libcoretls.dylib
0x000000000f1a3000 	/usr/lib/libcoretls_cfhelpers.dylib
0x000000000f1a3000 	/usr/lib/libpam.2.dylib
0x000000000f1a3000 	/usr/lib/libsqlite3.dylib
0x000000000f1a3000 	/usr/lib/libxar.1.dylib
0x000000000f1a3000 	/usr/lib/libbz2.1.0.dylib
0x000000000f1a3000 	/usr/lib/liblzma.5.dylib
0x000000000f1a3000 	/usr/lib/libnetwork.dylib
0x000000000f1a3000 	/usr/lib/libapple_nghttp2.dylib
0x000000000f1a3000 	/usr/lib/libpcap.A.dylib
0x000000000f1a3000 	/usr/lib/libboringssl.dylib
0x000000000f1a3000 	/usr/lib/libusrtcp.dylib
0x000000000f1a3000 	/usr/lib/libapple_crypto.dylib
0x000000000f1a3000 	/System/Library/Frameworks/CoreServices.framework/Versions/A/Frameworks/FSEvents.framework/Versions/A/FSEvents
0x000000000f1a3000 	/System/Library/Frameworks/CoreServices.framework/Versions/A/Frameworks/CarbonCore.framework/Versions/A/CarbonCore
0x000000000f1a3000 	/System/Library/Frameworks/CoreServices.framework/Versions/A/Frameworks/Metadata.framework/Versions/A/Metadata
0x000000000f1a3000 	/System/Library/Frameworks/CoreServices.framework/Versions/A/Frameworks/OSServices.framework/Versions/A/OSServices
0x000000000f1a3000 	/System/Library/Frameworks/CoreServices.framework/Versions/A/Frameworks/SearchKit.framework/Versions/A/SearchKit
0x000000000f1a3000 	/System/Library/Frameworks/CoreServices.framework/Versions/A/Frameworks/AE.framework/Versions/A/AE
0x000000000f1a3000 	/System/Library/Frameworks/CoreServices.framework/Versions/A/Frameworks/LaunchServices.framework/Versions/A/LaunchServices
0x000000000f1a3000 	/System/Library/Frameworks/CoreServices.framework/Versions/A/Frameworks/DictionaryServices.framework/Versions/A/DictionaryServices
0x000000000f1a3000 	/System/Library/Frameworks/CoreServices.framework/Versions/A/Frameworks/SharedFileList.framework/Versions/A/SharedFileList
0x000000000f1a3000 	/System/Library/Frameworks/NetFS.framework/Versions/A/NetFS
0x000000000f1a3000 	/System/Library/PrivateFrameworks/NetAuth.framework/Versions/A/NetAuth
0x000000000f1a3000 	/System/Library/PrivateFrameworks/login.framework/Versions/A/Frameworks/loginsupport.framework/Versions/A/loginsupport
0x000000000f1a3000 	/System/Library/PrivateFrameworks/TCC.framework/Versions/A/TCC
0x000000000f1a3000 	/usr/lib/libmecabra.dylib
0x000000000f1a3000 	/System/Library/Frameworks/ApplicationServices.framework/Versions/A/Frameworks/ATS.framework/Versions/A/ATS
0x000000000f1a3000 	/System/Library/Frameworks/ApplicationServices.framework/Versions/A/Frameworks/ColorSyncLegacy.framework/Versions/A/ColorSyncLegacy
0x000000000f1a3000 	/System/Library/Frameworks/ApplicationServices.framework/Versions/A/Frameworks/HIServices.framework/Versions/A/HIServices
0x000000000f1a3000 	/System/Library/Frameworks/ApplicationServices.framework/Versions/A/Frameworks/LangAnalysis.framework/Versions/A/LangAnalysis
0x000000000f1a3000 	/System/Library/Frameworks/ApplicationServices.framework/Versions/A/Frameworks/PrintCore.framework/Versions/A/PrintCore
0x000000000f1a3000 	/System/Library/Frameworks/ApplicationServices.framework/Versions/A/Frameworks/QD.framework/Versions/A/QD
0x000000000f1a3000 	/System/Library/Frameworks/ApplicationServices.framework/Versions/A/Frameworks/SpeechSynthesis.framework/Versions/A/SpeechSynthesis
0x000000000f1a3000 	/System/Library/Frameworks/CoreDisplay.framework/Versions/A/CoreDisplay
0x000000000f1a3000 	/System/Library/Frameworks/Accelerate.framework/Versions/A/Frameworks/vImage.framework/Versions/A/vImage
0x000000000f1a3000 	/System/Library/Frameworks/Accelerate.framework/Versions/A/Frameworks/vecLib.framework/Versions/A/vecLib
0x000000000f1a3000 	/System/Library/Frameworks/Accelerate.framework/Versions/A/Frameworks/vecLib.framework/Versions/A/libvDSP.dylib
0x000000000f1a3000 	/System/Library/Frameworks/Accelerate.framework/Versions/A/Frameworks/vecLib.framework/Versions/A/libBNNS.dylib
0x000000000f1a3000 	/System/Library/Frameworks/Accelerate.framework/Versions/A/Frameworks/vecLib.framework/Versions/A/libQuadrature.dylib
0x000000000f1a3000 	/System/Library/Frameworks/Accelerate.framework/Versions/A/Frameworks/vecLib.framework/Versions/A/libvMisc.dylib
0x000000000f1a3000 	/System/Library/Frameworks/Accelerate.framework/Versions/A/Frameworks/vecLib.framework/Versions/A/libLAPACK.dylib
0x000000000f1a3000 	/System/Library/Frameworks/Accelerate.framework/Versions/A/Frameworks/vecLib.framework/Versions/A/libBLAS.dylib
0x000000000f1a3000 	/System/Library/Frameworks/Accelerate.framework/Versions/A/Frameworks/vecLib.framework/Versions/A/libLinearAlgebra.dylib
0x000000000f1a3000 	/System/Library/Frameworks/Accelerate.framework/Versions/A/Frameworks/vecLib.framework/Versions/A/libSparse.dylib
0x000000000f1a3000 	/System/Library/Frameworks/Accelerate.framework/Versions/A/Frameworks/vecLib.framework/Versions/A/libSparseBLAS.dylib
0x000000000f1a3000 	/System/Library/PrivateFrameworks/GPUWrangler.framework/Versions/A/GPUWrangler
0x000000000f1a3000 	/System/Library/PrivateFrameworks/IOAccelerator.framework/Versions/A/IOAccelerator
0x000000000f1a3000 	/System/Library/PrivateFrameworks/IOPresentment.framework/Versions/A/IOPresentment
0x000000000f1a3000 	/System/Library/PrivateFrameworks/DSExternalDisplay.framework/Versions/A/DSExternalDisplay
0x000000000f1a3000 	/System/Library/Frameworks/OpenGL.framework/Versions/A/Libraries/libCoreFSCache.dylib
0x000000000f1a3000 	/System/Library/Frameworks/CoreVideo.framework/Versions/A/CoreVideo
0x000000000f1a3000 	/System/Library/PrivateFrameworks/GraphVisualizer.framework/Versions/A/GraphVisualizer
0x000000000f1a3000 	/System/Library/Frameworks/MetalPerformanceShaders.framework/Versions/A/MetalPerformanceShaders
0x000000000f1a3000 	/usr/lib/libFosl_dynamic.dylib
0x000000000f1a3000 	/System/Library/PrivateFrameworks/FaceCore.framework/Versions/A/FaceCore
0x000000000f1a3000 	/System/Library/Frameworks/OpenCL.framework/Versions/A/OpenCL
0x000000000f1a3000 	/usr/lib/libcompression.dylib
0x000000000f1a3000 	/System/Library/Frameworks/ApplicationServices.framework/Versions/A/Frameworks/ATS.framework/Versions/A/Resources/libFontParser.dylib
0x000000000f1a3000 	/System/Library/Frameworks/ApplicationServices.framework/Versions/A/Frameworks/ATS.framework/Versions/A/Resources/libFontRegistry.dylib
0x000000000f1a3000 	/System/Library/Frameworks/ImageIO.framework/Versions/A/Resources/libJPEG.dylib
0x000000000f1a3000 	/System/Library/Frameworks/ImageIO.framework/Versions/A/Resources/libTIFF.dylib
0x000000000f1a3000 	/System/Library/Frameworks/ImageIO.framework/Versions/A/Resources/libPng.dylib
0x000000000f1a3000 	/System/Library/Frameworks/ImageIO.framework/Versions/A/Resources/libGIF.dylib
0x000000000f1a3000 	/System/Library/Frameworks/ImageIO.framework/Versions/A/Resources/libJP2.dylib
0x000000000f1a3000 	/System/Library/Frameworks/ImageIO.framework/Versions/A/Resources/libRadiance.dylib
0x000000000f1a3000 	/System/Library/PrivateFrameworks/AppleJPEG.framework/Versions/A/AppleJPEG
0x000000000f1a3000 	/System/Library/Frameworks/MetalPerformanceShaders.framework/Frameworks/MPSCore.framework/Versions/A/MPSCore
0x000000000f1a3000 	/System/Library/Frameworks/MetalPerformanceShaders.framework/Frameworks/MPSImage.framework/Versions/A/MPSImage
0x000000000f1a3000 	/System/Library/Frameworks/MetalPerformanceShaders.framework/Frameworks/MPSNeuralNetwork.framework/Versions/A/MPSNeuralNetwork
0x000000000f1a3000 	/System/Library/Frameworks/MetalPerformanceShaders.framework/Frameworks/MPSMatrix.framework/Versions/A/MPSMatrix
0x000000000f1a3000 	/System/Library/PrivateFrameworks/MetalTools.framework/Versions/A/MetalTools
0x000000000f1a3000 	/System/Library/Frameworks/OpenGL.framework/Versions/A/Libraries/libGLU.dylib
0x000000000f1a3000 	/System/Library/Frameworks/OpenGL.framework/Versions/A/Libraries/libGFXShared.dylib
0x000000000f1a3000 	/System/Library/Frameworks/OpenGL.framework/Versions/A/Libraries/libGL.dylib
0x000000000f1a3000 	/System/Library/Frameworks/OpenGL.framework/Versions/A/Libraries/libGLImage.dylib
0x000000000f1a3000 	/System/Library/Frameworks/OpenGL.framework/Versions/A/Libraries/libCVMSPluginSupport.dylib
0x000000000f1a3000 	/System/Library/Frameworks/OpenGL.framework/Versions/A/Libraries/libCoreVMClient.dylib
0x000000000f1a3000 	/usr/lib/libcups.2.dylib
0x000000000f1a3000 	/System/Library/Frameworks/Kerberos.framework/Versions/A/Kerberos
0x000000000f1a3000 	/System/Library/Frameworks/GSS.framework/Versions/A/GSS
0x000000000f1a3000 	/usr/lib/libresolv.9.dylib
0x000000000f1a3000 	/usr/lib/libiconv.2.dylib
0x000000000f1a3000 	/System/Library/PrivateFrameworks/Heimdal.framework/Versions/A/Heimdal
0x000000000f1a3000 	/usr/lib/libheimdal-asn1.dylib
0x000000000f1a3000 	/System/Library/Frameworks/OpenDirectory.framework/Versions/A/OpenDirectory
0x000000000f1a3000 	/System/Library/PrivateFrameworks/CommonAuth.framework/Versions/A/CommonAuth
0x000000000f1a3000 	/System/Library/Frameworks/OpenDirectory.framework/Versions/A/Frameworks/CFOpenDirectory.framework/Versions/A/CFOpenDirectory
0x000000000f1a3000 	/System/Library/Frameworks/SecurityFoundation.framework/Versions/A/SecurityFoundation
0x000000000f1a3000 	/System/Library/PrivateFrameworks/APFS.framework/Versions/A/APFS
0x000000000f1a3000 	/usr/lib/libutil.dylib
0x000000000f1a3000 	/System/Library/PrivateFrameworks/AppleSauce.framework/Versions/A/AppleSauce
0x000000000f1a3000 	/System/Library/PrivateFrameworks/LinguisticData.framework/Versions/A/LinguisticData
0x000000000f1a3000 	/usr/lib/libmarisa.dylib
0x000000000f1a3000 	/System/Library/PrivateFrameworks/Lexicon.framework/Versions/A/Lexicon
0x000000000f1a3000 	/usr/lib/libChineseTokenizer.dylib
0x000000000f1a3000 	/usr/lib/libcmph.dylib
0x000000000f1a3000 	/System/Library/PrivateFrameworks/LanguageModeling.framework/Versions/A/LanguageModeling
0x000000000f1a3000 	/System/Library/PrivateFrameworks/CoreEmoji.framework/Versions/A/CoreEmoji
0x000000000f1a3000 	/System/Library/Frameworks/ServiceManagement.framework/Versions/A/ServiceManagement
0x000000000f1a3000 	/System/Library/PrivateFrameworks/BackgroundTaskManagement.framework/Versions/A/BackgroundTaskManagement
0x000000000f1a3000 	/usr/lib/libxslt.1.dylib
0x000000000f1a3000 	/System/Library/Frameworks/Carbon.framework/Versions/A/Frameworks/Ink.framework/Versions/A/Ink
0x000000000f1a3000 	/System/Library/PrivateFrameworks/TextureIO.framework/Versions/A/TextureIO
0x000000000f1a3000 	/usr/lib/libate.dylib
0x000000000f1a3000 	/System/Library/PrivateFrameworks/CrashReporterSupport.framework/Versions/A/CrashReporterSupport
0x000000000f1a3000 	/System/Library/PrivateFrameworks/Sharing.framework/Versions/A/Sharing
0x000000000f1a3000 	/System/Library/PrivateFrameworks/IconServices.framework/Versions/A/IconServices
0x000000000f1a3000 	/System/Library/PrivateFrameworks/Apple80211.framework/Versions/A/Apple80211
0x000000000f1a3000 	/System/Library/PrivateFrameworks/CoreUtils.framework/Versions/A/CoreUtils
0x000000000f1a3000 	/System/Library/Frameworks/CoreWLAN.framework/Versions/A/CoreWLAN
0x000000000f1a3000 	/System/Library/Frameworks/IOBluetooth.framework/Versions/A/IOBluetooth
0x000000000f1a3000 	/System/Library/PrivateFrameworks/ProtocolBuffer.framework/Versions/A/ProtocolBuffer
0x000000000f1a3000 	/System/Library/PrivateFrameworks/CoreWiFi.framework/Versions/A/CoreWiFi
0x000000000f1a3000 	/System/Library/Frameworks/CoreBluetooth.framework/Versions/A/CoreBluetooth
0x000000000f1a3000 	/System/Library/PrivateFrameworks/DebugSymbols.framework/Versions/A/DebugSymbols
0x000000000f1a3000 	/System/Library/PrivateFrameworks/CoreSymbolication.framework/Versions/A/CoreSymbolication
0x000000000f1a3000 	/System/Library/PrivateFrameworks/Symbolication.framework/Versions/A/Symbolication
0x000000000f1a3000 	/System/Library/PrivateFrameworks/AppleFSCompression.framework/Versions/A/AppleFSCompression
0x000000000f1a3000 	/System/Library/PrivateFrameworks/SpeechRecognitionCore.framework/Versions/A/SpeechRecognitionCore
0x0000000106c00000 	/Library/Java/JavaVirtualMachines/jdk1.8.0_151.jdk/Contents/Home/jre/lib/server/libjvm.dylib
0x000000000f1a3000 	/usr/lib/libstdc++.6.0.9.dylib
0x00000001063b1000 	/Library/Java/JavaVirtualMachines/jdk1.8.0_151.jdk/Contents/Home/jre/lib/libverify.dylib
0x00000001063bf000 	/Library/Java/JavaVirtualMachines/jdk1.8.0_151.jdk/Contents/Home/jre/lib/libjava.dylib
0x0000000107be7000 	/Library/Java/JavaVirtualMachines/jdk1.8.0_151.jdk/Contents/Home/jre/lib/libzip.dylib
0x000000000f1a3000 	/System/Library/Frameworks/JavaVM.framework/Versions/A/Frameworks/JavaRuntimeSupport.framework/Versions/A/JavaRuntimeSupport
0x000000000f1a3000 	/System/Library/Frameworks/JavaVM.framework/Versions/A/Frameworks/JavaNativeFoundation.framework/Versions/A/JavaNativeFoundation
0x000000000f1a3000 	/System/Library/Frameworks/JavaVM.framework/Versions/A/JavaVM
0x000000000f1a3000 	/System/Library/Frameworks/Carbon.framework/Versions/A/Carbon
0x000000000f1a3000 	/System/Library/PrivateFrameworks/JavaLaunching.framework/Versions/A/JavaLaunching
0x000000000f1a3000 	/System/Library/Frameworks/Carbon.framework/Versions/A/Frameworks/CommonPanels.framework/Versions/A/CommonPanels
0x000000000f1a3000 	/System/Library/Frameworks/Carbon.framework/Versions/A/Frameworks/Help.framework/Versions/A/Help
0x000000000f1a3000 	/System/Library/Frameworks/Carbon.framework/Versions/A/Frameworks/ImageCapture.framework/Versions/A/ImageCapture
0x000000000f1a3000 	/System/Library/Frameworks/Carbon.framework/Versions/A/Frameworks/OpenScripting.framework/Versions/A/OpenScripting
0x000000000f1a3000 	/System/Library/Frameworks/Carbon.framework/Versions/A/Frameworks/Print.framework/Versions/A/Print
0x000000000f1a3000 	/System/Library/Frameworks/Carbon.framework/Versions/A/Frameworks/SecurityHI.framework/Versions/A/SecurityHI
0x000000010e55d000 	/Library/Java/JavaVirtualMachines/jdk1.8.0_151.jdk/Contents/Home/jre/lib/libawt.dylib
0x000000010e605000 	/Library/Java/JavaVirtualMachines/jdk1.8.0_151.jdk/Contents/Home/jre/lib/./libmlib_image.dylib
0x000000010e6d1000 	/Library/Java/JavaVirtualMachines/jdk1.8.0_151.jdk/Contents/Home/jre/lib/libawt_lwawt.dylib
0x000000010e788000 	/Library/Java/JavaVirtualMachines/jdk1.8.0_151.jdk/Contents/Home/jre/lib/./libosxapp.dylib
0x000000000f1a3000 	/System/Library/Frameworks/ExceptionHandling.framework/Versions/A/ExceptionHandling
0x000000000f1a3000 	/System/Library/PrivateFrameworks/CoreServicesInternal.framework/Versions/A/CoreServicesInternal
0x000000000f1a3000 	/System/Library/CoreServices/RawCamera.bundle/Contents/MacOS/RawCamera
0x000000000f1a3000 	/System/Library/PrivateFrameworks/MobileAsset.framework/Versions/A/MobileAsset
0x000000000f1a3000 	/System/Library/PrivateFrameworks/StreamingZip.framework/Versions/A/StreamingZip
0x000000000f1a3000 	/System/Library/Frameworks/MediaToolbox.framework/Versions/A/MediaToolbox
0x000000000f1a3000 	/System/Library/PrivateFrameworks/CoreAVCHD.framework/Versions/A/CoreAVCHD
0x000000000f1a3000 	/System/Library/Frameworks/MediaAccessibility.framework/Versions/A/MediaAccessibility
0x000000000f1a3000 	/System/Library/PrivateFrameworks/Mangrove.framework/Versions/A/Mangrove
0x000000000f1a3000 	/System/Library/Frameworks/CoreMedia.framework/Versions/A/CoreMedia
0x000000000f1a3000 	/System/Library/Frameworks/VideoToolbox.framework/Versions/A/VideoToolbox
0x000000000f1a3000 	/System/Library/PrivateFrameworks/CoreAUC.framework/Versions/A/CoreAUC
0x000000000f1a3000 	/usr/lib/libspindump.dylib
0x000000000f1a3000 	/System/Library/PrivateFrameworks/AppleVA.framework/Versions/A/AppleVA
0x000000000f1a3000 	/System/Library/Frameworks/Accelerate.framework/Versions/A/Frameworks/vImage.framework/Versions/A/Libraries/libCGInterfaces.dylib
0x000000000f1a3000 	/System/Library/Frameworks/ApplicationServices.framework/Versions/A/Frameworks/ATS.framework/Versions/A/Resources/libTrueTypeScaler.dylib
0x000000000f1a3000 	/System/Library/Extensions/AppleIntelHD5000GraphicsMTLDriver.bundle/Contents/MacOS/AppleIntelHD5000GraphicsMTLDriver
0x000000000f1a3000 	/System/Library/PrivateFrameworks/GPUCompiler.framework/Versions/3802/Libraries/libmetal_timestamp.dylib
0x000000000f1a3000 	/System/Library/PrivateFrameworks/FamilyControls.framework/Versions/A/FamilyControls
0x000000000f1a3000 	/System/Library/PrivateFrameworks/CommerceKit.framework/Versions/A/Frameworks/CommerceCore.framework/Versions/A/CommerceCore
0x000000000f1a3000 	/System/Library/PrivateFrameworks/SystemAdministration.framework/Versions/A/SystemAdministration
0x000000000f1a3000 	/System/Library/PrivateFrameworks/AppContainer.framework/Versions/A/AppContainer
0x000000000f1a3000 	/System/Library/PrivateFrameworks/SecCodeWrapper.framework/Versions/A/SecCodeWrapper
0x000000000f1a3000 	/System/Library/PrivateFrameworks/DiskManagement.framework/Versions/A/DiskManagement
0x000000000f1a3000 	/System/Library/Frameworks/DirectoryService.framework/Versions/A/DirectoryService
0x000000000f1a3000 	/System/Library/PrivateFrameworks/DiskImages.framework/Versions/A/DiskImages
0x000000000f1a3000 	/System/Library/PrivateFrameworks/LoginUIKit.framework/Versions/A/Frameworks/LoginUICore.framework/Versions/A/LoginUICore
0x000000000f1a3000 	/usr/lib/libCoreStorage.dylib
0x000000000f1a3000 	/usr/lib/libcsfde.dylib
0x000000000f1a3000 	/usr/lib/libodfde.dylib
0x000000000f1a3000 	/System/Library/PrivateFrameworks/MediaKit.framework/Versions/A/MediaKit
0x000000000f1a3000 	/System/Library/Frameworks/DiscRecording.framework/Versions/A/DiscRecording
0x000000000f1a3000 	/System/Library/PrivateFrameworks/EFILogin.framework/Versions/A/EFILogin
0x000000000f1a3000 	/System/Library/PrivateFrameworks/ProtectedCloudStorage.framework/Versions/A/ProtectedCloudStorage
0x000000000f1a3000 	/usr/lib/libcurl.4.dylib
0x000000000f1a3000 	/usr/lib/libcrypto.35.dylib
0x000000000f1a3000 	/usr/lib/libssl.35.dylib
0x000000000f1a3000 	/System/Library/Frameworks/LDAP.framework/Versions/A/LDAP
0x000000000f1a3000 	/System/Library/PrivateFrameworks/TrustEvaluationAgent.framework/Versions/A/TrustEvaluationAgent
0x000000000f1a3000 	/usr/lib/libsasl2.2.dylib
0x000000000f1a3000 	/System/Library/PrivateFrameworks/CoreDaemon.framework/Versions/B/CoreDaemon
0x000000000f1a3000 	/System/Library/PrivateFrameworks/AppleSRP.framework/Versions/A/AppleSRP
0x000000000f1a3000 	/System/Library/Frameworks/OpenGL.framework/Versions/A/Resources/GLEngine.bundle/GLEngine
0x000000000f1a3000 	/System/Library/Frameworks/OpenGL.framework/Versions/A/Libraries/libGLProgrammability.dylib
0x00000001212d8000 	/System/Library/Extensions/AppleIntelHD5000GraphicsGLDriver.bundle/Contents/MacOS/AppleIntelHD5000GraphicsGLDriver
0x000000000f1a3000 	/System/Library/PrivateFrameworks/GPUSupport.framework/Versions/A/Libraries/libGPUSupportMercury.dylib
0x000000000f1a3000 	/System/Library/Frameworks/OpenGL.framework/Versions/A/Resources/GLRendererFloat.bundle/GLRendererFloat
0x000000000f1a3000 	/System/Library/Frameworks/OpenCL.framework/Versions/A/Libraries/libcldcpuengine.dylib
0x0000000122306000 	/Library/Java/JavaVirtualMachines/jdk1.8.0_151.jdk/Contents/Home/jre/lib/libfontmanager.dylib
0x000000000f1a3000 	/System/Library/PrivateFrameworks/ViewBridge.framework/Versions/A/ViewBridge
0x0000000123765000 	/Library/Java/JavaVirtualMachines/jdk1.8.0_151.jdk/Contents/Home/jre/lib/libosxui.dylib
0x00000001245cc000 	/Library/Java/JavaVirtualMachines/jdk1.8.0_151.jdk/Contents/Home/jre/lib/libnet.dylib
0x00000001243db000 	/Library/Java/JavaVirtualMachines/jdk1.8.0_151.jdk/Contents/Home/jre/lib/libnio.dylib
0x000000010f532000 	/private/var/folders/2b/rxb1vsr90zqgm70cphy2n7sh0000gn/T/jogamp_0000/file_cache/jln7048662985887391036/jln7042213391245173201/libgluegen-rt.jnilib
0x000000010f537000 	/private/var/folders/2b/rxb1vsr90zqgm70cphy2n7sh0000gn/T/jogamp_0000/file_cache/jln7048662985887391036/jln7042213391245173201/libnativewindow_awt.jnilib
0x000000010f53a000 	/Library/Java/JavaVirtualMachines/jdk1.8.0_151.jdk/Contents/Home/jre/lib/libjawt.dylib
0x000000010f53d000 	/private/var/folders/2b/rxb1vsr90zqgm70cphy2n7sh0000gn/T/jogamp_0000/file_cache/jln7048662985887391036/jln7042213391245173201/libnativewindow_macosx.jnilib
0x000000018fdb0000 	/private/var/folders/2b/rxb1vsr90zqgm70cphy2n7sh0000gn/T/jogamp_0000/file_cache/jln7048662985887391036/jln7042213391245173201/libjogl_desktop.jnilib
0x0000000120c35000 	/Library/Java/JavaVirtualMachines/jdk1.8.0_151.jdk/Contents/Home/jre/lib/libsunec.dylib
0x0000000196a0e000 	/Library/Java/JavaVirtualMachines/jdk1.8.0_151.jdk/Contents/Home/jre/lib/libt2k.dylib

VM Arguments:
jvm_args: -Djava.security.policy=java.policy.applet -Dfile.encoding=UTF-8 
java_command: sun.applet.AppletViewer module6.EarthquakeCityMap1531783093624.html
java_class_path (initial): /Library/Java/JavaVirtualMachines/jdk1.8.0_151.jdk/Contents/Home/jre/lib/resources.jar:/Library/Java/JavaVirtualMachines/jdk1.8.0_151.jdk/Contents/Home/jre/lib/rt.jar:/Library/Java/JavaVirtualMachines/jdk1.8.0_151.jdk/Contents/Home/jre/lib/jsse.jar:/Library/Java/JavaVirtualMachines/jdk1.8.0_151.jdk/Contents/Home/jre/lib/jce.jar:/Library/Java/JavaVirtualMachines/jdk1.8.0_151.jdk/Contents/Home/jre/lib/charsets.jar:/Library/Java/JavaVirtualMachines/jdk1.8.0_151.jdk/Contents/Home/jre/lib/jfr.jar:/Library/Java/JavaVirtualMachines/jdk1.8.0_151.jdk/Contents/Home/jre/lib/ext/sunec.jar:/Library/Java/JavaVirtualMachines/jdk1.8.0_151.jdk/Contents/Home/jre/lib/ext/nashorn.jar:/Library/Java/JavaVirtualMachines/jdk1.8.0_151.jdk/Contents/Home/jre/lib/ext/cldrdata.jar:/Library/Java/JavaVirtualMachines/jdk1.8.0_151.jdk/Contents/Home/jre/lib/ext/jfxrt.jar:/Library/Java/JavaVirtualMachines/jdk1.8.0_151.jdk/Contents/Home/jre/lib/ext/dnsns.jar:/Library/Java/JavaVirtualMachines/jdk1.8.0_151.jdk/Contents/Home/jre/lib/ext/localedata.jar:/Library/Java/JavaVirtualMachines/jdk1.8.0_151.jdk/Contents/Home/jre/lib/ext/sunjce_provider.jar:/Library/Java/JavaVirtualMachines/jdk1.8.0_151.jdk/Contents/Home/jre/lib/ext/sunpkcs11.jar:/Library/Java/JavaVirtualMachines/jdk1.8.0_151.jdk/Contents/Home/jre/lib/ext/jaccess.jar:/Library/Java/JavaVirtualMachines/jdk1.8.0_151.jdk/Contents/Home/jre/lib/ext/zipfs.jar:/System/Library/Java/Extensions/MRJToolkit.jar:/Users/yunsangil/Documents/computing/JAVA/UCSDUnfoldingMaps/build:/Users/yunsangil/Documents/computing/JAVA/UCSDUnfoldingMaps/lib/core.jar:/Users/yunsangil/Documents/computing/JAVA/UCSDUnfoldingMaps/lib/gluegen-rt.jar:/Users/yunsangil/Documents/computing/JAVA/UCSDUnfoldingMaps/lib/jogl-all.jar:/Users/yunsangil/Documents/computing/JAVA/UCSDUnfoldingMaps/lib/log4j-1.2.15.jar:/Users/yunsangil/Documents/computing/JAVA/UCSDUnfoldingMaps/lib/sqlite-jdbc-3.7.2.jar:/Users/yunsangil/Documents/computing/JAVA/UCSDUnfoldingMaps/lib/json4
Launcher Type: SUN_STANDARD

Environment Variables:
PATH=/usr/bin:/bin:/usr/sbin:/sbin
SHELL=/bin/bash

Signal Handlers:
SIGSEGV: [libjvm.dylib+0x5b27a5], sa_mask[0]=11111111011111110111111111111111, sa_flags=SA_ONSTACK|SA_RESTART|SA_SIGINFO
SIGBUS: [libjvm.dylib+0x5b27a5], sa_mask[0]=11111111011111110111111111111111, sa_flags=SA_RESTART|SA_SIGINFO
SIGFPE: [libjvm.dylib+0x4891c4], sa_mask[0]=11111111011111110111111111111111, sa_flags=SA_RESTART|SA_SIGINFO
SIGPIPE: [libjvm.dylib+0x4891c4], sa_mask[0]=11111111011111110111111111111111, sa_flags=SA_RESTART|SA_SIGINFO
SIGXFSZ: [libjvm.dylib+0x4891c4], sa_mask[0]=11111111011111110111111111111111, sa_flags=SA_RESTART|SA_SIGINFO
SIGILL: [libjvm.dylib+0x4891c4], sa_mask[0]=11111111011111110111111111111111, sa_flags=SA_RESTART|SA_SIGINFO
SIGUSR1: SIG_DFL, sa_mask[0]=00000000000000000000000000000000, sa_flags=none
SIGUSR2: [libjvm.dylib+0x488ce2], sa_mask[0]=00100000000000000000000000000000, sa_flags=SA_RESTART|SA_SIGINFO
SIGHUP: [libjvm.dylib+0x4872b9], sa_mask[0]=11111111011111110111111111111111, sa_flags=SA_RESTART|SA_SIGINFO
SIGINT: [libjvm.dylib+0x4872b9], sa_mask[0]=11111111011111110111111111111111, sa_flags=SA_RESTART|SA_SIGINFO
SIGTERM: [libjvm.dylib+0x4872b9], sa_mask[0]=11111111011111110111111111111111, sa_flags=SA_RESTART|SA_SIGINFO
SIGQUIT: [libjvm.dylib+0x4872b9], sa_mask[0]=11111111011111110111111111111111, sa_flags=SA_RESTART|SA_SIGINFO


---------------  S Y S T E M  ---------------

OS:Bsduname:Darwin 17.6.0 Darwin Kernel Version 17.6.0: Tue May  8 15:22:16 PDT 2018; root:xnu-4570.61.1~1/RELEASE_X86_64 x86_64
rlimit: STACK 8192k, CORE 0k, NPROC 709, NOFILE 10240, AS infinity
load average:3.33 3.88 3.61

CPU:total 4 (initial active 4) (2 cores per cpu, 2 threads per core) family 6 model 69 stepping 1, cmov, cx8, fxsr, mmx, sse, sse2, sse3, ssse3, sse4.1, sse4.2, popcnt, avx, avx2, aes, clmul, erms, lzcnt, ht, tsc, tscinvbit, bmi1, bmi2

Memory: 4k page, physical 8388608k(3210100k free)

/proc/meminfo:


vm_info: Java HotSpot(TM) 64-Bit Server VM (25.151-b12) for bsd-amd64 JRE (1.8.0_151-b12), built on Sep  5 2017 19:37:08 by "java_re" with gcc 4.2.1 (Based on Apple Inc. build 5658) (LLVM build 2336.11.00)

time: Tue Jul 17 08:18:39 2018
elapsed time: 25 seconds (0d 0h 0m 25s)

