#
# A fatal error has been detected by the Java Runtime Environment:
#
#  SIGSEGV (0xb) at pc=0x00007fff5345be9d, pid=20603, tid=0x0000000000000307
#
# JRE version: Java(TM) SE Runtime Environment (8.0_151-b12) (build 1.8.0_151-b12)
# Java VM: Java HotSpot(TM) 64-Bit Server VM (25.151-b12 mixed mode bsd-amd64 compressed oops)
# Problematic frame:
# C  [libobjc.A.dylib+0x6e9d]  objc_msgSend+0x1d
#
# Failed to write core dump. Core dumps have been disabled. To enable core dumping, try "ulimit -c unlimited" before starting Java again
#
# If you would like to submit a bug report, please visit:
#   http://bugreport.java.com/bugreport/crash.jsp
# The crash happened outside the Java Virtual Machine in native code.
# See problematic frame for where to report the bug.
#

---------------  T H R E A D  ---------------

Current thread (0x00007f89dd87b800):  JavaThread "AWT-AppKit" daemon [_thread_in_native, id=775, stack(0x00007ffee0888000,0x00007ffee1088000)]

siginfo: si_signo: 11 (SIGSEGV), si_code: 1 (SEGV_MAPERR), si_addr: 0x0000000000000018

Registers:
RAX=0x00007f89e216a630, RBX=0x0000000128774450, RCX=0x0000000000000001, RDX=0x0000000000000000
RSP=0x00007ffee1082cc8, RBP=0x00007ffee1082d80, RSI=0x00007fff2a4aa31e, RDI=0x00007f89e216b540
R8 =0x0000000000000000, R9 =0x0000000000000000, R10=0x0000000000000000, R11=0x00007fff2a4aa31e
R12=0x0000000000000000, R13=0x00000001987de0e0, R14=0x0000000128774440, R15=0x00007f89dd87b800
RIP=0x00007fff5345be9d, EFLAGS=0x0000000000010246, ERR=0x0000000000000004
  TRAPNO=0x000000000000000e

Top of Stack: (sp=0x00007ffee1082cc8)
0x00007ffee1082cc8:   0000000128772157 00007ffee1082d20
0x00007ffee1082cd8:   0000000000000003 00007ffee1082d00
0x00007ffee1082ce8:   000000010f5f392e 00000001987de0e0
0x00007ffee1082cf8:   00000001987de0e0 00007f89e216a630
0x00007ffee1082d08:   00000001287746a0 0000000128774710
0x00007ffee1082d18:   00007fff8634ab38 00007fff87a99178
0x00007ffee1082d28:   0000000128774450 0000000128774690
0x00007ffee1082d38:   00007f89e216a630 00007f89e216b540
0x00007ffee1082d48:   00007f89e216a570 00007f89e216a630
0x00007ffee1082d58:   00007f89e216b540 00007ffee1082e08
0x00007ffee1082d68:   00007f89dd87b9f8 00000001987de0e0
0x00007ffee1082d78:   00007ffee1082e30 00007ffee1082df8
0x00007ffee1082d88:   00000001117fb9f4 00000001987de0e0
0x00007ffee1082d98:   00007ffee1082e30 00007ffee1082df8
0x00007ffee1082da8:   00000001117fb787 00000001117fb742
0x00007ffee1082db8:   00007ffee1082db8 00000001987de0e0
0x00007ffee1082dc8:   00007ffee1082e30 00000001987e0d78
0x00007ffee1082dd8:   0000000000000000 00000001987de0e0
0x00007ffee1082de8:   0000000000000000 00007ffee1082e18
0x00007ffee1082df8:   00007ffee1082e78 00000001117ec2bd
0x00007ffee1082e08:   000000074032ad60 00000001117f5538
0x00007ffee1082e18:   00007f89e216a630 00007ffee1082e78
0x00007ffee1082e28:   00007f89e216b540 00000001117f6e02
0x00007ffee1082e38:   00007ffee1082e38 00000001987de2aa
0x00007ffee1082e48:   00007ffee1082ea0 00000001987e0d78
0x00007ffee1082e58:   0000000000000000 00000001987de2b8
0x00007ffee1082e68:   00007ffee1082e18 00007ffee1082e88
0x00007ffee1082e78:   00007ffee1082ee8 00000001117ec2bd
0x00007ffee1082e88:   00007f89e216a630 0000000740270bf8
0x00007ffee1082e98:   00007f89e216b540 0000000740270bf8
0x00007ffee1082ea8:   00007ffee1082ea8 00000001a08656ee
0x00007ffee1082eb8:   00007ffee1082ef8 00000001a08657a8 

Instructions: (pc=0x00007fff5345be9d)
0x00007fff5345be7d:   0f 1f 00 48 85 ff 2e 74 62 40 f6 c7 01 2e 75 66
0x00007fff5345be8d:   49 ba f8 ff ff ff ff 7f 00 00 4c 23 17 49 89 f3
0x00007fff5345be9d:   45 23 5a 18 49 c1 e3 04 4d 03 5a 10 49 3b 33 75
0x00007fff5345bead:   04 41 ff 63 08 49 83 3b 01 76 0d 49 83 c3 10 49 

Register to memory mapping:

RAX=0x00007f89e216a630 is an unknown value
RBX=0x0000000128774450: Java_jogamp_nativewindow_macosx_OSXUtil_GetScreenRefreshRate0+0x1cf0 in /private/var/folders/2b/rxb1vsr90zqgm70cphy2n7sh0000gn/T/jogamp_0000/file_cache/jln6781072297143601290/jln1260539144842664947/libnativewindow_macosx.jnilib at 0x000000012876d000
RCX=0x0000000000000001 is an unknown value
RDX=0x0000000000000000 is an unknown value
RSP=0x00007ffee1082cc8 is pointing into the stack for thread: 0x00007f89dd87b800
RBP=0x00007ffee1082d80 is pointing into the stack for thread: 0x00007f89dd87b800
RSI=0x00007fff2a4aa31e: .str.41.llvm.DC87FEEF+0x43861 in /System/Library/Frameworks/AppKit.framework/Versions/C/AppKit at 0x00007fff297d0000
RDI=0x00007f89e216b540 is an unknown value
R8 =0x0000000000000000 is an unknown value
R9 =0x0000000000000000 is an unknown value
R10=0x0000000000000000 is an unknown value
R11=0x00007fff2a4aa31e: .str.41.llvm.DC87FEEF+0x43861 in /System/Library/Frameworks/AppKit.framework/Versions/C/AppKit at 0x00007fff297d0000
R12=0x0000000000000000 is an unknown value
R13={method} {0x00000001987de0e0} 'UnsetJAWTRootSurfaceLayer0' '(JJ)V' in 'jogamp/nativewindow/jawt/macosx/MacOSXJAWTWindow'
R14=0x0000000128774440: Java_jogamp_nativewindow_macosx_OSXUtil_GetScreenRefreshRate0+0x1ce0 in /private/var/folders/2b/rxb1vsr90zqgm70cphy2n7sh0000gn/T/jogamp_0000/file_cache/jln6781072297143601290/jln1260539144842664947/libnativewindow_macosx.jnilib at 0x000000012876d000
R15=0x00007f89dd87b800 is a thread


Stack: [0x00007ffee0888000,0x00007ffee1088000],  sp=0x00007ffee1082cc8,  free space=8171k
Native frames: (J=compiled Java code, j=interpreted, Vv=VM code, C=native code)
C  [libobjc.A.dylib+0x6e9d]  objc_msgSend+0x1d
j  jogamp.nativewindow.jawt.macosx.MacOSXJAWTWindow.UnsetJAWTRootSurfaceLayer0(JJ)V+0
j  jogamp.nativewindow.jawt.macosx.MacOSXJAWTWindow.access$200(JJ)V+2
j  jogamp.nativewindow.jawt.macosx.MacOSXJAWTWindow$1.run()V+38
J 3173 C1 com.jogamp.common.util.RunnableTask.run()V (345 bytes) @ 0x00000001122777f4 [0x0000000112277660+0x194]
v  ~StubRoutines::call_stub
V  [libjvm.dylib+0x2ee9aa]  JavaCalls::call_helper(JavaValue*, methodHandle*, JavaCallArguments*, Thread*)+0x6ae
V  [libjvm.dylib+0x325b59]  jni_invoke_nonstatic(JNIEnv_*, JavaValue*, _jobject*, JNICallType, _jmethodID*, JNI_ArgumentPusher*, Thread*)+0x2ec
V  [libjvm.dylib+0x318327]  jni_CallVoidMethod+0x16b
C  [libnativewindow_macosx.jnilib+0x5326]  Java_jogamp_nativewindow_jawt_macosx_MacOSXJAWTWindow_UnsetJAWTRootSurfaceLayer0+0x2b6
C  [Foundation+0x682b5]  __NSThreadPerformPerform+0x14e
C  [CoreFoundation+0xa3a61]  __CFRUNLOOP_IS_CALLING_OUT_TO_A_SOURCE0_PERFORM_FUNCTION__+0x11
C  [CoreFoundation+0x15d47c]  __CFRunLoopDoSource0+0x6c
C  [CoreFoundation+0x8651c]  __CFRunLoopDoSources0+0x12c
C  [CoreFoundation+0x8593d]  __CFRunLoopRun+0x50d
C  [CoreFoundation+0x851a3]  CFRunLoopRunSpecific+0x1e3
C  [HIToolbox+0x2fd96]  RunCurrentEventLoopInMode+0x11e
C  [HIToolbox+0x2fa0f]  ReceiveNextEventCommon+0x16e
C  [HIToolbox+0x2f884]  _BlockUntilNextEventMatchingListInModeWithFilter+0x40
C  [AppKit+0x41a73]  _DPSNextEvent+0x825
C  [AppKit+0x7d7e34]  -[NSApplication(NSEvent) _nextEventMatchingEventMask:untilDate:inMode:dequeue:]+0xbe4
C  [libosxapp.dylib+0x23aa]  -[NSApplicationAWT nextEventMatchingMask:untilDate:inMode:dequeue:]+0x7c
C  [AppKit+0x36885]  -[NSApplication run]+0x2fc
C  [libosxapp.dylib+0x214d]  +[NSApplicationAWT runAWTLoopWithApp:]+0x9c
C  [libawt_lwawt.dylib+0x45edf]  -[AWTStarter starter:]+0x389
C  [Foundation+0x682b5]  __NSThreadPerformPerform+0x14e
C  [CoreFoundation+0xa3a61]  __CFRUNLOOP_IS_CALLING_OUT_TO_A_SOURCE0_PERFORM_FUNCTION__+0x11
C  [CoreFoundation+0x15d47c]  __CFRunLoopDoSource0+0x6c
C  [CoreFoundation+0x864c0]  __CFRunLoopDoSources0+0xd0
C  [CoreFoundation+0x8593d]  __CFRunLoopRun+0x50d
C  [CoreFoundation+0x851a3]  CFRunLoopRunSpecific+0x1e3
C  [java+0x6465]  CreateExecutionEnvironment+0x367
C  [java+0x218c]  JLI_Launch+0x7a0
C  [java+0x84c2]  main+0x65
C  [java+0x19e4]  start+0x34
C  0x0000000000000007

Java frames: (J=compiled Java code, j=interpreted, Vv=VM code)
j  jogamp.nativewindow.jawt.macosx.MacOSXJAWTWindow.UnsetJAWTRootSurfaceLayer0(JJ)V+0
j  jogamp.nativewindow.jawt.macosx.MacOSXJAWTWindow.access$200(JJ)V+2
j  jogamp.nativewindow.jawt.macosx.MacOSXJAWTWindow$1.run()V+38
J 3173 C1 com.jogamp.common.util.RunnableTask.run()V (345 bytes) @ 0x00000001122777f4 [0x0000000112277660+0x194]
v  ~StubRoutines::call_stub

---------------  P R O C E S S  ---------------

Java Threads: ( => current thread )
  0x00007f89d2952800 JavaThread "Thread-20" [_thread_blocked, id=35891, stack(0x000070000d154000,0x000070000d254000)]
  0x00007f89de191000 JavaThread "AWT-EventQueue-1" [_thread_in_native, id=56083, stack(0x000070000d86f000,0x000070000d96f000)]
  0x00007f89dd217000 JavaThread "DestroyJavaVM" [_thread_blocked, id=6403, stack(0x000070000c09e000,0x000070000c19e000)]
  0x00007f89dd211800 JavaThread "AWT-EventQueue-0" [_thread_blocked, id=53003, stack(0x000070000d669000,0x000070000d769000)]
  0x00007f89de9b6800 JavaThread "Java2D Disposer" daemon [_thread_blocked, id=79631, stack(0x000070000d3e0000,0x000070000d4e0000)]
  0x00007f89de119800 JavaThread "Java2D Queue Flusher" daemon [_thread_blocked, id=85827, stack(0x000070000d2dd000,0x000070000d3dd000)]
  0x00007f89de062000 JavaThread "AWT-Shutdown" [_thread_blocked, id=25131, stack(0x000070000cf4b000,0x000070000d04b000)]
=>0x00007f89dd87b800 JavaThread "AWT-AppKit" daemon [_thread_in_native, id=775, stack(0x00007ffee0888000,0x00007ffee1088000)]
  0x00007f89dd011800 JavaThread "Service Thread" daemon [_thread_blocked, id=17667, stack(0x000070000ccc2000,0x000070000cdc2000)]
  0x00007f89dd838800 JavaThread "C1 CompilerThread2" daemon [_thread_blocked, id=13827, stack(0x000070000cbbf000,0x000070000ccbf000)]
  0x00007f89dd855800 JavaThread "C2 CompilerThread1" daemon [_thread_blocked, id=18179, stack(0x000070000cabc000,0x000070000cbbc000)]
  0x00007f89de022800 JavaThread "C2 CompilerThread0" daemon [_thread_blocked, id=18691, stack(0x000070000c9b9000,0x000070000cab9000)]
  0x00007f89de021800 JavaThread "Signal Dispatcher" daemon [_thread_blocked, id=13319, stack(0x000070000c8b6000,0x000070000c9b6000)]
  0x00007f89dd00d000 JavaThread "Finalizer" daemon [_thread_blocked, id=12035, stack(0x000070000c7b3000,0x000070000c8b3000)]
  0x00007f89dd00a000 JavaThread "Reference Handler" daemon [_thread_blocked, id=11779, stack(0x000070000c6b0000,0x000070000c7b0000)]

Other Threads:
  0x00007f89dd005800 VMThread [stack: 0x000070000c5ad000,0x000070000c6ad000] [id=11267]
  0x00007f89de085800 WatcherThread [stack: 0x000070000cdc5000,0x000070000cec5000] [id=14339]

VM state:not at safepoint (normal execution)

VM Mutex/Monitor currently owned by a thread: None

Heap:
 PSYoungGen      total 193536K, used 90589K [0x0000000795580000, 0x00000007a6100000, 0x00000007c0000000)
  eden space 175104K, 49% used [0x0000000795580000,0x000000079a99f600,0x00000007a0080000)
  from space 18432K, 24% used [0x00000007a0080000,0x00000007a04d80f0,0x00000007a1280000)
  to   space 18432K, 0% used [0x00000007a4f00000,0x00000007a4f00000,0x00000007a6100000)
 ParOldGen       total 51200K, used 35540K [0x0000000740000000, 0x0000000743200000, 0x0000000795580000)
  object space 51200K, 69% used [0x0000000740000000,0x00000007422b5390,0x0000000743200000)
 Metaspace       used 31335K, capacity 31759K, committed 32000K, reserved 1079296K
  class space    used 2581K, capacity 2715K, committed 2816K, reserved 1048576K

Card table byte_map: [0x00000001107b0000,0x0000000110bb1000] byte_map_base: 0x000000010cdb0000

Marking Bits: (ParMarkBitMap*) 0x000000010fcf35d0
 Begin Bits: [0x00000001207e4000, 0x00000001227e4000)
 End Bits:   [0x00000001227e4000, 0x00000001247e4000)

Polling page: 0x000000010ebf4000

CodeCache: size=245760Kb used=12425Kb max_used=12443Kb free=233334Kb
 bounds [0x00000001117e4000, 0x0000000112424000, 0x00000001207e4000]
 total_blobs=4340 nmethods=3386 adapters=867
 compilation: enabled

Compilation events (10 events):
Event: 35.048 Thread 0x00007f89dd855800 3956       4       processing.opengl.PGraphicsOpenGL::flush (277 bytes)
Event: 35.228 Thread 0x00007f89dd855800 nmethod 3956 0x0000000112416ed0 code [0x00000001124177a0, 0x000000011241b9e0]
Event: 35.479 Thread 0x00007f89de022800 3957       4       java.util.HashSet::add (20 bytes)
Event: 35.483 Thread 0x00007f89de022800 nmethod 3957 0x00000001120f4610 code [0x00000001120f4760, 0x00000001120f48a8]
Event: 35.531 Thread 0x00007f89dd855800 3958       4       sun.awt.AWTAccessor::getComponentAccessor (18 bytes)
Event: 35.531 Thread 0x00007f89dd838800 3959       3       java.awt.Rectangle::isEmpty (20 bytes)
Event: 35.531 Thread 0x00007f89dd838800 nmethod 3959 0x0000000112135e90 code [0x0000000112136000, 0x00000001121361f0]
Event: 35.532 Thread 0x00007f89dd855800 nmethod 3958 0x00000001121bbf90 code [0x00000001121bc0e0, 0x00000001121bc158]
Event: 35.532 Thread 0x00007f89dd838800 3960       1       sun.java2d.SurfaceData::isValid (5 bytes)
Event: 35.532 Thread 0x00007f89dd838800 nmethod 3960 0x00000001120d0e90 code [0x00000001120d0fe0, 0x00000001120d10f0]

GC Heap History (10 events):
Event: 10.281 GC heap before
{Heap before GC invocations=6 (full 1):
 PSYoungGen      total 65024K, used 65015K [0x0000000795580000, 0x000000079a080000, 0x00000007c0000000)
  eden space 59904K, 100% used [0x0000000795580000,0x0000000799000000,0x0000000799000000)
  from space 5120K, 99% used [0x0000000799b80000,0x000000079a07df70,0x000000079a080000)
  to   space 5120K, 0% used [0x0000000799680000,0x0000000799680000,0x0000000799b80000)
 ParOldGen       total 51200K, used 17718K [0x0000000740000000, 0x0000000743200000, 0x0000000795580000)
  object space 51200K, 34% used [0x0000000740000000,0x000000074114db98,0x0000000743200000)
 Metaspace       used 29144K, capacity 29596K, committed 29824K, reserved 1077248K
  class space    used 2469K, capacity 2618K, committed 2688K, reserved 1048576K
Event: 10.305 GC heap after
Heap after GC invocations=6 (full 1):
 PSYoungGen      total 71680K, used 5117K [0x0000000795580000, 0x000000079df80000, 0x00000007c0000000)
  eden space 66560K, 0% used [0x0000000795580000,0x0000000795580000,0x0000000799680000)
  from space 5120K, 99% used [0x0000000799680000,0x0000000799b7f410,0x0000000799b80000)
  to   space 17408K, 0% used [0x000000079ce80000,0x000000079ce80000,0x000000079df80000)
 ParOldGen       total 51200K, used 25271K [0x0000000740000000, 0x0000000743200000, 0x0000000795580000)
  object space 51200K, 49% used [0x0000000740000000,0x00000007418adc08,0x0000000743200000)
 Metaspace       used 29144K, capacity 29596K, committed 29824K, reserved 1077248K
  class space    used 2469K, capacity 2618K, committed 2688K, reserved 1048576K
}
Event: 12.971 GC heap before
{Heap before GC invocations=7 (full 1):
 PSYoungGen      total 71680K, used 71677K [0x0000000795580000, 0x000000079df80000, 0x00000007c0000000)
  eden space 66560K, 100% used [0x0000000795580000,0x0000000799680000,0x0000000799680000)
  from space 5120K, 99% used [0x0000000799680000,0x0000000799b7f410,0x0000000799b80000)
  to   space 17408K, 0% used [0x000000079ce80000,0x000000079ce80000,0x000000079df80000)
 ParOldGen       total 51200K, used 25271K [0x0000000740000000, 0x0000000743200000, 0x0000000795580000)
  object space 51200K, 49% used [0x0000000740000000,0x00000007418adc08,0x0000000743200000)
 Metaspace       used 30487K, capacity 30886K, committed 31232K, reserved 1077248K
  class space    used 2572K, capacity 2715K, committed 2816K, reserved 1048576K
Event: 12.991 GC heap after
Heap after GC invocations=7 (full 1):
 PSYoungGen      total 123904K, used 11880K [0x0000000795580000, 0x000000079e880000, 0x00000007c0000000)
  eden space 106496K, 0% used [0x0000000795580000,0x0000000795580000,0x000000079bd80000)
  from space 17408K, 68% used [0x000000079ce80000,0x000000079da1a008,0x000000079df80000)
  to   space 17408K, 0% used [0x000000079bd80000,0x000000079bd80000,0x000000079ce80000)
 ParOldGen       total 51200K, used 25279K [0x0000000740000000, 0x0000000743200000, 0x0000000795580000)
  object space 51200K, 49% used [0x0000000740000000,0x00000007418afc08,0x0000000743200000)
 Metaspace       used 30487K, capacity 30886K, committed 31232K, reserved 1077248K
  class space    used 2572K, capacity 2715K, committed 2816K, reserved 1048576K
}
Event: 17.391 GC heap before
{Heap before GC invocations=8 (full 1):
 PSYoungGen      total 123904K, used 118376K [0x0000000795580000, 0x000000079e880000, 0x00000007c0000000)
  eden space 106496K, 100% used [0x0000000795580000,0x000000079bd80000,0x000000079bd80000)
  from space 17408K, 68% used [0x000000079ce80000,0x000000079da1a008,0x000000079df80000)
  to   space 17408K, 0% used [0x000000079bd80000,0x000000079bd80000,0x000000079ce80000)
 ParOldGen       total 51200K, used 25279K [0x0000000740000000, 0x0000000743200000, 0x0000000795580000)
  object space 51200K, 49% used [0x0000000740000000,0x00000007418afc08,0x0000000743200000)
 Metaspace       used 30971K, capacity 31375K, committed 31744K, reserved 1079296K
  class space    used 2572K, capacity 2715K, committed 2816K, reserved 1048576K
Event: 17.414 GC heap after
Heap after GC invocations=8 (full 1):
 PSYoungGen      total 123904K, used 14872K [0x0000000795580000, 0x00000007a2a80000, 0x00000007c0000000)
  eden space 106496K, 0% used [0x0000000795580000,0x0000000795580000,0x000000079bd80000)
  from space 17408K, 85% used [0x000000079bd80000,0x000000079cc060c8,0x000000079ce80000)
  to   space 18944K, 0% used [0x00000007a1800000,0x00000007a1800000,0x00000007a2a80000)
 ParOldGen       total 51200K, used 25287K [0x0000000740000000, 0x0000000743200000, 0x0000000795580000)
  object space 51200K, 49% used [0x0000000740000000,0x00000007418b1c08,0x0000000743200000)
 Metaspace       used 30971K, capacity 31375K, committed 31744K, reserved 1079296K
  class space    used 2572K, capacity 2715K, committed 2816K, reserved 1048576K
}
Event: 22.529 GC heap before
{Heap before GC invocations=9 (full 1):
 PSYoungGen      total 123904K, used 121368K [0x0000000795580000, 0x00000007a2a80000, 0x00000007c0000000)
  eden space 106496K, 100% used [0x0000000795580000,0x000000079bd80000,0x000000079bd80000)
  from space 17408K, 85% used [0x000000079bd80000,0x000000079cc060c8,0x000000079ce80000)
  to   space 18944K, 0% used [0x00000007a1800000,0x00000007a1800000,0x00000007a2a80000)
 ParOldGen       total 51200K, used 25287K [0x0000000740000000, 0x0000000743200000, 0x0000000795580000)
  object space 51200K, 49% used [0x0000000740000000,0x00000007418b1c08,0x0000000743200000)
 Metaspace       used 31074K, capacity 31503K, committed 31744K, reserved 1079296K
  class space    used 2572K, capacity 2715K, committed 2816K, reserved 1048576K
Event: 22.549 GC heap after
Heap after GC invocations=9 (full 1):
 PSYoungGen      total 187904K, used 10955K [0x0000000795580000, 0x00000007a2480000, 0x00000007c0000000)
  eden space 175104K, 0% used [0x0000000795580000,0x0000000795580000,0x00000007a0080000)
  from space 12800K, 85% used [0x00000007a1800000,0x00000007a22b2ce8,0x00000007a2480000)
  to   space 18432K, 0% used [0x00000007a0080000,0x00000007a0080000,0x00000007a1280000)
 ParOldGen       total 51200K, used 29233K [0x0000000740000000, 0x0000000743200000, 0x0000000795580000)
  object space 51200K, 57% used [0x0000000740000000,0x0000000741c8c6b8,0x0000000743200000)
 Metaspace       used 31074K, capacity 31503K, committed 31744K, reserved 1079296K
  class space    used 2572K, capacity 2715K, committed 2816K, reserved 1048576K
}
Event: 31.417 GC heap before
{Heap before GC invocations=10 (full 1):
 PSYoungGen      total 187904K, used 186059K [0x0000000795580000, 0x00000007a2480000, 0x00000007c0000000)
  eden space 175104K, 100% used [0x0000000795580000,0x00000007a0080000,0x00000007a0080000)
  from space 12800K, 85% used [0x00000007a1800000,0x00000007a22b2ce8,0x00000007a2480000)
  to   space 18432K, 0% used [0x00000007a0080000,0x00000007a0080000,0x00000007a1280000)
 ParOldGen       total 51200K, used 29233K [0x0000000740000000, 0x0000000743200000, 0x0000000795580000)
  object space 51200K, 57% used [0x0000000740000000,0x0000000741c8c6b8,0x0000000743200000)
 Metaspace       used 31250K, capacity 31695K, committed 32000K, reserved 1079296K
  class space    used 2573K, capacity 2715K, committed 2816K, reserved 1048576K
Event: 31.433 GC heap after
Heap after GC invocations=10 (full 1):
 PSYoungGen      total 193536K, used 4448K [0x0000000795580000, 0x00000007a6100000, 0x00000007c0000000)
  eden space 175104K, 0% used [0x0000000795580000,0x0000000795580000,0x00000007a0080000)
  from space 18432K, 24% used [0x00000007a0080000,0x00000007a04d80f0,0x00000007a1280000)
  to   space 18432K, 0% used [0x00000007a4f00000,0x00000007a4f00000,0x00000007a6100000)
 ParOldGen       total 51200K, used 35540K [0x0000000740000000, 0x0000000743200000, 0x0000000795580000)
  object space 51200K, 69% used [0x0000000740000000,0x00000007422b5390,0x0000000743200000)
 Metaspace       used 31250K, capacity 31695K, committed 32000K, reserved 1079296K
  class space    used 2573K, capacity 2715K, committed 2816K, reserved 1048576K
}

Deoptimization events (10 events):
Event: 34.793 Thread 0x00007f89dd87b800 Uncommon trap: reason=unstable_if action=reinterpret pc=0x000000011239e6e8 method=sun.java2d.pipe.Region.contains(II)Z @ 21
Event: 35.531 Thread 0x00007f89de191000 Uncommon trap: reason=unstable_if action=reinterpret pc=0x00000001123f80ec method=sun.awt.SunToolkit.getAppContext(Ljava/lang/Object;)Lsun/awt/AppContext; @ 4
Event: 35.533 Thread 0x00007f89de191000 Uncommon trap: reason=unstable_if action=reinterpret pc=0x000000011240a6c8 method=java.awt.EventQueue.getPriority(Ljava/awt/AWTEvent;)I @ 22
Event: 35.536 Thread 0x00007f89dd211800 Uncommon trap: reason=unstable_if action=reinterpret pc=0x00000001119b8c14 method=java.awt.Font.equals(Ljava/lang/Object;)Z @ 2
Event: 35.595 Thread 0x00007f89de9bb800 Uncommon trap: reason=bimorphic action=maybe_recompile pc=0x0000000111ef9170 method=java.util.HashMap.putVal(ILjava/lang/Object;Ljava/lang/Object;ZZ)Ljava/lang/Object; @ 91
Event: 35.595 Thread 0x00007f89de9bb800 Uncommon trap: reason=bimorphic action=maybe_recompile pc=0x0000000111ef9170 method=java.util.HashMap.putVal(ILjava/lang/Object;Ljava/lang/Object;ZZ)Ljava/lang/Object; @ 91
Event: 35.596 Thread 0x00007f89de9bb800 Uncommon trap: reason=bimorphic action=maybe_recompile pc=0x0000000111ef9170 method=java.util.HashMap.putVal(ILjava/lang/Object;Ljava/lang/Object;ZZ)Ljava/lang/Object; @ 91
Event: 35.596 Thread 0x00007f89de9bb800 Uncommon trap: reason=bimorphic action=maybe_recompile pc=0x0000000111ef9170 method=java.util.HashMap.putVal(ILjava/lang/Object;Ljava/lang/Object;ZZ)Ljava/lang/Object; @ 91
Event: 35.596 Thread 0x00007f89de9bb800 Uncommon trap: reason=bimorphic action=maybe_recompile pc=0x0000000111f19f60 method=java.util.HashMap.putVal(ILjava/lang/Object;Ljava/lang/Object;ZZ)Ljava/lang/Object; @ 91
Event: 35.619 Thread 0x00007f89d2952800 Uncommon trap: reason=predicate action=maybe_recompile pc=0x0000000111f240c4 method=java.util.Vector.indexOf(Ljava/lang/Object;I)I @ 44

Internal exceptions (10 events):
Event: 0.557 Thread 0x00007f89de807000 Exception <a 'java/io/FileNotFoundException'> (0x00000007958171f0) thrown at [/Users/java_re/workspace/8-2-build-macosx-x86_64/jdk8u151/9699/hotspot/src/share/vm/prims/jni.cpp, line 709]
Event: 0.557 Thread 0x00007f89de807000 Exception <a 'java/io/FileNotFoundException'> (0x0000000795817d78) thrown at [/Users/java_re/workspace/8-2-build-macosx-x86_64/jdk8u151/9699/hotspot/src/share/vm/prims/jni.cpp, line 709]
Event: 0.744 Thread 0x00007f89de807000 Exception <a 'java/io/FileNotFoundException'> (0x0000000795a0e7c8) thrown at [/Users/java_re/workspace/8-2-build-macosx-x86_64/jdk8u151/9699/hotspot/src/share/vm/prims/jni.cpp, line 709]
Event: 4.040 Thread 0x00007f89de1f3800 Exception <a 'java/lang/UnsatisfiedLinkError': com.jogamp.common.util.JarUtil.fixNativeLibAttribs(Ljava/lang/String;)Z> (0x0000000796c2e900) thrown at [/Users/java_re/workspace/8-2-build-macosx-x86_64/jdk8u151/9699/hotspot/src/share/vm/prims/nativeLookup.
Event: 4.729 Thread 0x00007f89dd00d000 Exception <a 'java/lang/NullPointerException'> (0x00000007956a38b8) thrown at [/Users/java_re/workspace/8-2-build-macosx-x86_64/jdk8u151/9699/hotspot/src/share/vm/interpreter/linkResolver.cpp, line 1183]
Event: 6.087 Thread 0x00007f89de191000 Exception <a 'java/io/FileNotFoundException'> (0x00000007960744f8) thrown at [/Users/java_re/workspace/8-2-build-macosx-x86_64/jdk8u151/9699/hotspot/src/share/vm/prims/jni.cpp, line 709]
Event: 6.089 Thread 0x00007f89de191000 Exception <a 'java/io/FileNotFoundException'> (0x000000079607af18) thrown at [/Users/java_re/workspace/8-2-build-macosx-x86_64/jdk8u151/9699/hotspot/src/share/vm/prims/jni.cpp, line 709]
Event: 6.090 Thread 0x00007f89de191000 Implicit null exception at 0x00000001119c6c34 to 0x00000001119c702d
Event: 6.868 Thread 0x00007f89de191000 Implicit null exception at 0x0000000111bf1f06 to 0x0000000111bf214d
Event: 9.310 Thread 0x00007f89de85b800 Implicit null exception at 0x00000001119cf6b5 to 0x00000001119cfa75

Events (10 events):
Event: 35.618 Executing VM operation: Deoptimize
Event: 35.618 Executing VM operation: Deoptimize done
Event: 35.618 loading class java/awt/Toolkit$ToolkitEventMulticaster
Event: 35.618 loading class java/awt/Toolkit$ToolkitEventMulticaster done
Event: 35.619 Thread 0x00007f89d2952800 Uncommon trap: trap_request=0xffffff86 fr.pc=0x0000000111f240c4
Event: 35.619 Thread 0x00007f89d2952800 DEOPT PACKING pc=0x0000000111f240c4 sp=0x000070000d253770
Event: 35.619 Thread 0x00007f89d2952800 DEOPT UNPACKING pc=0x00000001117e9229 sp=0x000070000d253748 mode 2
Event: 35.619 loading class java/awt/Window$1DisposeAction
Event: 35.619 loading class java/awt/Window$1DisposeAction done
Event: 35.620 Thread 0x00007f89de9bb800 Thread exited: 0x00007f89de9bb800


Dynamic libraries:
0x00000000046d8000 	/System/Library/Frameworks/Cocoa.framework/Versions/A/Cocoa
0x00000000046d8000 	/System/Library/Frameworks/Security.framework/Versions/A/Security
0x00000000046d8000 	/System/Library/Frameworks/ApplicationServices.framework/Versions/A/ApplicationServices
0x00000000046d8000 	/usr/lib/libz.1.dylib
0x00000000046d8000 	/usr/lib/libSystem.B.dylib
0x00000000046d8000 	/usr/lib/libobjc.A.dylib
0x00000000046d8000 	/System/Library/Frameworks/CoreFoundation.framework/Versions/A/CoreFoundation
0x00000000046d8000 	/System/Library/Frameworks/Foundation.framework/Versions/C/Foundation
0x00000000046d8000 	/System/Library/Frameworks/AppKit.framework/Versions/C/AppKit
0x00000000046d8000 	/System/Library/Frameworks/CoreData.framework/Versions/A/CoreData
0x00000000046d8000 	/System/Library/PrivateFrameworks/RemoteViewServices.framework/Versions/A/RemoteViewServices
0x00000000046d8000 	/System/Library/PrivateFrameworks/UIFoundation.framework/Versions/A/UIFoundation
0x00000000046d8000 	/System/Library/PrivateFrameworks/DFRFoundation.framework/Versions/A/DFRFoundation
0x00000000046d8000 	/System/Library/Frameworks/Metal.framework/Versions/A/Metal
0x00000000046d8000 	/System/Library/PrivateFrameworks/DesktopServicesPriv.framework/Versions/A/DesktopServicesPriv
0x00000000046d8000 	/usr/lib/libenergytrace.dylib
0x00000000046d8000 	/System/Library/PrivateFrameworks/SkyLight.framework/Versions/A/SkyLight
0x00000000046d8000 	/System/Library/Frameworks/CoreGraphics.framework/Versions/A/CoreGraphics
0x00000000046d8000 	/usr/lib/libScreenReader.dylib
0x00000000046d8000 	/System/Library/Frameworks/Accelerate.framework/Versions/A/Accelerate
0x00000000046d8000 	/System/Library/Frameworks/IOSurface.framework/Versions/A/IOSurface
0x00000000046d8000 	/System/Library/Frameworks/AudioToolbox.framework/Versions/A/AudioToolbox
0x00000000046d8000 	/System/Library/Frameworks/AudioUnit.framework/Versions/A/AudioUnit
0x00000000046d8000 	/System/Library/PrivateFrameworks/DataDetectorsCore.framework/Versions/A/DataDetectorsCore
0x00000000046d8000 	/System/Library/Frameworks/Carbon.framework/Versions/A/Frameworks/HIToolbox.framework/Versions/A/HIToolbox
0x00000000046d8000 	/usr/lib/libicucore.A.dylib
0x00000000046d8000 	/System/Library/Frameworks/QuartzCore.framework/Versions/A/QuartzCore
0x00000000046d8000 	/System/Library/PrivateFrameworks/SignpostNotification.framework/Versions/A/SignpostNotification
0x00000000046d8000 	/System/Library/Frameworks/Carbon.framework/Versions/A/Frameworks/SpeechRecognition.framework/Versions/A/SpeechRecognition
0x00000000046d8000 	/usr/lib/libauto.dylib
0x00000000046d8000 	/usr/lib/libxml2.2.dylib
0x00000000046d8000 	/System/Library/PrivateFrameworks/CoreUI.framework/Versions/A/CoreUI
0x00000000046d8000 	/System/Library/Frameworks/CoreAudio.framework/Versions/A/CoreAudio
0x00000000046d8000 	/System/Library/Frameworks/DiskArbitration.framework/Versions/A/DiskArbitration
0x00000000046d8000 	/usr/lib/liblangid.dylib
0x00000000046d8000 	/System/Library/PrivateFrameworks/MultitouchSupport.framework/Versions/A/MultitouchSupport
0x00000000046d8000 	/System/Library/Frameworks/IOKit.framework/Versions/A/IOKit
0x00000000046d8000 	/usr/lib/libDiagnosticMessagesClient.dylib
0x00000000046d8000 	/System/Library/Frameworks/CoreServices.framework/Versions/A/CoreServices
0x00000000046d8000 	/System/Library/PrivateFrameworks/PerformanceAnalysis.framework/Versions/A/PerformanceAnalysis
0x00000000046d8000 	/System/Library/Frameworks/OpenGL.framework/Versions/A/OpenGL
0x00000000046d8000 	/System/Library/Frameworks/ColorSync.framework/Versions/A/ColorSync
0x00000000046d8000 	/System/Library/Frameworks/CoreImage.framework/Versions/A/CoreImage
0x00000000046d8000 	/System/Library/Frameworks/CoreText.framework/Versions/A/CoreText
0x00000000046d8000 	/System/Library/Frameworks/ImageIO.framework/Versions/A/ImageIO
0x00000000046d8000 	/System/Library/PrivateFrameworks/Backup.framework/Versions/A/Backup
0x00000000046d8000 	/usr/lib/libarchive.2.dylib
0x00000000046d8000 	/System/Library/Frameworks/CFNetwork.framework/Versions/A/CFNetwork
0x00000000046d8000 	/System/Library/Frameworks/SystemConfiguration.framework/Versions/A/SystemConfiguration
0x00000000046d8000 	/usr/lib/libCRFSuite.dylib
0x00000000046d8000 	/usr/lib/libc++.1.dylib
0x00000000046d8000 	/usr/lib/libc++abi.dylib
0x00000000046d8000 	/usr/lib/system/libcache.dylib
0x00000000046d8000 	/usr/lib/system/libcommonCrypto.dylib
0x00000000046d8000 	/usr/lib/system/libcompiler_rt.dylib
0x00000000046d8000 	/usr/lib/system/libcopyfile.dylib
0x00000000046d8000 	/usr/lib/system/libcorecrypto.dylib
0x00000000046d8000 	/usr/lib/system/libdispatch.dylib
0x00000000046d8000 	/usr/lib/system/libdyld.dylib
0x00000000046d8000 	/usr/lib/system/libkeymgr.dylib
0x00000000046d8000 	/usr/lib/system/liblaunch.dylib
0x00000000046d8000 	/usr/lib/system/libmacho.dylib
0x00000000046d8000 	/usr/lib/system/libquarantine.dylib
0x00000000046d8000 	/usr/lib/system/libremovefile.dylib
0x00000000046d8000 	/usr/lib/system/libsystem_asl.dylib
0x00000000046d8000 	/usr/lib/system/libsystem_blocks.dylib
0x00000000046d8000 	/usr/lib/system/libsystem_c.dylib
0x00000000046d8000 	/usr/lib/system/libsystem_configuration.dylib
0x00000000046d8000 	/usr/lib/system/libsystem_coreservices.dylib
0x00000000046d8000 	/usr/lib/system/libsystem_darwin.dylib
0x00000000046d8000 	/usr/lib/system/libsystem_dnssd.dylib
0x00000000046d8000 	/usr/lib/system/libsystem_info.dylib
0x00000000046d8000 	/usr/lib/system/libsystem_m.dylib
0x00000000046d8000 	/usr/lib/system/libsystem_malloc.dylib
0x00000000046d8000 	/usr/lib/system/libsystem_network.dylib
0x00000000046d8000 	/usr/lib/system/libsystem_networkextension.dylib
0x00000000046d8000 	/usr/lib/system/libsystem_notify.dylib
0x00000000046d8000 	/usr/lib/system/libsystem_sandbox.dylib
0x00000000046d8000 	/usr/lib/system/libsystem_secinit.dylib
0x00000000046d8000 	/usr/lib/system/libsystem_kernel.dylib
0x00000000046d8000 	/usr/lib/system/libsystem_platform.dylib
0x00000000046d8000 	/usr/lib/system/libsystem_pthread.dylib
0x00000000046d8000 	/usr/lib/system/libsystem_symptoms.dylib
0x00000000046d8000 	/usr/lib/system/libsystem_trace.dylib
0x00000000046d8000 	/usr/lib/system/libunwind.dylib
0x00000000046d8000 	/usr/lib/system/libxpc.dylib
0x00000000046d8000 	/usr/lib/closure/libclosured.dylib
0x00000000046d8000 	/usr/lib/libbsm.0.dylib
0x00000000046d8000 	/usr/lib/system/libkxld.dylib
0x00000000046d8000 	/usr/lib/libOpenScriptingUtil.dylib
0x00000000046d8000 	/usr/lib/libcoretls.dylib
0x00000000046d8000 	/usr/lib/libcoretls_cfhelpers.dylib
0x00000000046d8000 	/usr/lib/libpam.2.dylib
0x00000000046d8000 	/usr/lib/libsqlite3.dylib
0x00000000046d8000 	/usr/lib/libxar.1.dylib
0x00000000046d8000 	/usr/lib/libbz2.1.0.dylib
0x00000000046d8000 	/usr/lib/liblzma.5.dylib
0x00000000046d8000 	/usr/lib/libnetwork.dylib
0x00000000046d8000 	/usr/lib/libapple_nghttp2.dylib
0x00000000046d8000 	/usr/lib/libpcap.A.dylib
0x00000000046d8000 	/usr/lib/libboringssl.dylib
0x00000000046d8000 	/usr/lib/libusrtcp.dylib
0x00000000046d8000 	/usr/lib/libapple_crypto.dylib
0x00000000046d8000 	/System/Library/Frameworks/CoreServices.framework/Versions/A/Frameworks/FSEvents.framework/Versions/A/FSEvents
0x00000000046d8000 	/System/Library/Frameworks/CoreServices.framework/Versions/A/Frameworks/CarbonCore.framework/Versions/A/CarbonCore
0x00000000046d8000 	/System/Library/Frameworks/CoreServices.framework/Versions/A/Frameworks/Metadata.framework/Versions/A/Metadata
0x00000000046d8000 	/System/Library/Frameworks/CoreServices.framework/Versions/A/Frameworks/OSServices.framework/Versions/A/OSServices
0x00000000046d8000 	/System/Library/Frameworks/CoreServices.framework/Versions/A/Frameworks/SearchKit.framework/Versions/A/SearchKit
0x00000000046d8000 	/System/Library/Frameworks/CoreServices.framework/Versions/A/Frameworks/AE.framework/Versions/A/AE
0x00000000046d8000 	/System/Library/Frameworks/CoreServices.framework/Versions/A/Frameworks/LaunchServices.framework/Versions/A/LaunchServices
0x00000000046d8000 	/System/Library/Frameworks/CoreServices.framework/Versions/A/Frameworks/DictionaryServices.framework/Versions/A/DictionaryServices
0x00000000046d8000 	/System/Library/Frameworks/CoreServices.framework/Versions/A/Frameworks/SharedFileList.framework/Versions/A/SharedFileList
0x00000000046d8000 	/System/Library/Frameworks/NetFS.framework/Versions/A/NetFS
0x00000000046d8000 	/System/Library/PrivateFrameworks/NetAuth.framework/Versions/A/NetAuth
0x00000000046d8000 	/System/Library/PrivateFrameworks/login.framework/Versions/A/Frameworks/loginsupport.framework/Versions/A/loginsupport
0x00000000046d8000 	/System/Library/PrivateFrameworks/TCC.framework/Versions/A/TCC
0x00000000046d8000 	/usr/lib/libmecabra.dylib
0x00000000046d8000 	/System/Library/Frameworks/ApplicationServices.framework/Versions/A/Frameworks/ATS.framework/Versions/A/ATS
0x00000000046d8000 	/System/Library/Frameworks/ApplicationServices.framework/Versions/A/Frameworks/ColorSyncLegacy.framework/Versions/A/ColorSyncLegacy
0x00000000046d8000 	/System/Library/Frameworks/ApplicationServices.framework/Versions/A/Frameworks/HIServices.framework/Versions/A/HIServices
0x00000000046d8000 	/System/Library/Frameworks/ApplicationServices.framework/Versions/A/Frameworks/LangAnalysis.framework/Versions/A/LangAnalysis
0x00000000046d8000 	/System/Library/Frameworks/ApplicationServices.framework/Versions/A/Frameworks/PrintCore.framework/Versions/A/PrintCore
0x00000000046d8000 	/System/Library/Frameworks/ApplicationServices.framework/Versions/A/Frameworks/QD.framework/Versions/A/QD
0x00000000046d8000 	/System/Library/Frameworks/ApplicationServices.framework/Versions/A/Frameworks/SpeechSynthesis.framework/Versions/A/SpeechSynthesis
0x00000000046d8000 	/System/Library/Frameworks/CoreDisplay.framework/Versions/A/CoreDisplay
0x00000000046d8000 	/System/Library/Frameworks/Accelerate.framework/Versions/A/Frameworks/vImage.framework/Versions/A/vImage
0x00000000046d8000 	/System/Library/Frameworks/Accelerate.framework/Versions/A/Frameworks/vecLib.framework/Versions/A/vecLib
0x00000000046d8000 	/System/Library/Frameworks/Accelerate.framework/Versions/A/Frameworks/vecLib.framework/Versions/A/libvDSP.dylib
0x00000000046d8000 	/System/Library/Frameworks/Accelerate.framework/Versions/A/Frameworks/vecLib.framework/Versions/A/libBNNS.dylib
0x00000000046d8000 	/System/Library/Frameworks/Accelerate.framework/Versions/A/Frameworks/vecLib.framework/Versions/A/libQuadrature.dylib
0x00000000046d8000 	/System/Library/Frameworks/Accelerate.framework/Versions/A/Frameworks/vecLib.framework/Versions/A/libvMisc.dylib
0x00000000046d8000 	/System/Library/Frameworks/Accelerate.framework/Versions/A/Frameworks/vecLib.framework/Versions/A/libLAPACK.dylib
0x00000000046d8000 	/System/Library/Frameworks/Accelerate.framework/Versions/A/Frameworks/vecLib.framework/Versions/A/libBLAS.dylib
0x00000000046d8000 	/System/Library/Frameworks/Accelerate.framework/Versions/A/Frameworks/vecLib.framework/Versions/A/libLinearAlgebra.dylib
0x00000000046d8000 	/System/Library/Frameworks/Accelerate.framework/Versions/A/Frameworks/vecLib.framework/Versions/A/libSparse.dylib
0x00000000046d8000 	/System/Library/Frameworks/Accelerate.framework/Versions/A/Frameworks/vecLib.framework/Versions/A/libSparseBLAS.dylib
0x00000000046d8000 	/System/Library/PrivateFrameworks/GPUWrangler.framework/Versions/A/GPUWrangler
0x00000000046d8000 	/System/Library/PrivateFrameworks/IOAccelerator.framework/Versions/A/IOAccelerator
0x00000000046d8000 	/System/Library/PrivateFrameworks/IOPresentment.framework/Versions/A/IOPresentment
0x00000000046d8000 	/System/Library/PrivateFrameworks/DSExternalDisplay.framework/Versions/A/DSExternalDisplay
0x00000000046d8000 	/System/Library/Frameworks/OpenGL.framework/Versions/A/Libraries/libCoreFSCache.dylib
0x00000000046d8000 	/System/Library/Frameworks/CoreVideo.framework/Versions/A/CoreVideo
0x00000000046d8000 	/System/Library/PrivateFrameworks/GraphVisualizer.framework/Versions/A/GraphVisualizer
0x00000000046d8000 	/System/Library/Frameworks/MetalPerformanceShaders.framework/Versions/A/MetalPerformanceShaders
0x00000000046d8000 	/usr/lib/libFosl_dynamic.dylib
0x00000000046d8000 	/System/Library/PrivateFrameworks/FaceCore.framework/Versions/A/FaceCore
0x00000000046d8000 	/System/Library/Frameworks/OpenCL.framework/Versions/A/OpenCL
0x00000000046d8000 	/usr/lib/libcompression.dylib
0x00000000046d8000 	/System/Library/Frameworks/ApplicationServices.framework/Versions/A/Frameworks/ATS.framework/Versions/A/Resources/libFontParser.dylib
0x00000000046d8000 	/System/Library/Frameworks/ApplicationServices.framework/Versions/A/Frameworks/ATS.framework/Versions/A/Resources/libFontRegistry.dylib
0x00000000046d8000 	/System/Library/Frameworks/ImageIO.framework/Versions/A/Resources/libJPEG.dylib
0x00000000046d8000 	/System/Library/Frameworks/ImageIO.framework/Versions/A/Resources/libTIFF.dylib
0x00000000046d8000 	/System/Library/Frameworks/ImageIO.framework/Versions/A/Resources/libPng.dylib
0x00000000046d8000 	/System/Library/Frameworks/ImageIO.framework/Versions/A/Resources/libGIF.dylib
0x00000000046d8000 	/System/Library/Frameworks/ImageIO.framework/Versions/A/Resources/libJP2.dylib
0x00000000046d8000 	/System/Library/Frameworks/ImageIO.framework/Versions/A/Resources/libRadiance.dylib
0x00000000046d8000 	/System/Library/PrivateFrameworks/AppleJPEG.framework/Versions/A/AppleJPEG
0x00000000046d8000 	/System/Library/Frameworks/MetalPerformanceShaders.framework/Frameworks/MPSCore.framework/Versions/A/MPSCore
0x00000000046d8000 	/System/Library/Frameworks/MetalPerformanceShaders.framework/Frameworks/MPSImage.framework/Versions/A/MPSImage
0x00000000046d8000 	/System/Library/Frameworks/MetalPerformanceShaders.framework/Frameworks/MPSNeuralNetwork.framework/Versions/A/MPSNeuralNetwork
0x00000000046d8000 	/System/Library/Frameworks/MetalPerformanceShaders.framework/Frameworks/MPSMatrix.framework/Versions/A/MPSMatrix
0x00000000046d8000 	/System/Library/PrivateFrameworks/MetalTools.framework/Versions/A/MetalTools
0x00000000046d8000 	/System/Library/Frameworks/OpenGL.framework/Versions/A/Libraries/libGLU.dylib
0x00000000046d8000 	/System/Library/Frameworks/OpenGL.framework/Versions/A/Libraries/libGFXShared.dylib
0x00000000046d8000 	/System/Library/Frameworks/OpenGL.framework/Versions/A/Libraries/libGL.dylib
0x00000000046d8000 	/System/Library/Frameworks/OpenGL.framework/Versions/A/Libraries/libGLImage.dylib
0x00000000046d8000 	/System/Library/Frameworks/OpenGL.framework/Versions/A/Libraries/libCVMSPluginSupport.dylib
0x00000000046d8000 	/System/Library/Frameworks/OpenGL.framework/Versions/A/Libraries/libCoreVMClient.dylib
0x00000000046d8000 	/usr/lib/libcups.2.dylib
0x00000000046d8000 	/System/Library/Frameworks/Kerberos.framework/Versions/A/Kerberos
0x00000000046d8000 	/System/Library/Frameworks/GSS.framework/Versions/A/GSS
0x00000000046d8000 	/usr/lib/libresolv.9.dylib
0x00000000046d8000 	/usr/lib/libiconv.2.dylib
0x00000000046d8000 	/System/Library/PrivateFrameworks/Heimdal.framework/Versions/A/Heimdal
0x00000000046d8000 	/usr/lib/libheimdal-asn1.dylib
0x00000000046d8000 	/System/Library/Frameworks/OpenDirectory.framework/Versions/A/OpenDirectory
0x00000000046d8000 	/System/Library/PrivateFrameworks/CommonAuth.framework/Versions/A/CommonAuth
0x00000000046d8000 	/System/Library/Frameworks/OpenDirectory.framework/Versions/A/Frameworks/CFOpenDirectory.framework/Versions/A/CFOpenDirectory
0x00000000046d8000 	/System/Library/Frameworks/SecurityFoundation.framework/Versions/A/SecurityFoundation
0x00000000046d8000 	/System/Library/PrivateFrameworks/APFS.framework/Versions/A/APFS
0x00000000046d8000 	/usr/lib/libutil.dylib
0x00000000046d8000 	/System/Library/PrivateFrameworks/AppleSauce.framework/Versions/A/AppleSauce
0x00000000046d8000 	/System/Library/PrivateFrameworks/LinguisticData.framework/Versions/A/LinguisticData
0x00000000046d8000 	/usr/lib/libmarisa.dylib
0x00000000046d8000 	/System/Library/PrivateFrameworks/Lexicon.framework/Versions/A/Lexicon
0x00000000046d8000 	/usr/lib/libChineseTokenizer.dylib
0x00000000046d8000 	/usr/lib/libcmph.dylib
0x00000000046d8000 	/System/Library/PrivateFrameworks/LanguageModeling.framework/Versions/A/LanguageModeling
0x00000000046d8000 	/System/Library/PrivateFrameworks/CoreEmoji.framework/Versions/A/CoreEmoji
0x00000000046d8000 	/System/Library/Frameworks/ServiceManagement.framework/Versions/A/ServiceManagement
0x00000000046d8000 	/System/Library/PrivateFrameworks/BackgroundTaskManagement.framework/Versions/A/BackgroundTaskManagement
0x00000000046d8000 	/usr/lib/libxslt.1.dylib
0x00000000046d8000 	/System/Library/Frameworks/Carbon.framework/Versions/A/Frameworks/Ink.framework/Versions/A/Ink
0x00000000046d8000 	/System/Library/PrivateFrameworks/TextureIO.framework/Versions/A/TextureIO
0x00000000046d8000 	/usr/lib/libate.dylib
0x00000000046d8000 	/System/Library/PrivateFrameworks/CrashReporterSupport.framework/Versions/A/CrashReporterSupport
0x00000000046d8000 	/System/Library/PrivateFrameworks/Sharing.framework/Versions/A/Sharing
0x00000000046d8000 	/System/Library/PrivateFrameworks/IconServices.framework/Versions/A/IconServices
0x00000000046d8000 	/System/Library/PrivateFrameworks/Apple80211.framework/Versions/A/Apple80211
0x00000000046d8000 	/System/Library/PrivateFrameworks/CoreUtils.framework/Versions/A/CoreUtils
0x00000000046d8000 	/System/Library/Frameworks/CoreWLAN.framework/Versions/A/CoreWLAN
0x00000000046d8000 	/System/Library/Frameworks/IOBluetooth.framework/Versions/A/IOBluetooth
0x00000000046d8000 	/System/Library/PrivateFrameworks/ProtocolBuffer.framework/Versions/A/ProtocolBuffer
0x00000000046d8000 	/System/Library/PrivateFrameworks/CoreWiFi.framework/Versions/A/CoreWiFi
0x00000000046d8000 	/System/Library/Frameworks/CoreBluetooth.framework/Versions/A/CoreBluetooth
0x00000000046d8000 	/System/Library/PrivateFrameworks/DebugSymbols.framework/Versions/A/DebugSymbols
0x00000000046d8000 	/System/Library/PrivateFrameworks/CoreSymbolication.framework/Versions/A/CoreSymbolication
0x00000000046d8000 	/System/Library/PrivateFrameworks/Symbolication.framework/Versions/A/Symbolication
0x00000000046d8000 	/System/Library/PrivateFrameworks/AppleFSCompression.framework/Versions/A/AppleFSCompression
0x00000000046d8000 	/System/Library/PrivateFrameworks/SpeechRecognitionCore.framework/Versions/A/SpeechRecognitionCore
0x000000010f400000 	/Library/Java/JavaVirtualMachines/jdk1.8.0_151.jdk/Contents/Home/jre/lib/server/libjvm.dylib
0x00000000046d8000 	/usr/lib/libstdc++.6.0.9.dylib
0x000000010ebb1000 	/Library/Java/JavaVirtualMachines/jdk1.8.0_151.jdk/Contents/Home/jre/lib/libverify.dylib
0x000000010ebbf000 	/Library/Java/JavaVirtualMachines/jdk1.8.0_151.jdk/Contents/Home/jre/lib/libjava.dylib
0x00000001103e7000 	/Library/Java/JavaVirtualMachines/jdk1.8.0_151.jdk/Contents/Home/jre/lib/libzip.dylib
0x00000000046d8000 	/System/Library/Frameworks/JavaVM.framework/Versions/A/Frameworks/JavaRuntimeSupport.framework/Versions/A/JavaRuntimeSupport
0x00000000046d8000 	/System/Library/Frameworks/JavaVM.framework/Versions/A/Frameworks/JavaNativeFoundation.framework/Versions/A/JavaNativeFoundation
0x00000000046d8000 	/System/Library/Frameworks/JavaVM.framework/Versions/A/JavaVM
0x00000000046d8000 	/System/Library/Frameworks/Carbon.framework/Versions/A/Carbon
0x00000000046d8000 	/System/Library/PrivateFrameworks/JavaLaunching.framework/Versions/A/JavaLaunching
0x00000000046d8000 	/System/Library/Frameworks/Carbon.framework/Versions/A/Frameworks/CommonPanels.framework/Versions/A/CommonPanels
0x00000000046d8000 	/System/Library/Frameworks/Carbon.framework/Versions/A/Frameworks/Help.framework/Versions/A/Help
0x00000000046d8000 	/System/Library/Frameworks/Carbon.framework/Versions/A/Frameworks/ImageCapture.framework/Versions/A/ImageCapture
0x00000000046d8000 	/System/Library/Frameworks/Carbon.framework/Versions/A/Frameworks/OpenScripting.framework/Versions/A/OpenScripting
0x00000000046d8000 	/System/Library/Frameworks/Carbon.framework/Versions/A/Frameworks/Print.framework/Versions/A/Print
0x00000000046d8000 	/System/Library/Frameworks/Carbon.framework/Versions/A/Frameworks/SecurityHI.framework/Versions/A/SecurityHI
0x000000012778c000 	/Library/Java/JavaVirtualMachines/jdk1.8.0_151.jdk/Contents/Home/jre/lib/libawt.dylib
0x0000000127834000 	/Library/Java/JavaVirtualMachines/jdk1.8.0_151.jdk/Contents/Home/jre/lib/./libmlib_image.dylib
0x0000000127900000 	/Library/Java/JavaVirtualMachines/jdk1.8.0_151.jdk/Contents/Home/jre/lib/libawt_lwawt.dylib
0x00000001279b7000 	/Library/Java/JavaVirtualMachines/jdk1.8.0_151.jdk/Contents/Home/jre/lib/./libosxapp.dylib
0x00000000046d8000 	/System/Library/Frameworks/ExceptionHandling.framework/Versions/A/ExceptionHandling
0x00000000046d8000 	/System/Library/PrivateFrameworks/CoreServicesInternal.framework/Versions/A/CoreServicesInternal
0x00000000046d8000 	/System/Library/CoreServices/RawCamera.bundle/Contents/MacOS/RawCamera
0x00000000046d8000 	/System/Library/PrivateFrameworks/MobileAsset.framework/Versions/A/MobileAsset
0x00000000046d8000 	/System/Library/PrivateFrameworks/StreamingZip.framework/Versions/A/StreamingZip
0x00000000046d8000 	/System/Library/Frameworks/MediaToolbox.framework/Versions/A/MediaToolbox
0x00000000046d8000 	/System/Library/PrivateFrameworks/CoreAVCHD.framework/Versions/A/CoreAVCHD
0x00000000046d8000 	/System/Library/Frameworks/MediaAccessibility.framework/Versions/A/MediaAccessibility
0x00000000046d8000 	/System/Library/PrivateFrameworks/Mangrove.framework/Versions/A/Mangrove
0x00000000046d8000 	/System/Library/Frameworks/CoreMedia.framework/Versions/A/CoreMedia
0x00000000046d8000 	/System/Library/Frameworks/VideoToolbox.framework/Versions/A/VideoToolbox
0x00000000046d8000 	/System/Library/PrivateFrameworks/CoreAUC.framework/Versions/A/CoreAUC
0x00000000046d8000 	/usr/lib/libspindump.dylib
0x00000000046d8000 	/System/Library/PrivateFrameworks/AppleVA.framework/Versions/A/AppleVA
0x00000000046d8000 	/System/Library/Frameworks/Accelerate.framework/Versions/A/Frameworks/vImage.framework/Versions/A/Libraries/libCGInterfaces.dylib
0x00000000046d8000 	/System/Library/Frameworks/ApplicationServices.framework/Versions/A/Frameworks/ATS.framework/Versions/A/Resources/libTrueTypeScaler.dylib
0x00000000046d8000 	/System/Library/Extensions/AppleIntelHD5000GraphicsMTLDriver.bundle/Contents/MacOS/AppleIntelHD5000GraphicsMTLDriver
0x00000000046d8000 	/System/Library/PrivateFrameworks/GPUCompiler.framework/Versions/3802/Libraries/libmetal_timestamp.dylib
0x00000000046d8000 	/System/Library/PrivateFrameworks/FamilyControls.framework/Versions/A/FamilyControls
0x00000000046d8000 	/System/Library/PrivateFrameworks/CommerceKit.framework/Versions/A/Frameworks/CommerceCore.framework/Versions/A/CommerceCore
0x00000000046d8000 	/System/Library/PrivateFrameworks/SystemAdministration.framework/Versions/A/SystemAdministration
0x00000000046d8000 	/System/Library/PrivateFrameworks/AppContainer.framework/Versions/A/AppContainer
0x00000000046d8000 	/System/Library/PrivateFrameworks/SecCodeWrapper.framework/Versions/A/SecCodeWrapper
0x00000000046d8000 	/System/Library/PrivateFrameworks/DiskManagement.framework/Versions/A/DiskManagement
0x00000000046d8000 	/System/Library/Frameworks/DirectoryService.framework/Versions/A/DirectoryService
0x00000000046d8000 	/System/Library/PrivateFrameworks/DiskImages.framework/Versions/A/DiskImages
0x00000000046d8000 	/System/Library/PrivateFrameworks/LoginUIKit.framework/Versions/A/Frameworks/LoginUICore.framework/Versions/A/LoginUICore
0x00000000046d8000 	/usr/lib/libCoreStorage.dylib
0x00000000046d8000 	/usr/lib/libcsfde.dylib
0x00000000046d8000 	/usr/lib/libodfde.dylib
0x00000000046d8000 	/System/Library/PrivateFrameworks/MediaKit.framework/Versions/A/MediaKit
0x00000000046d8000 	/System/Library/Frameworks/DiscRecording.framework/Versions/A/DiscRecording
0x00000000046d8000 	/System/Library/PrivateFrameworks/EFILogin.framework/Versions/A/EFILogin
0x00000000046d8000 	/System/Library/PrivateFrameworks/ProtectedCloudStorage.framework/Versions/A/ProtectedCloudStorage
0x00000000046d8000 	/usr/lib/libcurl.4.dylib
0x00000000046d8000 	/usr/lib/libcrypto.35.dylib
0x00000000046d8000 	/usr/lib/libssl.35.dylib
0x00000000046d8000 	/System/Library/Frameworks/LDAP.framework/Versions/A/LDAP
0x00000000046d8000 	/System/Library/PrivateFrameworks/TrustEvaluationAgent.framework/Versions/A/TrustEvaluationAgent
0x00000000046d8000 	/usr/lib/libsasl2.2.dylib
0x00000000046d8000 	/System/Library/PrivateFrameworks/CoreDaemon.framework/Versions/B/CoreDaemon
0x00000000046d8000 	/System/Library/PrivateFrameworks/AppleSRP.framework/Versions/A/AppleSRP
0x00000000046d8000 	/System/Library/Frameworks/OpenGL.framework/Versions/A/Resources/GLEngine.bundle/GLEngine
0x00000000046d8000 	/System/Library/Frameworks/OpenGL.framework/Versions/A/Libraries/libGLProgrammability.dylib
0x0000000129afe000 	/System/Library/Extensions/AppleIntelHD5000GraphicsGLDriver.bundle/Contents/MacOS/AppleIntelHD5000GraphicsGLDriver
0x00000000046d8000 	/System/Library/PrivateFrameworks/GPUSupport.framework/Versions/A/Libraries/libGPUSupportMercury.dylib
0x00000000046d8000 	/System/Library/Frameworks/OpenGL.framework/Versions/A/Resources/GLRendererFloat.bundle/GLRendererFloat
0x00000000046d8000 	/System/Library/Frameworks/OpenCL.framework/Versions/A/Libraries/libcldcpuengine.dylib
0x000000012aaf5000 	/Library/Java/JavaVirtualMachines/jdk1.8.0_151.jdk/Contents/Home/jre/lib/libfontmanager.dylib
0x00000000046d8000 	/System/Library/PrivateFrameworks/ViewBridge.framework/Versions/A/ViewBridge
0x000000012bfa4000 	/Library/Java/JavaVirtualMachines/jdk1.8.0_151.jdk/Contents/Home/jre/lib/libosxui.dylib
0x000000012ce3d000 	/Library/Java/JavaVirtualMachines/jdk1.8.0_151.jdk/Contents/Home/jre/lib/libnet.dylib
0x000000012cc86000 	/Library/Java/JavaVirtualMachines/jdk1.8.0_151.jdk/Contents/Home/jre/lib/libnio.dylib
0x0000000128762000 	/private/var/folders/2b/rxb1vsr90zqgm70cphy2n7sh0000gn/T/jogamp_0000/file_cache/jln6781072297143601290/jln1260539144842664947/libgluegen-rt.jnilib
0x0000000128766000 	/private/var/folders/2b/rxb1vsr90zqgm70cphy2n7sh0000gn/T/jogamp_0000/file_cache/jln6781072297143601290/jln1260539144842664947/libnativewindow_awt.jnilib
0x0000000128769000 	/Library/Java/JavaVirtualMachines/jdk1.8.0_151.jdk/Contents/Home/jre/lib/libjawt.dylib
0x000000012876d000 	/private/var/folders/2b/rxb1vsr90zqgm70cphy2n7sh0000gn/T/jogamp_0000/file_cache/jln6781072297143601290/jln1260539144842664947/libnativewindow_macosx.jnilib
0x00000001988d4000 	/private/var/folders/2b/rxb1vsr90zqgm70cphy2n7sh0000gn/T/jogamp_0000/file_cache/jln6781072297143601290/jln1260539144842664947/libjogl_desktop.jnilib
0x000000019b37d000 	/Library/Java/JavaVirtualMachines/jdk1.8.0_151.jdk/Contents/Home/jre/lib/libsunec.dylib
0x000000019ed0a000 	/Library/Java/JavaVirtualMachines/jdk1.8.0_151.jdk/Contents/Home/jre/lib/libt2k.dylib

VM Arguments:
jvm_args: -Djava.security.policy=java.policy.applet -Dfile.encoding=UTF-8 
java_command: sun.applet.AppletViewer module5.EarthquakeCityMap1531643870595.html
java_class_path (initial): /Library/Java/JavaVirtualMachines/jdk1.8.0_151.jdk/Contents/Home/jre/lib/resources.jar:/Library/Java/JavaVirtualMachines/jdk1.8.0_151.jdk/Contents/Home/jre/lib/rt.jar:/Library/Java/JavaVirtualMachines/jdk1.8.0_151.jdk/Contents/Home/jre/lib/jsse.jar:/Library/Java/JavaVirtualMachines/jdk1.8.0_151.jdk/Contents/Home/jre/lib/jce.jar:/Library/Java/JavaVirtualMachines/jdk1.8.0_151.jdk/Contents/Home/jre/lib/charsets.jar:/Library/Java/JavaVirtualMachines/jdk1.8.0_151.jdk/Contents/Home/jre/lib/jfr.jar:/Library/Java/JavaVirtualMachines/jdk1.8.0_151.jdk/Contents/Home/jre/lib/ext/sunec.jar:/Library/Java/JavaVirtualMachines/jdk1.8.0_151.jdk/Contents/Home/jre/lib/ext/nashorn.jar:/Library/Java/JavaVirtualMachines/jdk1.8.0_151.jdk/Contents/Home/jre/lib/ext/cldrdata.jar:/Library/Java/JavaVirtualMachines/jdk1.8.0_151.jdk/Contents/Home/jre/lib/ext/jfxrt.jar:/Library/Java/JavaVirtualMachines/jdk1.8.0_151.jdk/Contents/Home/jre/lib/ext/dnsns.jar:/Library/Java/JavaVirtualMachines/jdk1.8.0_151.jdk/Contents/Home/jre/lib/ext/localedata.jar:/Library/Java/JavaVirtualMachines/jdk1.8.0_151.jdk/Contents/Home/jre/lib/ext/sunjce_provider.jar:/Library/Java/JavaVirtualMachines/jdk1.8.0_151.jdk/Contents/Home/jre/lib/ext/sunpkcs11.jar:/Library/Java/JavaVirtualMachines/jdk1.8.0_151.jdk/Contents/Home/jre/lib/ext/jaccess.jar:/Library/Java/JavaVirtualMachines/jdk1.8.0_151.jdk/Contents/Home/jre/lib/ext/zipfs.jar:/System/Library/Java/Extensions/MRJToolkit.jar:/Users/yunsangil/Documents/computing/JAVA/UCSDUnfoldingMaps/build:/Users/yunsangil/Documents/computing/JAVA/UCSDUnfoldingMaps/lib/core.jar:/Users/yunsangil/Documents/computing/JAVA/UCSDUnfoldingMaps/lib/gluegen-rt.jar:/Users/yunsangil/Documents/computing/JAVA/UCSDUnfoldingMaps/lib/jogl-all.jar:/Users/yunsangil/Documents/computing/JAVA/UCSDUnfoldingMaps/lib/log4j-1.2.15.jar:/Users/yunsangil/Documents/computing/JAVA/UCSDUnfoldingMaps/lib/sqlite-jdbc-3.7.2.jar:/Users/yunsangil/Documents/computing/JAVA/UCSDUnfoldingMaps/lib/json4
Launcher Type: SUN_STANDARD

Environment Variables:
PATH=/usr/bin:/bin:/usr/sbin:/sbin
SHELL=/bin/bash

Signal Handlers:
SIGSEGV: [libjvm.dylib+0x5b27a5], sa_mask[0]=11111111011111110111111111111111, sa_flags=SA_ONSTACK|SA_RESTART|SA_SIGINFO
SIGBUS: [libjvm.dylib+0x5b27a5], sa_mask[0]=11111111011111110111111111111111, sa_flags=SA_RESTART|SA_SIGINFO
SIGFPE: [libjvm.dylib+0x4891c4], sa_mask[0]=11111111011111110111111111111111, sa_flags=SA_RESTART|SA_SIGINFO
SIGPIPE: [libjvm.dylib+0x4891c4], sa_mask[0]=11111111011111110111111111111111, sa_flags=SA_RESTART|SA_SIGINFO
SIGXFSZ: [libjvm.dylib+0x4891c4], sa_mask[0]=11111111011111110111111111111111, sa_flags=SA_RESTART|SA_SIGINFO
SIGILL: [libjvm.dylib+0x4891c4], sa_mask[0]=11111111011111110111111111111111, sa_flags=SA_RESTART|SA_SIGINFO
SIGUSR1: SIG_DFL, sa_mask[0]=00000000000000000000000000000000, sa_flags=none
SIGUSR2: [libjvm.dylib+0x488ce2], sa_mask[0]=00100000000000000000000000000000, sa_flags=SA_RESTART|SA_SIGINFO
SIGHUP: [libjvm.dylib+0x4872b9], sa_mask[0]=11111111011111110111111111111111, sa_flags=SA_RESTART|SA_SIGINFO
SIGINT: [libjvm.dylib+0x4872b9], sa_mask[0]=11111111011111110111111111111111, sa_flags=SA_RESTART|SA_SIGINFO
SIGTERM: [libjvm.dylib+0x4872b9], sa_mask[0]=11111111011111110111111111111111, sa_flags=SA_RESTART|SA_SIGINFO
SIGQUIT: [libjvm.dylib+0x4872b9], sa_mask[0]=11111111011111110111111111111111, sa_flags=SA_RESTART|SA_SIGINFO


---------------  S Y S T E M  ---------------

OS:Bsduname:Darwin 17.6.0 Darwin Kernel Version 17.6.0: Tue May  8 15:22:16 PDT 2018; root:xnu-4570.61.1~1/RELEASE_X86_64 x86_64
rlimit: STACK 8192k, CORE 0k, NPROC 709, NOFILE 10240, AS infinity
load average:3.90 3.01 2.55

CPU:total 4 (initial active 4) (2 cores per cpu, 2 threads per core) family 6 model 69 stepping 1, cmov, cx8, fxsr, mmx, sse, sse2, sse3, ssse3, sse4.1, sse4.2, popcnt, avx, avx2, aes, clmul, erms, lzcnt, ht, tsc, tscinvbit, bmi1, bmi2

Memory: 4k page, physical 8388608k(70520k free)

/proc/meminfo:


vm_info: Java HotSpot(TM) 64-Bit Server VM (25.151-b12) for bsd-amd64 JRE (1.8.0_151-b12), built on Sep  5 2017 19:37:08 by "java_re" with gcc 4.2.1 (Based on Apple Inc. build 5658) (LLVM build 2336.11.00)

time: Sun Jul 15 17:38:26 2018
elapsed time: 35 seconds (0d 0h 0m 35s)

