#
# A fatal error has been detected by the Java Runtime Environment:
#
#  SIGSEGV (0xb) at pc=0x00007fff5345e181, pid=20819, tid=0x0000000000000307
#
# JRE version: Java(TM) SE Runtime Environment (8.0_151-b12) (build 1.8.0_151-b12)
# Java VM: Java HotSpot(TM) 64-Bit Server VM (25.151-b12 mixed mode bsd-amd64 compressed oops)
# Problematic frame:
# C  [libobjc.A.dylib+0x9181]  objc_release+0x21
#
# Failed to write core dump. Core dumps have been disabled. To enable core dumping, try "ulimit -c unlimited" before starting Java again
#
# If you would like to submit a bug report, please visit:
#   http://bugreport.java.com/bugreport/crash.jsp
# The crash happened outside the Java Virtual Machine in native code.
# See problematic frame for where to report the bug.
#

---------------  T H R E A D  ---------------

Current thread (0x00007fb2ad0e9000):  JavaThread "AWT-AppKit" daemon [_thread_in_native, id=775, stack(0x00007ffee7e61000,0x00007ffee8661000)]

siginfo: si_signo: 11 (SIGSEGV), si_code: 0 (unknown), si_addr: 0x0000000000000000

Registers:
RAX=0x00007ffffffffff8, RBX=0x0000000000000000, RCX=0x0000000000000003, RDX=0x00007fb2b12f97f8
RSP=0x00007ffee865bc90, RBP=0x00007ffee865bc90, RSI=0x000000010f974010, RDI=0x900007fb2abed3fc
R8 =0x9e3779b97f4a7c55, R9 =0x0000000000000001, R10=0x00000001211ca840, R11=0x00007fb2b22a9f10
R12=0x0000000000000000, R13=0x00000001911c84f0, R14=0x00007fb2abed7730, R15=0x00007fb2ad0e9000
RIP=0x00007fff5345e181, EFLAGS=0x0000000000010246, ERR=0x0000000000000000
  TRAPNO=0x000000000000000d

Top of Stack: (sp=0x00007ffee865bc90)
0x00007ffee865bc90:   00007ffee865bcc0 000000010f8fbf5c
0x00007ffee865bca0:   00007ffee865bcc0 00000001211ca450
0x00007ffee865bcb0:   00000001211ca440 00007fb2ad0e9000
0x00007ffee865bcc0:   00007ffee865bd80 00000001211c8215
0x00007ffee865bcd0:   00000001211ca700 00000001211ca6e0
0x00007ffee865bce0:   00000001211ca4b0 0000000000000000
0x00007ffee865bcf0:   00000001911c84f0 00000001911c84f0
0x00007ffee865bd00:   00007fb2b12f97f0 00000001211ca6a0
0x00007ffee865bd10:   00000001211ca710 00007fff8634ab38
0x00007ffee865bd20:   00007fff87a99178 00000001211ca450
0x00007ffee865bd30:   00000001211ca690 00007fb2b12f97f0
0x00007ffee865bd40:   00007fb2abed7730 00007fb2abe3d980
0x00007ffee865bd50:   00007fb2b12f97f0 00007fb2abed7730
0x00007ffee865bd60:   00007ffee865be08 00007fb2ad0e91f8
0x00007ffee865bd70:   00000001911c84f0 00007ffee865be30
0x00007ffee865bd80:   00007ffee865bdf8 000000010ff669f4
0x00007ffee865bd90:   00000001911c84f0 00007ffee865be30
0x00007ffee865bda0:   00007ffee865bdf8 000000010ff66787
0x00007ffee865bdb0:   000000010ff66742 00007ffee865bdb8
0x00007ffee865bdc0:   00000001911c84f0 00007ffee865be30
0x00007ffee865bdd0:   00000001911cb128 0000000000000000
0x00007ffee865bde0:   00000001911c84f0 0000000000000000
0x00007ffee865bdf0:   00007ffee865be18 00007ffee865be78
0x00007ffee865be00:   000000010ff572bd 0000000740344d68
0x00007ffee865be10:   000000010ff60538 00007fb2b12f97f0
0x00007ffee865be20:   00007ffee865be78 00007fb2abed7730
0x00007ffee865be30:   000000010ff61e02 00007ffee865be38
0x00007ffee865be40:   00000001911c86ba 00007ffee865bea0
0x00007ffee865be50:   00000001911cb128 0000000000000000
0x00007ffee865be60:   00000001911c86c8 00007ffee865be18
0x00007ffee865be70:   00007ffee865be88 00007ffee865bee8
0x00007ffee865be80:   000000010ff572bd 00007fb2b12f97f0 

Instructions: (pc=0x00007fff5345e181)
0x00007fff5345e161:   48 89 e5 48 85 ff 0f 84 9c 00 00 00 40 f6 c7 01
0x00007fff5345e171:   0f 85 92 00 00 00 48 b8 f8 ff ff ff ff 7f 00 00
0x00007fff5345e181:   48 23 07 f6 40 20 02 74 5e 48 b9 00 00 00 00 00
0x00007fff5345e191:   00 00 01 48 ba 00 00 00 00 00 00 40 00 48 8b 07 

Register to memory mapping:

RAX=0x00007ffffffffff8 is an unknown value
RBX=0x0000000000000000 is an unknown value
RCX=0x0000000000000003 is an unknown value
RDX=0x00007fb2b12f97f8 is an unknown value
RSP=0x00007ffee865bc90 is pointing into the stack for thread: 0x00007fb2ad0e9000
RBP=0x00007ffee865bc90 is pointing into the stack for thread: 0x00007fb2ad0e9000
RSI=0x000000010f974010: OBJC_IVAR_$_PrinterView.fCurPeekGraphics+0x1af0 in /Library/Java/JavaVirtualMachines/jdk1.8.0_151.jdk/Contents/Home/jre/lib/libawt_lwawt.dylib at 0x000000010f8f7000
RDI=0x900007fb2abed3fc is an unknown value
R8 =0x9e3779b97f4a7c55 is an unknown value
R9 =0x0000000000000001 is an unknown value
R10=0x00000001211ca840: OBJC_CLASS_$_MyCALayer+0 in /private/var/folders/2b/rxb1vsr90zqgm70cphy2n7sh0000gn/T/jogamp_0000/file_cache/jln3745378464562613997/jln7097022714111295583/libnativewindow_macosx.jnilib at 0x00000001211c3000
R11=0x00007fb2b22a9f10 is an unknown value
R12=0x0000000000000000 is an unknown value
R13={method} {0x00000001911c84f0} 'UnsetJAWTRootSurfaceLayer0' '(JJ)V' in 'jogamp/nativewindow/jawt/macosx/MacOSXJAWTWindow'
R14=0x00007fb2abed7730 is an unknown value
R15=0x00007fb2ad0e9000 is a thread


Stack: [0x00007ffee7e61000,0x00007ffee8661000],  sp=0x00007ffee865bc90,  free space=8171k
Native frames: (J=compiled Java code, j=interpreted, Vv=VM code, C=native code)
C  [libobjc.A.dylib+0x9181]  objc_release+0x21
C  [libawt_lwawt.dylib+0x4f5c]  -[AWTSurfaceLayers setLayer:]+0x54
C  [libnativewindow_macosx.jnilib+0x5215]  Java_jogamp_nativewindow_jawt_macosx_MacOSXJAWTWindow_UnsetJAWTRootSurfaceLayer0+0x1a5
j  jogamp.nativewindow.jawt.macosx.MacOSXJAWTWindow.UnsetJAWTRootSurfaceLayer0(JJ)V+0
j  jogamp.nativewindow.jawt.macosx.MacOSXJAWTWindow.access$200(JJ)V+2
j  jogamp.nativewindow.jawt.macosx.MacOSXJAWTWindow$1.run()V+38
J 3152 C1 com.jogamp.common.util.RunnableTask.run()V (345 bytes) @ 0x00000001109bc734 [0x00000001109bc5a0+0x194]
v  ~StubRoutines::call_stub
V  [libjvm.dylib+0x2ee9aa]
V  [libjvm.dylib+0x325b59]
V  [libjvm.dylib+0x318327]
C  [libnativewindow_macosx.jnilib+0x5326]  Java_jogamp_nativewindow_jawt_macosx_MacOSXJAWTWindow_UnsetJAWTRootSurfaceLayer0+0x2b6
C  [Foundation+0x682b5]  __NSThreadPerformPerform+0x14e
C  [CoreFoundation+0xa3a61]  __CFRUNLOOP_IS_CALLING_OUT_TO_A_SOURCE0_PERFORM_FUNCTION__+0x11
C  [CoreFoundation+0x15d47c]  __CFRunLoopDoSource0+0x6c
C  [CoreFoundation+0x8651c]  __CFRunLoopDoSources0+0x12c
C  [CoreFoundation+0x8593d]  __CFRunLoopRun+0x50d
C  [CoreFoundation+0x851a3]  CFRunLoopRunSpecific+0x1e3
C  [HIToolbox+0x2fd96]  RunCurrentEventLoopInMode+0x11e
C  [HIToolbox+0x2fa0f]  ReceiveNextEventCommon+0x16e
C  [HIToolbox+0x2f884]  _BlockUntilNextEventMatchingListInModeWithFilter+0x40
C  [AppKit+0x41a73]  _DPSNextEvent+0x825
C  [AppKit+0x7d7e34]  -[NSApplication(NSEvent) _nextEventMatchingEventMask:untilDate:inMode:dequeue:]+0xbe4
C  [libosxapp.dylib+0x23aa]  -[NSApplicationAWT nextEventMatchingMask:untilDate:inMode:dequeue:]+0x7c
C  [AppKit+0x36885]  -[NSApplication run]+0x2fc
C  [libosxapp.dylib+0x214d]  +[NSApplicationAWT runAWTLoopWithApp:]+0x9c
C  [libawt_lwawt.dylib+0x45edf]  -[AWTStarter starter:]+0x389
C  [Foundation+0x682b5]  __NSThreadPerformPerform+0x14e
C  [CoreFoundation+0xa3a61]  __CFRUNLOOP_IS_CALLING_OUT_TO_A_SOURCE0_PERFORM_FUNCTION__+0x11
C  [CoreFoundation+0x15d47c]  __CFRunLoopDoSource0+0x6c
C  [CoreFoundation+0x864c0]  __CFRunLoopDoSources0+0xd0
C  [CoreFoundation+0x8593d]  __CFRunLoopRun+0x50d
C  [CoreFoundation+0x851a3]  CFRunLoopRunSpecific+0x1e3
C  [java+0x6465]  CreateExecutionEnvironment+0x367
C  [java+0x218c]  JLI_Launch+0x7a0
C  [java+0x84c2]  main+0x65
C  [java+0x19e4]  start+0x34
C  0x0000000000000007

Java frames: (J=compiled Java code, j=interpreted, Vv=VM code)
j  jogamp.nativewindow.jawt.macosx.MacOSXJAWTWindow.UnsetJAWTRootSurfaceLayer0(JJ)V+0
j  jogamp.nativewindow.jawt.macosx.MacOSXJAWTWindow.access$200(JJ)V+2
j  jogamp.nativewindow.jawt.macosx.MacOSXJAWTWindow$1.run()V+38
J 3152 C1 com.jogamp.common.util.RunnableTask.run()V (345 bytes) @ 0x00000001109bc734 [0x00000001109bc5a0+0x194]
v  ~StubRoutines::call_stub

---------------  P R O C E S S  ---------------

Java Threads: ( => current thread )
  0x00007fb2a22f4800 JavaThread "Thread-20" [_thread_blocked, id=35619, stack(0x0000700001f9b000,0x000070000209b000)]
  0x00007fb2adc30000 JavaThread "Animation Thread" [_thread_blocked, id=71963, stack(0x0000700003563000,0x0000700003663000)]
  0x00007fb2adc35800 JavaThread "AWT-EventQueue-1" [_thread_in_native, id=71439, stack(0x0000700003666000,0x0000700003766000)]
  0x00007fb2ac001000 JavaThread "DestroyJavaVM" [_thread_blocked, id=5635, stack(0x00007000020a1000,0x00007000021a1000)]
  0x00007fb2ac0b1000 JavaThread "AWT-EventQueue-0" [_thread_blocked, id=77831, stack(0x0000700003460000,0x0000700003560000)]
  0x00007fb2ad9de000 JavaThread "Java2D Disposer" daemon [_thread_blocked, id=49167, stack(0x00007000031d7000,0x00007000032d7000)]
  0x00007fb2ad148800 JavaThread "Java2D Queue Flusher" daemon [_thread_blocked, id=44159, stack(0x00007000030d4000,0x00007000031d4000)]
  0x00007fb2ac072800 JavaThread "AWT-Shutdown" [_thread_blocked, id=25131, stack(0x0000700002ecb000,0x0000700002fcb000)]
=>0x00007fb2ad0e9000 JavaThread "AWT-AppKit" daemon [_thread_in_native, id=775, stack(0x00007ffee7e61000,0x00007ffee8661000)]
  0x00007fb2ad81a000 JavaThread "Service Thread" daemon [_thread_blocked, id=17923, stack(0x0000700002cc5000,0x0000700002dc5000)]
  0x00007fb2ad082000 JavaThread "C1 CompilerThread2" daemon [_thread_blocked, id=18435, stack(0x0000700002bc2000,0x0000700002cc2000)]
  0x00007fb2ad081000 JavaThread "C2 CompilerThread1" daemon [_thread_blocked, id=14595, stack(0x0000700002abf000,0x0000700002bbf000)]
  0x00007fb2ad052800 JavaThread "C2 CompilerThread0" daemon [_thread_blocked, id=18947, stack(0x00007000029bc000,0x0000700002abc000)]
  0x00007fb2ac025800 JavaThread "Signal Dispatcher" daemon [_thread_blocked, id=19463, stack(0x00007000028b9000,0x00007000029b9000)]
  0x00007fb2ad005000 JavaThread "Finalizer" daemon [_thread_blocked, id=12035, stack(0x00007000027b6000,0x00007000028b6000)]
  0x00007fb2ac819800 JavaThread "Reference Handler" daemon [_thread_blocked, id=11779, stack(0x00007000026b3000,0x00007000027b3000)]

Other Threads:
  0x00007fb2ac801800 VMThread [stack: 0x00007000025b0000,0x00007000026b0000] [id=20995]
  0x00007fb2ad81b000 WatcherThread [stack: 0x0000700002dc8000,0x0000700002ec8000] [id=17667]

VM state:not at safepoint (normal execution)

VM Mutex/Monitor currently owned by a thread: None

Heap:
 PSYoungGen      total 240640K, used 56742K [0x0000000795580000, 0x00000007a5a00000, 0x00000007c0000000)
  eden space 227840K, 24% used [0x0000000795580000,0x0000000798ce9b78,0x00000007a3400000)
  from space 12800K, 0% used [0x00000007a4d80000,0x00000007a4d80000,0x00000007a5a00000)
  to   space 19456K, 0% used [0x00000007a3400000,0x00000007a3400000,0x00000007a4700000)
 ParOldGen       total 92672K, used 28291K [0x0000000740000000, 0x0000000745a80000, 0x0000000795580000)
  object space 92672K, 30% used [0x0000000740000000,0x0000000741ba0e78,0x0000000745a80000)
 Metaspace       used 31293K, capacity 31763K, committed 32000K, reserved 1079296K
  class space    used 2579K, capacity 2715K, committed 2816K, reserved 1048576K

Card table byte_map: [0x00000001091dc000,0x00000001095dd000] byte_map_base: 0x00000001057dc000

Marking Bits: (ParMarkBitMap*) 0x00000001086f35d0
 Begin Bits: [0x0000000109888000, 0x000000010b888000)
 End Bits:   [0x000000010b888000, 0x000000010d888000)

Polling page: 0x00000001075e6000

CodeCache: size=245760Kb used=12437Kb max_used=12437Kb free=233322Kb
 bounds [0x000000010ff4f000, 0x0000000110bbf000, 0x000000011ef4f000]
 total_blobs=4288 nmethods=3332 adapters=869
 compilation: enabled

Compilation events (10 events):
Event: 52.445 Thread 0x00007fb2ad082000 3827   !   3       java.awt.event.InputEvent::canAccessSystemClipboard (57 bytes)
Event: 52.447 Thread 0x00007fb2ad082000 nmethod 3827 0x000000011087b8d0 code [0x000000011087bae0, 0x000000011087c3f8]
Event: 52.485 Thread 0x00007fb2ad082000 3828   !   3       java.awt.DefaultKeyboardFocusManager::dispatchEvent (1589 bytes)
Event: 52.518 Thread 0x00007fb2ad082000 nmethod 3828 0x0000000110b9cf50 code [0x0000000110b9e6c0, 0x0000000110bb23e8]
Event: 52.851 Thread 0x00007fb2ad082000 3829       3       java.awt.Component::areInputMethodsEnabled (39 bytes)
Event: 52.852 Thread 0x00007fb2ad082000 nmethod 3829 0x00000001107b4cd0 code [0x00000001107b4e40, 0x00000001107b50b0]
Event: 52.852 Thread 0x00007fb2ad082000 3830       3       java.awt.Rectangle::isEmpty (20 bytes)
Event: 52.852 Thread 0x00007fb2ad082000 nmethod 3830 0x00000001107a71d0 code [0x00000001107a7340, 0x00000001107a7530]
Event: 52.854 Thread 0x00007fb2ad082000 3831       1       sun.java2d.SurfaceData::isValid (5 bytes)
Event: 52.854 Thread 0x00007fb2ad082000 nmethod 3831 0x0000000110176bd0 code [0x0000000110176d20, 0x0000000110176e30]

GC Heap History (10 events):
Event: 16.236 GC heap before
{Heap before GC invocations=8 (full 1):
 PSYoungGen      total 123904K, used 119047K [0x0000000795580000, 0x000000079e880000, 0x00000007c0000000)
  eden space 107008K, 100% used [0x0000000795580000,0x000000079be00000,0x000000079be00000)
  from space 16896K, 71% used [0x000000079cf00000,0x000000079dac1f08,0x000000079df80000)
  to   space 17408K, 0% used [0x000000079be00000,0x000000079be00000,0x000000079cf00000)
 ParOldGen       total 49664K, used 25096K [0x0000000740000000, 0x0000000743080000, 0x0000000795580000)
  object space 49664K, 50% used [0x0000000740000000,0x00000007418822c8,0x0000000743080000)
 Metaspace       used 31126K, capacity 31571K, committed 32000K, reserved 1079296K
  class space    used 2573K, capacity 2715K, committed 2816K, reserved 1048576K
Event: 16.263 GC heap after
Heap after GC invocations=8 (full 1):
 PSYoungGen      total 124416K, used 14776K [0x0000000795580000, 0x00000007a2b80000, 0x00000007c0000000)
  eden space 107008K, 0% used [0x0000000795580000,0x0000000795580000,0x000000079be00000)
  from space 17408K, 84% used [0x000000079be00000,0x000000079cc6e118,0x000000079cf00000)
  to   space 18944K, 0% used [0x00000007a1900000,0x00000007a1900000,0x00000007a2b80000)
 ParOldGen       total 49664K, used 25104K [0x0000000740000000, 0x0000000743080000, 0x0000000795580000)
  object space 49664K, 50% used [0x0000000740000000,0x00000007418842c8,0x0000000743080000)
 Metaspace       used 31126K, capacity 31571K, committed 32000K, reserved 1079296K
  class space    used 2573K, capacity 2715K, committed 2816K, reserved 1048576K
}
Event: 24.117 GC heap before
{Heap before GC invocations=9 (full 1):
 PSYoungGen      total 124416K, used 121784K [0x0000000795580000, 0x00000007a2b80000, 0x00000007c0000000)
  eden space 107008K, 100% used [0x0000000795580000,0x000000079be00000,0x000000079be00000)
  from space 17408K, 84% used [0x000000079be00000,0x000000079cc6e118,0x000000079cf00000)
  to   space 18944K, 0% used [0x00000007a1900000,0x00000007a1900000,0x00000007a2b80000)
 ParOldGen       total 49664K, used 25104K [0x0000000740000000, 0x0000000743080000, 0x0000000795580000)
  object space 49664K, 50% used [0x0000000740000000,0x00000007418842c8,0x0000000743080000)
 Metaspace       used 31206K, capacity 31699K, committed 32000K, reserved 1079296K
  class space    used 2573K, capacity 2715K, committed 2816K, reserved 1048576K
Event: 24.134 GC heap after
Heap after GC invocations=9 (full 1):
 PSYoungGen      total 186880K, used 11690K [0x0000000795580000, 0x00000007a2480000, 0x00000007c0000000)
  eden space 175104K, 0% used [0x0000000795580000,0x0000000795580000,0x00000007a0080000)
  from space 11776K, 99% used [0x00000007a1900000,0x00000007a246abd8,0x00000007a2480000)
  to   space 18432K, 0% used [0x00000007a0080000,0x00000007a0080000,0x00000007a1280000)
 ParOldGen       total 49664K, used 28201K [0x0000000740000000, 0x0000000743080000, 0x0000000795580000)
  object space 49664K, 56% used [0x0000000740000000,0x0000000741b8a738,0x0000000743080000)
 Metaspace       used 31206K, capacity 31699K, committed 32000K, reserved 1079296K
  class space    used 2573K, capacity 2715K, committed 2816K, reserved 1048576K
}
Event: 36.902 GC heap before
{Heap before GC invocations=10 (full 1):
 PSYoungGen      total 186880K, used 186794K [0x0000000795580000, 0x00000007a2480000, 0x00000007c0000000)
  eden space 175104K, 100% used [0x0000000795580000,0x00000007a0080000,0x00000007a0080000)
  from space 11776K, 99% used [0x00000007a1900000,0x00000007a246abd8,0x00000007a2480000)
  to   space 18432K, 0% used [0x00000007a0080000,0x00000007a0080000,0x00000007a1280000)
 ParOldGen       total 49664K, used 28201K [0x0000000740000000, 0x0000000743080000, 0x0000000795580000)
  object space 49664K, 56% used [0x0000000740000000,0x0000000741b8a738,0x0000000743080000)
 Metaspace       used 31207K, capacity 31699K, committed 32000K, reserved 1079296K
  class space    used 2573K, capacity 2715K, committed 2816K, reserved 1048576K
Event: 36.914 GC heap after
Heap after GC invocations=10 (full 1):
 PSYoungGen      total 193536K, used 4000K [0x0000000795580000, 0x00000007a6000000, 0x00000007c0000000)
  eden space 175104K, 0% used [0x0000000795580000,0x0000000795580000,0x00000007a0080000)
  from space 18432K, 21% used [0x00000007a0080000,0x00000007a04680e0,0x00000007a1280000)
  to   space 18944K, 0% used [0x00000007a4d80000,0x00000007a4d80000,0x00000007a6000000)
 ParOldGen       total 49664K, used 35519K [0x0000000740000000, 0x0000000743080000, 0x0000000795580000)
  object space 49664K, 71% used [0x0000000740000000,0x00000007422afcd0,0x0000000743080000)
 Metaspace       used 31207K, capacity 31699K, committed 32000K, reserved 1079296K
  class space    used 2573K, capacity 2715K, committed 2816K, reserved 1048576K
}
Event: 49.853 GC heap before
{Heap before GC invocations=11 (full 1):
 PSYoungGen      total 193536K, used 179104K [0x0000000795580000, 0x00000007a6000000, 0x00000007c0000000)
  eden space 175104K, 100% used [0x0000000795580000,0x00000007a0080000,0x00000007a0080000)
  from space 18432K, 21% used [0x00000007a0080000,0x00000007a04680e0,0x00000007a1280000)
  to   space 18944K, 0% used [0x00000007a4d80000,0x00000007a4d80000,0x00000007a6000000)
 ParOldGen       total 49664K, used 35519K [0x0000000740000000, 0x0000000743080000, 0x0000000795580000)
  object space 49664K, 71% used [0x0000000740000000,0x00000007422afcd0,0x0000000743080000)
 Metaspace       used 31207K, capacity 31699K, committed 32000K, reserved 1079296K
  class space    used 2573K, capacity 2715K, committed 2816K, reserved 1048576K
Event: 49.860 GC heap after
Heap after GC invocations=11 (full 1):
 PSYoungGen      total 240640K, used 128K [0x0000000795580000, 0x00000007a5a00000, 0x00000007c0000000)
  eden space 227840K, 0% used [0x0000000795580000,0x0000000795580000,0x00000007a3400000)
  from space 12800K, 1% used [0x00000007a4d80000,0x00000007a4da0000,0x00000007a5a00000)
  to   space 19456K, 0% used [0x00000007a3400000,0x00000007a3400000,0x00000007a4700000)
 ParOldGen       total 49664K, used 39436K [0x0000000740000000, 0x0000000743080000, 0x0000000795580000)
  object space 49664K, 79% used [0x0000000740000000,0x00000007426831c0,0x0000000743080000)
 Metaspace       used 31207K, capacity 31699K, committed 32000K, reserved 1079296K
  class space    used 2573K, capacity 2715K, committed 2816K, reserved 1048576K
}
Event: 49.860 GC heap before
{Heap before GC invocations=12 (full 2):
 PSYoungGen      total 240640K, used 128K [0x0000000795580000, 0x00000007a5a00000, 0x00000007c0000000)
  eden space 227840K, 0% used [0x0000000795580000,0x0000000795580000,0x00000007a3400000)
  from space 12800K, 1% used [0x00000007a4d80000,0x00000007a4da0000,0x00000007a5a00000)
  to   space 19456K, 0% used [0x00000007a3400000,0x00000007a3400000,0x00000007a4700000)
 ParOldGen       total 49664K, used 39436K [0x0000000740000000, 0x0000000743080000, 0x0000000795580000)
  object space 49664K, 79% used [0x0000000740000000,0x00000007426831c0,0x0000000743080000)
 Metaspace       used 31207K, capacity 31699K, committed 32000K, reserved 1079296K
  class space    used 2573K, capacity 2715K, committed 2816K, reserved 1048576K
Event: 49.930 GC heap after
Heap after GC invocations=12 (full 2):
 PSYoungGen      total 240640K, used 0K [0x0000000795580000, 0x00000007a5a00000, 0x00000007c0000000)
  eden space 227840K, 0% used [0x0000000795580000,0x0000000795580000,0x00000007a3400000)
  from space 12800K, 0% used [0x00000007a4d80000,0x00000007a4d80000,0x00000007a5a00000)
  to   space 19456K, 0% used [0x00000007a3400000,0x00000007a3400000,0x00000007a4700000)
 ParOldGen       total 92672K, used 28291K [0x0000000740000000, 0x0000000745a80000, 0x0000000795580000)
  object space 92672K, 30% used [0x0000000740000000,0x0000000741ba0e78,0x0000000745a80000)
 Metaspace       used 31207K, capacity 31699K, committed 32000K, reserved 1079296K
  class space    used 2573K, capacity 2715K, committed 2816K, reserved 1048576K
}

Deoptimization events (10 events):
Event: 52.853 Thread 0x00007fb2ac0b1000 Uncommon trap: reason=unstable_if action=reinterpret pc=0x0000000110b7c61c method=sun.java2d.pipe.Region.intersectsQuickCheck(Lsun/java2d/pipe/Region;)Z @ 41
Event: 52.854 Thread 0x00007fb2ac0b1000 Uncommon trap: reason=unstable_if action=reinterpret pc=0x00000001108f083c method=java.awt.font.FontRenderContext.equals(Ljava/awt/font/FontRenderContext;)Z @ 2
Event: 52.867 Thread 0x00007fb2ac9f1000 Uncommon trap: reason=bimorphic action=maybe_recompile pc=0x00000001104edb38 method=java.util.HashMap.putVal(ILjava/lang/Object;Ljava/lang/Object;ZZ)Ljava/lang/Object; @ 91
Event: 52.867 Thread 0x00007fb2ac9f1000 Uncommon trap: reason=bimorphic action=maybe_recompile pc=0x00000001104edb38 method=java.util.HashMap.putVal(ILjava/lang/Object;Ljava/lang/Object;ZZ)Ljava/lang/Object; @ 91
Event: 52.867 Thread 0x00007fb2ac9f1000 Uncommon trap: reason=bimorphic action=maybe_recompile pc=0x00000001104edb38 method=java.util.HashMap.putVal(ILjava/lang/Object;Ljava/lang/Object;ZZ)Ljava/lang/Object; @ 91
Event: 52.867 Thread 0x00007fb2ac9f1000 Uncommon trap: reason=bimorphic action=maybe_recompile pc=0x00000001104edb38 method=java.util.HashMap.putVal(ILjava/lang/Object;Ljava/lang/Object;ZZ)Ljava/lang/Object; @ 91
Event: 52.867 Thread 0x00007fb2ac9f1000 Uncommon trap: reason=bimorphic action=maybe_recompile pc=0x00000001104db5e8 method=java.util.HashMap.putVal(ILjava/lang/Object;Ljava/lang/Object;ZZ)Ljava/lang/Object; @ 91
Event: 52.868 Thread 0x00007fb2ac0b1000 Uncommon trap: reason=unstable_if action=reinterpret pc=0x000000011086f0f8 method=java.awt.font.FontRenderContext.equals(Ljava/awt/font/FontRenderContext;)Z @ 2
Event: 52.890 Thread 0x00007fb2adc35800 Uncommon trap: reason=unstable_if action=reinterpret pc=0x00000001103528d8 method=java.util.LinkedList$ListItr.<init>(Ljava/util/LinkedList;I)V @ 26
Event: 52.893 Thread 0x00007fb2a22f4800 Uncommon trap: reason=predicate action=maybe_recompile pc=0x00000001107384e8 method=java.util.Vector.indexOf(Ljava/lang/Object;I)I @ 44

Internal exceptions (10 events):
Event: 0.450 Thread 0x00007fb2ac001000 Exception <a 'java/io/FileNotFoundException'> (0x00000007958171f0) thrown at [/Users/java_re/workspace/8-2-build-macosx-x86_64/jdk8u151/9699/hotspot/src/share/vm/prims/jni.cpp, line 709]
Event: 0.451 Thread 0x00007fb2ac001000 Exception <a 'java/io/FileNotFoundException'> (0x0000000795817d78) thrown at [/Users/java_re/workspace/8-2-build-macosx-x86_64/jdk8u151/9699/hotspot/src/share/vm/prims/jni.cpp, line 709]
Event: 0.597 Thread 0x00007fb2ac001000 Exception <a 'java/io/FileNotFoundException'> (0x0000000795a0e7c8) thrown at [/Users/java_re/workspace/8-2-build-macosx-x86_64/jdk8u151/9699/hotspot/src/share/vm/prims/jni.cpp, line 709]
Event: 3.476 Thread 0x00007fb2adc30000 Exception <a 'java/lang/UnsatisfiedLinkError': com.jogamp.common.util.JarUtil.fixNativeLibAttribs(Ljava/lang/String;)Z> (0x0000000796c1b0b8) thrown at [/Users/java_re/workspace/8-2-build-macosx-x86_64/jdk8u151/9699/hotspot/src/share/vm/prims/nativeLookup.
Event: 3.934 Thread 0x00007fb2ad005000 Exception <a 'java/lang/NullPointerException'> (0x00000007956a31e0) thrown at [/Users/java_re/workspace/8-2-build-macosx-x86_64/jdk8u151/9699/hotspot/src/share/vm/interpreter/linkResolver.cpp, line 1183]
Event: 4.871 Thread 0x00007fb2adc35800 Exception <a 'java/io/FileNotFoundException'> (0x0000000796034f48) thrown at [/Users/java_re/workspace/8-2-build-macosx-x86_64/jdk8u151/9699/hotspot/src/share/vm/prims/jni.cpp, line 709]
Event: 4.872 Thread 0x00007fb2adc35800 Exception <a 'java/io/FileNotFoundException'> (0x000000079603b968) thrown at [/Users/java_re/workspace/8-2-build-macosx-x86_64/jdk8u151/9699/hotspot/src/share/vm/prims/jni.cpp, line 709]
Event: 4.872 Thread 0x00007fb2adc35800 Implicit null exception at 0x000000011012dab4 to 0x000000011012dee9
Event: 5.397 Thread 0x00007fb2adc35800 Implicit null exception at 0x00000001103237c6 to 0x0000000110323a0d
Event: 7.520 Thread 0x00007fb2ad712800 Implicit null exception at 0x0000000110131075 to 0x0000000110131435

Events (10 events):
Event: 52.892 loading class java/awt/event/AWTEventListenerProxy
Event: 52.892 loading class java/awt/event/AWTEventListenerProxy done
Event: 52.892 loading class java/awt/Toolkit$ToolkitEventMulticaster
Event: 52.892 loading class java/awt/Toolkit$ToolkitEventMulticaster done
Event: 52.892 Thread 0x00007fb2ac9f1000 Thread exited: 0x00007fb2ac9f1000
Event: 52.892 Thread 0x00007fb2a22f4800 Uncommon trap: trap_request=0xffffff86 fr.pc=0x00000001107384e8
Event: 52.893 Thread 0x00007fb2a22f4800 DEOPT PACKING pc=0x00000001107384e8 sp=0x000070000209a830
Event: 52.893 Thread 0x00007fb2a22f4800 DEOPT UNPACKING pc=0x000000010ff54229 sp=0x000070000209a748 mode 2
Event: 52.893 loading class java/awt/Window$1DisposeAction
Event: 52.893 loading class java/awt/Window$1DisposeAction done


Dynamic libraries:
0x00000000046d8000 	/System/Library/Frameworks/Cocoa.framework/Versions/A/Cocoa
0x00000000046d8000 	/System/Library/Frameworks/Security.framework/Versions/A/Security
0x00000000046d8000 	/System/Library/Frameworks/ApplicationServices.framework/Versions/A/ApplicationServices
0x00000000046d8000 	/usr/lib/libz.1.dylib
0x00000000046d8000 	/usr/lib/libSystem.B.dylib
0x00000000046d8000 	/usr/lib/libobjc.A.dylib
0x00000000046d8000 	/System/Library/Frameworks/CoreFoundation.framework/Versions/A/CoreFoundation
0x00000000046d8000 	/System/Library/Frameworks/Foundation.framework/Versions/C/Foundation
0x00000000046d8000 	/System/Library/Frameworks/AppKit.framework/Versions/C/AppKit
0x00000000046d8000 	/System/Library/Frameworks/CoreData.framework/Versions/A/CoreData
0x00000000046d8000 	/System/Library/PrivateFrameworks/RemoteViewServices.framework/Versions/A/RemoteViewServices
0x00000000046d8000 	/System/Library/PrivateFrameworks/UIFoundation.framework/Versions/A/UIFoundation
0x00000000046d8000 	/System/Library/PrivateFrameworks/DFRFoundation.framework/Versions/A/DFRFoundation
0x00000000046d8000 	/System/Library/Frameworks/Metal.framework/Versions/A/Metal
0x00000000046d8000 	/System/Library/PrivateFrameworks/DesktopServicesPriv.framework/Versions/A/DesktopServicesPriv
0x00000000046d8000 	/usr/lib/libenergytrace.dylib
0x00000000046d8000 	/System/Library/PrivateFrameworks/SkyLight.framework/Versions/A/SkyLight
0x00000000046d8000 	/System/Library/Frameworks/CoreGraphics.framework/Versions/A/CoreGraphics
0x00000000046d8000 	/usr/lib/libScreenReader.dylib
0x00000000046d8000 	/System/Library/Frameworks/Accelerate.framework/Versions/A/Accelerate
0x00000000046d8000 	/System/Library/Frameworks/IOSurface.framework/Versions/A/IOSurface
0x00000000046d8000 	/System/Library/Frameworks/AudioToolbox.framework/Versions/A/AudioToolbox
0x00000000046d8000 	/System/Library/Frameworks/AudioUnit.framework/Versions/A/AudioUnit
0x00000000046d8000 	/System/Library/PrivateFrameworks/DataDetectorsCore.framework/Versions/A/DataDetectorsCore
0x00000000046d8000 	/System/Library/Frameworks/Carbon.framework/Versions/A/Frameworks/HIToolbox.framework/Versions/A/HIToolbox
0x00000000046d8000 	/usr/lib/libicucore.A.dylib
0x00000000046d8000 	/System/Library/Frameworks/QuartzCore.framework/Versions/A/QuartzCore
0x00000000046d8000 	/System/Library/PrivateFrameworks/SignpostNotification.framework/Versions/A/SignpostNotification
0x00000000046d8000 	/System/Library/Frameworks/Carbon.framework/Versions/A/Frameworks/SpeechRecognition.framework/Versions/A/SpeechRecognition
0x00000000046d8000 	/usr/lib/libauto.dylib
0x00000000046d8000 	/usr/lib/libxml2.2.dylib
0x00000000046d8000 	/System/Library/PrivateFrameworks/CoreUI.framework/Versions/A/CoreUI
0x00000000046d8000 	/System/Library/Frameworks/CoreAudio.framework/Versions/A/CoreAudio
0x00000000046d8000 	/System/Library/Frameworks/DiskArbitration.framework/Versions/A/DiskArbitration
0x00000000046d8000 	/usr/lib/liblangid.dylib
0x00000000046d8000 	/System/Library/PrivateFrameworks/MultitouchSupport.framework/Versions/A/MultitouchSupport
0x00000000046d8000 	/System/Library/Frameworks/IOKit.framework/Versions/A/IOKit
0x00000000046d8000 	/usr/lib/libDiagnosticMessagesClient.dylib
0x00000000046d8000 	/System/Library/Frameworks/CoreServices.framework/Versions/A/CoreServices
0x00000000046d8000 	/System/Library/PrivateFrameworks/PerformanceAnalysis.framework/Versions/A/PerformanceAnalysis
0x00000000046d8000 	/System/Library/Frameworks/OpenGL.framework/Versions/A/OpenGL
0x00000000046d8000 	/System/Library/Frameworks/ColorSync.framework/Versions/A/ColorSync
0x00000000046d8000 	/System/Library/Frameworks/CoreImage.framework/Versions/A/CoreImage
0x00000000046d8000 	/System/Library/Frameworks/CoreText.framework/Versions/A/CoreText
0x00000000046d8000 	/System/Library/Frameworks/ImageIO.framework/Versions/A/ImageIO
0x00000000046d8000 	/System/Library/PrivateFrameworks/Backup.framework/Versions/A/Backup
0x00000000046d8000 	/usr/lib/libarchive.2.dylib
0x00000000046d8000 	/System/Library/Frameworks/CFNetwork.framework/Versions/A/CFNetwork
0x00000000046d8000 	/System/Library/Frameworks/SystemConfiguration.framework/Versions/A/SystemConfiguration
0x00000000046d8000 	/usr/lib/libCRFSuite.dylib
0x00000000046d8000 	/usr/lib/libc++.1.dylib
0x00000000046d8000 	/usr/lib/libc++abi.dylib
0x00000000046d8000 	/usr/lib/system/libcache.dylib
0x00000000046d8000 	/usr/lib/system/libcommonCrypto.dylib
0x00000000046d8000 	/usr/lib/system/libcompiler_rt.dylib
0x00000000046d8000 	/usr/lib/system/libcopyfile.dylib
0x00000000046d8000 	/usr/lib/system/libcorecrypto.dylib
0x00000000046d8000 	/usr/lib/system/libdispatch.dylib
0x00000000046d8000 	/usr/lib/system/libdyld.dylib
0x00000000046d8000 	/usr/lib/system/libkeymgr.dylib
0x00000000046d8000 	/usr/lib/system/liblaunch.dylib
0x00000000046d8000 	/usr/lib/system/libmacho.dylib
0x00000000046d8000 	/usr/lib/system/libquarantine.dylib
0x00000000046d8000 	/usr/lib/system/libremovefile.dylib
0x00000000046d8000 	/usr/lib/system/libsystem_asl.dylib
0x00000000046d8000 	/usr/lib/system/libsystem_blocks.dylib
0x00000000046d8000 	/usr/lib/system/libsystem_c.dylib
0x00000000046d8000 	/usr/lib/system/libsystem_configuration.dylib
0x00000000046d8000 	/usr/lib/system/libsystem_coreservices.dylib
0x00000000046d8000 	/usr/lib/system/libsystem_darwin.dylib
0x00000000046d8000 	/usr/lib/system/libsystem_dnssd.dylib
0x00000000046d8000 	/usr/lib/system/libsystem_info.dylib
0x00000000046d8000 	/usr/lib/system/libsystem_m.dylib
0x00000000046d8000 	/usr/lib/system/libsystem_malloc.dylib
0x00000000046d8000 	/usr/lib/system/libsystem_network.dylib
0x00000000046d8000 	/usr/lib/system/libsystem_networkextension.dylib
0x00000000046d8000 	/usr/lib/system/libsystem_notify.dylib
0x00000000046d8000 	/usr/lib/system/libsystem_sandbox.dylib
0x00000000046d8000 	/usr/lib/system/libsystem_secinit.dylib
0x00000000046d8000 	/usr/lib/system/libsystem_kernel.dylib
0x00000000046d8000 	/usr/lib/system/libsystem_platform.dylib
0x00000000046d8000 	/usr/lib/system/libsystem_pthread.dylib
0x00000000046d8000 	/usr/lib/system/libsystem_symptoms.dylib
0x00000000046d8000 	/usr/lib/system/libsystem_trace.dylib
0x00000000046d8000 	/usr/lib/system/libunwind.dylib
0x00000000046d8000 	/usr/lib/system/libxpc.dylib
0x00000000046d8000 	/usr/lib/closure/libclosured.dylib
0x00000000046d8000 	/usr/lib/libbsm.0.dylib
0x00000000046d8000 	/usr/lib/system/libkxld.dylib
0x00000000046d8000 	/usr/lib/libOpenScriptingUtil.dylib
0x00000000046d8000 	/usr/lib/libcoretls.dylib
0x00000000046d8000 	/usr/lib/libcoretls_cfhelpers.dylib
0x00000000046d8000 	/usr/lib/libpam.2.dylib
0x00000000046d8000 	/usr/lib/libsqlite3.dylib
0x00000000046d8000 	/usr/lib/libxar.1.dylib
0x00000000046d8000 	/usr/lib/libbz2.1.0.dylib
0x00000000046d8000 	/usr/lib/liblzma.5.dylib
0x00000000046d8000 	/usr/lib/libnetwork.dylib
0x00000000046d8000 	/usr/lib/libapple_nghttp2.dylib
0x00000000046d8000 	/usr/lib/libpcap.A.dylib
0x00000000046d8000 	/usr/lib/libboringssl.dylib
0x00000000046d8000 	/usr/lib/libusrtcp.dylib
0x00000000046d8000 	/usr/lib/libapple_crypto.dylib
0x00000000046d8000 	/System/Library/Frameworks/CoreServices.framework/Versions/A/Frameworks/FSEvents.framework/Versions/A/FSEvents
0x00000000046d8000 	/System/Library/Frameworks/CoreServices.framework/Versions/A/Frameworks/CarbonCore.framework/Versions/A/CarbonCore
0x00000000046d8000 	/System/Library/Frameworks/CoreServices.framework/Versions/A/Frameworks/Metadata.framework/Versions/A/Metadata
0x00000000046d8000 	/System/Library/Frameworks/CoreServices.framework/Versions/A/Frameworks/OSServices.framework/Versions/A/OSServices
0x00000000046d8000 	/System/Library/Frameworks/CoreServices.framework/Versions/A/Frameworks/SearchKit.framework/Versions/A/SearchKit
0x00000000046d8000 	/System/Library/Frameworks/CoreServices.framework/Versions/A/Frameworks/AE.framework/Versions/A/AE
0x00000000046d8000 	/System/Library/Frameworks/CoreServices.framework/Versions/A/Frameworks/LaunchServices.framework/Versions/A/LaunchServices
0x00000000046d8000 	/System/Library/Frameworks/CoreServices.framework/Versions/A/Frameworks/DictionaryServices.framework/Versions/A/DictionaryServices
0x00000000046d8000 	/System/Library/Frameworks/CoreServices.framework/Versions/A/Frameworks/SharedFileList.framework/Versions/A/SharedFileList
0x00000000046d8000 	/System/Library/Frameworks/NetFS.framework/Versions/A/NetFS
0x00000000046d8000 	/System/Library/PrivateFrameworks/NetAuth.framework/Versions/A/NetAuth
0x00000000046d8000 	/System/Library/PrivateFrameworks/login.framework/Versions/A/Frameworks/loginsupport.framework/Versions/A/loginsupport
0x00000000046d8000 	/System/Library/PrivateFrameworks/TCC.framework/Versions/A/TCC
0x00000000046d8000 	/usr/lib/libmecabra.dylib
0x00000000046d8000 	/System/Library/Frameworks/ApplicationServices.framework/Versions/A/Frameworks/ATS.framework/Versions/A/ATS
0x00000000046d8000 	/System/Library/Frameworks/ApplicationServices.framework/Versions/A/Frameworks/ColorSyncLegacy.framework/Versions/A/ColorSyncLegacy
0x00000000046d8000 	/System/Library/Frameworks/ApplicationServices.framework/Versions/A/Frameworks/HIServices.framework/Versions/A/HIServices
0x00000000046d8000 	/System/Library/Frameworks/ApplicationServices.framework/Versions/A/Frameworks/LangAnalysis.framework/Versions/A/LangAnalysis
0x00000000046d8000 	/System/Library/Frameworks/ApplicationServices.framework/Versions/A/Frameworks/PrintCore.framework/Versions/A/PrintCore
0x00000000046d8000 	/System/Library/Frameworks/ApplicationServices.framework/Versions/A/Frameworks/QD.framework/Versions/A/QD
0x00000000046d8000 	/System/Library/Frameworks/ApplicationServices.framework/Versions/A/Frameworks/SpeechSynthesis.framework/Versions/A/SpeechSynthesis
0x00000000046d8000 	/System/Library/Frameworks/CoreDisplay.framework/Versions/A/CoreDisplay
0x00000000046d8000 	/System/Library/Frameworks/Accelerate.framework/Versions/A/Frameworks/vImage.framework/Versions/A/vImage
0x00000000046d8000 	/System/Library/Frameworks/Accelerate.framework/Versions/A/Frameworks/vecLib.framework/Versions/A/vecLib
0x00000000046d8000 	/System/Library/Frameworks/Accelerate.framework/Versions/A/Frameworks/vecLib.framework/Versions/A/libvDSP.dylib
0x00000000046d8000 	/System/Library/Frameworks/Accelerate.framework/Versions/A/Frameworks/vecLib.framework/Versions/A/libBNNS.dylib
0x00000000046d8000 	/System/Library/Frameworks/Accelerate.framework/Versions/A/Frameworks/vecLib.framework/Versions/A/libQuadrature.dylib
0x00000000046d8000 	/System/Library/Frameworks/Accelerate.framework/Versions/A/Frameworks/vecLib.framework/Versions/A/libvMisc.dylib
0x00000000046d8000 	/System/Library/Frameworks/Accelerate.framework/Versions/A/Frameworks/vecLib.framework/Versions/A/libLAPACK.dylib
0x00000000046d8000 	/System/Library/Frameworks/Accelerate.framework/Versions/A/Frameworks/vecLib.framework/Versions/A/libBLAS.dylib
0x00000000046d8000 	/System/Library/Frameworks/Accelerate.framework/Versions/A/Frameworks/vecLib.framework/Versions/A/libLinearAlgebra.dylib
0x00000000046d8000 	/System/Library/Frameworks/Accelerate.framework/Versions/A/Frameworks/vecLib.framework/Versions/A/libSparse.dylib
0x00000000046d8000 	/System/Library/Frameworks/Accelerate.framework/Versions/A/Frameworks/vecLib.framework/Versions/A/libSparseBLAS.dylib
0x00000000046d8000 	/System/Library/PrivateFrameworks/GPUWrangler.framework/Versions/A/GPUWrangler
0x00000000046d8000 	/System/Library/PrivateFrameworks/IOAccelerator.framework/Versions/A/IOAccelerator
0x00000000046d8000 	/System/Library/PrivateFrameworks/IOPresentment.framework/Versions/A/IOPresentment
0x00000000046d8000 	/System/Library/PrivateFrameworks/DSExternalDisplay.framework/Versions/A/DSExternalDisplay
0x00000000046d8000 	/System/Library/Frameworks/OpenGL.framework/Versions/A/Libraries/libCoreFSCache.dylib
0x00000000046d8000 	/System/Library/Frameworks/CoreVideo.framework/Versions/A/CoreVideo
0x00000000046d8000 	/System/Library/PrivateFrameworks/GraphVisualizer.framework/Versions/A/GraphVisualizer
0x00000000046d8000 	/System/Library/Frameworks/MetalPerformanceShaders.framework/Versions/A/MetalPerformanceShaders
0x00000000046d8000 	/usr/lib/libFosl_dynamic.dylib
0x00000000046d8000 	/System/Library/PrivateFrameworks/FaceCore.framework/Versions/A/FaceCore
0x00000000046d8000 	/System/Library/Frameworks/OpenCL.framework/Versions/A/OpenCL
0x00000000046d8000 	/usr/lib/libcompression.dylib
0x00000000046d8000 	/System/Library/Frameworks/ApplicationServices.framework/Versions/A/Frameworks/ATS.framework/Versions/A/Resources/libFontParser.dylib
0x00000000046d8000 	/System/Library/Frameworks/ApplicationServices.framework/Versions/A/Frameworks/ATS.framework/Versions/A/Resources/libFontRegistry.dylib
0x00000000046d8000 	/System/Library/Frameworks/ImageIO.framework/Versions/A/Resources/libJPEG.dylib
0x00000000046d8000 	/System/Library/Frameworks/ImageIO.framework/Versions/A/Resources/libTIFF.dylib
0x00000000046d8000 	/System/Library/Frameworks/ImageIO.framework/Versions/A/Resources/libPng.dylib
0x00000000046d8000 	/System/Library/Frameworks/ImageIO.framework/Versions/A/Resources/libGIF.dylib
0x00000000046d8000 	/System/Library/Frameworks/ImageIO.framework/Versions/A/Resources/libJP2.dylib
0x00000000046d8000 	/System/Library/Frameworks/ImageIO.framework/Versions/A/Resources/libRadiance.dylib
0x00000000046d8000 	/System/Library/PrivateFrameworks/AppleJPEG.framework/Versions/A/AppleJPEG
0x00000000046d8000 	/System/Library/Frameworks/MetalPerformanceShaders.framework/Frameworks/MPSCore.framework/Versions/A/MPSCore
0x00000000046d8000 	/System/Library/Frameworks/MetalPerformanceShaders.framework/Frameworks/MPSImage.framework/Versions/A/MPSImage
0x00000000046d8000 	/System/Library/Frameworks/MetalPerformanceShaders.framework/Frameworks/MPSNeuralNetwork.framework/Versions/A/MPSNeuralNetwork
0x00000000046d8000 	/System/Library/Frameworks/MetalPerformanceShaders.framework/Frameworks/MPSMatrix.framework/Versions/A/MPSMatrix
0x00000000046d8000 	/System/Library/PrivateFrameworks/MetalTools.framework/Versions/A/MetalTools
0x00000000046d8000 	/System/Library/Frameworks/OpenGL.framework/Versions/A/Libraries/libGLU.dylib
0x00000000046d8000 	/System/Library/Frameworks/OpenGL.framework/Versions/A/Libraries/libGFXShared.dylib
0x00000000046d8000 	/System/Library/Frameworks/OpenGL.framework/Versions/A/Libraries/libGL.dylib
0x00000000046d8000 	/System/Library/Frameworks/OpenGL.framework/Versions/A/Libraries/libGLImage.dylib
0x00000000046d8000 	/System/Library/Frameworks/OpenGL.framework/Versions/A/Libraries/libCVMSPluginSupport.dylib
0x00000000046d8000 	/System/Library/Frameworks/OpenGL.framework/Versions/A/Libraries/libCoreVMClient.dylib
0x00000000046d8000 	/usr/lib/libcups.2.dylib
0x00000000046d8000 	/System/Library/Frameworks/Kerberos.framework/Versions/A/Kerberos
0x00000000046d8000 	/System/Library/Frameworks/GSS.framework/Versions/A/GSS
0x00000000046d8000 	/usr/lib/libresolv.9.dylib
0x00000000046d8000 	/usr/lib/libiconv.2.dylib
0x00000000046d8000 	/System/Library/PrivateFrameworks/Heimdal.framework/Versions/A/Heimdal
0x00000000046d8000 	/usr/lib/libheimdal-asn1.dylib
0x00000000046d8000 	/System/Library/Frameworks/OpenDirectory.framework/Versions/A/OpenDirectory
0x00000000046d8000 	/System/Library/PrivateFrameworks/CommonAuth.framework/Versions/A/CommonAuth
0x00000000046d8000 	/System/Library/Frameworks/OpenDirectory.framework/Versions/A/Frameworks/CFOpenDirectory.framework/Versions/A/CFOpenDirectory
0x00000000046d8000 	/System/Library/Frameworks/SecurityFoundation.framework/Versions/A/SecurityFoundation
0x00000000046d8000 	/System/Library/PrivateFrameworks/APFS.framework/Versions/A/APFS
0x00000000046d8000 	/usr/lib/libutil.dylib
0x00000000046d8000 	/System/Library/PrivateFrameworks/AppleSauce.framework/Versions/A/AppleSauce
0x00000000046d8000 	/System/Library/PrivateFrameworks/LinguisticData.framework/Versions/A/LinguisticData
0x00000000046d8000 	/usr/lib/libmarisa.dylib
0x00000000046d8000 	/System/Library/PrivateFrameworks/Lexicon.framework/Versions/A/Lexicon
0x00000000046d8000 	/usr/lib/libChineseTokenizer.dylib
0x00000000046d8000 	/usr/lib/libcmph.dylib
0x00000000046d8000 	/System/Library/PrivateFrameworks/LanguageModeling.framework/Versions/A/LanguageModeling
0x00000000046d8000 	/System/Library/PrivateFrameworks/CoreEmoji.framework/Versions/A/CoreEmoji
0x00000000046d8000 	/System/Library/Frameworks/ServiceManagement.framework/Versions/A/ServiceManagement
0x00000000046d8000 	/System/Library/PrivateFrameworks/BackgroundTaskManagement.framework/Versions/A/BackgroundTaskManagement
0x00000000046d8000 	/usr/lib/libxslt.1.dylib
0x00000000046d8000 	/System/Library/Frameworks/Carbon.framework/Versions/A/Frameworks/Ink.framework/Versions/A/Ink
0x00000000046d8000 	/System/Library/PrivateFrameworks/TextureIO.framework/Versions/A/TextureIO
0x00000000046d8000 	/usr/lib/libate.dylib
0x00000000046d8000 	/System/Library/PrivateFrameworks/CrashReporterSupport.framework/Versions/A/CrashReporterSupport
0x00000000046d8000 	/System/Library/PrivateFrameworks/Sharing.framework/Versions/A/Sharing
0x00000000046d8000 	/System/Library/PrivateFrameworks/IconServices.framework/Versions/A/IconServices
0x00000000046d8000 	/System/Library/PrivateFrameworks/Apple80211.framework/Versions/A/Apple80211
0x00000000046d8000 	/System/Library/PrivateFrameworks/CoreUtils.framework/Versions/A/CoreUtils
0x00000000046d8000 	/System/Library/Frameworks/CoreWLAN.framework/Versions/A/CoreWLAN
0x00000000046d8000 	/System/Library/Frameworks/IOBluetooth.framework/Versions/A/IOBluetooth
0x00000000046d8000 	/System/Library/PrivateFrameworks/ProtocolBuffer.framework/Versions/A/ProtocolBuffer
0x00000000046d8000 	/System/Library/PrivateFrameworks/CoreWiFi.framework/Versions/A/CoreWiFi
0x00000000046d8000 	/System/Library/Frameworks/CoreBluetooth.framework/Versions/A/CoreBluetooth
0x00000000046d8000 	/System/Library/PrivateFrameworks/DebugSymbols.framework/Versions/A/DebugSymbols
0x00000000046d8000 	/System/Library/PrivateFrameworks/CoreSymbolication.framework/Versions/A/CoreSymbolication
0x00000000046d8000 	/System/Library/PrivateFrameworks/Symbolication.framework/Versions/A/Symbolication
0x00000000046d8000 	/System/Library/PrivateFrameworks/AppleFSCompression.framework/Versions/A/AppleFSCompression
0x00000000046d8000 	/System/Library/PrivateFrameworks/SpeechRecognitionCore.framework/Versions/A/SpeechRecognitionCore
0x0000000107e00000 	/Library/Java/JavaVirtualMachines/jdk1.8.0_151.jdk/Contents/Home/jre/lib/server/libjvm.dylib
0x00000000046d8000 	/usr/lib/libstdc++.6.0.9.dylib
0x00000001075d8000 	/Library/Java/JavaVirtualMachines/jdk1.8.0_151.jdk/Contents/Home/jre/lib/libverify.dylib
0x0000000108da7000 	/Library/Java/JavaVirtualMachines/jdk1.8.0_151.jdk/Contents/Home/jre/lib/libjava.dylib
0x00000001075f0000 	/Library/Java/JavaVirtualMachines/jdk1.8.0_151.jdk/Contents/Home/jre/lib/libzip.dylib
0x00000000046d8000 	/System/Library/Frameworks/JavaVM.framework/Versions/A/Frameworks/JavaRuntimeSupport.framework/Versions/A/JavaRuntimeSupport
0x00000000046d8000 	/System/Library/Frameworks/JavaVM.framework/Versions/A/Frameworks/JavaNativeFoundation.framework/Versions/A/JavaNativeFoundation
0x00000000046d8000 	/System/Library/Frameworks/JavaVM.framework/Versions/A/JavaVM
0x00000000046d8000 	/System/Library/Frameworks/Carbon.framework/Versions/A/Carbon
0x00000000046d8000 	/System/Library/PrivateFrameworks/JavaLaunching.framework/Versions/A/JavaLaunching
0x00000000046d8000 	/System/Library/Frameworks/Carbon.framework/Versions/A/Frameworks/CommonPanels.framework/Versions/A/CommonPanels
0x00000000046d8000 	/System/Library/Frameworks/Carbon.framework/Versions/A/Frameworks/Help.framework/Versions/A/Help
0x00000000046d8000 	/System/Library/Frameworks/Carbon.framework/Versions/A/Frameworks/ImageCapture.framework/Versions/A/ImageCapture
0x00000000046d8000 	/System/Library/Frameworks/Carbon.framework/Versions/A/Frameworks/OpenScripting.framework/Versions/A/OpenScripting
0x00000000046d8000 	/System/Library/Frameworks/Carbon.framework/Versions/A/Frameworks/Print.framework/Versions/A/Print
0x00000000046d8000 	/System/Library/Frameworks/Carbon.framework/Versions/A/Frameworks/SecurityHI.framework/Versions/A/SecurityHI
0x000000010f783000 	/Library/Java/JavaVirtualMachines/jdk1.8.0_151.jdk/Contents/Home/jre/lib/libawt.dylib
0x000000010f82b000 	/Library/Java/JavaVirtualMachines/jdk1.8.0_151.jdk/Contents/Home/jre/lib/./libmlib_image.dylib
0x000000010f8f7000 	/Library/Java/JavaVirtualMachines/jdk1.8.0_151.jdk/Contents/Home/jre/lib/libawt_lwawt.dylib
0x000000010f9ae000 	/Library/Java/JavaVirtualMachines/jdk1.8.0_151.jdk/Contents/Home/jre/lib/./libosxapp.dylib
0x00000000046d8000 	/System/Library/Frameworks/ExceptionHandling.framework/Versions/A/ExceptionHandling
0x00000000046d8000 	/System/Library/PrivateFrameworks/CoreServicesInternal.framework/Versions/A/CoreServicesInternal
0x00000000046d8000 	/System/Library/CoreServices/RawCamera.bundle/Contents/MacOS/RawCamera
0x00000000046d8000 	/System/Library/PrivateFrameworks/MobileAsset.framework/Versions/A/MobileAsset
0x00000000046d8000 	/System/Library/PrivateFrameworks/StreamingZip.framework/Versions/A/StreamingZip
0x00000000046d8000 	/System/Library/Frameworks/MediaToolbox.framework/Versions/A/MediaToolbox
0x00000000046d8000 	/System/Library/PrivateFrameworks/CoreAVCHD.framework/Versions/A/CoreAVCHD
0x00000000046d8000 	/System/Library/Frameworks/MediaAccessibility.framework/Versions/A/MediaAccessibility
0x00000000046d8000 	/System/Library/PrivateFrameworks/Mangrove.framework/Versions/A/Mangrove
0x00000000046d8000 	/System/Library/Frameworks/CoreMedia.framework/Versions/A/CoreMedia
0x00000000046d8000 	/System/Library/Frameworks/VideoToolbox.framework/Versions/A/VideoToolbox
0x00000000046d8000 	/System/Library/PrivateFrameworks/CoreAUC.framework/Versions/A/CoreAUC
0x00000000046d8000 	/usr/lib/libspindump.dylib
0x00000000046d8000 	/System/Library/PrivateFrameworks/AppleVA.framework/Versions/A/AppleVA
0x00000000046d8000 	/System/Library/Frameworks/Accelerate.framework/Versions/A/Frameworks/vImage.framework/Versions/A/Libraries/libCGInterfaces.dylib
0x00000000046d8000 	/System/Library/Frameworks/ApplicationServices.framework/Versions/A/Frameworks/ATS.framework/Versions/A/Resources/libTrueTypeScaler.dylib
0x00000000046d8000 	/System/Library/Extensions/AppleIntelHD5000GraphicsMTLDriver.bundle/Contents/MacOS/AppleIntelHD5000GraphicsMTLDriver
0x00000000046d8000 	/System/Library/PrivateFrameworks/GPUCompiler.framework/Versions/3802/Libraries/libmetal_timestamp.dylib
0x00000000046d8000 	/System/Library/PrivateFrameworks/FamilyControls.framework/Versions/A/FamilyControls
0x00000000046d8000 	/System/Library/PrivateFrameworks/CommerceKit.framework/Versions/A/Frameworks/CommerceCore.framework/Versions/A/CommerceCore
0x00000000046d8000 	/System/Library/PrivateFrameworks/SystemAdministration.framework/Versions/A/SystemAdministration
0x00000000046d8000 	/System/Library/PrivateFrameworks/AppContainer.framework/Versions/A/AppContainer
0x00000000046d8000 	/System/Library/PrivateFrameworks/SecCodeWrapper.framework/Versions/A/SecCodeWrapper
0x00000000046d8000 	/System/Library/PrivateFrameworks/DiskManagement.framework/Versions/A/DiskManagement
0x00000000046d8000 	/System/Library/Frameworks/DirectoryService.framework/Versions/A/DirectoryService
0x00000000046d8000 	/System/Library/PrivateFrameworks/DiskImages.framework/Versions/A/DiskImages
0x00000000046d8000 	/System/Library/PrivateFrameworks/LoginUIKit.framework/Versions/A/Frameworks/LoginUICore.framework/Versions/A/LoginUICore
0x00000000046d8000 	/usr/lib/libCoreStorage.dylib
0x00000000046d8000 	/usr/lib/libcsfde.dylib
0x00000000046d8000 	/usr/lib/libodfde.dylib
0x00000000046d8000 	/System/Library/PrivateFrameworks/MediaKit.framework/Versions/A/MediaKit
0x00000000046d8000 	/System/Library/Frameworks/DiscRecording.framework/Versions/A/DiscRecording
0x00000000046d8000 	/System/Library/PrivateFrameworks/EFILogin.framework/Versions/A/EFILogin
0x00000000046d8000 	/System/Library/PrivateFrameworks/ProtectedCloudStorage.framework/Versions/A/ProtectedCloudStorage
0x00000000046d8000 	/usr/lib/libcurl.4.dylib
0x00000000046d8000 	/usr/lib/libcrypto.35.dylib
0x00000000046d8000 	/usr/lib/libssl.35.dylib
0x00000000046d8000 	/System/Library/Frameworks/LDAP.framework/Versions/A/LDAP
0x00000000046d8000 	/System/Library/PrivateFrameworks/TrustEvaluationAgent.framework/Versions/A/TrustEvaluationAgent
0x00000000046d8000 	/usr/lib/libsasl2.2.dylib
0x00000000046d8000 	/System/Library/PrivateFrameworks/CoreDaemon.framework/Versions/B/CoreDaemon
0x00000000046d8000 	/System/Library/PrivateFrameworks/AppleSRP.framework/Versions/A/AppleSRP
0x00000000046d8000 	/System/Library/Frameworks/OpenGL.framework/Versions/A/Resources/GLEngine.bundle/GLEngine
0x00000000046d8000 	/System/Library/Frameworks/OpenGL.framework/Versions/A/Libraries/libGLProgrammability.dylib
0x00000001224fe000 	/System/Library/Extensions/AppleIntelHD5000GraphicsGLDriver.bundle/Contents/MacOS/AppleIntelHD5000GraphicsGLDriver
0x00000000046d8000 	/System/Library/PrivateFrameworks/GPUSupport.framework/Versions/A/Libraries/libGPUSupportMercury.dylib
0x00000000046d8000 	/System/Library/Frameworks/OpenGL.framework/Versions/A/Resources/GLRendererFloat.bundle/GLRendererFloat
0x00000000046d8000 	/System/Library/Frameworks/OpenCL.framework/Versions/A/Libraries/libcldcpuengine.dylib
0x000000012354b000 	/Library/Java/JavaVirtualMachines/jdk1.8.0_151.jdk/Contents/Home/jre/lib/libfontmanager.dylib
0x00000000046d8000 	/System/Library/PrivateFrameworks/ViewBridge.framework/Versions/A/ViewBridge
0x00000001249aa000 	/Library/Java/JavaVirtualMachines/jdk1.8.0_151.jdk/Contents/Home/jre/lib/libosxui.dylib
0x0000000125849000 	/Library/Java/JavaVirtualMachines/jdk1.8.0_151.jdk/Contents/Home/jre/lib/libnet.dylib
0x0000000125692000 	/Library/Java/JavaVirtualMachines/jdk1.8.0_151.jdk/Contents/Home/jre/lib/libnio.dylib
0x000000010fe26000 	/private/var/folders/2b/rxb1vsr90zqgm70cphy2n7sh0000gn/T/jogamp_0000/file_cache/jln3745378464562613997/jln7097022714111295583/libgluegen-rt.jnilib
0x000000010fe2b000 	/private/var/folders/2b/rxb1vsr90zqgm70cphy2n7sh0000gn/T/jogamp_0000/file_cache/jln3745378464562613997/jln7097022714111295583/libnativewindow_awt.jnilib
0x00000001211c0000 	/Library/Java/JavaVirtualMachines/jdk1.8.0_151.jdk/Contents/Home/jre/lib/libjawt.dylib
0x00000001211c3000 	/private/var/folders/2b/rxb1vsr90zqgm70cphy2n7sh0000gn/T/jogamp_0000/file_cache/jln3745378464562613997/jln7097022714111295583/libnativewindow_macosx.jnilib
0x00000001912cf000 	/private/var/folders/2b/rxb1vsr90zqgm70cphy2n7sh0000gn/T/jogamp_0000/file_cache/jln3745378464562613997/jln7097022714111295583/libjogl_desktop.jnilib
0x0000000121dd0000 	/Library/Java/JavaVirtualMachines/jdk1.8.0_151.jdk/Contents/Home/jre/lib/libsunec.dylib
0x0000000197955000 	/Library/Java/JavaVirtualMachines/jdk1.8.0_151.jdk/Contents/Home/jre/lib/libt2k.dylib

VM Arguments:
jvm_args: -Djava.security.policy=java.policy.applet -Dfile.encoding=UTF-8 
java_command: sun.applet.AppletViewer module5.EarthquakeCityMap1531650352273.html
java_class_path (initial): /Library/Java/JavaVirtualMachines/jdk1.8.0_151.jdk/Contents/Home/jre/lib/resources.jar:/Library/Java/JavaVirtualMachines/jdk1.8.0_151.jdk/Contents/Home/jre/lib/rt.jar:/Library/Java/JavaVirtualMachines/jdk1.8.0_151.jdk/Contents/Home/jre/lib/jsse.jar:/Library/Java/JavaVirtualMachines/jdk1.8.0_151.jdk/Contents/Home/jre/lib/jce.jar:/Library/Java/JavaVirtualMachines/jdk1.8.0_151.jdk/Contents/Home/jre/lib/charsets.jar:/Library/Java/JavaVirtualMachines/jdk1.8.0_151.jdk/Contents/Home/jre/lib/jfr.jar:/Library/Java/JavaVirtualMachines/jdk1.8.0_151.jdk/Contents/Home/jre/lib/ext/sunec.jar:/Library/Java/JavaVirtualMachines/jdk1.8.0_151.jdk/Contents/Home/jre/lib/ext/nashorn.jar:/Library/Java/JavaVirtualMachines/jdk1.8.0_151.jdk/Contents/Home/jre/lib/ext/cldrdata.jar:/Library/Java/JavaVirtualMachines/jdk1.8.0_151.jdk/Contents/Home/jre/lib/ext/jfxrt.jar:/Library/Java/JavaVirtualMachines/jdk1.8.0_151.jdk/Contents/Home/jre/lib/ext/dnsns.jar:/Library/Java/JavaVirtualMachines/jdk1.8.0_151.jdk/Contents/Home/jre/lib/ext/localedata.jar:/Library/Java/JavaVirtualMachines/jdk1.8.0_151.jdk/Contents/Home/jre/lib/ext/sunjce_provider.jar:/Library/Java/JavaVirtualMachines/jdk1.8.0_151.jdk/Contents/Home/jre/lib/ext/sunpkcs11.jar:/Library/Java/JavaVirtualMachines/jdk1.8.0_151.jdk/Contents/Home/jre/lib/ext/jaccess.jar:/Library/Java/JavaVirtualMachines/jdk1.8.0_151.jdk/Contents/Home/jre/lib/ext/zipfs.jar:/System/Library/Java/Extensions/MRJToolkit.jar:/Users/yunsangil/Documents/computing/JAVA/UCSDUnfoldingMaps/build:/Users/yunsangil/Documents/computing/JAVA/UCSDUnfoldingMaps/lib/core.jar:/Users/yunsangil/Documents/computing/JAVA/UCSDUnfoldingMaps/lib/gluegen-rt.jar:/Users/yunsangil/Documents/computing/JAVA/UCSDUnfoldingMaps/lib/jogl-all.jar:/Users/yunsangil/Documents/computing/JAVA/UCSDUnfoldingMaps/lib/log4j-1.2.15.jar:/Users/yunsangil/Documents/computing/JAVA/UCSDUnfoldingMaps/lib/sqlite-jdbc-3.7.2.jar:/Users/yunsangil/Documents/computing/JAVA/UCSDUnfoldingMaps/lib/json4
Launcher Type: SUN_STANDARD

Environment Variables:
PATH=/usr/bin:/bin:/usr/sbin:/sbin
SHELL=/bin/bash

Signal Handlers:
SIGSEGV: [libjvm.dylib+0x5b27a5], sa_mask[0]=11111111011111110111111111111111, sa_flags=SA_ONSTACK|SA_RESTART|SA_SIGINFO
SIGBUS: [libjvm.dylib+0x5b27a5], sa_mask[0]=11111111011111110111111111111111, sa_flags=SA_RESTART|SA_SIGINFO
SIGFPE: [libjvm.dylib+0x4891c4], sa_mask[0]=11111111011111110111111111111111, sa_flags=SA_RESTART|SA_SIGINFO
SIGPIPE: [libjvm.dylib+0x4891c4], sa_mask[0]=11111111011111110111111111111111, sa_flags=SA_RESTART|SA_SIGINFO
SIGXFSZ: [libjvm.dylib+0x4891c4], sa_mask[0]=11111111011111110111111111111111, sa_flags=SA_RESTART|SA_SIGINFO
SIGILL: [libjvm.dylib+0x4891c4], sa_mask[0]=11111111011111110111111111111111, sa_flags=SA_RESTART|SA_SIGINFO
SIGUSR1: SIG_DFL, sa_mask[0]=00000000000000000000000000000000, sa_flags=none
SIGUSR2: [libjvm.dylib+0x488ce2], sa_mask[0]=00100000000000000000000000000000, sa_flags=SA_RESTART|SA_SIGINFO
SIGHUP: [libjvm.dylib+0x4872b9], sa_mask[0]=11111111011111110111111111111111, sa_flags=SA_RESTART|SA_SIGINFO
SIGINT: [libjvm.dylib+0x4872b9], sa_mask[0]=11111111011111110111111111111111, sa_flags=SA_RESTART|SA_SIGINFO
SIGTERM: [libjvm.dylib+0x4872b9], sa_mask[0]=11111111011111110111111111111111, sa_flags=SA_RESTART|SA_SIGINFO
SIGQUIT: [libjvm.dylib+0x4872b9], sa_mask[0]=11111111011111110111111111111111, sa_flags=SA_RESTART|SA_SIGINFO


---------------  S Y S T E M  ---------------

OS:Bsduname:Darwin 17.6.0 Darwin Kernel Version 17.6.0: Tue May  8 15:22:16 PDT 2018; root:xnu-4570.61.1~1/RELEASE_X86_64 x86_64
rlimit: STACK 8192k, CORE 0k, NPROC 709, NOFILE 10240, AS infinity
load average:2.89 2.38 2.37

CPU:total 4 (initial active 4) (2 cores per cpu, 2 threads per core) family 6 model 69 stepping 1, cmov, cx8, fxsr, mmx, sse, sse2, sse3, ssse3, sse4.1, sse4.2, popcnt, avx, avx2, aes, clmul, erms, lzcnt, ht, tsc, tscinvbit, bmi1, bmi2

Memory: 4k page, physical 8388608k(74924k free)

/proc/meminfo:


vm_info: Java HotSpot(TM) 64-Bit Server VM (25.151-b12) for bsd-amd64 JRE (1.8.0_151-b12), built on Sep  5 2017 19:37:08 by "java_re" with gcc 4.2.1 (Based on Apple Inc. build 5658) (LLVM build 2336.11.00)

time: Sun Jul 15 19:26:45 2018
elapsed time: 52 seconds (0d 0h 0m 52s)

