#
# A fatal error has been detected by the Java Runtime Environment:
#
#  SIGSEGV (0xb) at pc=0x00007fff5345e181, pid=20705, tid=0x0000000000000307
#
# JRE version: Java(TM) SE Runtime Environment (8.0_151-b12) (build 1.8.0_151-b12)
# Java VM: Java HotSpot(TM) 64-Bit Server VM (25.151-b12 mixed mode bsd-amd64 compressed oops)
# Problematic frame:
# C  [libobjc.A.dylib+0x9181]  objc_release+0x21
#
# Failed to write core dump. Core dumps have been disabled. To enable core dumping, try "ulimit -c unlimited" before starting Java again
#
# If you would like to submit a bug report, please visit:
#   http://bugreport.java.com/bugreport/crash.jsp
# The crash happened outside the Java Virtual Machine in native code.
# See problematic frame for where to report the bug.
#

---------------  T H R E A D  ---------------

Current thread (0x00007fd6b9811000):  JavaThread "AWT-AppKit" daemon [_thread_in_native, id=775, stack(0x00007ffee8f42000,0x00007ffee9742000)]

siginfo: si_signo: 11 (SIGSEGV), si_code: 0 (unknown), si_addr: 0x0000000000000000

Registers:
RAX=0x00007ffffffffff8, RBX=0x0000000000000000, RCX=0x0000000000000003, RDX=0x00007fd6beaf3ca8
RSP=0x00007ffee973cc90, RBP=0x00007ffee973cc90, RSI=0x000000011f2bc010, RDI=0x500007fd6be99738
R8 =0x0000000000000009, R9 =0x0000000000000000, R10=0x00000001200ab840, R11=0x00007fd6bf095910
R12=0x0000000000000000, R13=0x000000018fe8a640, R14=0x00007fd6bec1d780, R15=0x00007fd6b9811000
RIP=0x00007fff5345e181, EFLAGS=0x0000000000010246, ERR=0x0000000000000000
  TRAPNO=0x000000000000000d

Top of Stack: (sp=0x00007ffee973cc90)
0x00007ffee973cc90:   00007ffee973ccc0 000000011f243f5c
0x00007ffee973cca0:   00007ffee973ccc0 00000001200ab450
0x00007ffee973ccb0:   00000001200ab440 00007fd6b9811000
0x00007ffee973ccc0:   00007ffee973cd80 00000001200a9215
0x00007ffee973ccd0:   00000001200ab700 00000001200ab6e0
0x00007ffee973cce0:   00000001200ab4b0 0000000000000000
0x00007ffee973ccf0:   000000018fe8a640 000000018fe8a640
0x00007ffee973cd00:   00007fd6beaf3ca0 00000001200ab6a0
0x00007ffee973cd10:   00000001200ab710 00007fff8634ab38
0x00007ffee973cd20:   00007fff87a99178 00000001200ab450
0x00007ffee973cd30:   00000001200ab690 00007fd6beaf3ca0
0x00007ffee973cd40:   00007fd6bec1d780 00007fd6bed8fec0
0x00007ffee973cd50:   00007fd6beaf3ca0 00007fd6bec1d780
0x00007ffee973cd60:   00007ffee973ce08 00007fd6b98111f8
0x00007ffee973cd70:   000000018fe8a640 00007ffee973ce30
0x00007ffee973cd80:   00007ffee973cdf8 00000001085be9f4
0x00007ffee973cd90:   000000018fe8a640 00007ffee973ce30
0x00007ffee973cda0:   00007ffee973cdf8 00000001085be787
0x00007ffee973cdb0:   00000001085be742 00007ffee973cdb8
0x00007ffee973cdc0:   000000018fe8a640 00007ffee973ce30
0x00007ffee973cdd0:   000000018fe8d278 0000000000000000
0x00007ffee973cde0:   000000018fe8a640 0000000000000000
0x00007ffee973cdf0:   00007ffee973ce18 00007ffee973ce78
0x00007ffee973ce00:   00000001085af2bd 000000074044f720
0x00007ffee973ce10:   00000001085b8538 00007fd6beaf3ca0
0x00007ffee973ce20:   00007ffee973ce78 00007fd6bec1d780
0x00007ffee973ce30:   00000001085b9e02 00007ffee973ce38
0x00007ffee973ce40:   000000018fe8a80a 00007ffee973cea0
0x00007ffee973ce50:   000000018fe8d278 0000000000000000
0x00007ffee973ce60:   000000018fe8a818 00007ffee973ce18
0x00007ffee973ce70:   00007ffee973ce88 00007ffee973cee8
0x00007ffee973ce80:   00000001085af2bd 00007fd6beaf3ca0 

Instructions: (pc=0x00007fff5345e181)
0x00007fff5345e161:   48 89 e5 48 85 ff 0f 84 9c 00 00 00 40 f6 c7 01
0x00007fff5345e171:   0f 85 92 00 00 00 48 b8 f8 ff ff ff ff 7f 00 00
0x00007fff5345e181:   48 23 07 f6 40 20 02 74 5e 48 b9 00 00 00 00 00
0x00007fff5345e191:   00 00 01 48 ba 00 00 00 00 00 00 40 00 48 8b 07 

Register to memory mapping:

RAX=0x00007ffffffffff8 is an unknown value
RBX=0x0000000000000000 is an unknown value
RCX=0x0000000000000003 is an unknown value
RDX=0x00007fd6beaf3ca8 is an unknown value
RSP=0x00007ffee973cc90 is pointing into the stack for thread: 0x00007fd6b9811000
RBP=0x00007ffee973cc90 is pointing into the stack for thread: 0x00007fd6b9811000
RSI=0x000000011f2bc010: OBJC_IVAR_$_PrinterView.fCurPeekGraphics+0x1af0 in /Library/Java/JavaVirtualMachines/jdk1.8.0_151.jdk/Contents/Home/jre/lib/libawt_lwawt.dylib at 0x000000011f23f000
RDI=0x500007fd6be99738 is an unknown value
R8 =0x0000000000000009 is an unknown value
R9 =0x0000000000000000 is an unknown value
R10=0x00000001200ab840: OBJC_CLASS_$_MyCALayer+0 in /private/var/folders/2b/rxb1vsr90zqgm70cphy2n7sh0000gn/T/jogamp_0000/file_cache/jln5099196919822114393/jln3429677352142659986/libnativewindow_macosx.jnilib at 0x00000001200a4000
R11=0x00007fd6bf095910 is an unknown value
R12=0x0000000000000000 is an unknown value
R13={method} {0x000000018fe8a640} 'UnsetJAWTRootSurfaceLayer0' '(JJ)V' in 'jogamp/nativewindow/jawt/macosx/MacOSXJAWTWindow'
R14=0x00007fd6bec1d780 is an unknown value
R15=0x00007fd6b9811000 is a thread


Stack: [0x00007ffee8f42000,0x00007ffee9742000],  sp=0x00007ffee973cc90,  free space=8171k
Native frames: (J=compiled Java code, j=interpreted, Vv=VM code, C=native code)
C  [libobjc.A.dylib+0x9181]  objc_release+0x21
C  [libawt_lwawt.dylib+0x4f5c]  -[AWTSurfaceLayers setLayer:]+0x54
C  [libnativewindow_macosx.jnilib+0x5215]  Java_jogamp_nativewindow_jawt_macosx_MacOSXJAWTWindow_UnsetJAWTRootSurfaceLayer0+0x1a5
j  jogamp.nativewindow.jawt.macosx.MacOSXJAWTWindow.UnsetJAWTRootSurfaceLayer0(JJ)V+0
j  jogamp.nativewindow.jawt.macosx.MacOSXJAWTWindow.access$200(JJ)V+2
j  jogamp.nativewindow.jawt.macosx.MacOSXJAWTWindow$1.run()V+38
J 2619 C1 com.jogamp.common.util.RunnableTask.run()V (345 bytes) @ 0x0000000108e9ceb4 [0x0000000108e9cd20+0x194]
v  ~StubRoutines::call_stub
V  [libjvm.dylib+0x2ee9aa]
V  [libjvm.dylib+0x325b59]
V  [libjvm.dylib+0x318327]
C  [libnativewindow_macosx.jnilib+0x5326]  Java_jogamp_nativewindow_jawt_macosx_MacOSXJAWTWindow_UnsetJAWTRootSurfaceLayer0+0x2b6
C  [Foundation+0x682b5]  __NSThreadPerformPerform+0x14e
C  [CoreFoundation+0xa3a61]  __CFRUNLOOP_IS_CALLING_OUT_TO_A_SOURCE0_PERFORM_FUNCTION__+0x11
C  [CoreFoundation+0x15d47c]  __CFRunLoopDoSource0+0x6c
C  [CoreFoundation+0x8651c]  __CFRunLoopDoSources0+0x12c
C  [CoreFoundation+0x8593d]  __CFRunLoopRun+0x50d
C  [CoreFoundation+0x851a3]  CFRunLoopRunSpecific+0x1e3
C  [HIToolbox+0x2fd96]  RunCurrentEventLoopInMode+0x11e
C  [HIToolbox+0x2fa0f]  ReceiveNextEventCommon+0x16e
C  [HIToolbox+0x2f884]  _BlockUntilNextEventMatchingListInModeWithFilter+0x40
C  [AppKit+0x41a73]  _DPSNextEvent+0x825
C  [AppKit+0x7d7e34]  -[NSApplication(NSEvent) _nextEventMatchingEventMask:untilDate:inMode:dequeue:]+0xbe4
C  [libosxapp.dylib+0x23aa]  -[NSApplicationAWT nextEventMatchingMask:untilDate:inMode:dequeue:]+0x7c
C  [AppKit+0x36885]  -[NSApplication run]+0x2fc
C  [libosxapp.dylib+0x214d]  +[NSApplicationAWT runAWTLoopWithApp:]+0x9c
C  [libawt_lwawt.dylib+0x45edf]  -[AWTStarter starter:]+0x389
C  [Foundation+0x682b5]  __NSThreadPerformPerform+0x14e
C  [CoreFoundation+0xa3a61]  __CFRUNLOOP_IS_CALLING_OUT_TO_A_SOURCE0_PERFORM_FUNCTION__+0x11
C  [CoreFoundation+0x15d47c]  __CFRunLoopDoSource0+0x6c
C  [CoreFoundation+0x864c0]  __CFRunLoopDoSources0+0xd0
C  [CoreFoundation+0x8593d]  __CFRunLoopRun+0x50d
C  [CoreFoundation+0x851a3]  CFRunLoopRunSpecific+0x1e3
C  [java+0x6465]  CreateExecutionEnvironment+0x367
C  [java+0x218c]  JLI_Launch+0x7a0
C  [java+0x84c2]  main+0x65
C  [java+0x19e4]  start+0x34
C  0x0000000000000007

Java frames: (J=compiled Java code, j=interpreted, Vv=VM code)
j  jogamp.nativewindow.jawt.macosx.MacOSXJAWTWindow.UnsetJAWTRootSurfaceLayer0(JJ)V+0
j  jogamp.nativewindow.jawt.macosx.MacOSXJAWTWindow.access$200(JJ)V+2
j  jogamp.nativewindow.jawt.macosx.MacOSXJAWTWindow$1.run()V+38
J 2619 C1 com.jogamp.common.util.RunnableTask.run()V (345 bytes) @ 0x0000000108e9ceb4 [0x0000000108e9cd20+0x194]
v  ~StubRoutines::call_stub

---------------  P R O C E S S  ---------------

Java Threads: ( => current thread )
  0x00007fd6ad9c2000 JavaThread "Thread-20" [_thread_blocked, id=35379, stack(0x000070000d94a000,0x000070000da4a000)]
  0x00007fd6b93ea800 JavaThread "AWT-EventQueue-1" [_thread_in_native, id=71959, stack(0x000070000e065000,0x000070000e165000)]
  0x00007fd6b9971800 JavaThread "DestroyJavaVM" [_thread_blocked, id=6403, stack(0x000070000c917000,0x000070000ca17000)]
  0x00007fd6b98b4000 JavaThread "AWT-EventQueue-0" [_thread_blocked, id=78615, stack(0x000070000de5f000,0x000070000df5f000)]
  0x00007fd6b923b000 JavaThread "Java2D Disposer" daemon [_thread_blocked, id=79119, stack(0x000070000dbd6000,0x000070000dcd6000)]
  0x00007fd6b9339000 JavaThread "Java2D Queue Flusher" daemon [_thread_blocked, id=44867, stack(0x000070000dad3000,0x000070000dbd3000)]
  0x00007fd6ba87d800 JavaThread "AWT-Shutdown" [_thread_blocked, id=38699, stack(0x000070000d7c4000,0x000070000d8c4000)]
=>0x00007fd6b9811000 JavaThread "AWT-AppKit" daemon [_thread_in_native, id=775, stack(0x00007ffee8f42000,0x00007ffee9742000)]
  0x00007fd6b902c800 JavaThread "Service Thread" daemon [_thread_blocked, id=17155, stack(0x000070000d53b000,0x000070000d63b000)]
  0x00007fd6b9810000 JavaThread "C1 CompilerThread2" daemon [_thread_blocked, id=13571, stack(0x000070000d438000,0x000070000d538000)]
  0x00007fd6ba026800 JavaThread "C2 CompilerThread1" daemon [_thread_blocked, id=17923, stack(0x000070000d335000,0x000070000d435000)]
  0x00007fd6ba015800 JavaThread "C2 CompilerThread0" daemon [_thread_blocked, id=13059, stack(0x000070000d232000,0x000070000d332000)]
  0x00007fd6ba00b000 JavaThread "Signal Dispatcher" daemon [_thread_blocked, id=12555, stack(0x000070000d12f000,0x000070000d22f000)]
  0x00007fd6ba80f800 JavaThread "Finalizer" daemon [_thread_blocked, id=11523, stack(0x000070000d02c000,0x000070000d12c000)]
  0x00007fd6ba80c800 JavaThread "Reference Handler" daemon [_thread_blocked, id=20483, stack(0x000070000cf29000,0x000070000d029000)]

Other Threads:
  0x00007fd6ba808000 VMThread [stack: 0x000070000ce26000,0x000070000cf26000] [id=20995]
  0x00007fd6ba810800 WatcherThread [stack: 0x000070000d63e000,0x000070000d73e000] [id=16899]

VM state:not at safepoint (normal execution)

VM Mutex/Monitor currently owned by a thread: None

Heap:
 PSYoungGen      total 303104K, used 11592K [0x0000000795580000, 0x00000007a9600000, 0x00000007c0000000)
  eden space 284672K, 4% used [0x0000000795580000,0x00000007960ba288,0x00000007a6b80000)
  from space 18432K, 0% used [0x00000007a7e00000,0x00000007a7e18000,0x00000007a9000000)
  to   space 18944K, 0% used [0x00000007a6b80000,0x00000007a6b80000,0x00000007a7e00000)
 ParOldGen       total 87040K, used 28219K [0x0000000740000000, 0x0000000745500000, 0x0000000795580000)
  object space 87040K, 32% used [0x0000000740000000,0x0000000741b8ed70,0x0000000745500000)
 Metaspace       used 31241K, capacity 31695K, committed 31920K, reserved 1079296K
  class space    used 2587K, capacity 2715K, committed 2736K, reserved 1048576K

Card table byte_map: [0x00000001175a7000,0x00000001179a8000] byte_map_base: 0x0000000113ba7000

Marking Bits: (ParMarkBitMap*) 0x0000000107ef35d0
 Begin Bits: [0x00000001179a8000, 0x00000001199a8000)
 End Bits:   [0x00000001199a8000, 0x000000011b9a8000)

Polling page: 0x000000010653a000

CodeCache: size=245760Kb used=12479Kb max_used=12497Kb free=233280Kb
 bounds [0x00000001085a7000, 0x00000001091f7000, 0x00000001175a7000]
 total_blobs=4301 nmethods=3345 adapters=869
 compilation: enabled

Compilation events (10 events):
Event: 39.547 Thread 0x00007fd6b9810000 3871       3       sun.lwawt.macosx.CPlatformWindow::getLocationOnScreen (22 bytes)
Event: 39.548 Thread 0x00007fd6b9810000 nmethod 3871 0x0000000108e0da50 code [0x0000000108e0dbc0, 0x0000000108e0de90]
Event: 39.548 Thread 0x00007fd6b9810000 3872       1       sun.java2d.SurfaceData::isValid (5 bytes)
Event: 39.548 Thread 0x00007fd6b9810000 nmethod 3872 0x0000000108e45f50 code [0x0000000108e460a0, 0x0000000108e461b0]
Event: 39.627 Thread 0x00007fd6b9810000 3873       3       sun.lwawt.LWComponentPeer::getLocationOnScreen (41 bytes)
Event: 39.628 Thread 0x00007fd6b9810000 nmethod 3873 0x00000001091ca450 code [0x00000001091ca640, 0x00000001091cafc8]
Event: 39.628 Thread 0x00007fd6b9810000 3875       3       sun.java2d.SunGraphics2D::setColor (108 bytes)
Event: 39.629 Thread 0x00007fd6b9810000 nmethod 3875 0x00000001091c9cd0 code [0x00000001091c9e60, 0x00000001091ca398]
Event: 39.629 Thread 0x00007fd6b9810000 3874       3       java.awt.KeyboardFocusManager::checkKFMSecurity (11 bytes)
Event: 39.630 Thread 0x00007fd6b9810000 nmethod 3874 0x00000001091c9010 code [0x00000001091c9200, 0x00000001091c9938]

GC Heap History (10 events):
Event: 15.727 GC heap before
{Heap before GC invocations=8 (full 1):
 PSYoungGen      total 138240K, used 125426K [0x0000000795580000, 0x000000079f200000, 0x00000007c0000000)
  eden space 117760K, 100% used [0x0000000795580000,0x000000079c880000,0x000000079c880000)
  from space 20480K, 37% used [0x000000079db80000,0x000000079e2fc998,0x000000079ef80000)
  to   space 19456K, 0% used [0x000000079c880000,0x000000079c880000,0x000000079db80000)
 ParOldGen       total 47616K, used 30313K [0x0000000740000000, 0x0000000742e80000, 0x0000000795580000)
  object space 47616K, 63% used [0x0000000740000000,0x0000000741d9a7c8,0x0000000742e80000)
 Metaspace       used 30958K, capacity 31439K, committed 31664K, reserved 1079296K
  class space    used 2580K, capacity 2715K, committed 2736K, reserved 1048576K
Event: 15.738 GC heap after
Heap after GC invocations=8 (full 1):
 PSYoungGen      total 137216K, used 10562K [0x0000000795580000, 0x00000007a4600000, 0x00000007c0000000)
  eden space 117760K, 0% used [0x0000000795580000,0x0000000795580000,0x000000079c880000)
  from space 19456K, 54% used [0x000000079c880000,0x000000079d2d0808,0x000000079db80000)
  to   space 18432K, 0% used [0x00000007a3400000,0x00000007a3400000,0x00000007a4600000)
 ParOldGen       total 47616K, used 30321K [0x0000000740000000, 0x0000000742e80000, 0x0000000795580000)
  object space 47616K, 63% used [0x0000000740000000,0x0000000741d9c7c8,0x0000000742e80000)
 Metaspace       used 30958K, capacity 31439K, committed 31664K, reserved 1079296K
  class space    used 2580K, capacity 2715K, committed 2736K, reserved 1048576K
}
Event: 21.076 GC heap before
{Heap before GC invocations=9 (full 1):
 PSYoungGen      total 137216K, used 128322K [0x0000000795580000, 0x00000007a4600000, 0x00000007c0000000)
  eden space 117760K, 100% used [0x0000000795580000,0x000000079c880000,0x000000079c880000)
  from space 19456K, 54% used [0x000000079c880000,0x000000079d2d0808,0x000000079db80000)
  to   space 18432K, 0% used [0x00000007a3400000,0x00000007a3400000,0x00000007a4600000)
 ParOldGen       total 47616K, used 30321K [0x0000000740000000, 0x0000000742e80000, 0x0000000795580000)
  object space 47616K, 63% used [0x0000000740000000,0x0000000741d9c7c8,0x0000000742e80000)
 Metaspace       used 31100K, capacity 31567K, committed 31920K, reserved 1079296K
  class space    used 2580K, capacity 2715K, committed 2736K, reserved 1048576K
Event: 21.084 GC heap after
Heap after GC invocations=9 (full 1):
 PSYoungGen      total 215552K, used 7236K [0x0000000795580000, 0x00000007a4000000, 0x00000007c0000000)
  eden space 203264K, 0% used [0x0000000795580000,0x0000000795580000,0x00000007a1c00000)
  from space 12288K, 58% used [0x00000007a3400000,0x00000007a3b111f8,0x00000007a4000000)
  to   space 18432K, 0% used [0x00000007a1c00000,0x00000007a1c00000,0x00000007a2e00000)
 ParOldGen       total 47616K, used 33571K [0x0000000740000000, 0x0000000742e80000, 0x0000000795580000)
  object space 47616K, 70% used [0x0000000740000000,0x00000007420c8da8,0x0000000742e80000)
 Metaspace       used 31100K, capacity 31567K, committed 31920K, reserved 1079296K
  class space    used 2580K, capacity 2715K, committed 2736K, reserved 1048576K
}
Event: 30.432 GC heap before
{Heap before GC invocations=10 (full 1):
 PSYoungGen      total 215552K, used 210500K [0x0000000795580000, 0x00000007a4000000, 0x00000007c0000000)
  eden space 203264K, 100% used [0x0000000795580000,0x00000007a1c00000,0x00000007a1c00000)
  from space 12288K, 58% used [0x00000007a3400000,0x00000007a3b111f8,0x00000007a4000000)
  to   space 18432K, 0% used [0x00000007a1c00000,0x00000007a1c00000,0x00000007a2e00000)
 ParOldGen       total 47616K, used 33571K [0x0000000740000000, 0x0000000742e80000, 0x0000000795580000)
  object space 47616K, 70% used [0x0000000740000000,0x00000007420c8da8,0x0000000742e80000)
 Metaspace       used 31214K, capacity 31695K, committed 31920K, reserved 1079296K
  class space    used 2580K, capacity 2715K, committed 2736K, reserved 1048576K
Event: 30.440 GC heap after
Heap after GC invocations=10 (full 1):
 PSYoungGen      total 221696K, used 3744K [0x0000000795580000, 0x00000007a9000000, 0x00000007c0000000)
  eden space 203264K, 0% used [0x0000000795580000,0x0000000795580000,0x00000007a1c00000)
  from space 18432K, 20% used [0x00000007a1c00000,0x00000007a1fa80d0,0x00000007a2e00000)
  to   space 18432K, 0% used [0x00000007a7e00000,0x00000007a7e00000,0x00000007a9000000)
 ParOldGen       total 47616K, used 37046K [0x0000000740000000, 0x0000000742e80000, 0x0000000795580000)
  object space 47616K, 77% used [0x0000000740000000,0x000000074242d9f8,0x0000000742e80000)
 Metaspace       used 31214K, capacity 31695K, committed 31920K, reserved 1079296K
  class space    used 2580K, capacity 2715K, committed 2736K, reserved 1048576K
}
Event: 30.440 GC heap before
{Heap before GC invocations=11 (full 2):
 PSYoungGen      total 221696K, used 3744K [0x0000000795580000, 0x00000007a9000000, 0x00000007c0000000)
  eden space 203264K, 0% used [0x0000000795580000,0x0000000795580000,0x00000007a1c00000)
  from space 18432K, 20% used [0x00000007a1c00000,0x00000007a1fa80d0,0x00000007a2e00000)
  to   space 18432K, 0% used [0x00000007a7e00000,0x00000007a7e00000,0x00000007a9000000)
 ParOldGen       total 47616K, used 37046K [0x0000000740000000, 0x0000000742e80000, 0x0000000795580000)
  object space 47616K, 77% used [0x0000000740000000,0x000000074242d9f8,0x0000000742e80000)
 Metaspace       used 31214K, capacity 31695K, committed 31920K, reserved 1079296K
  class space    used 2580K, capacity 2715K, committed 2736K, reserved 1048576K
Event: 30.493 GC heap after
Heap after GC invocations=11 (full 2):
 PSYoungGen      total 221696K, used 0K [0x0000000795580000, 0x00000007a9000000, 0x00000007c0000000)
  eden space 203264K, 0% used [0x0000000795580000,0x0000000795580000,0x00000007a1c00000)
  from space 18432K, 0% used [0x00000007a1c00000,0x00000007a1c00000,0x00000007a2e00000)
  to   space 18432K, 0% used [0x00000007a7e00000,0x00000007a7e00000,0x00000007a9000000)
 ParOldGen       total 87040K, used 28219K [0x0000000740000000, 0x0000000745500000, 0x0000000795580000)
  object space 87040K, 32% used [0x0000000740000000,0x0000000741b8ed70,0x0000000745500000)
 Metaspace       used 31214K, capacity 31695K, committed 31920K, reserved 1079296K
  class space    used 2580K, capacity 2715K, committed 2736K, reserved 1048576K
}
Event: 39.514 GC heap before
{Heap before GC invocations=12 (full 2):
 PSYoungGen      total 221696K, used 203264K [0x0000000795580000, 0x00000007a9000000, 0x00000007c0000000)
  eden space 203264K, 100% used [0x0000000795580000,0x00000007a1c00000,0x00000007a1c00000)
  from space 18432K, 0% used [0x00000007a1c00000,0x00000007a1c00000,0x00000007a2e00000)
  to   space 18432K, 0% used [0x00000007a7e00000,0x00000007a7e00000,0x00000007a9000000)
 ParOldGen       total 87040K, used 28219K [0x0000000740000000, 0x0000000745500000, 0x0000000795580000)
  object space 87040K, 32% used [0x0000000740000000,0x0000000741b8ed70,0x0000000745500000)
 Metaspace       used 31216K, capacity 31695K, committed 31920K, reserved 1079296K
  class space    used 2581K, capacity 2715K, committed 2736K, reserved 1048576K
Event: 39.516 GC heap after
Heap after GC invocations=12 (full 2):
 PSYoungGen      total 303104K, used 96K [0x0000000795580000, 0x00000007a9600000, 0x00000007c0000000)
  eden space 284672K, 0% used [0x0000000795580000,0x0000000795580000,0x00000007a6b80000)
  from space 18432K, 0% used [0x00000007a7e00000,0x00000007a7e18000,0x00000007a9000000)
  to   space 18944K, 0% used [0x00000007a6b80000,0x00000007a6b80000,0x00000007a7e00000)
 ParOldGen       total 87040K, used 28219K [0x0000000740000000, 0x0000000745500000, 0x0000000795580000)
  object space 87040K, 32% used [0x0000000740000000,0x0000000741b8ed70,0x0000000745500000)
 Metaspace       used 31216K, capacity 31695K, committed 31920K, reserved 1079296K
  class space    used 2581K, capacity 2715K, committed 2736K, reserved 1048576K
}

Deoptimization events (10 events):
Event: 14.263 Thread 0x00007fd6b93ea800 Uncommon trap: reason=unstable_if action=reinterpret pc=0x0000000108e4b94c method=sun.misc.FloatingDecimal$BinaryToASCIIBuffer.dtoa(IJIZ)V @ 386
Event: 14.303 Thread 0x00007fd6b93ea800 Uncommon trap: reason=unstable_if action=reinterpret pc=0x00000001087c4cc4 method=module5.CommonMarker.draw(Lprocessing/core/PGraphics;FF)V @ 4
Event: 39.547 Thread 0x00007fd6b93ea800 Uncommon trap: reason=unstable_if action=reinterpret pc=0x00000001087996a8 method=com.jogamp.common.util.VersionNumber.compareTo(Lcom/jogamp/common/util/VersionNumber;)I @ 21
Event: 39.549 Thread 0x00007fd6b98b4000 Uncommon trap: reason=unstable_if action=reinterpret pc=0x0000000108ecd714 method=java.awt.Font.equals(Ljava/lang/Object;)Z @ 2
Event: 39.597 Thread 0x00007fd6ba1ce000 Uncommon trap: reason=class_check action=maybe_recompile pc=0x0000000108ada8fc method=java.util.HashMap.putVal(ILjava/lang/Object;Ljava/lang/Object;ZZ)Ljava/lang/Object; @ 91
Event: 39.597 Thread 0x00007fd6ba1ce000 Uncommon trap: reason=bimorphic action=maybe_recompile pc=0x0000000108b30930 method=java.util.HashMap.putVal(ILjava/lang/Object;Ljava/lang/Object;ZZ)Ljava/lang/Object; @ 91
Event: 39.597 Thread 0x00007fd6ba1ce000 Uncommon trap: reason=bimorphic action=maybe_recompile pc=0x0000000108b30930 method=java.util.HashMap.putVal(ILjava/lang/Object;Ljava/lang/Object;ZZ)Ljava/lang/Object; @ 91
Event: 39.597 Thread 0x00007fd6ba1ce000 Uncommon trap: reason=bimorphic action=maybe_recompile pc=0x0000000108b30930 method=java.util.HashMap.putVal(ILjava/lang/Object;Ljava/lang/Object;ZZ)Ljava/lang/Object; @ 91
Event: 39.597 Thread 0x00007fd6ba1ce000 Uncommon trap: reason=bimorphic action=maybe_recompile pc=0x0000000108b30930 method=java.util.HashMap.putVal(ILjava/lang/Object;Ljava/lang/Object;ZZ)Ljava/lang/Object; @ 91
Event: 39.628 Thread 0x00007fd6ad9c2000 Uncommon trap: reason=predicate action=maybe_recompile pc=0x0000000109048478 method=java.util.Vector.indexOf(Ljava/lang/Object;I)I @ 44

Internal exceptions (10 events):
Event: 0.396 Thread 0x00007fd6ba002000 Exception <a 'java/io/FileNotFoundException'> (0x00000007958171f0) thrown at [/Users/java_re/workspace/8-2-build-macosx-x86_64/jdk8u151/9699/hotspot/src/share/vm/prims/jni.cpp, line 709]
Event: 0.396 Thread 0x00007fd6ba002000 Exception <a 'java/io/FileNotFoundException'> (0x0000000795817d78) thrown at [/Users/java_re/workspace/8-2-build-macosx-x86_64/jdk8u151/9699/hotspot/src/share/vm/prims/jni.cpp, line 709]
Event: 0.539 Thread 0x00007fd6ba002000 Exception <a 'java/io/FileNotFoundException'> (0x0000000795a0e7c8) thrown at [/Users/java_re/workspace/8-2-build-macosx-x86_64/jdk8u151/9699/hotspot/src/share/vm/prims/jni.cpp, line 709]
Event: 3.364 Thread 0x00007fd6ba39b000 Exception <a 'java/lang/UnsatisfiedLinkError': com.jogamp.common.util.JarUtil.fixNativeLibAttribs(Ljava/lang/String;)Z> (0x0000000796c1b168) thrown at [/Users/java_re/workspace/8-2-build-macosx-x86_64/jdk8u151/9699/hotspot/src/share/vm/prims/nativeLookup.
Event: 3.754 Thread 0x00007fd6ba80f800 Exception <a 'java/lang/NullPointerException'> (0x00000007956a32c8) thrown at [/Users/java_re/workspace/8-2-build-macosx-x86_64/jdk8u151/9699/hotspot/src/share/vm/interpreter/linkResolver.cpp, line 1183]
Event: 4.652 Thread 0x00007fd6b93ea800 Exception <a 'java/io/FileNotFoundException'> (0x0000000796024590) thrown at [/Users/java_re/workspace/8-2-build-macosx-x86_64/jdk8u151/9699/hotspot/src/share/vm/prims/jni.cpp, line 709]
Event: 4.652 Thread 0x00007fd6b93ea800 Exception <a 'java/io/FileNotFoundException'> (0x000000079602afa8) thrown at [/Users/java_re/workspace/8-2-build-macosx-x86_64/jdk8u151/9699/hotspot/src/share/vm/prims/jni.cpp, line 709]
Event: 4.653 Thread 0x00007fd6b93ea800 Implicit null exception at 0x0000000108786734 to 0x0000000108786b69
Event: 5.122 Thread 0x00007fd6b93ea800 Implicit null exception at 0x0000000108977546 to 0x000000010897778d
Event: 7.190 Thread 0x00007fd6b9a44000 Implicit null exception at 0x000000010878f035 to 0x000000010878f3f5

Events (10 events):
Event: 39.627 loading class java/awt/event/AWTEventListenerProxy
Event: 39.627 loading class java/awt/event/AWTEventListenerProxy done
Event: 39.627 loading class java/awt/Toolkit$ToolkitEventMulticaster
Event: 39.627 loading class java/awt/Toolkit$ToolkitEventMulticaster done
Event: 39.627 Thread 0x00007fd6ba1ce000 Thread exited: 0x00007fd6ba1ce000
Event: 39.628 Thread 0x00007fd6ad9c2000 Uncommon trap: trap_request=0xffffff86 fr.pc=0x0000000109048478
Event: 39.628 Thread 0x00007fd6ad9c2000 DEOPT PACKING pc=0x0000000109048478 sp=0x000070000da497e0
Event: 39.628 Thread 0x00007fd6ad9c2000 DEOPT UNPACKING pc=0x00000001085ac229 sp=0x000070000da497a0 mode 2
Event: 39.628 loading class java/awt/Window$1DisposeAction
Event: 39.628 loading class java/awt/Window$1DisposeAction done


Dynamic libraries:
0x00000000046d8000 	/System/Library/Frameworks/Cocoa.framework/Versions/A/Cocoa
0x00000000046d8000 	/System/Library/Frameworks/Security.framework/Versions/A/Security
0x00000000046d8000 	/System/Library/Frameworks/ApplicationServices.framework/Versions/A/ApplicationServices
0x00000000046d8000 	/usr/lib/libz.1.dylib
0x00000000046d8000 	/usr/lib/libSystem.B.dylib
0x00000000046d8000 	/usr/lib/libobjc.A.dylib
0x00000000046d8000 	/System/Library/Frameworks/CoreFoundation.framework/Versions/A/CoreFoundation
0x00000000046d8000 	/System/Library/Frameworks/Foundation.framework/Versions/C/Foundation
0x00000000046d8000 	/System/Library/Frameworks/AppKit.framework/Versions/C/AppKit
0x00000000046d8000 	/System/Library/Frameworks/CoreData.framework/Versions/A/CoreData
0x00000000046d8000 	/System/Library/PrivateFrameworks/RemoteViewServices.framework/Versions/A/RemoteViewServices
0x00000000046d8000 	/System/Library/PrivateFrameworks/UIFoundation.framework/Versions/A/UIFoundation
0x00000000046d8000 	/System/Library/PrivateFrameworks/DFRFoundation.framework/Versions/A/DFRFoundation
0x00000000046d8000 	/System/Library/Frameworks/Metal.framework/Versions/A/Metal
0x00000000046d8000 	/System/Library/PrivateFrameworks/DesktopServicesPriv.framework/Versions/A/DesktopServicesPriv
0x00000000046d8000 	/usr/lib/libenergytrace.dylib
0x00000000046d8000 	/System/Library/PrivateFrameworks/SkyLight.framework/Versions/A/SkyLight
0x00000000046d8000 	/System/Library/Frameworks/CoreGraphics.framework/Versions/A/CoreGraphics
0x00000000046d8000 	/usr/lib/libScreenReader.dylib
0x00000000046d8000 	/System/Library/Frameworks/Accelerate.framework/Versions/A/Accelerate
0x00000000046d8000 	/System/Library/Frameworks/IOSurface.framework/Versions/A/IOSurface
0x00000000046d8000 	/System/Library/Frameworks/AudioToolbox.framework/Versions/A/AudioToolbox
0x00000000046d8000 	/System/Library/Frameworks/AudioUnit.framework/Versions/A/AudioUnit
0x00000000046d8000 	/System/Library/PrivateFrameworks/DataDetectorsCore.framework/Versions/A/DataDetectorsCore
0x00000000046d8000 	/System/Library/Frameworks/Carbon.framework/Versions/A/Frameworks/HIToolbox.framework/Versions/A/HIToolbox
0x00000000046d8000 	/usr/lib/libicucore.A.dylib
0x00000000046d8000 	/System/Library/Frameworks/QuartzCore.framework/Versions/A/QuartzCore
0x00000000046d8000 	/System/Library/PrivateFrameworks/SignpostNotification.framework/Versions/A/SignpostNotification
0x00000000046d8000 	/System/Library/Frameworks/Carbon.framework/Versions/A/Frameworks/SpeechRecognition.framework/Versions/A/SpeechRecognition
0x00000000046d8000 	/usr/lib/libauto.dylib
0x00000000046d8000 	/usr/lib/libxml2.2.dylib
0x00000000046d8000 	/System/Library/PrivateFrameworks/CoreUI.framework/Versions/A/CoreUI
0x00000000046d8000 	/System/Library/Frameworks/CoreAudio.framework/Versions/A/CoreAudio
0x00000000046d8000 	/System/Library/Frameworks/DiskArbitration.framework/Versions/A/DiskArbitration
0x00000000046d8000 	/usr/lib/liblangid.dylib
0x00000000046d8000 	/System/Library/PrivateFrameworks/MultitouchSupport.framework/Versions/A/MultitouchSupport
0x00000000046d8000 	/System/Library/Frameworks/IOKit.framework/Versions/A/IOKit
0x00000000046d8000 	/usr/lib/libDiagnosticMessagesClient.dylib
0x00000000046d8000 	/System/Library/Frameworks/CoreServices.framework/Versions/A/CoreServices
0x00000000046d8000 	/System/Library/PrivateFrameworks/PerformanceAnalysis.framework/Versions/A/PerformanceAnalysis
0x00000000046d8000 	/System/Library/Frameworks/OpenGL.framework/Versions/A/OpenGL
0x00000000046d8000 	/System/Library/Frameworks/ColorSync.framework/Versions/A/ColorSync
0x00000000046d8000 	/System/Library/Frameworks/CoreImage.framework/Versions/A/CoreImage
0x00000000046d8000 	/System/Library/Frameworks/CoreText.framework/Versions/A/CoreText
0x00000000046d8000 	/System/Library/Frameworks/ImageIO.framework/Versions/A/ImageIO
0x00000000046d8000 	/System/Library/PrivateFrameworks/Backup.framework/Versions/A/Backup
0x00000000046d8000 	/usr/lib/libarchive.2.dylib
0x00000000046d8000 	/System/Library/Frameworks/CFNetwork.framework/Versions/A/CFNetwork
0x00000000046d8000 	/System/Library/Frameworks/SystemConfiguration.framework/Versions/A/SystemConfiguration
0x00000000046d8000 	/usr/lib/libCRFSuite.dylib
0x00000000046d8000 	/usr/lib/libc++.1.dylib
0x00000000046d8000 	/usr/lib/libc++abi.dylib
0x00000000046d8000 	/usr/lib/system/libcache.dylib
0x00000000046d8000 	/usr/lib/system/libcommonCrypto.dylib
0x00000000046d8000 	/usr/lib/system/libcompiler_rt.dylib
0x00000000046d8000 	/usr/lib/system/libcopyfile.dylib
0x00000000046d8000 	/usr/lib/system/libcorecrypto.dylib
0x00000000046d8000 	/usr/lib/system/libdispatch.dylib
0x00000000046d8000 	/usr/lib/system/libdyld.dylib
0x00000000046d8000 	/usr/lib/system/libkeymgr.dylib
0x00000000046d8000 	/usr/lib/system/liblaunch.dylib
0x00000000046d8000 	/usr/lib/system/libmacho.dylib
0x00000000046d8000 	/usr/lib/system/libquarantine.dylib
0x00000000046d8000 	/usr/lib/system/libremovefile.dylib
0x00000000046d8000 	/usr/lib/system/libsystem_asl.dylib
0x00000000046d8000 	/usr/lib/system/libsystem_blocks.dylib
0x00000000046d8000 	/usr/lib/system/libsystem_c.dylib
0x00000000046d8000 	/usr/lib/system/libsystem_configuration.dylib
0x00000000046d8000 	/usr/lib/system/libsystem_coreservices.dylib
0x00000000046d8000 	/usr/lib/system/libsystem_darwin.dylib
0x00000000046d8000 	/usr/lib/system/libsystem_dnssd.dylib
0x00000000046d8000 	/usr/lib/system/libsystem_info.dylib
0x00000000046d8000 	/usr/lib/system/libsystem_m.dylib
0x00000000046d8000 	/usr/lib/system/libsystem_malloc.dylib
0x00000000046d8000 	/usr/lib/system/libsystem_network.dylib
0x00000000046d8000 	/usr/lib/system/libsystem_networkextension.dylib
0x00000000046d8000 	/usr/lib/system/libsystem_notify.dylib
0x00000000046d8000 	/usr/lib/system/libsystem_sandbox.dylib
0x00000000046d8000 	/usr/lib/system/libsystem_secinit.dylib
0x00000000046d8000 	/usr/lib/system/libsystem_kernel.dylib
0x00000000046d8000 	/usr/lib/system/libsystem_platform.dylib
0x00000000046d8000 	/usr/lib/system/libsystem_pthread.dylib
0x00000000046d8000 	/usr/lib/system/libsystem_symptoms.dylib
0x00000000046d8000 	/usr/lib/system/libsystem_trace.dylib
0x00000000046d8000 	/usr/lib/system/libunwind.dylib
0x00000000046d8000 	/usr/lib/system/libxpc.dylib
0x00000000046d8000 	/usr/lib/closure/libclosured.dylib
0x00000000046d8000 	/usr/lib/libbsm.0.dylib
0x00000000046d8000 	/usr/lib/system/libkxld.dylib
0x00000000046d8000 	/usr/lib/libOpenScriptingUtil.dylib
0x00000000046d8000 	/usr/lib/libcoretls.dylib
0x00000000046d8000 	/usr/lib/libcoretls_cfhelpers.dylib
0x00000000046d8000 	/usr/lib/libpam.2.dylib
0x00000000046d8000 	/usr/lib/libsqlite3.dylib
0x00000000046d8000 	/usr/lib/libxar.1.dylib
0x00000000046d8000 	/usr/lib/libbz2.1.0.dylib
0x00000000046d8000 	/usr/lib/liblzma.5.dylib
0x00000000046d8000 	/usr/lib/libnetwork.dylib
0x00000000046d8000 	/usr/lib/libapple_nghttp2.dylib
0x00000000046d8000 	/usr/lib/libpcap.A.dylib
0x00000000046d8000 	/usr/lib/libboringssl.dylib
0x00000000046d8000 	/usr/lib/libusrtcp.dylib
0x00000000046d8000 	/usr/lib/libapple_crypto.dylib
0x00000000046d8000 	/System/Library/Frameworks/CoreServices.framework/Versions/A/Frameworks/FSEvents.framework/Versions/A/FSEvents
0x00000000046d8000 	/System/Library/Frameworks/CoreServices.framework/Versions/A/Frameworks/CarbonCore.framework/Versions/A/CarbonCore
0x00000000046d8000 	/System/Library/Frameworks/CoreServices.framework/Versions/A/Frameworks/Metadata.framework/Versions/A/Metadata
0x00000000046d8000 	/System/Library/Frameworks/CoreServices.framework/Versions/A/Frameworks/OSServices.framework/Versions/A/OSServices
0x00000000046d8000 	/System/Library/Frameworks/CoreServices.framework/Versions/A/Frameworks/SearchKit.framework/Versions/A/SearchKit
0x00000000046d8000 	/System/Library/Frameworks/CoreServices.framework/Versions/A/Frameworks/AE.framework/Versions/A/AE
0x00000000046d8000 	/System/Library/Frameworks/CoreServices.framework/Versions/A/Frameworks/LaunchServices.framework/Versions/A/LaunchServices
0x00000000046d8000 	/System/Library/Frameworks/CoreServices.framework/Versions/A/Frameworks/DictionaryServices.framework/Versions/A/DictionaryServices
0x00000000046d8000 	/System/Library/Frameworks/CoreServices.framework/Versions/A/Frameworks/SharedFileList.framework/Versions/A/SharedFileList
0x00000000046d8000 	/System/Library/Frameworks/NetFS.framework/Versions/A/NetFS
0x00000000046d8000 	/System/Library/PrivateFrameworks/NetAuth.framework/Versions/A/NetAuth
0x00000000046d8000 	/System/Library/PrivateFrameworks/login.framework/Versions/A/Frameworks/loginsupport.framework/Versions/A/loginsupport
0x00000000046d8000 	/System/Library/PrivateFrameworks/TCC.framework/Versions/A/TCC
0x00000000046d8000 	/usr/lib/libmecabra.dylib
0x00000000046d8000 	/System/Library/Frameworks/ApplicationServices.framework/Versions/A/Frameworks/ATS.framework/Versions/A/ATS
0x00000000046d8000 	/System/Library/Frameworks/ApplicationServices.framework/Versions/A/Frameworks/ColorSyncLegacy.framework/Versions/A/ColorSyncLegacy
0x00000000046d8000 	/System/Library/Frameworks/ApplicationServices.framework/Versions/A/Frameworks/HIServices.framework/Versions/A/HIServices
0x00000000046d8000 	/System/Library/Frameworks/ApplicationServices.framework/Versions/A/Frameworks/LangAnalysis.framework/Versions/A/LangAnalysis
0x00000000046d8000 	/System/Library/Frameworks/ApplicationServices.framework/Versions/A/Frameworks/PrintCore.framework/Versions/A/PrintCore
0x00000000046d8000 	/System/Library/Frameworks/ApplicationServices.framework/Versions/A/Frameworks/QD.framework/Versions/A/QD
0x00000000046d8000 	/System/Library/Frameworks/ApplicationServices.framework/Versions/A/Frameworks/SpeechSynthesis.framework/Versions/A/SpeechSynthesis
0x00000000046d8000 	/System/Library/Frameworks/CoreDisplay.framework/Versions/A/CoreDisplay
0x00000000046d8000 	/System/Library/Frameworks/Accelerate.framework/Versions/A/Frameworks/vImage.framework/Versions/A/vImage
0x00000000046d8000 	/System/Library/Frameworks/Accelerate.framework/Versions/A/Frameworks/vecLib.framework/Versions/A/vecLib
0x00000000046d8000 	/System/Library/Frameworks/Accelerate.framework/Versions/A/Frameworks/vecLib.framework/Versions/A/libvDSP.dylib
0x00000000046d8000 	/System/Library/Frameworks/Accelerate.framework/Versions/A/Frameworks/vecLib.framework/Versions/A/libBNNS.dylib
0x00000000046d8000 	/System/Library/Frameworks/Accelerate.framework/Versions/A/Frameworks/vecLib.framework/Versions/A/libQuadrature.dylib
0x00000000046d8000 	/System/Library/Frameworks/Accelerate.framework/Versions/A/Frameworks/vecLib.framework/Versions/A/libvMisc.dylib
0x00000000046d8000 	/System/Library/Frameworks/Accelerate.framework/Versions/A/Frameworks/vecLib.framework/Versions/A/libLAPACK.dylib
0x00000000046d8000 	/System/Library/Frameworks/Accelerate.framework/Versions/A/Frameworks/vecLib.framework/Versions/A/libBLAS.dylib
0x00000000046d8000 	/System/Library/Frameworks/Accelerate.framework/Versions/A/Frameworks/vecLib.framework/Versions/A/libLinearAlgebra.dylib
0x00000000046d8000 	/System/Library/Frameworks/Accelerate.framework/Versions/A/Frameworks/vecLib.framework/Versions/A/libSparse.dylib
0x00000000046d8000 	/System/Library/Frameworks/Accelerate.framework/Versions/A/Frameworks/vecLib.framework/Versions/A/libSparseBLAS.dylib
0x00000000046d8000 	/System/Library/PrivateFrameworks/GPUWrangler.framework/Versions/A/GPUWrangler
0x00000000046d8000 	/System/Library/PrivateFrameworks/IOAccelerator.framework/Versions/A/IOAccelerator
0x00000000046d8000 	/System/Library/PrivateFrameworks/IOPresentment.framework/Versions/A/IOPresentment
0x00000000046d8000 	/System/Library/PrivateFrameworks/DSExternalDisplay.framework/Versions/A/DSExternalDisplay
0x00000000046d8000 	/System/Library/Frameworks/OpenGL.framework/Versions/A/Libraries/libCoreFSCache.dylib
0x00000000046d8000 	/System/Library/Frameworks/CoreVideo.framework/Versions/A/CoreVideo
0x00000000046d8000 	/System/Library/PrivateFrameworks/GraphVisualizer.framework/Versions/A/GraphVisualizer
0x00000000046d8000 	/System/Library/Frameworks/MetalPerformanceShaders.framework/Versions/A/MetalPerformanceShaders
0x00000000046d8000 	/usr/lib/libFosl_dynamic.dylib
0x00000000046d8000 	/System/Library/PrivateFrameworks/FaceCore.framework/Versions/A/FaceCore
0x00000000046d8000 	/System/Library/Frameworks/OpenCL.framework/Versions/A/OpenCL
0x00000000046d8000 	/usr/lib/libcompression.dylib
0x00000000046d8000 	/System/Library/Frameworks/ApplicationServices.framework/Versions/A/Frameworks/ATS.framework/Versions/A/Resources/libFontParser.dylib
0x00000000046d8000 	/System/Library/Frameworks/ApplicationServices.framework/Versions/A/Frameworks/ATS.framework/Versions/A/Resources/libFontRegistry.dylib
0x00000000046d8000 	/System/Library/Frameworks/ImageIO.framework/Versions/A/Resources/libJPEG.dylib
0x00000000046d8000 	/System/Library/Frameworks/ImageIO.framework/Versions/A/Resources/libTIFF.dylib
0x00000000046d8000 	/System/Library/Frameworks/ImageIO.framework/Versions/A/Resources/libPng.dylib
0x00000000046d8000 	/System/Library/Frameworks/ImageIO.framework/Versions/A/Resources/libGIF.dylib
0x00000000046d8000 	/System/Library/Frameworks/ImageIO.framework/Versions/A/Resources/libJP2.dylib
0x00000000046d8000 	/System/Library/Frameworks/ImageIO.framework/Versions/A/Resources/libRadiance.dylib
0x00000000046d8000 	/System/Library/PrivateFrameworks/AppleJPEG.framework/Versions/A/AppleJPEG
0x00000000046d8000 	/System/Library/Frameworks/MetalPerformanceShaders.framework/Frameworks/MPSCore.framework/Versions/A/MPSCore
0x00000000046d8000 	/System/Library/Frameworks/MetalPerformanceShaders.framework/Frameworks/MPSImage.framework/Versions/A/MPSImage
0x00000000046d8000 	/System/Library/Frameworks/MetalPerformanceShaders.framework/Frameworks/MPSNeuralNetwork.framework/Versions/A/MPSNeuralNetwork
0x00000000046d8000 	/System/Library/Frameworks/MetalPerformanceShaders.framework/Frameworks/MPSMatrix.framework/Versions/A/MPSMatrix
0x00000000046d8000 	/System/Library/PrivateFrameworks/MetalTools.framework/Versions/A/MetalTools
0x00000000046d8000 	/System/Library/Frameworks/OpenGL.framework/Versions/A/Libraries/libGLU.dylib
0x00000000046d8000 	/System/Library/Frameworks/OpenGL.framework/Versions/A/Libraries/libGFXShared.dylib
0x00000000046d8000 	/System/Library/Frameworks/OpenGL.framework/Versions/A/Libraries/libGL.dylib
0x00000000046d8000 	/System/Library/Frameworks/OpenGL.framework/Versions/A/Libraries/libGLImage.dylib
0x00000000046d8000 	/System/Library/Frameworks/OpenGL.framework/Versions/A/Libraries/libCVMSPluginSupport.dylib
0x00000000046d8000 	/System/Library/Frameworks/OpenGL.framework/Versions/A/Libraries/libCoreVMClient.dylib
0x00000000046d8000 	/usr/lib/libcups.2.dylib
0x00000000046d8000 	/System/Library/Frameworks/Kerberos.framework/Versions/A/Kerberos
0x00000000046d8000 	/System/Library/Frameworks/GSS.framework/Versions/A/GSS
0x00000000046d8000 	/usr/lib/libresolv.9.dylib
0x00000000046d8000 	/usr/lib/libiconv.2.dylib
0x00000000046d8000 	/System/Library/PrivateFrameworks/Heimdal.framework/Versions/A/Heimdal
0x00000000046d8000 	/usr/lib/libheimdal-asn1.dylib
0x00000000046d8000 	/System/Library/Frameworks/OpenDirectory.framework/Versions/A/OpenDirectory
0x00000000046d8000 	/System/Library/PrivateFrameworks/CommonAuth.framework/Versions/A/CommonAuth
0x00000000046d8000 	/System/Library/Frameworks/OpenDirectory.framework/Versions/A/Frameworks/CFOpenDirectory.framework/Versions/A/CFOpenDirectory
0x00000000046d8000 	/System/Library/Frameworks/SecurityFoundation.framework/Versions/A/SecurityFoundation
0x00000000046d8000 	/System/Library/PrivateFrameworks/APFS.framework/Versions/A/APFS
0x00000000046d8000 	/usr/lib/libutil.dylib
0x00000000046d8000 	/System/Library/PrivateFrameworks/AppleSauce.framework/Versions/A/AppleSauce
0x00000000046d8000 	/System/Library/PrivateFrameworks/LinguisticData.framework/Versions/A/LinguisticData
0x00000000046d8000 	/usr/lib/libmarisa.dylib
0x00000000046d8000 	/System/Library/PrivateFrameworks/Lexicon.framework/Versions/A/Lexicon
0x00000000046d8000 	/usr/lib/libChineseTokenizer.dylib
0x00000000046d8000 	/usr/lib/libcmph.dylib
0x00000000046d8000 	/System/Library/PrivateFrameworks/LanguageModeling.framework/Versions/A/LanguageModeling
0x00000000046d8000 	/System/Library/PrivateFrameworks/CoreEmoji.framework/Versions/A/CoreEmoji
0x00000000046d8000 	/System/Library/Frameworks/ServiceManagement.framework/Versions/A/ServiceManagement
0x00000000046d8000 	/System/Library/PrivateFrameworks/BackgroundTaskManagement.framework/Versions/A/BackgroundTaskManagement
0x00000000046d8000 	/usr/lib/libxslt.1.dylib
0x00000000046d8000 	/System/Library/Frameworks/Carbon.framework/Versions/A/Frameworks/Ink.framework/Versions/A/Ink
0x00000000046d8000 	/System/Library/PrivateFrameworks/TextureIO.framework/Versions/A/TextureIO
0x00000000046d8000 	/usr/lib/libate.dylib
0x00000000046d8000 	/System/Library/PrivateFrameworks/CrashReporterSupport.framework/Versions/A/CrashReporterSupport
0x00000000046d8000 	/System/Library/PrivateFrameworks/Sharing.framework/Versions/A/Sharing
0x00000000046d8000 	/System/Library/PrivateFrameworks/IconServices.framework/Versions/A/IconServices
0x00000000046d8000 	/System/Library/PrivateFrameworks/Apple80211.framework/Versions/A/Apple80211
0x00000000046d8000 	/System/Library/PrivateFrameworks/CoreUtils.framework/Versions/A/CoreUtils
0x00000000046d8000 	/System/Library/Frameworks/CoreWLAN.framework/Versions/A/CoreWLAN
0x00000000046d8000 	/System/Library/Frameworks/IOBluetooth.framework/Versions/A/IOBluetooth
0x00000000046d8000 	/System/Library/PrivateFrameworks/ProtocolBuffer.framework/Versions/A/ProtocolBuffer
0x00000000046d8000 	/System/Library/PrivateFrameworks/CoreWiFi.framework/Versions/A/CoreWiFi
0x00000000046d8000 	/System/Library/Frameworks/CoreBluetooth.framework/Versions/A/CoreBluetooth
0x00000000046d8000 	/System/Library/PrivateFrameworks/DebugSymbols.framework/Versions/A/DebugSymbols
0x00000000046d8000 	/System/Library/PrivateFrameworks/CoreSymbolication.framework/Versions/A/CoreSymbolication
0x00000000046d8000 	/System/Library/PrivateFrameworks/Symbolication.framework/Versions/A/Symbolication
0x00000000046d8000 	/System/Library/PrivateFrameworks/AppleFSCompression.framework/Versions/A/AppleFSCompression
0x00000000046d8000 	/System/Library/PrivateFrameworks/SpeechRecognitionCore.framework/Versions/A/SpeechRecognitionCore
0x0000000107600000 	/Library/Java/JavaVirtualMachines/jdk1.8.0_151.jdk/Contents/Home/jre/lib/server/libjvm.dylib
0x00000000046d8000 	/usr/lib/libstdc++.6.0.9.dylib
0x00000001064f7000 	/Library/Java/JavaVirtualMachines/jdk1.8.0_151.jdk/Contents/Home/jre/lib/libverify.dylib
0x0000000106505000 	/Library/Java/JavaVirtualMachines/jdk1.8.0_151.jdk/Contents/Home/jre/lib/libjava.dylib
0x0000000106584000 	/Library/Java/JavaVirtualMachines/jdk1.8.0_151.jdk/Contents/Home/jre/lib/libzip.dylib
0x00000000046d8000 	/System/Library/Frameworks/JavaVM.framework/Versions/A/Frameworks/JavaRuntimeSupport.framework/Versions/A/JavaRuntimeSupport
0x00000000046d8000 	/System/Library/Frameworks/JavaVM.framework/Versions/A/Frameworks/JavaNativeFoundation.framework/Versions/A/JavaNativeFoundation
0x00000000046d8000 	/System/Library/Frameworks/JavaVM.framework/Versions/A/JavaVM
0x00000000046d8000 	/System/Library/Frameworks/Carbon.framework/Versions/A/Carbon
0x00000000046d8000 	/System/Library/PrivateFrameworks/JavaLaunching.framework/Versions/A/JavaLaunching
0x00000000046d8000 	/System/Library/Frameworks/Carbon.framework/Versions/A/Frameworks/CommonPanels.framework/Versions/A/CommonPanels
0x00000000046d8000 	/System/Library/Frameworks/Carbon.framework/Versions/A/Frameworks/Help.framework/Versions/A/Help
0x00000000046d8000 	/System/Library/Frameworks/Carbon.framework/Versions/A/Frameworks/ImageCapture.framework/Versions/A/ImageCapture
0x00000000046d8000 	/System/Library/Frameworks/Carbon.framework/Versions/A/Frameworks/OpenScripting.framework/Versions/A/OpenScripting
0x00000000046d8000 	/System/Library/Frameworks/Carbon.framework/Versions/A/Frameworks/Print.framework/Versions/A/Print
0x00000000046d8000 	/System/Library/Frameworks/Carbon.framework/Versions/A/Frameworks/SecurityHI.framework/Versions/A/SecurityHI
0x000000011f0cb000 	/Library/Java/JavaVirtualMachines/jdk1.8.0_151.jdk/Contents/Home/jre/lib/libawt.dylib
0x000000011f173000 	/Library/Java/JavaVirtualMachines/jdk1.8.0_151.jdk/Contents/Home/jre/lib/./libmlib_image.dylib
0x000000011f23f000 	/Library/Java/JavaVirtualMachines/jdk1.8.0_151.jdk/Contents/Home/jre/lib/libawt_lwawt.dylib
0x000000011f2f6000 	/Library/Java/JavaVirtualMachines/jdk1.8.0_151.jdk/Contents/Home/jre/lib/./libosxapp.dylib
0x00000000046d8000 	/System/Library/Frameworks/ExceptionHandling.framework/Versions/A/ExceptionHandling
0x00000000046d8000 	/System/Library/PrivateFrameworks/CoreServicesInternal.framework/Versions/A/CoreServicesInternal
0x00000000046d8000 	/System/Library/CoreServices/RawCamera.bundle/Contents/MacOS/RawCamera
0x00000000046d8000 	/System/Library/PrivateFrameworks/MobileAsset.framework/Versions/A/MobileAsset
0x00000000046d8000 	/System/Library/PrivateFrameworks/StreamingZip.framework/Versions/A/StreamingZip
0x00000000046d8000 	/System/Library/Frameworks/MediaToolbox.framework/Versions/A/MediaToolbox
0x00000000046d8000 	/System/Library/PrivateFrameworks/CoreAVCHD.framework/Versions/A/CoreAVCHD
0x00000000046d8000 	/System/Library/Frameworks/MediaAccessibility.framework/Versions/A/MediaAccessibility
0x00000000046d8000 	/System/Library/PrivateFrameworks/Mangrove.framework/Versions/A/Mangrove
0x00000000046d8000 	/System/Library/Frameworks/CoreMedia.framework/Versions/A/CoreMedia
0x00000000046d8000 	/System/Library/Frameworks/VideoToolbox.framework/Versions/A/VideoToolbox
0x00000000046d8000 	/System/Library/PrivateFrameworks/CoreAUC.framework/Versions/A/CoreAUC
0x00000000046d8000 	/usr/lib/libspindump.dylib
0x00000000046d8000 	/System/Library/PrivateFrameworks/AppleVA.framework/Versions/A/AppleVA
0x00000000046d8000 	/System/Library/Frameworks/Accelerate.framework/Versions/A/Frameworks/vImage.framework/Versions/A/Libraries/libCGInterfaces.dylib
0x00000000046d8000 	/System/Library/Frameworks/ApplicationServices.framework/Versions/A/Frameworks/ATS.framework/Versions/A/Resources/libTrueTypeScaler.dylib
0x00000000046d8000 	/System/Library/Extensions/AppleIntelHD5000GraphicsMTLDriver.bundle/Contents/MacOS/AppleIntelHD5000GraphicsMTLDriver
0x00000000046d8000 	/System/Library/PrivateFrameworks/GPUCompiler.framework/Versions/3802/Libraries/libmetal_timestamp.dylib
0x00000000046d8000 	/System/Library/PrivateFrameworks/FamilyControls.framework/Versions/A/FamilyControls
0x00000000046d8000 	/System/Library/PrivateFrameworks/CommerceKit.framework/Versions/A/Frameworks/CommerceCore.framework/Versions/A/CommerceCore
0x00000000046d8000 	/System/Library/PrivateFrameworks/SystemAdministration.framework/Versions/A/SystemAdministration
0x00000000046d8000 	/System/Library/PrivateFrameworks/AppContainer.framework/Versions/A/AppContainer
0x00000000046d8000 	/System/Library/PrivateFrameworks/SecCodeWrapper.framework/Versions/A/SecCodeWrapper
0x00000000046d8000 	/System/Library/PrivateFrameworks/DiskManagement.framework/Versions/A/DiskManagement
0x00000000046d8000 	/System/Library/Frameworks/DirectoryService.framework/Versions/A/DirectoryService
0x00000000046d8000 	/System/Library/PrivateFrameworks/DiskImages.framework/Versions/A/DiskImages
0x00000000046d8000 	/System/Library/PrivateFrameworks/LoginUIKit.framework/Versions/A/Frameworks/LoginUICore.framework/Versions/A/LoginUICore
0x00000000046d8000 	/usr/lib/libCoreStorage.dylib
0x00000000046d8000 	/usr/lib/libcsfde.dylib
0x00000000046d8000 	/usr/lib/libodfde.dylib
0x00000000046d8000 	/System/Library/PrivateFrameworks/MediaKit.framework/Versions/A/MediaKit
0x00000000046d8000 	/System/Library/Frameworks/DiscRecording.framework/Versions/A/DiscRecording
0x00000000046d8000 	/System/Library/PrivateFrameworks/EFILogin.framework/Versions/A/EFILogin
0x00000000046d8000 	/System/Library/PrivateFrameworks/ProtectedCloudStorage.framework/Versions/A/ProtectedCloudStorage
0x00000000046d8000 	/usr/lib/libcurl.4.dylib
0x00000000046d8000 	/usr/lib/libcrypto.35.dylib
0x00000000046d8000 	/usr/lib/libssl.35.dylib
0x00000000046d8000 	/System/Library/Frameworks/LDAP.framework/Versions/A/LDAP
0x00000000046d8000 	/System/Library/PrivateFrameworks/TrustEvaluationAgent.framework/Versions/A/TrustEvaluationAgent
0x00000000046d8000 	/usr/lib/libsasl2.2.dylib
0x00000000046d8000 	/System/Library/PrivateFrameworks/CoreDaemon.framework/Versions/B/CoreDaemon
0x00000000046d8000 	/System/Library/PrivateFrameworks/AppleSRP.framework/Versions/A/AppleSRP
0x00000000046d8000 	/System/Library/Frameworks/OpenGL.framework/Versions/A/Resources/GLEngine.bundle/GLEngine
0x00000000046d8000 	/System/Library/Frameworks/OpenGL.framework/Versions/A/Libraries/libGLProgrammability.dylib
0x0000000121424000 	/System/Library/Extensions/AppleIntelHD5000GraphicsGLDriver.bundle/Contents/MacOS/AppleIntelHD5000GraphicsGLDriver
0x00000000046d8000 	/System/Library/PrivateFrameworks/GPUSupport.framework/Versions/A/Libraries/libGPUSupportMercury.dylib
0x00000000046d8000 	/System/Library/Frameworks/OpenGL.framework/Versions/A/Resources/GLRendererFloat.bundle/GLRendererFloat
0x00000000046d8000 	/System/Library/Frameworks/OpenCL.framework/Versions/A/Libraries/libcldcpuengine.dylib
0x000000012246b000 	/Library/Java/JavaVirtualMachines/jdk1.8.0_151.jdk/Contents/Home/jre/lib/libfontmanager.dylib
0x00000000046d8000 	/System/Library/PrivateFrameworks/ViewBridge.framework/Versions/A/ViewBridge
0x00000001238ca000 	/Library/Java/JavaVirtualMachines/jdk1.8.0_151.jdk/Contents/Home/jre/lib/libosxui.dylib
0x0000000124765000 	/Library/Java/JavaVirtualMachines/jdk1.8.0_151.jdk/Contents/Home/jre/lib/libnet.dylib
0x00000001245ae000 	/Library/Java/JavaVirtualMachines/jdk1.8.0_151.jdk/Contents/Home/jre/lib/libnio.dylib
0x000000011f76b000 	/private/var/folders/2b/rxb1vsr90zqgm70cphy2n7sh0000gn/T/jogamp_0000/file_cache/jln5099196919822114393/jln3429677352142659986/libgluegen-rt.jnilib
0x000000011f770000 	/private/var/folders/2b/rxb1vsr90zqgm70cphy2n7sh0000gn/T/jogamp_0000/file_cache/jln5099196919822114393/jln3429677352142659986/libnativewindow_awt.jnilib
0x00000001200a1000 	/Library/Java/JavaVirtualMachines/jdk1.8.0_151.jdk/Contents/Home/jre/lib/libjawt.dylib
0x00000001200a4000 	/private/var/folders/2b/rxb1vsr90zqgm70cphy2n7sh0000gn/T/jogamp_0000/file_cache/jln5099196919822114393/jln3429677352142659986/libnativewindow_macosx.jnilib
0x000000018e65f000 	/private/var/folders/2b/rxb1vsr90zqgm70cphy2n7sh0000gn/T/jogamp_0000/file_cache/jln5099196919822114393/jln3429677352142659986/libjogl_desktop.jnilib
0x00000001209fa000 	/Library/Java/JavaVirtualMachines/jdk1.8.0_151.jdk/Contents/Home/jre/lib/libsunec.dylib
0x000000019682c000 	/Library/Java/JavaVirtualMachines/jdk1.8.0_151.jdk/Contents/Home/jre/lib/libt2k.dylib

VM Arguments:
jvm_args: -Djava.security.policy=java.policy.applet -Dfile.encoding=UTF-8 
java_command: sun.applet.AppletViewer module5.EarthquakeCityMap1531645682322.html
java_class_path (initial): /Library/Java/JavaVirtualMachines/jdk1.8.0_151.jdk/Contents/Home/jre/lib/resources.jar:/Library/Java/JavaVirtualMachines/jdk1.8.0_151.jdk/Contents/Home/jre/lib/rt.jar:/Library/Java/JavaVirtualMachines/jdk1.8.0_151.jdk/Contents/Home/jre/lib/jsse.jar:/Library/Java/JavaVirtualMachines/jdk1.8.0_151.jdk/Contents/Home/jre/lib/jce.jar:/Library/Java/JavaVirtualMachines/jdk1.8.0_151.jdk/Contents/Home/jre/lib/charsets.jar:/Library/Java/JavaVirtualMachines/jdk1.8.0_151.jdk/Contents/Home/jre/lib/jfr.jar:/Library/Java/JavaVirtualMachines/jdk1.8.0_151.jdk/Contents/Home/jre/lib/ext/sunec.jar:/Library/Java/JavaVirtualMachines/jdk1.8.0_151.jdk/Contents/Home/jre/lib/ext/nashorn.jar:/Library/Java/JavaVirtualMachines/jdk1.8.0_151.jdk/Contents/Home/jre/lib/ext/cldrdata.jar:/Library/Java/JavaVirtualMachines/jdk1.8.0_151.jdk/Contents/Home/jre/lib/ext/jfxrt.jar:/Library/Java/JavaVirtualMachines/jdk1.8.0_151.jdk/Contents/Home/jre/lib/ext/dnsns.jar:/Library/Java/JavaVirtualMachines/jdk1.8.0_151.jdk/Contents/Home/jre/lib/ext/localedata.jar:/Library/Java/JavaVirtualMachines/jdk1.8.0_151.jdk/Contents/Home/jre/lib/ext/sunjce_provider.jar:/Library/Java/JavaVirtualMachines/jdk1.8.0_151.jdk/Contents/Home/jre/lib/ext/sunpkcs11.jar:/Library/Java/JavaVirtualMachines/jdk1.8.0_151.jdk/Contents/Home/jre/lib/ext/jaccess.jar:/Library/Java/JavaVirtualMachines/jdk1.8.0_151.jdk/Contents/Home/jre/lib/ext/zipfs.jar:/System/Library/Java/Extensions/MRJToolkit.jar:/Users/yunsangil/Documents/computing/JAVA/UCSDUnfoldingMaps/build:/Users/yunsangil/Documents/computing/JAVA/UCSDUnfoldingMaps/lib/core.jar:/Users/yunsangil/Documents/computing/JAVA/UCSDUnfoldingMaps/lib/gluegen-rt.jar:/Users/yunsangil/Documents/computing/JAVA/UCSDUnfoldingMaps/lib/jogl-all.jar:/Users/yunsangil/Documents/computing/JAVA/UCSDUnfoldingMaps/lib/log4j-1.2.15.jar:/Users/yunsangil/Documents/computing/JAVA/UCSDUnfoldingMaps/lib/sqlite-jdbc-3.7.2.jar:/Users/yunsangil/Documents/computing/JAVA/UCSDUnfoldingMaps/lib/json4
Launcher Type: SUN_STANDARD

Environment Variables:
PATH=/usr/bin:/bin:/usr/sbin:/sbin
SHELL=/bin/bash

Signal Handlers:
SIGSEGV: [libjvm.dylib+0x5b27a5], sa_mask[0]=11111111011111110111111111111111, sa_flags=SA_ONSTACK|SA_RESTART|SA_SIGINFO
SIGBUS: [libjvm.dylib+0x5b27a5], sa_mask[0]=11111111011111110111111111111111, sa_flags=SA_RESTART|SA_SIGINFO
SIGFPE: [libjvm.dylib+0x4891c4], sa_mask[0]=11111111011111110111111111111111, sa_flags=SA_RESTART|SA_SIGINFO
SIGPIPE: [libjvm.dylib+0x4891c4], sa_mask[0]=11111111011111110111111111111111, sa_flags=SA_RESTART|SA_SIGINFO
SIGXFSZ: [libjvm.dylib+0x4891c4], sa_mask[0]=11111111011111110111111111111111, sa_flags=SA_RESTART|SA_SIGINFO
SIGILL: [libjvm.dylib+0x4891c4], sa_mask[0]=11111111011111110111111111111111, sa_flags=SA_RESTART|SA_SIGINFO
SIGUSR1: SIG_DFL, sa_mask[0]=00000000000000000000000000000000, sa_flags=none
SIGUSR2: [libjvm.dylib+0x488ce2], sa_mask[0]=00100000000000000000000000000000, sa_flags=SA_RESTART|SA_SIGINFO
SIGHUP: [libjvm.dylib+0x4872b9], sa_mask[0]=11111111011111110111111111111111, sa_flags=SA_RESTART|SA_SIGINFO
SIGINT: [libjvm.dylib+0x4872b9], sa_mask[0]=11111111011111110111111111111111, sa_flags=SA_RESTART|SA_SIGINFO
SIGTERM: [libjvm.dylib+0x4872b9], sa_mask[0]=11111111011111110111111111111111, sa_flags=SA_RESTART|SA_SIGINFO
SIGQUIT: [libjvm.dylib+0x4872b9], sa_mask[0]=11111111011111110111111111111111, sa_flags=SA_RESTART|SA_SIGINFO


---------------  S Y S T E M  ---------------

OS:Bsduname:Darwin 17.6.0 Darwin Kernel Version 17.6.0: Tue May  8 15:22:16 PDT 2018; root:xnu-4570.61.1~1/RELEASE_X86_64 x86_64
rlimit: STACK 8192k, CORE 0k, NPROC 709, NOFILE 10240, AS infinity
load average:2.10 2.15 2.38

CPU:total 4 (initial active 4) (2 cores per cpu, 2 threads per core) family 6 model 69 stepping 1, cmov, cx8, fxsr, mmx, sse, sse2, sse3, ssse3, sse4.1, sse4.2, popcnt, avx, avx2, aes, clmul, erms, lzcnt, ht, tsc, tscinvbit, bmi1, bmi2

Memory: 4k page, physical 8388608k(69540k free)

/proc/meminfo:


vm_info: Java HotSpot(TM) 64-Bit Server VM (25.151-b12) for bsd-amd64 JRE (1.8.0_151-b12), built on Sep  5 2017 19:37:08 by "java_re" with gcc 4.2.1 (Based on Apple Inc. build 5658) (LLVM build 2336.11.00)

time: Sun Jul 15 18:08:42 2018
elapsed time: 39 seconds (0d 0h 0m 39s)

