#
# A fatal error has been detected by the Java Runtime Environment:
#
#  SIGSEGV (0xb) at pc=0x00007fff5345be9d, pid=19587, tid=0x0000000000000307
#
# JRE version: Java(TM) SE Runtime Environment (8.0_151-b12) (build 1.8.0_151-b12)
# Java VM: Java HotSpot(TM) 64-Bit Server VM (25.151-b12 mixed mode bsd-amd64 compressed oops)
# Problematic frame:
# C  [libobjc.A.dylib+0x6e9d]  objc_msgSend+0x1d
#
# Failed to write core dump. Core dumps have been disabled. To enable core dumping, try "ulimit -c unlimited" before starting Java again
#
# If you would like to submit a bug report, please visit:
#   http://bugreport.java.com/bugreport/crash.jsp
# The crash happened outside the Java Virtual Machine in native code.
# See problematic frame for where to report the bug.
#

---------------  T H R E A D  ---------------

Current thread (0x00007fb5960c5800):  JavaThread "AWT-AppKit" daemon [_thread_in_native, id=775, stack(0x00007ffee899d000,0x00007ffee919d000)]

siginfo: si_signo: 11 (SIGSEGV), si_code: 1 (SEGV_MAPERR), si_addr: 0x0000000000000018

Registers:
RAX=0x00007fb59b458380, RBX=0x0000000120728450, RCX=0x0000000000000001, RDX=0x0000000000000000
RSP=0x00007ffee9197cc8, RBP=0x00007ffee9197d80, RSI=0x00007fff2a4aa31e, RDI=0x00007fb59b241200
R8 =0x0000000059820067, R9 =0x0000000000000001, R10=0x0000000000000000, R11=0x00007fff2a4aa31e
R12=0x0000000000000000, R13=0x0000000190441678, R14=0x0000000120728440, R15=0x00007fb5960c5800
RIP=0x00007fff5345be9d, EFLAGS=0x0000000000010246, ERR=0x0000000000000004
  TRAPNO=0x000000000000000e

Top of Stack: (sp=0x00007ffee9197cc8)
0x00007ffee9197cc8:   0000000120726157 00007ffee9197d20
0x00007ffee9197cd8:   0000000000000003 00007ffee9197d00
0x00007ffee9197ce8:   00000001075f392e 0000000190441678
0x00007ffee9197cf8:   0000000190441678 00007fb59b458380
0x00007ffee9197d08:   00000001207286a0 0000000120728710
0x00007ffee9197d18:   00007fff8634ab38 00007fff87a99178
0x00007ffee9197d28:   0000000120728450 0000000120728690
0x00007ffee9197d38:   00007fb59b458380 00007fb59b241200
0x00007ffee9197d48:   00007fb595d36220 00007fb59b458380
0x00007ffee9197d58:   00007fb59b241200 00007ffee9197e08
0x00007ffee9197d68:   00007fb5960c59f8 0000000190441678
0x00007ffee9197d78:   00007ffee9197e30 00007ffee9197df8
0x00007ffee9197d88:   000000010c9609f4 0000000190441678
0x00007ffee9197d98:   00007ffee9197e30 00007ffee9197df8
0x00007ffee9197da8:   000000010c960787 000000010c960742
0x00007ffee9197db8:   00007ffee9197db8 0000000190441678
0x00007ffee9197dc8:   00007ffee9197e30 00000001904442b0
0x00007ffee9197dd8:   0000000000000000 0000000190441678
0x00007ffee9197de8:   0000000000000000 00007ffee9197e18
0x00007ffee9197df8:   00007ffee9197e78 000000010c9512bd
0x00007ffee9197e08:   00000007404c7ec0 000000010c95a538
0x00007ffee9197e18:   00007fb59b458380 00007ffee9197e78
0x00007ffee9197e28:   00007fb59b241200 000000010c95be02
0x00007ffee9197e38:   00007ffee9197e38 0000000190441842
0x00007ffee9197e48:   00007ffee9197ea0 00000001904442b0
0x00007ffee9197e58:   0000000000000000 0000000190441850
0x00007ffee9197e68:   00007ffee9197e18 00007ffee9197e88
0x00007ffee9197e78:   00007ffee9197ee8 000000010c9512bd
0x00007ffee9197e88:   00007fb59b458380 0000000740383c30
0x00007ffee9197e98:   00007fb59b241200 0000000740383c30
0x00007ffee9197ea8:   00007ffee9197ea8 000000019830d226
0x00007ffee9197eb8:   00007ffee9197ef8 000000019830d2e0 

Instructions: (pc=0x00007fff5345be9d)
0x00007fff5345be7d:   0f 1f 00 48 85 ff 2e 74 62 40 f6 c7 01 2e 75 66
0x00007fff5345be8d:   49 ba f8 ff ff ff ff 7f 00 00 4c 23 17 49 89 f3
0x00007fff5345be9d:   45 23 5a 18 49 c1 e3 04 4d 03 5a 10 49 3b 33 75
0x00007fff5345bead:   04 41 ff 63 08 49 83 3b 01 76 0d 49 83 c3 10 49 

Register to memory mapping:

RAX=0x00007fb59b458380 is an unknown value
RBX=0x0000000120728450: Java_jogamp_nativewindow_macosx_OSXUtil_GetScreenRefreshRate0+0x1cf0 in /private/var/folders/2b/rxb1vsr90zqgm70cphy2n7sh0000gn/T/jogamp_0000/file_cache/jln7509319641924524653/jln2785382451606301359/libnativewindow_macosx.jnilib at 0x0000000120721000
RCX=0x0000000000000001 is an unknown value
RDX=0x0000000000000000 is an unknown value
RSP=0x00007ffee9197cc8 is pointing into the stack for thread: 0x00007fb5960c5800
RBP=0x00007ffee9197d80 is pointing into the stack for thread: 0x00007fb5960c5800
RSI=0x00007fff2a4aa31e: .str.41.llvm.DC87FEEF+0x43861 in /System/Library/Frameworks/AppKit.framework/Versions/C/AppKit at 0x00007fff297d0000
RDI=0x00007fb59b241200 is an unknown value
R8 =0x0000000059820067 is an unknown value
R9 =0x0000000000000001 is an unknown value
R10=0x0000000000000000 is an unknown value
R11=0x00007fff2a4aa31e: .str.41.llvm.DC87FEEF+0x43861 in /System/Library/Frameworks/AppKit.framework/Versions/C/AppKit at 0x00007fff297d0000
R12=0x0000000000000000 is an unknown value
R13={method} {0x0000000190441678} 'UnsetJAWTRootSurfaceLayer0' '(JJ)V' in 'jogamp/nativewindow/jawt/macosx/MacOSXJAWTWindow'
R14=0x0000000120728440: Java_jogamp_nativewindow_macosx_OSXUtil_GetScreenRefreshRate0+0x1ce0 in /private/var/folders/2b/rxb1vsr90zqgm70cphy2n7sh0000gn/T/jogamp_0000/file_cache/jln7509319641924524653/jln2785382451606301359/libnativewindow_macosx.jnilib at 0x0000000120721000
R15=0x00007fb5960c5800 is a thread


Stack: [0x00007ffee899d000,0x00007ffee919d000],  sp=0x00007ffee9197cc8,  free space=8171k
Native frames: (J=compiled Java code, j=interpreted, Vv=VM code, C=native code)
C  [libobjc.A.dylib+0x6e9d]  objc_msgSend+0x1d
j  jogamp.nativewindow.jawt.macosx.MacOSXJAWTWindow.UnsetJAWTRootSurfaceLayer0(JJ)V+0
j  jogamp.nativewindow.jawt.macosx.MacOSXJAWTWindow.access$200(JJ)V+2
j  jogamp.nativewindow.jawt.macosx.MacOSXJAWTWindow$1.run()V+38
J 3288 C1 com.jogamp.common.util.RunnableTask.run()V (345 bytes) @ 0x000000010d4a1534 [0x000000010d4a13a0+0x194]
v  ~StubRoutines::call_stub
V  [libjvm.dylib+0x2ee9aa]
V  [libjvm.dylib+0x325b59]
V  [libjvm.dylib+0x318327]
C  [libnativewindow_macosx.jnilib+0x5326]  Java_jogamp_nativewindow_jawt_macosx_MacOSXJAWTWindow_UnsetJAWTRootSurfaceLayer0+0x2b6
C  [Foundation+0x682b5]  __NSThreadPerformPerform+0x14e
C  [CoreFoundation+0xa3a61]  __CFRUNLOOP_IS_CALLING_OUT_TO_A_SOURCE0_PERFORM_FUNCTION__+0x11
C  [CoreFoundation+0x15d47c]  __CFRunLoopDoSource0+0x6c
C  [CoreFoundation+0x8651c]  __CFRunLoopDoSources0+0x12c
C  [CoreFoundation+0x8593d]  __CFRunLoopRun+0x50d
C  [CoreFoundation+0x851a3]  CFRunLoopRunSpecific+0x1e3
C  [HIToolbox+0x2fd96]  RunCurrentEventLoopInMode+0x11e
C  [HIToolbox+0x2fa0f]  ReceiveNextEventCommon+0x16e
C  [HIToolbox+0x2f884]  _BlockUntilNextEventMatchingListInModeWithFilter+0x40
C  [AppKit+0x41a73]  _DPSNextEvent+0x825
C  [AppKit+0x7d7e34]  -[NSApplication(NSEvent) _nextEventMatchingEventMask:untilDate:inMode:dequeue:]+0xbe4
C  [libosxapp.dylib+0x23aa]  -[NSApplicationAWT nextEventMatchingMask:untilDate:inMode:dequeue:]+0x7c
C  [AppKit+0x36885]  -[NSApplication run]+0x2fc
C  [libosxapp.dylib+0x214d]  +[NSApplicationAWT runAWTLoopWithApp:]+0x9c
C  [libawt_lwawt.dylib+0x45edf]  -[AWTStarter starter:]+0x389
C  [Foundation+0x682b5]  __NSThreadPerformPerform+0x14e
C  [CoreFoundation+0xa3a61]  __CFRUNLOOP_IS_CALLING_OUT_TO_A_SOURCE0_PERFORM_FUNCTION__+0x11
C  [CoreFoundation+0x15d47c]  __CFRunLoopDoSource0+0x6c
C  [CoreFoundation+0x864c0]  __CFRunLoopDoSources0+0xd0
C  [CoreFoundation+0x8593d]  __CFRunLoopRun+0x50d
C  [CoreFoundation+0x851a3]  CFRunLoopRunSpecific+0x1e3
C  [java+0x6465]  CreateExecutionEnvironment+0x367
C  [java+0x218c]  JLI_Launch+0x7a0
C  [java+0x84c2]  main+0x65
C  [java+0x19e4]  start+0x34
C  0x0000000000000007

Java frames: (J=compiled Java code, j=interpreted, Vv=VM code)
j  jogamp.nativewindow.jawt.macosx.MacOSXJAWTWindow.UnsetJAWTRootSurfaceLayer0(JJ)V+0
j  jogamp.nativewindow.jawt.macosx.MacOSXJAWTWindow.access$200(JJ)V+2
j  jogamp.nativewindow.jawt.macosx.MacOSXJAWTWindow$1.run()V+38
J 3288 C1 com.jogamp.common.util.RunnableTask.run()V (345 bytes) @ 0x000000010d4a1534 [0x000000010d4a13a0+0x194]
v  ~StubRoutines::call_stub

---------------  P R O C E S S  ---------------

Java Threads: ( => current thread )
  0x00007fb588bed800 JavaThread "Thread-20" [_thread_blocked, id=20975, stack(0x00007000113e2000,0x00007000114e2000)]
  0x00007fb5960ff000 JavaThread "AWT-EventQueue-1" [_thread_in_native, id=54035, stack(0x000070001125c000,0x000070001135c000)]
  0x00007fb597005000 JavaThread "DestroyJavaVM" [_thread_blocked, id=10243, stack(0x000070000fb91000,0x000070000fc91000)]
  0x00007fb5971bb000 JavaThread "AWT-EventQueue-0" [_thread_blocked, id=51739, stack(0x0000700011056000,0x0000700011156000)]
  0x00007fb5960ce000 JavaThread "Java2D Disposer" daemon [_thread_blocked, id=49679, stack(0x0000700010dcd000,0x0000700010ecd000)]
  0x00007fb5968cd800 JavaThread "Java2D Queue Flusher" daemon [_thread_blocked, id=45183, stack(0x0000700010cca000,0x0000700010dca000)]
  0x00007fb5968cc000 JavaThread "AWT-Shutdown" [_thread_blocked, id=26923, stack(0x0000700010a3e000,0x0000700010b3e000)]
=>0x00007fb5960c5800 JavaThread "AWT-AppKit" daemon [_thread_in_native, id=775, stack(0x00007ffee899d000,0x00007ffee919d000)]
  0x00007fb596844000 JavaThread "Service Thread" daemon [_thread_blocked, id=18691, stack(0x00007000107b5000,0x00007000108b5000)]
  0x00007fb596841800 JavaThread "C1 CompilerThread2" daemon [_thread_blocked, id=18947, stack(0x00007000106b2000,0x00007000107b2000)]
  0x00007fb596840800 JavaThread "C2 CompilerThread1" daemon [_thread_blocked, id=19203, stack(0x00007000105af000,0x00007000106af000)]
  0x00007fb59684c800 JavaThread "C2 CompilerThread0" daemon [_thread_blocked, id=19459, stack(0x00007000104ac000,0x00007000105ac000)]
  0x00007fb596827000 JavaThread "Signal Dispatcher" daemon [_thread_blocked, id=19723, stack(0x00007000103a9000,0x00007000104a9000)]
  0x00007fb597810000 JavaThread "Finalizer" daemon [_thread_blocked, id=12547, stack(0x00007000102a6000,0x00007000103a6000)]
  0x00007fb597808000 JavaThread "Reference Handler" daemon [_thread_blocked, id=12035, stack(0x00007000101a3000,0x00007000102a3000)]

Other Threads:
  0x00007fb596811000 VMThread [stack: 0x00007000100a0000,0x00007000101a0000] [id=11523]
  0x00007fb59703e000 WatcherThread [stack: 0x00007000108b8000,0x00007000109b8000] [id=18179]

VM state:not at safepoint (normal execution)

VM Mutex/Monitor currently owned by a thread: None

Heap:
 PSYoungGen      total 266240K, used 155016K [0x0000000795580000, 0x00000007ac300000, 0x00000007c0000000)
  eden space 245248K, 63% used [0x0000000795580000,0x000000079ecc2228,0x00000007a4500000)
  from space 20992K, 0% used [0x00000007a4500000,0x00000007a4520000,0x00000007a5980000)
  to   space 21504K, 0% used [0x00000007aae00000,0x00000007aae00000,0x00000007ac300000)
 ParOldGen       total 92672K, used 28328K [0x0000000740000000, 0x0000000745a80000, 0x0000000795580000)
  object space 92672K, 30% used [0x0000000740000000,0x0000000741baa350,0x0000000745a80000)
 Metaspace       used 31220K, capacity 31627K, committed 32000K, reserved 1079296K
  class space    used 2590K, capacity 2715K, committed 2816K, reserved 1048576K

Card table byte_map: [0x0000000108767000,0x0000000108b68000] byte_map_base: 0x0000000104d67000

Marking Bits: (ParMarkBitMap*) 0x0000000107cf35d0
 Begin Bits: [0x000000011b949000, 0x000000011d949000)
 End Bits:   [0x000000011d949000, 0x000000011f949000)

Polling page: 0x0000000106adf000

CodeCache: size=245760Kb used=12374Kb max_used=12387Kb free=233385Kb
 bounds [0x000000010c949000, 0x000000010d579000, 0x000000011b949000]
 total_blobs=4235 nmethods=3277 adapters=871
 compilation: enabled

Compilation events (10 events):
Event: 54.705 Thread 0x00007fb596841800 3728       3       java.awt.Rectangle::isEmpty (20 bytes)
Event: 54.705 Thread 0x00007fb596841800 nmethod 3728 0x000000010d175dd0 code [0x000000010d175f40, 0x000000010d176130]
Event: 54.735 Thread 0x00007fb596841800 3729  s    3       java.awt.KeyboardFocusManager::getCurrentKeyboardFocusManager (32 bytes)
Event: 54.736 Thread 0x00007fb596841800 nmethod 3729 0x000000010d175490 code [0x000000010d175640, 0x000000010d175c28]
Event: 54.752 Thread 0x00007fb596840800 3730       4       java.util.HashMap::put (13 bytes)
Event: 54.753 Thread 0x00007fb596841800 3731       1       sun.java2d.SurfaceData::isValid (5 bytes)
Event: 54.753 Thread 0x00007fb596841800 nmethod 3731 0x000000010d1751d0 code [0x000000010d175320, 0x000000010d175430]
Event: 54.767 Thread 0x00007fb596840800 nmethod 3730 0x000000010d562890 code [0x000000010d562a60, 0x000000010d563110]
Event: 54.783 Thread 0x00007fb59684c800 3732   !   4       sun.lwawt.LWComponentPeer::isShaped (27 bytes)
Event: 54.786 Thread 0x00007fb59684c800 nmethod 3732 0x000000010d174d50 code [0x000000010d174ea0, 0x000000010d1750f8]

GC Heap History (10 events):
Event: 22.100 GC heap before
{Heap before GC invocations=9 (full 1):
 PSYoungGen      total 126464K, used 121525K [0x0000000795580000, 0x00000007a3000000, 0x00000007c0000000)
  eden space 107008K, 100% used [0x0000000795580000,0x000000079be00000,0x000000079be00000)
  from space 19456K, 74% used [0x000000079be00000,0x000000079cc2d788,0x000000079d100000)
  to   space 19968K, 0% used [0x00000007a1c80000,0x00000007a1c80000,0x00000007a3000000)
 ParOldGen       total 50176K, used 25679K [0x0000000740000000, 0x0000000743100000, 0x0000000795580000)
  object space 50176K, 51% used [0x0000000740000000,0x0000000741913c28,0x0000000743100000)
 Metaspace       used 31005K, capacity 31493K, committed 31744K, reserved 1079296K
  class space    used 2569K, capacity 2714K, committed 2816K, reserved 1048576K
Event: 22.122 GC heap after
Heap after GC invocations=9 (full 1):
 PSYoungGen      total 193536K, used 11658K [0x0000000795580000, 0x00000007a2a80000, 0x00000007c0000000)
  eden space 179200K, 0% used [0x0000000795580000,0x0000000795580000,0x00000007a0480000)
  from space 14336K, 81% used [0x00000007a1c80000,0x00000007a27e2ba8,0x00000007a2a80000)
  to   space 19456K, 0% used [0x00000007a0480000,0x00000007a0480000,0x00000007a1780000)
 ParOldGen       total 50176K, used 28529K [0x0000000740000000, 0x0000000743100000, 0x0000000795580000)
  object space 50176K, 56% used [0x0000000740000000,0x0000000741bdc5d8,0x0000000743100000)
 Metaspace       used 31005K, capacity 31493K, committed 31744K, reserved 1079296K
  class space    used 2569K, capacity 2714K, committed 2816K, reserved 1048576K
}
Event: 29.888 GC heap before
{Heap before GC invocations=10 (full 1):
 PSYoungGen      total 193536K, used 190858K [0x0000000795580000, 0x00000007a2a80000, 0x00000007c0000000)
  eden space 179200K, 100% used [0x0000000795580000,0x00000007a0480000,0x00000007a0480000)
  from space 14336K, 81% used [0x00000007a1c80000,0x00000007a27e2ba8,0x00000007a2a80000)
  to   space 19456K, 0% used [0x00000007a0480000,0x00000007a0480000,0x00000007a1780000)
 ParOldGen       total 50176K, used 28529K [0x0000000740000000, 0x0000000743100000, 0x0000000795580000)
  object space 50176K, 56% used [0x0000000740000000,0x0000000741bdc5d8,0x0000000743100000)
 Metaspace       used 31076K, capacity 31499K, committed 31744K, reserved 1079296K
  class space    used 2569K, capacity 2715K, committed 2816K, reserved 1048576K
Event: 29.907 GC heap after
Heap after GC invocations=10 (full 1):
 PSYoungGen      total 198656K, used 416K [0x0000000795580000, 0x00000007a6d80000, 0x00000007c0000000)
  eden space 179200K, 0% used [0x0000000795580000,0x0000000795580000,0x00000007a0480000)
  from space 19456K, 2% used [0x00000007a0480000,0x00000007a04e8010,0x00000007a1780000)
  to   space 20480K, 0% used [0x00000007a5980000,0x00000007a5980000,0x00000007a6d80000)
 ParOldGen       total 50176K, used 39438K [0x0000000740000000, 0x0000000743100000, 0x0000000795580000)
  object space 50176K, 78% used [0x0000000740000000,0x0000000742683a28,0x0000000743100000)
 Metaspace       used 31076K, capacity 31499K, committed 31744K, reserved 1079296K
  class space    used 2569K, capacity 2715K, committed 2816K, reserved 1048576K
}
Event: 29.907 GC heap before
{Heap before GC invocations=11 (full 2):
 PSYoungGen      total 198656K, used 416K [0x0000000795580000, 0x00000007a6d80000, 0x00000007c0000000)
  eden space 179200K, 0% used [0x0000000795580000,0x0000000795580000,0x00000007a0480000)
  from space 19456K, 2% used [0x00000007a0480000,0x00000007a04e8010,0x00000007a1780000)
  to   space 20480K, 0% used [0x00000007a5980000,0x00000007a5980000,0x00000007a6d80000)
 ParOldGen       total 50176K, used 39438K [0x0000000740000000, 0x0000000743100000, 0x0000000795580000)
  object space 50176K, 78% used [0x0000000740000000,0x0000000742683a28,0x0000000743100000)
 Metaspace       used 31076K, capacity 31499K, committed 31744K, reserved 1079296K
  class space    used 2569K, capacity 2715K, committed 2816K, reserved 1048576K
Event: 29.967 GC heap after
Heap after GC invocations=11 (full 2):
 PSYoungGen      total 198656K, used 0K [0x0000000795580000, 0x00000007a6d80000, 0x00000007c0000000)
  eden space 179200K, 0% used [0x0000000795580000,0x0000000795580000,0x00000007a0480000)
  from space 19456K, 0% used [0x00000007a0480000,0x00000007a0480000,0x00000007a1780000)
  to   space 20480K, 0% used [0x00000007a5980000,0x00000007a5980000,0x00000007a6d80000)
 ParOldGen       total 92672K, used 28304K [0x0000000740000000, 0x0000000745a80000, 0x0000000795580000)
  object space 92672K, 30% used [0x0000000740000000,0x0000000741ba4350,0x0000000745a80000)
 Metaspace       used 31076K, capacity 31499K, committed 31744K, reserved 1079296K
  class space    used 2569K, capacity 2715K, committed 2816K, reserved 1048576K
}
Event: 37.045 GC heap before
{Heap before GC invocations=12 (full 2):
 PSYoungGen      total 198656K, used 179200K [0x0000000795580000, 0x00000007a6d80000, 0x00000007c0000000)
  eden space 179200K, 100% used [0x0000000795580000,0x00000007a0480000,0x00000007a0480000)
  from space 19456K, 0% used [0x00000007a0480000,0x00000007a0480000,0x00000007a1780000)
  to   space 20480K, 0% used [0x00000007a5980000,0x00000007a5980000,0x00000007a6d80000)
 ParOldGen       total 92672K, used 28304K [0x0000000740000000, 0x0000000745a80000, 0x0000000795580000)
  object space 92672K, 30% used [0x0000000740000000,0x0000000741ba4350,0x0000000745a80000)
 Metaspace       used 31132K, capacity 31563K, committed 32000K, reserved 1079296K
  class space    used 2569K, capacity 2715K, committed 2816K, reserved 1048576K
Event: 37.047 GC heap after
Heap after GC invocations=12 (full 2):
 PSYoungGen      total 265728K, used 96K [0x0000000795580000, 0x00000007a7180000, 0x00000007c0000000)
  eden space 245248K, 0% used [0x0000000795580000,0x0000000795580000,0x00000007a4500000)
  from space 20480K, 0% used [0x00000007a5980000,0x00000007a5998000,0x00000007a6d80000)
  to   space 20992K, 0% used [0x00000007a4500000,0x00000007a4500000,0x00000007a5980000)
 ParOldGen       total 92672K, used 28312K [0x0000000740000000, 0x0000000745a80000, 0x0000000795580000)
  object space 92672K, 30% used [0x0000000740000000,0x0000000741ba6350,0x0000000745a80000)
 Metaspace       used 31132K, capacity 31563K, committed 32000K, reserved 1079296K
  class space    used 2569K, capacity 2715K, committed 2816K, reserved 1048576K
}
Event: 48.494 GC heap before
{Heap before GC invocations=13 (full 2):
 PSYoungGen      total 265728K, used 245344K [0x0000000795580000, 0x00000007a7180000, 0x00000007c0000000)
  eden space 245248K, 100% used [0x0000000795580000,0x00000007a4500000,0x00000007a4500000)
  from space 20480K, 0% used [0x00000007a5980000,0x00000007a5998000,0x00000007a6d80000)
  to   space 20992K, 0% used [0x00000007a4500000,0x00000007a4500000,0x00000007a5980000)
 ParOldGen       total 92672K, used 28312K [0x0000000740000000, 0x0000000745a80000, 0x0000000795580000)
  object space 92672K, 30% used [0x0000000740000000,0x0000000741ba6350,0x0000000745a80000)
 Metaspace       used 31183K, capacity 31627K, committed 32000K, reserved 1079296K
  class space    used 2583K, capacity 2715K, committed 2816K, reserved 1048576K
Event: 48.496 GC heap after
Heap after GC invocations=13 (full 2):
 PSYoungGen      total 266240K, used 128K [0x0000000795580000, 0x00000007ac300000, 0x00000007c0000000)
  eden space 245248K, 0% used [0x0000000795580000,0x0000000795580000,0x00000007a4500000)
  from space 20992K, 0% used [0x00000007a4500000,0x00000007a4520000,0x00000007a5980000)
  to   space 21504K, 0% used [0x00000007aae00000,0x00000007aae00000,0x00000007ac300000)
 ParOldGen       total 92672K, used 28328K [0x0000000740000000, 0x0000000745a80000, 0x0000000795580000)
  object space 92672K, 30% used [0x0000000740000000,0x0000000741baa350,0x0000000745a80000)
 Metaspace       used 31183K, capacity 31627K, committed 32000K, reserved 1079296K
  class space    used 2583K, capacity 2715K, committed 2816K, reserved 1048576K
}

Deoptimization events (10 events):
Event: 8.216 Thread 0x00007fb5960ff000 Uncommon trap: reason=unstable_if action=reinterpret pc=0x000000010d0a577c method=com.jogamp.common.util.IntIntHashMap.get(I)I @ 28
Event: 8.221 Thread 0x00007fb5960d4000 Uncommon trap: reason=unstable_if action=reinterpret pc=0x000000010cb2d1c8 method=java.lang.AbstractStringBuilder.append(Ljava/lang/String;)Ljava/lang/AbstractStringBuilder; @ 1
Event: 8.571 Thread 0x00007fb5960ff000 Uncommon trap: reason=unstable_if action=reinterpret pc=0x000000010d14e5a8 method=processing.opengl.PGraphicsOpenGL$InGeometry.addVertex(FFFIFFFFFIFIIIFIZ)I @ 218
Event: 10.263 Thread 0x00007fb597aeb000 Uncommon trap: reason=unstable_if action=reinterpret pc=0x000000010d2391b4 method=java.util.concurrent.ConcurrentHashMap.get(Ljava/lang/Object;)Ljava/lang/Object; @ 138
Event: 10.674 Thread 0x00007fb588b62800 Uncommon trap: reason=unstable_if action=reinterpret pc=0x000000010d3350c0 method=java.awt.image.BufferedImage.getRGB(IIII[III)[I @ 163
Event: 54.702 Thread 0x00007fb5960ff000 Uncommon trap: reason=unstable_if action=reinterpret pc=0x000000010cd319e8 method=com.jogamp.common.util.VersionNumber.compareTo(Lcom/jogamp/common/util/VersionNumber;)I @ 21
Event: 54.706 Thread 0x00007fb5971bb000 Uncommon trap: reason=unstable_if action=reinterpret pc=0x000000010d01b67c method=java.awt.font.FontRenderContext.equals(Ljava/awt/font/FontRenderContext;)Z @ 2
Event: 54.752 Thread 0x00007fb5971ae000 Uncommon trap: reason=class_check action=maybe_recompile pc=0x000000010ce678b0 method=java.util.HashMap.putVal(ILjava/lang/Object;Ljava/lang/Object;ZZ)Ljava/lang/Object; @ 91
Event: 54.752 Thread 0x00007fb5971ae000 Uncommon trap: reason=class_check action=maybe_recompile pc=0x000000010ce04330 method=java.util.HashMap.putVal(ILjava/lang/Object;Ljava/lang/Object;ZZ)Ljava/lang/Object; @ 91
Event: 54.783 Thread 0x00007fb588bed800 Uncommon trap: reason=predicate action=maybe_recompile pc=0x000000010d062a78 method=java.util.Vector.indexOf(Ljava/lang/Object;I)I @ 44

Internal exceptions (10 events):
Event: 0.671 Thread 0x00007fb597005000 Exception <a 'java/io/FileNotFoundException'> (0x00000007958171f0) thrown at [/Users/java_re/workspace/8-2-build-macosx-x86_64/jdk8u151/9699/hotspot/src/share/vm/prims/jni.cpp, line 709]
Event: 0.671 Thread 0x00007fb597005000 Exception <a 'java/io/FileNotFoundException'> (0x0000000795817d78) thrown at [/Users/java_re/workspace/8-2-build-macosx-x86_64/jdk8u151/9699/hotspot/src/share/vm/prims/jni.cpp, line 709]
Event: 0.842 Thread 0x00007fb597005000 Exception <a 'java/io/FileNotFoundException'> (0x0000000795a0e7c8) thrown at [/Users/java_re/workspace/8-2-build-macosx-x86_64/jdk8u151/9699/hotspot/src/share/vm/prims/jni.cpp, line 709]
Event: 4.339 Thread 0x00007fb597a6b000 Exception <a 'java/lang/UnsatisfiedLinkError': com.jogamp.common.util.JarUtil.fixNativeLibAttribs(Ljava/lang/String;)Z> (0x0000000796c2e080) thrown at [/Users/java_re/workspace/8-2-build-macosx-x86_64/jdk8u151/9699/hotspot/src/share/vm/prims/nativeLookup.
Event: 4.811 Thread 0x00007fb597810000 Exception <a 'java/lang/NullPointerException'> (0x00000007956a2f18) thrown at [/Users/java_re/workspace/8-2-build-macosx-x86_64/jdk8u151/9699/hotspot/src/share/vm/interpreter/linkResolver.cpp, line 1183]
Event: 5.985 Thread 0x00007fb5960ff000 Exception <a 'java/io/FileNotFoundException'> (0x0000000796040ad0) thrown at [/Users/java_re/workspace/8-2-build-macosx-x86_64/jdk8u151/9699/hotspot/src/share/vm/prims/jni.cpp, line 709]
Event: 5.986 Thread 0x00007fb5960ff000 Exception <a 'java/io/FileNotFoundException'> (0x00000007960474f0) thrown at [/Users/java_re/workspace/8-2-build-macosx-x86_64/jdk8u151/9699/hotspot/src/share/vm/prims/jni.cpp, line 709]
Event: 5.986 Thread 0x00007fb5960ff000 Implicit null exception at 0x000000010cb2ba74 to 0x000000010cb2bea9
Event: 6.565 Thread 0x00007fb5960ff000 Implicit null exception at 0x000000010cd07586 to 0x000000010cd077cd
Event: 8.221 Thread 0x00007fb5960d4000 Implicit null exception at 0x000000010cb2cdf5 to 0x000000010cb2d1b5

Events (10 events):
Event: 54.782 loading class java/awt/event/AWTEventListenerProxy done
Event: 54.782 loading class java/awt/Toolkit$ToolkitEventMulticaster
Event: 54.783 loading class java/awt/Toolkit$ToolkitEventMulticaster done
Event: 54.783 Thread 0x00007fb5971ae000 Thread exited: 0x00007fb5971ae000
Event: 54.783 Thread 0x00007fb588bed800 Uncommon trap: trap_request=0xffffff86 fr.pc=0x000000010d062a78
Event: 54.783 Thread 0x00007fb588bed800 DEOPT PACKING pc=0x000000010d062a78 sp=0x00007000114e17e0
Event: 54.783 Thread 0x00007fb588bed800 DEOPT UNPACKING pc=0x000000010c94e229 sp=0x00007000114e17a0 mode 2
Event: 54.783 loading class java/awt/Window$1DisposeAction
Event: 54.784 loading class java/awt/Window$1DisposeAction done
Event: 54.786 Thread 0x00007fb59684c800 flushing nmethod 0x000000010ca8e2d0


Dynamic libraries:
0x00000000046d8000 	/System/Library/Frameworks/Cocoa.framework/Versions/A/Cocoa
0x00000000046d8000 	/System/Library/Frameworks/Security.framework/Versions/A/Security
0x00000000046d8000 	/System/Library/Frameworks/ApplicationServices.framework/Versions/A/ApplicationServices
0x00000000046d8000 	/usr/lib/libz.1.dylib
0x00000000046d8000 	/usr/lib/libSystem.B.dylib
0x00000000046d8000 	/usr/lib/libobjc.A.dylib
0x00000000046d8000 	/System/Library/Frameworks/CoreFoundation.framework/Versions/A/CoreFoundation
0x00000000046d8000 	/System/Library/Frameworks/Foundation.framework/Versions/C/Foundation
0x00000000046d8000 	/System/Library/Frameworks/AppKit.framework/Versions/C/AppKit
0x00000000046d8000 	/System/Library/Frameworks/CoreData.framework/Versions/A/CoreData
0x00000000046d8000 	/System/Library/PrivateFrameworks/RemoteViewServices.framework/Versions/A/RemoteViewServices
0x00000000046d8000 	/System/Library/PrivateFrameworks/UIFoundation.framework/Versions/A/UIFoundation
0x00000000046d8000 	/System/Library/PrivateFrameworks/DFRFoundation.framework/Versions/A/DFRFoundation
0x00000000046d8000 	/System/Library/Frameworks/Metal.framework/Versions/A/Metal
0x00000000046d8000 	/System/Library/PrivateFrameworks/DesktopServicesPriv.framework/Versions/A/DesktopServicesPriv
0x00000000046d8000 	/usr/lib/libenergytrace.dylib
0x00000000046d8000 	/System/Library/PrivateFrameworks/SkyLight.framework/Versions/A/SkyLight
0x00000000046d8000 	/System/Library/Frameworks/CoreGraphics.framework/Versions/A/CoreGraphics
0x00000000046d8000 	/usr/lib/libScreenReader.dylib
0x00000000046d8000 	/System/Library/Frameworks/Accelerate.framework/Versions/A/Accelerate
0x00000000046d8000 	/System/Library/Frameworks/IOSurface.framework/Versions/A/IOSurface
0x00000000046d8000 	/System/Library/Frameworks/AudioToolbox.framework/Versions/A/AudioToolbox
0x00000000046d8000 	/System/Library/Frameworks/AudioUnit.framework/Versions/A/AudioUnit
0x00000000046d8000 	/System/Library/PrivateFrameworks/DataDetectorsCore.framework/Versions/A/DataDetectorsCore
0x00000000046d8000 	/System/Library/Frameworks/Carbon.framework/Versions/A/Frameworks/HIToolbox.framework/Versions/A/HIToolbox
0x00000000046d8000 	/usr/lib/libicucore.A.dylib
0x00000000046d8000 	/System/Library/Frameworks/QuartzCore.framework/Versions/A/QuartzCore
0x00000000046d8000 	/System/Library/PrivateFrameworks/SignpostNotification.framework/Versions/A/SignpostNotification
0x00000000046d8000 	/System/Library/Frameworks/Carbon.framework/Versions/A/Frameworks/SpeechRecognition.framework/Versions/A/SpeechRecognition
0x00000000046d8000 	/usr/lib/libauto.dylib
0x00000000046d8000 	/usr/lib/libxml2.2.dylib
0x00000000046d8000 	/System/Library/PrivateFrameworks/CoreUI.framework/Versions/A/CoreUI
0x00000000046d8000 	/System/Library/Frameworks/CoreAudio.framework/Versions/A/CoreAudio
0x00000000046d8000 	/System/Library/Frameworks/DiskArbitration.framework/Versions/A/DiskArbitration
0x00000000046d8000 	/usr/lib/liblangid.dylib
0x00000000046d8000 	/System/Library/PrivateFrameworks/MultitouchSupport.framework/Versions/A/MultitouchSupport
0x00000000046d8000 	/System/Library/Frameworks/IOKit.framework/Versions/A/IOKit
0x00000000046d8000 	/usr/lib/libDiagnosticMessagesClient.dylib
0x00000000046d8000 	/System/Library/Frameworks/CoreServices.framework/Versions/A/CoreServices
0x00000000046d8000 	/System/Library/PrivateFrameworks/PerformanceAnalysis.framework/Versions/A/PerformanceAnalysis
0x00000000046d8000 	/System/Library/Frameworks/OpenGL.framework/Versions/A/OpenGL
0x00000000046d8000 	/System/Library/Frameworks/ColorSync.framework/Versions/A/ColorSync
0x00000000046d8000 	/System/Library/Frameworks/CoreImage.framework/Versions/A/CoreImage
0x00000000046d8000 	/System/Library/Frameworks/CoreText.framework/Versions/A/CoreText
0x00000000046d8000 	/System/Library/Frameworks/ImageIO.framework/Versions/A/ImageIO
0x00000000046d8000 	/System/Library/PrivateFrameworks/Backup.framework/Versions/A/Backup
0x00000000046d8000 	/usr/lib/libarchive.2.dylib
0x00000000046d8000 	/System/Library/Frameworks/CFNetwork.framework/Versions/A/CFNetwork
0x00000000046d8000 	/System/Library/Frameworks/SystemConfiguration.framework/Versions/A/SystemConfiguration
0x00000000046d8000 	/usr/lib/libCRFSuite.dylib
0x00000000046d8000 	/usr/lib/libc++.1.dylib
0x00000000046d8000 	/usr/lib/libc++abi.dylib
0x00000000046d8000 	/usr/lib/system/libcache.dylib
0x00000000046d8000 	/usr/lib/system/libcommonCrypto.dylib
0x00000000046d8000 	/usr/lib/system/libcompiler_rt.dylib
0x00000000046d8000 	/usr/lib/system/libcopyfile.dylib
0x00000000046d8000 	/usr/lib/system/libcorecrypto.dylib
0x00000000046d8000 	/usr/lib/system/libdispatch.dylib
0x00000000046d8000 	/usr/lib/system/libdyld.dylib
0x00000000046d8000 	/usr/lib/system/libkeymgr.dylib
0x00000000046d8000 	/usr/lib/system/liblaunch.dylib
0x00000000046d8000 	/usr/lib/system/libmacho.dylib
0x00000000046d8000 	/usr/lib/system/libquarantine.dylib
0x00000000046d8000 	/usr/lib/system/libremovefile.dylib
0x00000000046d8000 	/usr/lib/system/libsystem_asl.dylib
0x00000000046d8000 	/usr/lib/system/libsystem_blocks.dylib
0x00000000046d8000 	/usr/lib/system/libsystem_c.dylib
0x00000000046d8000 	/usr/lib/system/libsystem_configuration.dylib
0x00000000046d8000 	/usr/lib/system/libsystem_coreservices.dylib
0x00000000046d8000 	/usr/lib/system/libsystem_darwin.dylib
0x00000000046d8000 	/usr/lib/system/libsystem_dnssd.dylib
0x00000000046d8000 	/usr/lib/system/libsystem_info.dylib
0x00000000046d8000 	/usr/lib/system/libsystem_m.dylib
0x00000000046d8000 	/usr/lib/system/libsystem_malloc.dylib
0x00000000046d8000 	/usr/lib/system/libsystem_network.dylib
0x00000000046d8000 	/usr/lib/system/libsystem_networkextension.dylib
0x00000000046d8000 	/usr/lib/system/libsystem_notify.dylib
0x00000000046d8000 	/usr/lib/system/libsystem_sandbox.dylib
0x00000000046d8000 	/usr/lib/system/libsystem_secinit.dylib
0x00000000046d8000 	/usr/lib/system/libsystem_kernel.dylib
0x00000000046d8000 	/usr/lib/system/libsystem_platform.dylib
0x00000000046d8000 	/usr/lib/system/libsystem_pthread.dylib
0x00000000046d8000 	/usr/lib/system/libsystem_symptoms.dylib
0x00000000046d8000 	/usr/lib/system/libsystem_trace.dylib
0x00000000046d8000 	/usr/lib/system/libunwind.dylib
0x00000000046d8000 	/usr/lib/system/libxpc.dylib
0x00000000046d8000 	/usr/lib/closure/libclosured.dylib
0x00000000046d8000 	/usr/lib/libbsm.0.dylib
0x00000000046d8000 	/usr/lib/system/libkxld.dylib
0x00000000046d8000 	/usr/lib/libOpenScriptingUtil.dylib
0x00000000046d8000 	/usr/lib/libcoretls.dylib
0x00000000046d8000 	/usr/lib/libcoretls_cfhelpers.dylib
0x00000000046d8000 	/usr/lib/libpam.2.dylib
0x00000000046d8000 	/usr/lib/libsqlite3.dylib
0x00000000046d8000 	/usr/lib/libxar.1.dylib
0x00000000046d8000 	/usr/lib/libbz2.1.0.dylib
0x00000000046d8000 	/usr/lib/liblzma.5.dylib
0x00000000046d8000 	/usr/lib/libnetwork.dylib
0x00000000046d8000 	/usr/lib/libapple_nghttp2.dylib
0x00000000046d8000 	/usr/lib/libpcap.A.dylib
0x00000000046d8000 	/usr/lib/libboringssl.dylib
0x00000000046d8000 	/usr/lib/libusrtcp.dylib
0x00000000046d8000 	/usr/lib/libapple_crypto.dylib
0x00000000046d8000 	/System/Library/Frameworks/CoreServices.framework/Versions/A/Frameworks/FSEvents.framework/Versions/A/FSEvents
0x00000000046d8000 	/System/Library/Frameworks/CoreServices.framework/Versions/A/Frameworks/CarbonCore.framework/Versions/A/CarbonCore
0x00000000046d8000 	/System/Library/Frameworks/CoreServices.framework/Versions/A/Frameworks/Metadata.framework/Versions/A/Metadata
0x00000000046d8000 	/System/Library/Frameworks/CoreServices.framework/Versions/A/Frameworks/OSServices.framework/Versions/A/OSServices
0x00000000046d8000 	/System/Library/Frameworks/CoreServices.framework/Versions/A/Frameworks/SearchKit.framework/Versions/A/SearchKit
0x00000000046d8000 	/System/Library/Frameworks/CoreServices.framework/Versions/A/Frameworks/AE.framework/Versions/A/AE
0x00000000046d8000 	/System/Library/Frameworks/CoreServices.framework/Versions/A/Frameworks/LaunchServices.framework/Versions/A/LaunchServices
0x00000000046d8000 	/System/Library/Frameworks/CoreServices.framework/Versions/A/Frameworks/DictionaryServices.framework/Versions/A/DictionaryServices
0x00000000046d8000 	/System/Library/Frameworks/CoreServices.framework/Versions/A/Frameworks/SharedFileList.framework/Versions/A/SharedFileList
0x00000000046d8000 	/System/Library/Frameworks/NetFS.framework/Versions/A/NetFS
0x00000000046d8000 	/System/Library/PrivateFrameworks/NetAuth.framework/Versions/A/NetAuth
0x00000000046d8000 	/System/Library/PrivateFrameworks/login.framework/Versions/A/Frameworks/loginsupport.framework/Versions/A/loginsupport
0x00000000046d8000 	/System/Library/PrivateFrameworks/TCC.framework/Versions/A/TCC
0x00000000046d8000 	/usr/lib/libmecabra.dylib
0x00000000046d8000 	/System/Library/Frameworks/ApplicationServices.framework/Versions/A/Frameworks/ATS.framework/Versions/A/ATS
0x00000000046d8000 	/System/Library/Frameworks/ApplicationServices.framework/Versions/A/Frameworks/ColorSyncLegacy.framework/Versions/A/ColorSyncLegacy
0x00000000046d8000 	/System/Library/Frameworks/ApplicationServices.framework/Versions/A/Frameworks/HIServices.framework/Versions/A/HIServices
0x00000000046d8000 	/System/Library/Frameworks/ApplicationServices.framework/Versions/A/Frameworks/LangAnalysis.framework/Versions/A/LangAnalysis
0x00000000046d8000 	/System/Library/Frameworks/ApplicationServices.framework/Versions/A/Frameworks/PrintCore.framework/Versions/A/PrintCore
0x00000000046d8000 	/System/Library/Frameworks/ApplicationServices.framework/Versions/A/Frameworks/QD.framework/Versions/A/QD
0x00000000046d8000 	/System/Library/Frameworks/ApplicationServices.framework/Versions/A/Frameworks/SpeechSynthesis.framework/Versions/A/SpeechSynthesis
0x00000000046d8000 	/System/Library/Frameworks/CoreDisplay.framework/Versions/A/CoreDisplay
0x00000000046d8000 	/System/Library/Frameworks/Accelerate.framework/Versions/A/Frameworks/vImage.framework/Versions/A/vImage
0x00000000046d8000 	/System/Library/Frameworks/Accelerate.framework/Versions/A/Frameworks/vecLib.framework/Versions/A/vecLib
0x00000000046d8000 	/System/Library/Frameworks/Accelerate.framework/Versions/A/Frameworks/vecLib.framework/Versions/A/libvDSP.dylib
0x00000000046d8000 	/System/Library/Frameworks/Accelerate.framework/Versions/A/Frameworks/vecLib.framework/Versions/A/libBNNS.dylib
0x00000000046d8000 	/System/Library/Frameworks/Accelerate.framework/Versions/A/Frameworks/vecLib.framework/Versions/A/libQuadrature.dylib
0x00000000046d8000 	/System/Library/Frameworks/Accelerate.framework/Versions/A/Frameworks/vecLib.framework/Versions/A/libvMisc.dylib
0x00000000046d8000 	/System/Library/Frameworks/Accelerate.framework/Versions/A/Frameworks/vecLib.framework/Versions/A/libLAPACK.dylib
0x00000000046d8000 	/System/Library/Frameworks/Accelerate.framework/Versions/A/Frameworks/vecLib.framework/Versions/A/libBLAS.dylib
0x00000000046d8000 	/System/Library/Frameworks/Accelerate.framework/Versions/A/Frameworks/vecLib.framework/Versions/A/libLinearAlgebra.dylib
0x00000000046d8000 	/System/Library/Frameworks/Accelerate.framework/Versions/A/Frameworks/vecLib.framework/Versions/A/libSparse.dylib
0x00000000046d8000 	/System/Library/Frameworks/Accelerate.framework/Versions/A/Frameworks/vecLib.framework/Versions/A/libSparseBLAS.dylib
0x00000000046d8000 	/System/Library/PrivateFrameworks/GPUWrangler.framework/Versions/A/GPUWrangler
0x00000000046d8000 	/System/Library/PrivateFrameworks/IOAccelerator.framework/Versions/A/IOAccelerator
0x00000000046d8000 	/System/Library/PrivateFrameworks/IOPresentment.framework/Versions/A/IOPresentment
0x00000000046d8000 	/System/Library/PrivateFrameworks/DSExternalDisplay.framework/Versions/A/DSExternalDisplay
0x00000000046d8000 	/System/Library/Frameworks/OpenGL.framework/Versions/A/Libraries/libCoreFSCache.dylib
0x00000000046d8000 	/System/Library/Frameworks/CoreVideo.framework/Versions/A/CoreVideo
0x00000000046d8000 	/System/Library/PrivateFrameworks/GraphVisualizer.framework/Versions/A/GraphVisualizer
0x00000000046d8000 	/System/Library/Frameworks/MetalPerformanceShaders.framework/Versions/A/MetalPerformanceShaders
0x00000000046d8000 	/usr/lib/libFosl_dynamic.dylib
0x00000000046d8000 	/System/Library/PrivateFrameworks/FaceCore.framework/Versions/A/FaceCore
0x00000000046d8000 	/System/Library/Frameworks/OpenCL.framework/Versions/A/OpenCL
0x00000000046d8000 	/usr/lib/libcompression.dylib
0x00000000046d8000 	/System/Library/Frameworks/ApplicationServices.framework/Versions/A/Frameworks/ATS.framework/Versions/A/Resources/libFontParser.dylib
0x00000000046d8000 	/System/Library/Frameworks/ApplicationServices.framework/Versions/A/Frameworks/ATS.framework/Versions/A/Resources/libFontRegistry.dylib
0x00000000046d8000 	/System/Library/Frameworks/ImageIO.framework/Versions/A/Resources/libJPEG.dylib
0x00000000046d8000 	/System/Library/Frameworks/ImageIO.framework/Versions/A/Resources/libTIFF.dylib
0x00000000046d8000 	/System/Library/Frameworks/ImageIO.framework/Versions/A/Resources/libPng.dylib
0x00000000046d8000 	/System/Library/Frameworks/ImageIO.framework/Versions/A/Resources/libGIF.dylib
0x00000000046d8000 	/System/Library/Frameworks/ImageIO.framework/Versions/A/Resources/libJP2.dylib
0x00000000046d8000 	/System/Library/Frameworks/ImageIO.framework/Versions/A/Resources/libRadiance.dylib
0x00000000046d8000 	/System/Library/PrivateFrameworks/AppleJPEG.framework/Versions/A/AppleJPEG
0x00000000046d8000 	/System/Library/Frameworks/MetalPerformanceShaders.framework/Frameworks/MPSCore.framework/Versions/A/MPSCore
0x00000000046d8000 	/System/Library/Frameworks/MetalPerformanceShaders.framework/Frameworks/MPSImage.framework/Versions/A/MPSImage
0x00000000046d8000 	/System/Library/Frameworks/MetalPerformanceShaders.framework/Frameworks/MPSNeuralNetwork.framework/Versions/A/MPSNeuralNetwork
0x00000000046d8000 	/System/Library/Frameworks/MetalPerformanceShaders.framework/Frameworks/MPSMatrix.framework/Versions/A/MPSMatrix
0x00000000046d8000 	/System/Library/PrivateFrameworks/MetalTools.framework/Versions/A/MetalTools
0x00000000046d8000 	/System/Library/Frameworks/OpenGL.framework/Versions/A/Libraries/libGLU.dylib
0x00000000046d8000 	/System/Library/Frameworks/OpenGL.framework/Versions/A/Libraries/libGFXShared.dylib
0x00000000046d8000 	/System/Library/Frameworks/OpenGL.framework/Versions/A/Libraries/libGL.dylib
0x00000000046d8000 	/System/Library/Frameworks/OpenGL.framework/Versions/A/Libraries/libGLImage.dylib
0x00000000046d8000 	/System/Library/Frameworks/OpenGL.framework/Versions/A/Libraries/libCVMSPluginSupport.dylib
0x00000000046d8000 	/System/Library/Frameworks/OpenGL.framework/Versions/A/Libraries/libCoreVMClient.dylib
0x00000000046d8000 	/usr/lib/libcups.2.dylib
0x00000000046d8000 	/System/Library/Frameworks/Kerberos.framework/Versions/A/Kerberos
0x00000000046d8000 	/System/Library/Frameworks/GSS.framework/Versions/A/GSS
0x00000000046d8000 	/usr/lib/libresolv.9.dylib
0x00000000046d8000 	/usr/lib/libiconv.2.dylib
0x00000000046d8000 	/System/Library/PrivateFrameworks/Heimdal.framework/Versions/A/Heimdal
0x00000000046d8000 	/usr/lib/libheimdal-asn1.dylib
0x00000000046d8000 	/System/Library/Frameworks/OpenDirectory.framework/Versions/A/OpenDirectory
0x00000000046d8000 	/System/Library/PrivateFrameworks/CommonAuth.framework/Versions/A/CommonAuth
0x00000000046d8000 	/System/Library/Frameworks/OpenDirectory.framework/Versions/A/Frameworks/CFOpenDirectory.framework/Versions/A/CFOpenDirectory
0x00000000046d8000 	/System/Library/Frameworks/SecurityFoundation.framework/Versions/A/SecurityFoundation
0x00000000046d8000 	/System/Library/PrivateFrameworks/APFS.framework/Versions/A/APFS
0x00000000046d8000 	/usr/lib/libutil.dylib
0x00000000046d8000 	/System/Library/PrivateFrameworks/AppleSauce.framework/Versions/A/AppleSauce
0x00000000046d8000 	/System/Library/PrivateFrameworks/LinguisticData.framework/Versions/A/LinguisticData
0x00000000046d8000 	/usr/lib/libmarisa.dylib
0x00000000046d8000 	/System/Library/PrivateFrameworks/Lexicon.framework/Versions/A/Lexicon
0x00000000046d8000 	/usr/lib/libChineseTokenizer.dylib
0x00000000046d8000 	/usr/lib/libcmph.dylib
0x00000000046d8000 	/System/Library/PrivateFrameworks/LanguageModeling.framework/Versions/A/LanguageModeling
0x00000000046d8000 	/System/Library/PrivateFrameworks/CoreEmoji.framework/Versions/A/CoreEmoji
0x00000000046d8000 	/System/Library/Frameworks/ServiceManagement.framework/Versions/A/ServiceManagement
0x00000000046d8000 	/System/Library/PrivateFrameworks/BackgroundTaskManagement.framework/Versions/A/BackgroundTaskManagement
0x00000000046d8000 	/usr/lib/libxslt.1.dylib
0x00000000046d8000 	/System/Library/Frameworks/Carbon.framework/Versions/A/Frameworks/Ink.framework/Versions/A/Ink
0x00000000046d8000 	/System/Library/PrivateFrameworks/TextureIO.framework/Versions/A/TextureIO
0x00000000046d8000 	/usr/lib/libate.dylib
0x00000000046d8000 	/System/Library/PrivateFrameworks/CrashReporterSupport.framework/Versions/A/CrashReporterSupport
0x00000000046d8000 	/System/Library/PrivateFrameworks/Sharing.framework/Versions/A/Sharing
0x00000000046d8000 	/System/Library/PrivateFrameworks/IconServices.framework/Versions/A/IconServices
0x00000000046d8000 	/System/Library/PrivateFrameworks/Apple80211.framework/Versions/A/Apple80211
0x00000000046d8000 	/System/Library/PrivateFrameworks/CoreUtils.framework/Versions/A/CoreUtils
0x00000000046d8000 	/System/Library/Frameworks/CoreWLAN.framework/Versions/A/CoreWLAN
0x00000000046d8000 	/System/Library/Frameworks/IOBluetooth.framework/Versions/A/IOBluetooth
0x00000000046d8000 	/System/Library/PrivateFrameworks/ProtocolBuffer.framework/Versions/A/ProtocolBuffer
0x00000000046d8000 	/System/Library/PrivateFrameworks/CoreWiFi.framework/Versions/A/CoreWiFi
0x00000000046d8000 	/System/Library/Frameworks/CoreBluetooth.framework/Versions/A/CoreBluetooth
0x00000000046d8000 	/System/Library/PrivateFrameworks/DebugSymbols.framework/Versions/A/DebugSymbols
0x00000000046d8000 	/System/Library/PrivateFrameworks/CoreSymbolication.framework/Versions/A/CoreSymbolication
0x00000000046d8000 	/System/Library/PrivateFrameworks/Symbolication.framework/Versions/A/Symbolication
0x00000000046d8000 	/System/Library/PrivateFrameworks/AppleFSCompression.framework/Versions/A/AppleFSCompression
0x00000000046d8000 	/System/Library/PrivateFrameworks/SpeechRecognitionCore.framework/Versions/A/SpeechRecognitionCore
0x0000000107400000 	/Library/Java/JavaVirtualMachines/jdk1.8.0_151.jdk/Contents/Home/jre/lib/server/libjvm.dylib
0x00000000046d8000 	/usr/lib/libstdc++.6.0.9.dylib
0x0000000106a9c000 	/Library/Java/JavaVirtualMachines/jdk1.8.0_151.jdk/Contents/Home/jre/lib/libverify.dylib
0x0000000106aaa000 	/Library/Java/JavaVirtualMachines/jdk1.8.0_151.jdk/Contents/Home/jre/lib/libjava.dylib
0x0000000106b29000 	/Library/Java/JavaVirtualMachines/jdk1.8.0_151.jdk/Contents/Home/jre/lib/libzip.dylib
0x00000000046d8000 	/System/Library/Frameworks/JavaVM.framework/Versions/A/Frameworks/JavaRuntimeSupport.framework/Versions/A/JavaRuntimeSupport
0x00000000046d8000 	/System/Library/Frameworks/JavaVM.framework/Versions/A/Frameworks/JavaNativeFoundation.framework/Versions/A/JavaNativeFoundation
0x00000000046d8000 	/System/Library/Frameworks/JavaVM.framework/Versions/A/JavaVM
0x00000000046d8000 	/System/Library/Frameworks/Carbon.framework/Versions/A/Carbon
0x00000000046d8000 	/System/Library/PrivateFrameworks/JavaLaunching.framework/Versions/A/JavaLaunching
0x00000000046d8000 	/System/Library/Frameworks/Carbon.framework/Versions/A/Frameworks/CommonPanels.framework/Versions/A/CommonPanels
0x00000000046d8000 	/System/Library/Frameworks/Carbon.framework/Versions/A/Frameworks/Help.framework/Versions/A/Help
0x00000000046d8000 	/System/Library/Frameworks/Carbon.framework/Versions/A/Frameworks/ImageCapture.framework/Versions/A/ImageCapture
0x00000000046d8000 	/System/Library/Frameworks/Carbon.framework/Versions/A/Frameworks/OpenScripting.framework/Versions/A/OpenScripting
0x00000000046d8000 	/System/Library/Frameworks/Carbon.framework/Versions/A/Frameworks/Print.framework/Versions/A/Print
0x00000000046d8000 	/System/Library/Frameworks/Carbon.framework/Versions/A/Frameworks/SecurityHI.framework/Versions/A/SecurityHI
0x000000010c5cf000 	/Library/Java/JavaVirtualMachines/jdk1.8.0_151.jdk/Contents/Home/jre/lib/libawt.dylib
0x000000010c677000 	/Library/Java/JavaVirtualMachines/jdk1.8.0_151.jdk/Contents/Home/jre/lib/./libmlib_image.dylib
0x000000010c743000 	/Library/Java/JavaVirtualMachines/jdk1.8.0_151.jdk/Contents/Home/jre/lib/libawt_lwawt.dylib
0x000000010c7fa000 	/Library/Java/JavaVirtualMachines/jdk1.8.0_151.jdk/Contents/Home/jre/lib/./libosxapp.dylib
0x00000000046d8000 	/System/Library/Frameworks/ExceptionHandling.framework/Versions/A/ExceptionHandling
0x00000000046d8000 	/System/Library/PrivateFrameworks/CoreServicesInternal.framework/Versions/A/CoreServicesInternal
0x00000000046d8000 	/System/Library/CoreServices/RawCamera.bundle/Contents/MacOS/RawCamera
0x00000000046d8000 	/System/Library/PrivateFrameworks/MobileAsset.framework/Versions/A/MobileAsset
0x00000000046d8000 	/System/Library/PrivateFrameworks/StreamingZip.framework/Versions/A/StreamingZip
0x00000000046d8000 	/System/Library/Frameworks/MediaToolbox.framework/Versions/A/MediaToolbox
0x00000000046d8000 	/System/Library/PrivateFrameworks/CoreAVCHD.framework/Versions/A/CoreAVCHD
0x00000000046d8000 	/System/Library/Frameworks/MediaAccessibility.framework/Versions/A/MediaAccessibility
0x00000000046d8000 	/System/Library/PrivateFrameworks/Mangrove.framework/Versions/A/Mangrove
0x00000000046d8000 	/System/Library/Frameworks/CoreMedia.framework/Versions/A/CoreMedia
0x00000000046d8000 	/System/Library/Frameworks/VideoToolbox.framework/Versions/A/VideoToolbox
0x00000000046d8000 	/System/Library/PrivateFrameworks/CoreAUC.framework/Versions/A/CoreAUC
0x00000000046d8000 	/usr/lib/libspindump.dylib
0x00000000046d8000 	/System/Library/PrivateFrameworks/AppleVA.framework/Versions/A/AppleVA
0x00000000046d8000 	/System/Library/Frameworks/Accelerate.framework/Versions/A/Frameworks/vImage.framework/Versions/A/Libraries/libCGInterfaces.dylib
0x00000000046d8000 	/System/Library/Frameworks/ApplicationServices.framework/Versions/A/Frameworks/ATS.framework/Versions/A/Resources/libTrueTypeScaler.dylib
0x00000000046d8000 	/System/Library/Extensions/AppleIntelHD5000GraphicsMTLDriver.bundle/Contents/MacOS/AppleIntelHD5000GraphicsMTLDriver
0x00000000046d8000 	/System/Library/PrivateFrameworks/GPUCompiler.framework/Versions/3802/Libraries/libmetal_timestamp.dylib
0x00000000046d8000 	/System/Library/PrivateFrameworks/FamilyControls.framework/Versions/A/FamilyControls
0x00000000046d8000 	/System/Library/PrivateFrameworks/CommerceKit.framework/Versions/A/Frameworks/CommerceCore.framework/Versions/A/CommerceCore
0x00000000046d8000 	/System/Library/PrivateFrameworks/SystemAdministration.framework/Versions/A/SystemAdministration
0x00000000046d8000 	/System/Library/PrivateFrameworks/AppContainer.framework/Versions/A/AppContainer
0x00000000046d8000 	/System/Library/PrivateFrameworks/SecCodeWrapper.framework/Versions/A/SecCodeWrapper
0x00000000046d8000 	/System/Library/PrivateFrameworks/DiskManagement.framework/Versions/A/DiskManagement
0x00000000046d8000 	/System/Library/Frameworks/DirectoryService.framework/Versions/A/DirectoryService
0x00000000046d8000 	/System/Library/PrivateFrameworks/DiskImages.framework/Versions/A/DiskImages
0x00000000046d8000 	/System/Library/PrivateFrameworks/LoginUIKit.framework/Versions/A/Frameworks/LoginUICore.framework/Versions/A/LoginUICore
0x00000000046d8000 	/usr/lib/libCoreStorage.dylib
0x00000000046d8000 	/usr/lib/libcsfde.dylib
0x00000000046d8000 	/usr/lib/libodfde.dylib
0x00000000046d8000 	/System/Library/PrivateFrameworks/MediaKit.framework/Versions/A/MediaKit
0x00000000046d8000 	/System/Library/Frameworks/DiscRecording.framework/Versions/A/DiscRecording
0x00000000046d8000 	/System/Library/PrivateFrameworks/EFILogin.framework/Versions/A/EFILogin
0x00000000046d8000 	/System/Library/PrivateFrameworks/ProtectedCloudStorage.framework/Versions/A/ProtectedCloudStorage
0x00000000046d8000 	/usr/lib/libcurl.4.dylib
0x00000000046d8000 	/usr/lib/libcrypto.35.dylib
0x00000000046d8000 	/usr/lib/libssl.35.dylib
0x00000000046d8000 	/System/Library/Frameworks/LDAP.framework/Versions/A/LDAP
0x00000000046d8000 	/System/Library/PrivateFrameworks/TrustEvaluationAgent.framework/Versions/A/TrustEvaluationAgent
0x00000000046d8000 	/usr/lib/libsasl2.2.dylib
0x00000000046d8000 	/System/Library/PrivateFrameworks/CoreDaemon.framework/Versions/B/CoreDaemon
0x00000000046d8000 	/System/Library/PrivateFrameworks/AppleSRP.framework/Versions/A/AppleSRP
0x00000000046d8000 	/System/Library/Frameworks/OpenGL.framework/Versions/A/Resources/GLEngine.bundle/GLEngine
0x00000000046d8000 	/System/Library/Frameworks/OpenGL.framework/Versions/A/Libraries/libGLProgrammability.dylib
0x0000000121a37000 	/System/Library/Extensions/AppleIntelHD5000GraphicsGLDriver.bundle/Contents/MacOS/AppleIntelHD5000GraphicsGLDriver
0x00000000046d8000 	/System/Library/PrivateFrameworks/GPUSupport.framework/Versions/A/Libraries/libGPUSupportMercury.dylib
0x00000000046d8000 	/System/Library/Frameworks/OpenGL.framework/Versions/A/Resources/GLRendererFloat.bundle/GLRendererFloat
0x00000000046d8000 	/System/Library/Frameworks/OpenCL.framework/Versions/A/Libraries/libcldcpuengine.dylib
0x0000000122a7e000 	/Library/Java/JavaVirtualMachines/jdk1.8.0_151.jdk/Contents/Home/jre/lib/libfontmanager.dylib
0x00000000046d8000 	/System/Library/PrivateFrameworks/ViewBridge.framework/Versions/A/ViewBridge
0x0000000123edd000 	/Library/Java/JavaVirtualMachines/jdk1.8.0_151.jdk/Contents/Home/jre/lib/libosxui.dylib
0x0000000124d6c000 	/Library/Java/JavaVirtualMachines/jdk1.8.0_151.jdk/Contents/Home/jre/lib/libnet.dylib
0x0000000124bb5000 	/Library/Java/JavaVirtualMachines/jdk1.8.0_151.jdk/Contents/Home/jre/lib/libnio.dylib
0x000000011fd0f000 	/private/var/folders/2b/rxb1vsr90zqgm70cphy2n7sh0000gn/T/jogamp_0000/file_cache/jln7509319641924524653/jln2785382451606301359/libgluegen-rt.jnilib
0x000000011fd14000 	/private/var/folders/2b/rxb1vsr90zqgm70cphy2n7sh0000gn/T/jogamp_0000/file_cache/jln7509319641924524653/jln2785382451606301359/libnativewindow_awt.jnilib
0x000000012071e000 	/Library/Java/JavaVirtualMachines/jdk1.8.0_151.jdk/Contents/Home/jre/lib/libjawt.dylib
0x0000000120721000 	/private/var/folders/2b/rxb1vsr90zqgm70cphy2n7sh0000gn/T/jogamp_0000/file_cache/jln7509319641924524653/jln2785382451606301359/libnativewindow_macosx.jnilib
0x0000000190547000 	/private/var/folders/2b/rxb1vsr90zqgm70cphy2n7sh0000gn/T/jogamp_0000/file_cache/jln7509319641924524653/jln2785382451606301359/libjogl_desktop.jnilib
0x00000001211b8000 	/Library/Java/JavaVirtualMachines/jdk1.8.0_151.jdk/Contents/Home/jre/lib/libsunec.dylib
0x0000000196e44000 	/Library/Java/JavaVirtualMachines/jdk1.8.0_151.jdk/Contents/Home/jre/lib/libt2k.dylib

VM Arguments:
jvm_args: -Djava.security.policy=java.policy.applet -Dfile.encoding=UTF-8 
java_command: sun.applet.AppletViewer module4.EarthquakeCityMap1531568927997.html
java_class_path (initial): /Library/Java/JavaVirtualMachines/jdk1.8.0_151.jdk/Contents/Home/jre/lib/resources.jar:/Library/Java/JavaVirtualMachines/jdk1.8.0_151.jdk/Contents/Home/jre/lib/rt.jar:/Library/Java/JavaVirtualMachines/jdk1.8.0_151.jdk/Contents/Home/jre/lib/jsse.jar:/Library/Java/JavaVirtualMachines/jdk1.8.0_151.jdk/Contents/Home/jre/lib/jce.jar:/Library/Java/JavaVirtualMachines/jdk1.8.0_151.jdk/Contents/Home/jre/lib/charsets.jar:/Library/Java/JavaVirtualMachines/jdk1.8.0_151.jdk/Contents/Home/jre/lib/jfr.jar:/Library/Java/JavaVirtualMachines/jdk1.8.0_151.jdk/Contents/Home/jre/lib/ext/sunec.jar:/Library/Java/JavaVirtualMachines/jdk1.8.0_151.jdk/Contents/Home/jre/lib/ext/nashorn.jar:/Library/Java/JavaVirtualMachines/jdk1.8.0_151.jdk/Contents/Home/jre/lib/ext/cldrdata.jar:/Library/Java/JavaVirtualMachines/jdk1.8.0_151.jdk/Contents/Home/jre/lib/ext/jfxrt.jar:/Library/Java/JavaVirtualMachines/jdk1.8.0_151.jdk/Contents/Home/jre/lib/ext/dnsns.jar:/Library/Java/JavaVirtualMachines/jdk1.8.0_151.jdk/Contents/Home/jre/lib/ext/localedata.jar:/Library/Java/JavaVirtualMachines/jdk1.8.0_151.jdk/Contents/Home/jre/lib/ext/sunjce_provider.jar:/Library/Java/JavaVirtualMachines/jdk1.8.0_151.jdk/Contents/Home/jre/lib/ext/sunpkcs11.jar:/Library/Java/JavaVirtualMachines/jdk1.8.0_151.jdk/Contents/Home/jre/lib/ext/jaccess.jar:/Library/Java/JavaVirtualMachines/jdk1.8.0_151.jdk/Contents/Home/jre/lib/ext/zipfs.jar:/System/Library/Java/Extensions/MRJToolkit.jar:/Users/yunsangil/Documents/computing/JAVA/UCSDUnfoldingMaps/build:/Users/yunsangil/Documents/computing/JAVA/UCSDUnfoldingMaps/lib/core.jar:/Users/yunsangil/Documents/computing/JAVA/UCSDUnfoldingMaps/lib/gluegen-rt.jar:/Users/yunsangil/Documents/computing/JAVA/UCSDUnfoldingMaps/lib/jogl-all.jar:/Users/yunsangil/Documents/computing/JAVA/UCSDUnfoldingMaps/lib/log4j-1.2.15.jar:/Users/yunsangil/Documents/computing/JAVA/UCSDUnfoldingMaps/lib/sqlite-jdbc-3.7.2.jar:/Users/yunsangil/Documents/computing/JAVA/UCSDUnfoldingMaps/lib/json4
Launcher Type: SUN_STANDARD

Environment Variables:
PATH=/usr/bin:/bin:/usr/sbin:/sbin
SHELL=/bin/bash

Signal Handlers:
SIGSEGV: [libjvm.dylib+0x5b27a5], sa_mask[0]=11111111011111110111111111111111, sa_flags=SA_ONSTACK|SA_RESTART|SA_SIGINFO
SIGBUS: [libjvm.dylib+0x5b27a5], sa_mask[0]=11111111011111110111111111111111, sa_flags=SA_RESTART|SA_SIGINFO
SIGFPE: [libjvm.dylib+0x4891c4], sa_mask[0]=11111111011111110111111111111111, sa_flags=SA_RESTART|SA_SIGINFO
SIGPIPE: [libjvm.dylib+0x4891c4], sa_mask[0]=11111111011111110111111111111111, sa_flags=SA_RESTART|SA_SIGINFO
SIGXFSZ: [libjvm.dylib+0x4891c4], sa_mask[0]=11111111011111110111111111111111, sa_flags=SA_RESTART|SA_SIGINFO
SIGILL: [libjvm.dylib+0x4891c4], sa_mask[0]=11111111011111110111111111111111, sa_flags=SA_RESTART|SA_SIGINFO
SIGUSR1: SIG_DFL, sa_mask[0]=00000000000000000000000000000000, sa_flags=none
SIGUSR2: [libjvm.dylib+0x488ce2], sa_mask[0]=00100000000000000000000000000000, sa_flags=SA_RESTART|SA_SIGINFO
SIGHUP: [libjvm.dylib+0x4872b9], sa_mask[0]=11111111011111110111111111111111, sa_flags=SA_RESTART|SA_SIGINFO
SIGINT: [libjvm.dylib+0x4872b9], sa_mask[0]=11111111011111110111111111111111, sa_flags=SA_RESTART|SA_SIGINFO
SIGTERM: [libjvm.dylib+0x4872b9], sa_mask[0]=11111111011111110111111111111111, sa_flags=SA_RESTART|SA_SIGINFO
SIGQUIT: [libjvm.dylib+0x4872b9], sa_mask[0]=11111111011111110111111111111111, sa_flags=SA_RESTART|SA_SIGINFO


---------------  S Y S T E M  ---------------

OS:Bsduname:Darwin 17.6.0 Darwin Kernel Version 17.6.0: Tue May  8 15:22:16 PDT 2018; root:xnu-4570.61.1~1/RELEASE_X86_64 x86_64
rlimit: STACK 8192k, CORE 0k, NPROC 709, NOFILE 10240, AS infinity
load average:3.42 2.39 2.12

CPU:total 4 (initial active 4) (2 cores per cpu, 2 threads per core) family 6 model 69 stepping 1, cmov, cx8, fxsr, mmx, sse, sse2, sse3, ssse3, sse4.1, sse4.2, popcnt, avx, avx2, aes, clmul, erms, lzcnt, ht, tsc, tscinvbit, bmi1, bmi2

Memory: 4k page, physical 8388608k(697656k free)

/proc/meminfo:


vm_info: Java HotSpot(TM) 64-Bit Server VM (25.151-b12) for bsd-amd64 JRE (1.8.0_151-b12), built on Sep  5 2017 19:37:08 by "java_re" with gcc 4.2.1 (Based on Apple Inc. build 5658) (LLVM build 2336.11.00)

time: Sat Jul 14 20:49:42 2018
elapsed time: 54 seconds (0d 0h 0m 54s)

