#
# A fatal error has been detected by the Java Runtime Environment:
#
#  SIGSEGV (0xb) at pc=0x00007fff5345e181, pid=20715, tid=0x0000000000000307
#
# JRE version: Java(TM) SE Runtime Environment (8.0_151-b12) (build 1.8.0_151-b12)
# Java VM: Java HotSpot(TM) 64-Bit Server VM (25.151-b12 mixed mode bsd-amd64 compressed oops)
# Problematic frame:
# C  [libobjc.A.dylib+0x9181]  objc_release+0x21
#
# Failed to write core dump. Core dumps have been disabled. To enable core dumping, try "ulimit -c unlimited" before starting Java again
#
# If you would like to submit a bug report, please visit:
#   http://bugreport.java.com/bugreport/crash.jsp
# The crash happened outside the Java Virtual Machine in native code.
# See problematic frame for where to report the bug.
#

---------------  T H R E A D  ---------------

Current thread (0x00007ff20a9bc000):  JavaThread "AWT-AppKit" daemon [_thread_in_native, id=775, stack(0x00007ffee9641000,0x00007ffee9e41000)]

siginfo: si_signo: 11 (SIGSEGV), si_code: 0 (unknown), si_addr: 0x0000000000000000

Registers:
RAX=0x00007ffffffffff8, RBX=0x0000000000000000, RCX=0x0000000000000003, RDX=0x00007ff20f529b78
RSP=0x00007ffee9e3bc90, RBP=0x00007ffee9e3bc90, RSI=0x000000010e195010, RDI=0xa00007ff20f522cc
R8 =0x9e3779b97f4a7c55, R9 =0x0000000000000001, R10=0x000000010ef89840, R11=0x00007ff212e3c910
R12=0x0000000000000000, R13=0x000000018f9eb620, R14=0x00007ff20f524120, R15=0x00007ff20a9bc000
RIP=0x00007fff5345e181, EFLAGS=0x0000000000010246, ERR=0x0000000000000000
  TRAPNO=0x000000000000000d

Top of Stack: (sp=0x00007ffee9e3bc90)
0x00007ffee9e3bc90:   00007ffee9e3bcc0 000000010e11cf5c
0x00007ffee9e3bca0:   00007ffee9e3bcc0 000000010ef89450
0x00007ffee9e3bcb0:   000000010ef89440 00007ff20a9bc000
0x00007ffee9e3bcc0:   00007ffee9e3bd80 000000010ef87215
0x00007ffee9e3bcd0:   000000010ef89700 000000010ef896e0
0x00007ffee9e3bce0:   000000010ef894b0 0000000000000000
0x00007ffee9e3bcf0:   000000018f9eb620 000000018f9eb620
0x00007ffee9e3bd00:   00007ff20f529b70 000000010ef896a0
0x00007ffee9e3bd10:   000000010ef89710 00007fff8634ab38
0x00007ffee9e3bd20:   00007fff87a99178 000000010ef89450
0x00007ffee9e3bd30:   000000010ef89690 00007ff20f529b70
0x00007ffee9e3bd40:   00007ff20f524120 00007ff209c65610
0x00007ffee9e3bd50:   00007ff20f529b70 00007ff20f524120
0x00007ffee9e3bd60:   00007ffee9e3be08 00007ff20a9bc1f8
0x00007ffee9e3bd70:   000000018f9eb620 00007ffee9e3be30
0x00007ffee9e3bd80:   00007ffee9e3bdf8 000000010f1ad9f4
0x00007ffee9e3bd90:   000000018f9eb620 00007ffee9e3be30
0x00007ffee9e3bda0:   00007ffee9e3bdf8 000000010f1ad787
0x00007ffee9e3bdb0:   000000010f1ad742 00007ffee9e3bdb8
0x00007ffee9e3bdc0:   000000018f9eb620 00007ffee9e3be30
0x00007ffee9e3bdd0:   000000018f9ee258 0000000000000000
0x00007ffee9e3bde0:   000000018f9eb620 0000000000000000
0x00007ffee9e3bdf0:   00007ffee9e3be18 00007ffee9e3be78
0x00007ffee9e3be00:   000000010f19e2bd 000000074031bc50
0x00007ffee9e3be10:   000000010f1a7538 00007ff20f529b70
0x00007ffee9e3be20:   00007ffee9e3be78 00007ff20f524120
0x00007ffee9e3be30:   000000010f1a8e02 00007ffee9e3be38
0x00007ffee9e3be40:   000000018f9eb7ea 00007ffee9e3bea0
0x00007ffee9e3be50:   000000018f9ee258 0000000000000000
0x00007ffee9e3be60:   000000018f9eb7f8 00007ffee9e3be18
0x00007ffee9e3be70:   00007ffee9e3be88 00007ffee9e3bee8
0x00007ffee9e3be80:   000000010f19e2bd 00007ff20f529b70 

Instructions: (pc=0x00007fff5345e181)
0x00007fff5345e161:   48 89 e5 48 85 ff 0f 84 9c 00 00 00 40 f6 c7 01
0x00007fff5345e171:   0f 85 92 00 00 00 48 b8 f8 ff ff ff ff 7f 00 00
0x00007fff5345e181:   48 23 07 f6 40 20 02 74 5e 48 b9 00 00 00 00 00
0x00007fff5345e191:   00 00 01 48 ba 00 00 00 00 00 00 40 00 48 8b 07 

Register to memory mapping:

RAX=0x00007ffffffffff8 is an unknown value
RBX=0x0000000000000000 is an unknown value
RCX=0x0000000000000003 is an unknown value
RDX=0x00007ff20f529b78 is an unknown value
RSP=0x00007ffee9e3bc90 is pointing into the stack for thread: 0x00007ff20a9bc000
RBP=0x00007ffee9e3bc90 is pointing into the stack for thread: 0x00007ff20a9bc000
RSI=0x000000010e195010: OBJC_IVAR_$_PrinterView.fCurPeekGraphics+0x1af0 in /Library/Java/JavaVirtualMachines/jdk1.8.0_151.jdk/Contents/Home/jre/lib/libawt_lwawt.dylib at 0x000000010e118000
RDI=0xa00007ff20f522cc is an unknown value
R8 =0x9e3779b97f4a7c55 is an unknown value
R9 =0x0000000000000001 is an unknown value
R10=0x000000010ef89840: OBJC_CLASS_$_MyCALayer+0 in /private/var/folders/2b/rxb1vsr90zqgm70cphy2n7sh0000gn/T/jogamp_0000/file_cache/jln3051430268331564495/jln2505859667538552158/libnativewindow_macosx.jnilib at 0x000000010ef82000
R11=0x00007ff212e3c910 is an unknown value
R12=0x0000000000000000 is an unknown value
R13={method} {0x000000018f9eb620} 'UnsetJAWTRootSurfaceLayer0' '(JJ)V' in 'jogamp/nativewindow/jawt/macosx/MacOSXJAWTWindow'
R14=0x00007ff20f524120 is an unknown value
R15=0x00007ff20a9bc000 is a thread


Stack: [0x00007ffee9641000,0x00007ffee9e41000],  sp=0x00007ffee9e3bc90,  free space=8171k
Native frames: (J=compiled Java code, j=interpreted, Vv=VM code, C=native code)
C  [libobjc.A.dylib+0x9181]  objc_release+0x21
C  [libawt_lwawt.dylib+0x4f5c]  -[AWTSurfaceLayers setLayer:]+0x54
C  [libnativewindow_macosx.jnilib+0x5215]  Java_jogamp_nativewindow_jawt_macosx_MacOSXJAWTWindow_UnsetJAWTRootSurfaceLayer0+0x1a5
j  jogamp.nativewindow.jawt.macosx.MacOSXJAWTWindow.UnsetJAWTRootSurfaceLayer0(JJ)V+0
j  jogamp.nativewindow.jawt.macosx.MacOSXJAWTWindow.access$200(JJ)V+2
j  jogamp.nativewindow.jawt.macosx.MacOSXJAWTWindow$1.run()V+38
J 3432 C1 com.jogamp.common.util.RunnableTask.run()V (345 bytes) @ 0x000000010f8a7ff4 [0x000000010f8a7e60+0x194]
v  ~StubRoutines::call_stub
V  [libjvm.dylib+0x2ee9aa]
V  [libjvm.dylib+0x325b59]
V  [libjvm.dylib+0x318327]
C  [libnativewindow_macosx.jnilib+0x5326]  Java_jogamp_nativewindow_jawt_macosx_MacOSXJAWTWindow_UnsetJAWTRootSurfaceLayer0+0x2b6
C  [Foundation+0x682b5]  __NSThreadPerformPerform+0x14e
C  [CoreFoundation+0xa3a61]  __CFRUNLOOP_IS_CALLING_OUT_TO_A_SOURCE0_PERFORM_FUNCTION__+0x11
C  [CoreFoundation+0x15d47c]  __CFRunLoopDoSource0+0x6c
C  [CoreFoundation+0x8651c]  __CFRunLoopDoSources0+0x12c
C  [CoreFoundation+0x8593d]  __CFRunLoopRun+0x50d
C  [CoreFoundation+0x851a3]  CFRunLoopRunSpecific+0x1e3
C  [HIToolbox+0x2fd96]  RunCurrentEventLoopInMode+0x11e
C  [HIToolbox+0x2fa0f]  ReceiveNextEventCommon+0x16e
C  [HIToolbox+0x2f884]  _BlockUntilNextEventMatchingListInModeWithFilter+0x40
C  [AppKit+0x41a73]  _DPSNextEvent+0x825
C  [AppKit+0x7d7e34]  -[NSApplication(NSEvent) _nextEventMatchingEventMask:untilDate:inMode:dequeue:]+0xbe4
C  [libosxapp.dylib+0x23aa]  -[NSApplicationAWT nextEventMatchingMask:untilDate:inMode:dequeue:]+0x7c
C  [AppKit+0x36885]  -[NSApplication run]+0x2fc
C  [libosxapp.dylib+0x214d]  +[NSApplicationAWT runAWTLoopWithApp:]+0x9c
C  [libawt_lwawt.dylib+0x45edf]  -[AWTStarter starter:]+0x389
C  [Foundation+0x682b5]  __NSThreadPerformPerform+0x14e
C  [CoreFoundation+0xa3a61]  __CFRUNLOOP_IS_CALLING_OUT_TO_A_SOURCE0_PERFORM_FUNCTION__+0x11
C  [CoreFoundation+0x15d47c]  __CFRunLoopDoSource0+0x6c
C  [CoreFoundation+0x864c0]  __CFRunLoopDoSources0+0xd0
C  [CoreFoundation+0x8593d]  __CFRunLoopRun+0x50d
C  [CoreFoundation+0x851a3]  CFRunLoopRunSpecific+0x1e3
C  [java+0x6465]  CreateExecutionEnvironment+0x367
C  [java+0x218c]  JLI_Launch+0x7a0
C  [java+0x84c2]  main+0x65
C  [java+0x19e4]  start+0x34
C  0x0000000000000007

Java frames: (J=compiled Java code, j=interpreted, Vv=VM code)
j  jogamp.nativewindow.jawt.macosx.MacOSXJAWTWindow.UnsetJAWTRootSurfaceLayer0(JJ)V+0
j  jogamp.nativewindow.jawt.macosx.MacOSXJAWTWindow.access$200(JJ)V+2
j  jogamp.nativewindow.jawt.macosx.MacOSXJAWTWindow$1.run()V+38
J 3432 C1 com.jogamp.common.util.RunnableTask.run()V (345 bytes) @ 0x000000010f8a7ff4 [0x000000010f8a7e60+0x194]
v  ~StubRoutines::call_stub

---------------  P R O C E S S  ---------------

Java Threads: ( => current thread )
  0x00007ff1fe9e3800 JavaThread "Thread-20" [_thread_blocked, id=28691, stack(0x000070000777c000,0x000070000787c000)]
  0x00007ff20bbd0800 JavaThread "AWT-EventQueue-1" [_thread_in_native, id=72731, stack(0x0000700007679000,0x0000700007779000)]
  0x00007ff20b0c0800 JavaThread "DestroyJavaVM" [_thread_blocked, id=6403, stack(0x0000700005fae000,0x00007000060ae000)]
  0x00007ff20b9f8800 JavaThread "AWT-EventQueue-0" [_thread_blocked, id=76571, stack(0x0000700007473000,0x0000700007573000)]
  0x00007ff20b0b7000 JavaThread "Java2D Disposer" daemon [_thread_blocked, id=48659, stack(0x00007000071ea000,0x00007000072ea000)]
  0x00007ff20b0b2000 JavaThread "Java2D Queue Flusher" daemon [_thread_blocked, id=85631, stack(0x00007000070e7000,0x00007000071e7000)]
  0x00007ff20b94b800 JavaThread "AWT-Shutdown" [_thread_blocked, id=24363, stack(0x0000700006e5b000,0x0000700006f5b000)]
=>0x00007ff20a9bc000 JavaThread "AWT-AppKit" daemon [_thread_in_native, id=775, stack(0x00007ffee9641000,0x00007ffee9e41000)]
  0x00007ff20b037800 JavaThread "Service Thread" daemon [_thread_blocked, id=18947, stack(0x0000700006bd2000,0x0000700006cd2000)]
  0x00007ff20a821000 JavaThread "C1 CompilerThread2" daemon [_thread_blocked, id=19459, stack(0x0000700006acf000,0x0000700006bcf000)]
  0x00007ff20a820000 JavaThread "C2 CompilerThread1" daemon [_thread_blocked, id=19715, stack(0x00007000069cc000,0x0000700006acc000)]
  0x00007ff20a052000 JavaThread "C2 CompilerThread0" daemon [_thread_blocked, id=14851, stack(0x00007000068c9000,0x00007000069c9000)]
  0x00007ff20a051800 JavaThread "Signal Dispatcher" daemon [_thread_blocked, id=14343, stack(0x00007000067c6000,0x00007000068c6000)]
  0x00007ff20b013800 JavaThread "Finalizer" daemon [_thread_blocked, id=12803, stack(0x00007000066c3000,0x00007000067c3000)]
  0x00007ff20a03a800 JavaThread "Reference Handler" daemon [_thread_blocked, id=12291, stack(0x00007000065c0000,0x00007000066c0000)]

Other Threads:
  0x00007ff20b838000 VMThread [stack: 0x00007000064bd000,0x00007000065bd000] [id=11779]
  0x00007ff20a84b800 WatcherThread [stack: 0x0000700006cd5000,0x0000700006dd5000] [id=15875]

VM state:not at safepoint (normal execution)

VM Mutex/Monitor currently owned by a thread: None

Heap:
 PSYoungGen      total 172544K, used 40219K [0x0000000795580000, 0x00000007a3c00000, 0x00000007c0000000)
  eden space 154624K, 23% used [0x0000000795580000,0x000000079791ec78,0x000000079ec80000)
  from space 17920K, 20% used [0x000000079ec80000,0x000000079f0280d0,0x000000079fe00000)
  to   space 18432K, 0% used [0x00000007a2a00000,0x00000007a2a00000,0x00000007a3c00000)
 ParOldGen       total 52736K, used 36270K [0x0000000740000000, 0x0000000743380000, 0x0000000795580000)
  object space 52736K, 68% used [0x0000000740000000,0x000000074236b870,0x0000000743380000)
 Metaspace       used 31197K, capacity 31679K, committed 32000K, reserved 1079296K
  class space    used 2580K, capacity 2715K, committed 2816K, reserved 1048576K

Card table byte_map: [0x00000001079fb000,0x0000000107dfc000] byte_map_base: 0x0000000103ffb000

Marking Bits: (ParMarkBitMap*) 0x0000000106ef35d0
 Begin Bits: [0x00000001080a7000, 0x000000010a0a7000)
 End Bits:   [0x000000010a0a7000, 0x000000010c0a7000)

Polling page: 0x0000000105df8000

CodeCache: size=245760Kb used=12061Kb max_used=12061Kb free=233698Kb
 bounds [0x000000010f196000, 0x000000010fd76000, 0x000000011e196000]
 total_blobs=4212 nmethods=3256 adapters=869
 compilation: enabled

Compilation events (10 events):
Event: 26.916 Thread 0x00007ff20a821000 3767       3       java.util.HashMap::putVal (300 bytes)
Event: 26.918 Thread 0x00007ff20a052000 3769       4       java.awt.Rectangle::<init> (26 bytes)
Event: 26.919 Thread 0x00007ff20a820000 nmethod 3766 0x000000010fd60290 code [0x000000010fd603e0, 0x000000010fd60498]
Event: 26.919 Thread 0x00007ff20a052000 nmethod 3769 0x000000010f666e90 code [0x000000010f666fe0, 0x000000010f667058]
Event: 26.919 Thread 0x00007ff20a821000 nmethod 3767 0x000000010fd61cd0 code [0x000000010fd61f40, 0x000000010fd631f8]
Event: 26.919 Thread 0x00007ff20a821000 3768       3       java.util.HashMap::remove (26 bytes)
Event: 26.920 Thread 0x00007ff20a821000 nmethod 3768 0x000000010fd5c190 code [0x000000010fd5c320, 0x000000010fd5c738]
Event: 26.920 Thread 0x00007ff20a821000 3770       3       sun.java2d.SunGraphics2D::setColor (108 bytes)
Event: 26.921 Thread 0x00007ff20a821000 nmethod 3770 0x000000010fd5ba10 code [0x000000010fd5bba0, 0x000000010fd5c0d8]
Event: 26.946 Thread 0x00007ff20a821000 3771       3       java.awt.Component::dispatchEventImpl (883 bytes)

GC Heap History (10 events):
Event: 8.375 GC heap before
{Heap before GC invocations=6 (full 1):
 PSYoungGen      total 63488K, used 63242K [0x0000000795580000, 0x000000079a080000, 0x00000007c0000000)
  eden space 58368K, 99% used [0x0000000795580000,0x0000000798e44358,0x0000000798e80000)
  from space 5120K, 99% used [0x0000000799b80000,0x000000079a07e790,0x000000079a080000)
  to   space 5120K, 0% used [0x0000000799680000,0x0000000799680000,0x0000000799b80000)
 ParOldGen       total 52736K, used 17477K [0x0000000740000000, 0x0000000743380000, 0x0000000795580000)
  object space 52736K, 33% used [0x0000000740000000,0x0000000741111628,0x0000000743380000)
 Metaspace       used 29465K, capacity 29942K, committed 30336K, reserved 1077248K
  class space    used 2495K, capacity 2619K, committed 2688K, reserved 1048576K
Event: 8.390 GC heap after
Heap after GC invocations=6 (full 1):
 PSYoungGen      total 71680K, used 5103K [0x0000000795580000, 0x000000079da00000, 0x00000007c0000000)
  eden space 66560K, 0% used [0x0000000795580000,0x0000000795580000,0x0000000799680000)
  from space 5120K, 99% used [0x0000000799680000,0x0000000799b7bee0,0x0000000799b80000)
  to   space 17920K, 0% used [0x000000079c880000,0x000000079c880000,0x000000079da00000)
 ParOldGen       total 52736K, used 26432K [0x0000000740000000, 0x0000000743380000, 0x0000000795580000)
  object space 52736K, 50% used [0x0000000740000000,0x00000007419d0228,0x0000000743380000)
 Metaspace       used 29465K, capacity 29942K, committed 30336K, reserved 1077248K
  class space    used 2495K, capacity 2619K, committed 2688K, reserved 1048576K
}
Event: 10.705 GC heap before
{Heap before GC invocations=7 (full 1):
 PSYoungGen      total 71680K, used 71663K [0x0000000795580000, 0x000000079da00000, 0x00000007c0000000)
  eden space 66560K, 100% used [0x0000000795580000,0x0000000799680000,0x0000000799680000)
  from space 5120K, 99% used [0x0000000799680000,0x0000000799b7bee0,0x0000000799b80000)
  to   space 17920K, 0% used [0x000000079c880000,0x000000079c880000,0x000000079da00000)
 ParOldGen       total 52736K, used 26432K [0x0000000740000000, 0x0000000743380000, 0x0000000795580000)
  object space 52736K, 50% used [0x0000000740000000,0x00000007419d0228,0x0000000743380000)
 Metaspace       used 30688K, capacity 31167K, committed 31488K, reserved 1077248K
  class space    used 2573K, capacity 2715K, committed 2816K, reserved 1048576K
Event: 10.716 GC heap after
Heap after GC invocations=7 (full 1):
 PSYoungGen      total 118272K, used 11041K [0x0000000795580000, 0x000000079e300000, 0x00000007c0000000)
  eden space 100352K, 0% used [0x0000000795580000,0x0000000795580000,0x000000079b780000)
  from space 17920K, 61% used [0x000000079c880000,0x000000079d348548,0x000000079da00000)
  to   space 17408K, 0% used [0x000000079b780000,0x000000079b780000,0x000000079c880000)
 ParOldGen       total 52736K, used 26440K [0x0000000740000000, 0x0000000743380000, 0x0000000795580000)
  object space 52736K, 50% used [0x0000000740000000,0x00000007419d2228,0x0000000743380000)
 Metaspace       used 30688K, capacity 31167K, committed 31488K, reserved 1077248K
  class space    used 2573K, capacity 2715K, committed 2816K, reserved 1048576K
}
Event: 14.242 GC heap before
{Heap before GC invocations=8 (full 1):
 PSYoungGen      total 118272K, used 111393K [0x0000000795580000, 0x000000079e300000, 0x00000007c0000000)
  eden space 100352K, 100% used [0x0000000795580000,0x000000079b780000,0x000000079b780000)
  from space 17920K, 61% used [0x000000079c880000,0x000000079d348548,0x000000079da00000)
  to   space 17408K, 0% used [0x000000079b780000,0x000000079b780000,0x000000079c880000)
 ParOldGen       total 52736K, used 26440K [0x0000000740000000, 0x0000000743380000, 0x0000000795580000)
  object space 52736K, 50% used [0x0000000740000000,0x00000007419d2228,0x0000000743380000)
 Metaspace       used 30923K, capacity 31359K, committed 31744K, reserved 1079296K
  class space    used 2573K, capacity 2715K, committed 2816K, reserved 1048576K
Event: 14.253 GC heap after
Heap after GC invocations=8 (full 1):
 PSYoungGen      total 117760K, used 13633K [0x0000000795580000, 0x00000007a1600000, 0x00000007c0000000)
  eden space 100352K, 0% used [0x0000000795580000,0x0000000795580000,0x000000079b780000)
  from space 17408K, 78% used [0x000000079b780000,0x000000079c4d05d8,0x000000079c880000)
  to   space 18432K, 0% used [0x00000007a0400000,0x00000007a0400000,0x00000007a1600000)
 ParOldGen       total 52736K, used 26448K [0x0000000740000000, 0x0000000743380000, 0x0000000795580000)
  object space 52736K, 50% used [0x0000000740000000,0x00000007419d4228,0x0000000743380000)
 Metaspace       used 30923K, capacity 31359K, committed 31744K, reserved 1079296K
  class space    used 2573K, capacity 2715K, committed 2816K, reserved 1048576K
}
Event: 18.596 GC heap before
{Heap before GC invocations=9 (full 1):
 PSYoungGen      total 117760K, used 113985K [0x0000000795580000, 0x00000007a1600000, 0x00000007c0000000)
  eden space 100352K, 100% used [0x0000000795580000,0x000000079b780000,0x000000079b780000)
  from space 17408K, 78% used [0x000000079b780000,0x000000079c4d05d8,0x000000079c880000)
  to   space 18432K, 0% used [0x00000007a0400000,0x00000007a0400000,0x00000007a1600000)
 ParOldGen       total 52736K, used 26448K [0x0000000740000000, 0x0000000743380000, 0x0000000795580000)
  object space 52736K, 50% used [0x0000000740000000,0x00000007419d4228,0x0000000743380000)
 Metaspace       used 31077K, capacity 31551K, committed 32000K, reserved 1079296K
  class space    used 2574K, capacity 2715K, committed 2816K, reserved 1048576K
Event: 18.606 GC heap after
Heap after GC invocations=9 (full 1):
 PSYoungGen      total 166400K, used 11012K [0x0000000795580000, 0x00000007a0f80000, 0x00000007c0000000)
  eden space 154624K, 0% used [0x0000000795580000,0x0000000795580000,0x000000079ec80000)
  from space 11776K, 93% used [0x00000007a0400000,0x00000007a0ec1208,0x00000007a0f80000)
  to   space 17920K, 0% used [0x000000079ec80000,0x000000079ec80000,0x000000079fe00000)
 ParOldGen       total 52736K, used 29081K [0x0000000740000000, 0x0000000743380000, 0x0000000795580000)
  object space 52736K, 55% used [0x0000000740000000,0x0000000741c666d0,0x0000000743380000)
 Metaspace       used 31077K, capacity 31551K, committed 32000K, reserved 1079296K
  class space    used 2574K, capacity 2715K, committed 2816K, reserved 1048576K
}
Event: 25.509 GC heap before
{Heap before GC invocations=10 (full 1):
 PSYoungGen      total 166400K, used 165636K [0x0000000795580000, 0x00000007a0f80000, 0x00000007c0000000)
  eden space 154624K, 100% used [0x0000000795580000,0x000000079ec80000,0x000000079ec80000)
  from space 11776K, 93% used [0x00000007a0400000,0x00000007a0ec1208,0x00000007a0f80000)
  to   space 17920K, 0% used [0x000000079ec80000,0x000000079ec80000,0x000000079fe00000)
 ParOldGen       total 52736K, used 29081K [0x0000000740000000, 0x0000000743380000, 0x0000000795580000)
  object space 52736K, 55% used [0x0000000740000000,0x0000000741c666d0,0x0000000743380000)
 Metaspace       used 31151K, capacity 31615K, committed 32000K, reserved 1079296K
  class space    used 2574K, capacity 2715K, committed 2816K, reserved 1048576K
Event: 25.520 GC heap after
Heap after GC invocations=10 (full 1):
 PSYoungGen      total 172544K, used 3744K [0x0000000795580000, 0x00000007a3c00000, 0x00000007c0000000)
  eden space 154624K, 0% used [0x0000000795580000,0x0000000795580000,0x000000079ec80000)
  from space 17920K, 20% used [0x000000079ec80000,0x000000079f0280d0,0x000000079fe00000)
  to   space 18432K, 0% used [0x00000007a2a00000,0x00000007a2a00000,0x00000007a3c00000)
 ParOldGen       total 52736K, used 36270K [0x0000000740000000, 0x0000000743380000, 0x0000000795580000)
  object space 52736K, 68% used [0x0000000740000000,0x000000074236b870,0x0000000743380000)
 Metaspace       used 31151K, capacity 31615K, committed 32000K, reserved 1079296K
  class space    used 2574K, capacity 2715K, committed 2816K, reserved 1048576K
}

Deoptimization events (10 events):
Event: 14.536 Thread 0x00007ff20bbd0800 Uncommon trap: reason=unstable_if action=reinterpret pc=0x000000010fa8cf14 method=de.fhpotsdam.unfolding.mapdisplay.Java2DMapDisplay.getTransformedPosition(FFZ)[F @ 1
Event: 16.039 Thread 0x00007ff20bbd0800 Uncommon trap: reason=unstable_if action=reinterpret pc=0x000000010fa1ae4c method=sun.misc.FloatingDecimal$BinaryToASCIIBuffer.dtoa(IJIZ)V @ 386
Event: 19.037 Thread 0x00007ff20bbd0800 Uncommon trap: reason=class_check action=maybe_recompile pc=0x000000010facf7d8 method=module5.CommonMarker.draw(Lprocessing/core/PGraphics;FF)V @ 25
Event: 26.870 Thread 0x00007ff20b9f8800 Uncommon trap: reason=unstable_if action=reinterpret pc=0x000000010fac4814 method=java.awt.Font.equals(Ljava/lang/Object;)Z @ 2
Event: 26.916 Thread 0x00007ff20aacc800 Uncommon trap: reason=class_check action=maybe_recompile pc=0x000000010f6a5de4 method=java.util.HashMap.putVal(ILjava/lang/Object;Ljava/lang/Object;ZZ)Ljava/lang/Object; @ 91
Event: 26.916 Thread 0x00007ff20aacc800 Uncommon trap: reason=bimorphic action=maybe_recompile pc=0x000000010f6ec8c0 method=java.util.HashMap.putVal(ILjava/lang/Object;Ljava/lang/Object;ZZ)Ljava/lang/Object; @ 91
Event: 26.916 Thread 0x00007ff20aacc800 Uncommon trap: reason=bimorphic action=maybe_recompile pc=0x000000010f6ec8c0 method=java.util.HashMap.putVal(ILjava/lang/Object;Ljava/lang/Object;ZZ)Ljava/lang/Object; @ 91
Event: 26.916 Thread 0x00007ff20aacc800 Uncommon trap: reason=bimorphic action=maybe_recompile pc=0x000000010f6ec8c0 method=java.util.HashMap.putVal(ILjava/lang/Object;Ljava/lang/Object;ZZ)Ljava/lang/Object; @ 91
Event: 26.916 Thread 0x00007ff20aacc800 Uncommon trap: reason=bimorphic action=maybe_recompile pc=0x000000010f6ec8c0 method=java.util.HashMap.putVal(ILjava/lang/Object;Ljava/lang/Object;ZZ)Ljava/lang/Object; @ 91
Event: 26.945 Thread 0x00007ff1fe9e3800 Uncommon trap: reason=predicate action=maybe_recompile pc=0x000000010fc21110 method=java.util.Vector.indexOf(Ljava/lang/Object;I)I @ 44

Internal exceptions (10 events):
Event: 0.439 Thread 0x00007ff20a807800 Exception <a 'java/io/FileNotFoundException'> (0x00000007958171f0) thrown at [/Users/java_re/workspace/8-2-build-macosx-x86_64/jdk8u151/9699/hotspot/src/share/vm/prims/jni.cpp, line 709]
Event: 0.439 Thread 0x00007ff20a807800 Exception <a 'java/io/FileNotFoundException'> (0x0000000795817d78) thrown at [/Users/java_re/workspace/8-2-build-macosx-x86_64/jdk8u151/9699/hotspot/src/share/vm/prims/jni.cpp, line 709]
Event: 0.593 Thread 0x00007ff20a807800 Exception <a 'java/io/FileNotFoundException'> (0x0000000795a0e7c8) thrown at [/Users/java_re/workspace/8-2-build-macosx-x86_64/jdk8u151/9699/hotspot/src/share/vm/prims/jni.cpp, line 709]
Event: 3.399 Thread 0x00007ff20a807800 Exception <a 'java/lang/UnsatisfiedLinkError': com.jogamp.common.util.JarUtil.fixNativeLibAttribs(Ljava/lang/String;)Z> (0x0000000796c48a20) thrown at [/Users/java_re/workspace/8-2-build-macosx-x86_64/jdk8u151/9699/hotspot/src/share/vm/prims/nativeLookup.
Event: 3.788 Thread 0x00007ff20b013800 Exception <a 'java/lang/NullPointerException'> (0x00000007956a5d18) thrown at [/Users/java_re/workspace/8-2-build-macosx-x86_64/jdk8u151/9699/hotspot/src/share/vm/interpreter/linkResolver.cpp, line 1183]
Event: 4.722 Thread 0x00007ff20bbd0800 Exception <a 'java/io/FileNotFoundException'> (0x000000079604d078) thrown at [/Users/java_re/workspace/8-2-build-macosx-x86_64/jdk8u151/9699/hotspot/src/share/vm/prims/jni.cpp, line 709]
Event: 4.723 Thread 0x00007ff20bbd0800 Exception <a 'java/io/FileNotFoundException'> (0x0000000796053a88) thrown at [/Users/java_re/workspace/8-2-build-macosx-x86_64/jdk8u151/9699/hotspot/src/share/vm/prims/jni.cpp, line 709]
Event: 4.723 Thread 0x00007ff20bbd0800 Implicit null exception at 0x000000010f374936 to 0x000000010f374cf9
Event: 5.215 Thread 0x00007ff20bbd0800 Implicit null exception at 0x000000010f552bc6 to 0x000000010f552e0d
Event: 6.619 Thread 0x00007ff2101b3800 Implicit null exception at 0x000000010f3797b5 to 0x000000010f379b75

Events (10 events):
Event: 26.945 loading class java/awt/event/AWTEventListenerProxy
Event: 26.945 loading class java/awt/event/AWTEventListenerProxy done
Event: 26.945 loading class java/awt/Toolkit$ToolkitEventMulticaster
Event: 26.945 loading class java/awt/Toolkit$ToolkitEventMulticaster done
Event: 26.945 Thread 0x00007ff20aacc800 Thread exited: 0x00007ff20aacc800
Event: 26.945 Thread 0x00007ff1fe9e3800 Uncommon trap: trap_request=0xffffff86 fr.pc=0x000000010fc21110
Event: 26.945 Thread 0x00007ff1fe9e3800 DEOPT PACKING pc=0x000000010fc21110 sp=0x000070000787b7e0
Event: 26.945 Thread 0x00007ff1fe9e3800 DEOPT UNPACKING pc=0x000000010f19b229 sp=0x000070000787b7a0 mode 2
Event: 26.946 loading class java/awt/Window$1DisposeAction
Event: 26.946 loading class java/awt/Window$1DisposeAction done


Dynamic libraries:
0x00000000046d8000 	/System/Library/Frameworks/Cocoa.framework/Versions/A/Cocoa
0x00000000046d8000 	/System/Library/Frameworks/Security.framework/Versions/A/Security
0x00000000046d8000 	/System/Library/Frameworks/ApplicationServices.framework/Versions/A/ApplicationServices
0x00000000046d8000 	/usr/lib/libz.1.dylib
0x00000000046d8000 	/usr/lib/libSystem.B.dylib
0x00000000046d8000 	/usr/lib/libobjc.A.dylib
0x00000000046d8000 	/System/Library/Frameworks/CoreFoundation.framework/Versions/A/CoreFoundation
0x00000000046d8000 	/System/Library/Frameworks/Foundation.framework/Versions/C/Foundation
0x00000000046d8000 	/System/Library/Frameworks/AppKit.framework/Versions/C/AppKit
0x00000000046d8000 	/System/Library/Frameworks/CoreData.framework/Versions/A/CoreData
0x00000000046d8000 	/System/Library/PrivateFrameworks/RemoteViewServices.framework/Versions/A/RemoteViewServices
0x00000000046d8000 	/System/Library/PrivateFrameworks/UIFoundation.framework/Versions/A/UIFoundation
0x00000000046d8000 	/System/Library/PrivateFrameworks/DFRFoundation.framework/Versions/A/DFRFoundation
0x00000000046d8000 	/System/Library/Frameworks/Metal.framework/Versions/A/Metal
0x00000000046d8000 	/System/Library/PrivateFrameworks/DesktopServicesPriv.framework/Versions/A/DesktopServicesPriv
0x00000000046d8000 	/usr/lib/libenergytrace.dylib
0x00000000046d8000 	/System/Library/PrivateFrameworks/SkyLight.framework/Versions/A/SkyLight
0x00000000046d8000 	/System/Library/Frameworks/CoreGraphics.framework/Versions/A/CoreGraphics
0x00000000046d8000 	/usr/lib/libScreenReader.dylib
0x00000000046d8000 	/System/Library/Frameworks/Accelerate.framework/Versions/A/Accelerate
0x00000000046d8000 	/System/Library/Frameworks/IOSurface.framework/Versions/A/IOSurface
0x00000000046d8000 	/System/Library/Frameworks/AudioToolbox.framework/Versions/A/AudioToolbox
0x00000000046d8000 	/System/Library/Frameworks/AudioUnit.framework/Versions/A/AudioUnit
0x00000000046d8000 	/System/Library/PrivateFrameworks/DataDetectorsCore.framework/Versions/A/DataDetectorsCore
0x00000000046d8000 	/System/Library/Frameworks/Carbon.framework/Versions/A/Frameworks/HIToolbox.framework/Versions/A/HIToolbox
0x00000000046d8000 	/usr/lib/libicucore.A.dylib
0x00000000046d8000 	/System/Library/Frameworks/QuartzCore.framework/Versions/A/QuartzCore
0x00000000046d8000 	/System/Library/PrivateFrameworks/SignpostNotification.framework/Versions/A/SignpostNotification
0x00000000046d8000 	/System/Library/Frameworks/Carbon.framework/Versions/A/Frameworks/SpeechRecognition.framework/Versions/A/SpeechRecognition
0x00000000046d8000 	/usr/lib/libauto.dylib
0x00000000046d8000 	/usr/lib/libxml2.2.dylib
0x00000000046d8000 	/System/Library/PrivateFrameworks/CoreUI.framework/Versions/A/CoreUI
0x00000000046d8000 	/System/Library/Frameworks/CoreAudio.framework/Versions/A/CoreAudio
0x00000000046d8000 	/System/Library/Frameworks/DiskArbitration.framework/Versions/A/DiskArbitration
0x00000000046d8000 	/usr/lib/liblangid.dylib
0x00000000046d8000 	/System/Library/PrivateFrameworks/MultitouchSupport.framework/Versions/A/MultitouchSupport
0x00000000046d8000 	/System/Library/Frameworks/IOKit.framework/Versions/A/IOKit
0x00000000046d8000 	/usr/lib/libDiagnosticMessagesClient.dylib
0x00000000046d8000 	/System/Library/Frameworks/CoreServices.framework/Versions/A/CoreServices
0x00000000046d8000 	/System/Library/PrivateFrameworks/PerformanceAnalysis.framework/Versions/A/PerformanceAnalysis
0x00000000046d8000 	/System/Library/Frameworks/OpenGL.framework/Versions/A/OpenGL
0x00000000046d8000 	/System/Library/Frameworks/ColorSync.framework/Versions/A/ColorSync
0x00000000046d8000 	/System/Library/Frameworks/CoreImage.framework/Versions/A/CoreImage
0x00000000046d8000 	/System/Library/Frameworks/CoreText.framework/Versions/A/CoreText
0x00000000046d8000 	/System/Library/Frameworks/ImageIO.framework/Versions/A/ImageIO
0x00000000046d8000 	/System/Library/PrivateFrameworks/Backup.framework/Versions/A/Backup
0x00000000046d8000 	/usr/lib/libarchive.2.dylib
0x00000000046d8000 	/System/Library/Frameworks/CFNetwork.framework/Versions/A/CFNetwork
0x00000000046d8000 	/System/Library/Frameworks/SystemConfiguration.framework/Versions/A/SystemConfiguration
0x00000000046d8000 	/usr/lib/libCRFSuite.dylib
0x00000000046d8000 	/usr/lib/libc++.1.dylib
0x00000000046d8000 	/usr/lib/libc++abi.dylib
0x00000000046d8000 	/usr/lib/system/libcache.dylib
0x00000000046d8000 	/usr/lib/system/libcommonCrypto.dylib
0x00000000046d8000 	/usr/lib/system/libcompiler_rt.dylib
0x00000000046d8000 	/usr/lib/system/libcopyfile.dylib
0x00000000046d8000 	/usr/lib/system/libcorecrypto.dylib
0x00000000046d8000 	/usr/lib/system/libdispatch.dylib
0x00000000046d8000 	/usr/lib/system/libdyld.dylib
0x00000000046d8000 	/usr/lib/system/libkeymgr.dylib
0x00000000046d8000 	/usr/lib/system/liblaunch.dylib
0x00000000046d8000 	/usr/lib/system/libmacho.dylib
0x00000000046d8000 	/usr/lib/system/libquarantine.dylib
0x00000000046d8000 	/usr/lib/system/libremovefile.dylib
0x00000000046d8000 	/usr/lib/system/libsystem_asl.dylib
0x00000000046d8000 	/usr/lib/system/libsystem_blocks.dylib
0x00000000046d8000 	/usr/lib/system/libsystem_c.dylib
0x00000000046d8000 	/usr/lib/system/libsystem_configuration.dylib
0x00000000046d8000 	/usr/lib/system/libsystem_coreservices.dylib
0x00000000046d8000 	/usr/lib/system/libsystem_darwin.dylib
0x00000000046d8000 	/usr/lib/system/libsystem_dnssd.dylib
0x00000000046d8000 	/usr/lib/system/libsystem_info.dylib
0x00000000046d8000 	/usr/lib/system/libsystem_m.dylib
0x00000000046d8000 	/usr/lib/system/libsystem_malloc.dylib
0x00000000046d8000 	/usr/lib/system/libsystem_network.dylib
0x00000000046d8000 	/usr/lib/system/libsystem_networkextension.dylib
0x00000000046d8000 	/usr/lib/system/libsystem_notify.dylib
0x00000000046d8000 	/usr/lib/system/libsystem_sandbox.dylib
0x00000000046d8000 	/usr/lib/system/libsystem_secinit.dylib
0x00000000046d8000 	/usr/lib/system/libsystem_kernel.dylib
0x00000000046d8000 	/usr/lib/system/libsystem_platform.dylib
0x00000000046d8000 	/usr/lib/system/libsystem_pthread.dylib
0x00000000046d8000 	/usr/lib/system/libsystem_symptoms.dylib
0x00000000046d8000 	/usr/lib/system/libsystem_trace.dylib
0x00000000046d8000 	/usr/lib/system/libunwind.dylib
0x00000000046d8000 	/usr/lib/system/libxpc.dylib
0x00000000046d8000 	/usr/lib/closure/libclosured.dylib
0x00000000046d8000 	/usr/lib/libbsm.0.dylib
0x00000000046d8000 	/usr/lib/system/libkxld.dylib
0x00000000046d8000 	/usr/lib/libOpenScriptingUtil.dylib
0x00000000046d8000 	/usr/lib/libcoretls.dylib
0x00000000046d8000 	/usr/lib/libcoretls_cfhelpers.dylib
0x00000000046d8000 	/usr/lib/libpam.2.dylib
0x00000000046d8000 	/usr/lib/libsqlite3.dylib
0x00000000046d8000 	/usr/lib/libxar.1.dylib
0x00000000046d8000 	/usr/lib/libbz2.1.0.dylib
0x00000000046d8000 	/usr/lib/liblzma.5.dylib
0x00000000046d8000 	/usr/lib/libnetwork.dylib
0x00000000046d8000 	/usr/lib/libapple_nghttp2.dylib
0x00000000046d8000 	/usr/lib/libpcap.A.dylib
0x00000000046d8000 	/usr/lib/libboringssl.dylib
0x00000000046d8000 	/usr/lib/libusrtcp.dylib
0x00000000046d8000 	/usr/lib/libapple_crypto.dylib
0x00000000046d8000 	/System/Library/Frameworks/CoreServices.framework/Versions/A/Frameworks/FSEvents.framework/Versions/A/FSEvents
0x00000000046d8000 	/System/Library/Frameworks/CoreServices.framework/Versions/A/Frameworks/CarbonCore.framework/Versions/A/CarbonCore
0x00000000046d8000 	/System/Library/Frameworks/CoreServices.framework/Versions/A/Frameworks/Metadata.framework/Versions/A/Metadata
0x00000000046d8000 	/System/Library/Frameworks/CoreServices.framework/Versions/A/Frameworks/OSServices.framework/Versions/A/OSServices
0x00000000046d8000 	/System/Library/Frameworks/CoreServices.framework/Versions/A/Frameworks/SearchKit.framework/Versions/A/SearchKit
0x00000000046d8000 	/System/Library/Frameworks/CoreServices.framework/Versions/A/Frameworks/AE.framework/Versions/A/AE
0x00000000046d8000 	/System/Library/Frameworks/CoreServices.framework/Versions/A/Frameworks/LaunchServices.framework/Versions/A/LaunchServices
0x00000000046d8000 	/System/Library/Frameworks/CoreServices.framework/Versions/A/Frameworks/DictionaryServices.framework/Versions/A/DictionaryServices
0x00000000046d8000 	/System/Library/Frameworks/CoreServices.framework/Versions/A/Frameworks/SharedFileList.framework/Versions/A/SharedFileList
0x00000000046d8000 	/System/Library/Frameworks/NetFS.framework/Versions/A/NetFS
0x00000000046d8000 	/System/Library/PrivateFrameworks/NetAuth.framework/Versions/A/NetAuth
0x00000000046d8000 	/System/Library/PrivateFrameworks/login.framework/Versions/A/Frameworks/loginsupport.framework/Versions/A/loginsupport
0x00000000046d8000 	/System/Library/PrivateFrameworks/TCC.framework/Versions/A/TCC
0x00000000046d8000 	/usr/lib/libmecabra.dylib
0x00000000046d8000 	/System/Library/Frameworks/ApplicationServices.framework/Versions/A/Frameworks/ATS.framework/Versions/A/ATS
0x00000000046d8000 	/System/Library/Frameworks/ApplicationServices.framework/Versions/A/Frameworks/ColorSyncLegacy.framework/Versions/A/ColorSyncLegacy
0x00000000046d8000 	/System/Library/Frameworks/ApplicationServices.framework/Versions/A/Frameworks/HIServices.framework/Versions/A/HIServices
0x00000000046d8000 	/System/Library/Frameworks/ApplicationServices.framework/Versions/A/Frameworks/LangAnalysis.framework/Versions/A/LangAnalysis
0x00000000046d8000 	/System/Library/Frameworks/ApplicationServices.framework/Versions/A/Frameworks/PrintCore.framework/Versions/A/PrintCore
0x00000000046d8000 	/System/Library/Frameworks/ApplicationServices.framework/Versions/A/Frameworks/QD.framework/Versions/A/QD
0x00000000046d8000 	/System/Library/Frameworks/ApplicationServices.framework/Versions/A/Frameworks/SpeechSynthesis.framework/Versions/A/SpeechSynthesis
0x00000000046d8000 	/System/Library/Frameworks/CoreDisplay.framework/Versions/A/CoreDisplay
0x00000000046d8000 	/System/Library/Frameworks/Accelerate.framework/Versions/A/Frameworks/vImage.framework/Versions/A/vImage
0x00000000046d8000 	/System/Library/Frameworks/Accelerate.framework/Versions/A/Frameworks/vecLib.framework/Versions/A/vecLib
0x00000000046d8000 	/System/Library/Frameworks/Accelerate.framework/Versions/A/Frameworks/vecLib.framework/Versions/A/libvDSP.dylib
0x00000000046d8000 	/System/Library/Frameworks/Accelerate.framework/Versions/A/Frameworks/vecLib.framework/Versions/A/libBNNS.dylib
0x00000000046d8000 	/System/Library/Frameworks/Accelerate.framework/Versions/A/Frameworks/vecLib.framework/Versions/A/libQuadrature.dylib
0x00000000046d8000 	/System/Library/Frameworks/Accelerate.framework/Versions/A/Frameworks/vecLib.framework/Versions/A/libvMisc.dylib
0x00000000046d8000 	/System/Library/Frameworks/Accelerate.framework/Versions/A/Frameworks/vecLib.framework/Versions/A/libLAPACK.dylib
0x00000000046d8000 	/System/Library/Frameworks/Accelerate.framework/Versions/A/Frameworks/vecLib.framework/Versions/A/libBLAS.dylib
0x00000000046d8000 	/System/Library/Frameworks/Accelerate.framework/Versions/A/Frameworks/vecLib.framework/Versions/A/libLinearAlgebra.dylib
0x00000000046d8000 	/System/Library/Frameworks/Accelerate.framework/Versions/A/Frameworks/vecLib.framework/Versions/A/libSparse.dylib
0x00000000046d8000 	/System/Library/Frameworks/Accelerate.framework/Versions/A/Frameworks/vecLib.framework/Versions/A/libSparseBLAS.dylib
0x00000000046d8000 	/System/Library/PrivateFrameworks/GPUWrangler.framework/Versions/A/GPUWrangler
0x00000000046d8000 	/System/Library/PrivateFrameworks/IOAccelerator.framework/Versions/A/IOAccelerator
0x00000000046d8000 	/System/Library/PrivateFrameworks/IOPresentment.framework/Versions/A/IOPresentment
0x00000000046d8000 	/System/Library/PrivateFrameworks/DSExternalDisplay.framework/Versions/A/DSExternalDisplay
0x00000000046d8000 	/System/Library/Frameworks/OpenGL.framework/Versions/A/Libraries/libCoreFSCache.dylib
0x00000000046d8000 	/System/Library/Frameworks/CoreVideo.framework/Versions/A/CoreVideo
0x00000000046d8000 	/System/Library/PrivateFrameworks/GraphVisualizer.framework/Versions/A/GraphVisualizer
0x00000000046d8000 	/System/Library/Frameworks/MetalPerformanceShaders.framework/Versions/A/MetalPerformanceShaders
0x00000000046d8000 	/usr/lib/libFosl_dynamic.dylib
0x00000000046d8000 	/System/Library/PrivateFrameworks/FaceCore.framework/Versions/A/FaceCore
0x00000000046d8000 	/System/Library/Frameworks/OpenCL.framework/Versions/A/OpenCL
0x00000000046d8000 	/usr/lib/libcompression.dylib
0x00000000046d8000 	/System/Library/Frameworks/ApplicationServices.framework/Versions/A/Frameworks/ATS.framework/Versions/A/Resources/libFontParser.dylib
0x00000000046d8000 	/System/Library/Frameworks/ApplicationServices.framework/Versions/A/Frameworks/ATS.framework/Versions/A/Resources/libFontRegistry.dylib
0x00000000046d8000 	/System/Library/Frameworks/ImageIO.framework/Versions/A/Resources/libJPEG.dylib
0x00000000046d8000 	/System/Library/Frameworks/ImageIO.framework/Versions/A/Resources/libTIFF.dylib
0x00000000046d8000 	/System/Library/Frameworks/ImageIO.framework/Versions/A/Resources/libPng.dylib
0x00000000046d8000 	/System/Library/Frameworks/ImageIO.framework/Versions/A/Resources/libGIF.dylib
0x00000000046d8000 	/System/Library/Frameworks/ImageIO.framework/Versions/A/Resources/libJP2.dylib
0x00000000046d8000 	/System/Library/Frameworks/ImageIO.framework/Versions/A/Resources/libRadiance.dylib
0x00000000046d8000 	/System/Library/PrivateFrameworks/AppleJPEG.framework/Versions/A/AppleJPEG
0x00000000046d8000 	/System/Library/Frameworks/MetalPerformanceShaders.framework/Frameworks/MPSCore.framework/Versions/A/MPSCore
0x00000000046d8000 	/System/Library/Frameworks/MetalPerformanceShaders.framework/Frameworks/MPSImage.framework/Versions/A/MPSImage
0x00000000046d8000 	/System/Library/Frameworks/MetalPerformanceShaders.framework/Frameworks/MPSNeuralNetwork.framework/Versions/A/MPSNeuralNetwork
0x00000000046d8000 	/System/Library/Frameworks/MetalPerformanceShaders.framework/Frameworks/MPSMatrix.framework/Versions/A/MPSMatrix
0x00000000046d8000 	/System/Library/PrivateFrameworks/MetalTools.framework/Versions/A/MetalTools
0x00000000046d8000 	/System/Library/Frameworks/OpenGL.framework/Versions/A/Libraries/libGLU.dylib
0x00000000046d8000 	/System/Library/Frameworks/OpenGL.framework/Versions/A/Libraries/libGFXShared.dylib
0x00000000046d8000 	/System/Library/Frameworks/OpenGL.framework/Versions/A/Libraries/libGL.dylib
0x00000000046d8000 	/System/Library/Frameworks/OpenGL.framework/Versions/A/Libraries/libGLImage.dylib
0x00000000046d8000 	/System/Library/Frameworks/OpenGL.framework/Versions/A/Libraries/libCVMSPluginSupport.dylib
0x00000000046d8000 	/System/Library/Frameworks/OpenGL.framework/Versions/A/Libraries/libCoreVMClient.dylib
0x00000000046d8000 	/usr/lib/libcups.2.dylib
0x00000000046d8000 	/System/Library/Frameworks/Kerberos.framework/Versions/A/Kerberos
0x00000000046d8000 	/System/Library/Frameworks/GSS.framework/Versions/A/GSS
0x00000000046d8000 	/usr/lib/libresolv.9.dylib
0x00000000046d8000 	/usr/lib/libiconv.2.dylib
0x00000000046d8000 	/System/Library/PrivateFrameworks/Heimdal.framework/Versions/A/Heimdal
0x00000000046d8000 	/usr/lib/libheimdal-asn1.dylib
0x00000000046d8000 	/System/Library/Frameworks/OpenDirectory.framework/Versions/A/OpenDirectory
0x00000000046d8000 	/System/Library/PrivateFrameworks/CommonAuth.framework/Versions/A/CommonAuth
0x00000000046d8000 	/System/Library/Frameworks/OpenDirectory.framework/Versions/A/Frameworks/CFOpenDirectory.framework/Versions/A/CFOpenDirectory
0x00000000046d8000 	/System/Library/Frameworks/SecurityFoundation.framework/Versions/A/SecurityFoundation
0x00000000046d8000 	/System/Library/PrivateFrameworks/APFS.framework/Versions/A/APFS
0x00000000046d8000 	/usr/lib/libutil.dylib
0x00000000046d8000 	/System/Library/PrivateFrameworks/AppleSauce.framework/Versions/A/AppleSauce
0x00000000046d8000 	/System/Library/PrivateFrameworks/LinguisticData.framework/Versions/A/LinguisticData
0x00000000046d8000 	/usr/lib/libmarisa.dylib
0x00000000046d8000 	/System/Library/PrivateFrameworks/Lexicon.framework/Versions/A/Lexicon
0x00000000046d8000 	/usr/lib/libChineseTokenizer.dylib
0x00000000046d8000 	/usr/lib/libcmph.dylib
0x00000000046d8000 	/System/Library/PrivateFrameworks/LanguageModeling.framework/Versions/A/LanguageModeling
0x00000000046d8000 	/System/Library/PrivateFrameworks/CoreEmoji.framework/Versions/A/CoreEmoji
0x00000000046d8000 	/System/Library/Frameworks/ServiceManagement.framework/Versions/A/ServiceManagement
0x00000000046d8000 	/System/Library/PrivateFrameworks/BackgroundTaskManagement.framework/Versions/A/BackgroundTaskManagement
0x00000000046d8000 	/usr/lib/libxslt.1.dylib
0x00000000046d8000 	/System/Library/Frameworks/Carbon.framework/Versions/A/Frameworks/Ink.framework/Versions/A/Ink
0x00000000046d8000 	/System/Library/PrivateFrameworks/TextureIO.framework/Versions/A/TextureIO
0x00000000046d8000 	/usr/lib/libate.dylib
0x00000000046d8000 	/System/Library/PrivateFrameworks/CrashReporterSupport.framework/Versions/A/CrashReporterSupport
0x00000000046d8000 	/System/Library/PrivateFrameworks/Sharing.framework/Versions/A/Sharing
0x00000000046d8000 	/System/Library/PrivateFrameworks/IconServices.framework/Versions/A/IconServices
0x00000000046d8000 	/System/Library/PrivateFrameworks/Apple80211.framework/Versions/A/Apple80211
0x00000000046d8000 	/System/Library/PrivateFrameworks/CoreUtils.framework/Versions/A/CoreUtils
0x00000000046d8000 	/System/Library/Frameworks/CoreWLAN.framework/Versions/A/CoreWLAN
0x00000000046d8000 	/System/Library/Frameworks/IOBluetooth.framework/Versions/A/IOBluetooth
0x00000000046d8000 	/System/Library/PrivateFrameworks/ProtocolBuffer.framework/Versions/A/ProtocolBuffer
0x00000000046d8000 	/System/Library/PrivateFrameworks/CoreWiFi.framework/Versions/A/CoreWiFi
0x00000000046d8000 	/System/Library/Frameworks/CoreBluetooth.framework/Versions/A/CoreBluetooth
0x00000000046d8000 	/System/Library/PrivateFrameworks/DebugSymbols.framework/Versions/A/DebugSymbols
0x00000000046d8000 	/System/Library/PrivateFrameworks/CoreSymbolication.framework/Versions/A/CoreSymbolication
0x00000000046d8000 	/System/Library/PrivateFrameworks/Symbolication.framework/Versions/A/Symbolication
0x00000000046d8000 	/System/Library/PrivateFrameworks/AppleFSCompression.framework/Versions/A/AppleFSCompression
0x00000000046d8000 	/System/Library/PrivateFrameworks/SpeechRecognitionCore.framework/Versions/A/SpeechRecognitionCore
0x0000000106600000 	/Library/Java/JavaVirtualMachines/jdk1.8.0_151.jdk/Contents/Home/jre/lib/server/libjvm.dylib
0x00000000046d8000 	/usr/lib/libstdc++.6.0.9.dylib
0x00000001075a7000 	/Library/Java/JavaVirtualMachines/jdk1.8.0_151.jdk/Contents/Home/jre/lib/libverify.dylib
0x00000001075b5000 	/Library/Java/JavaVirtualMachines/jdk1.8.0_151.jdk/Contents/Home/jre/lib/libjava.dylib
0x0000000107632000 	/Library/Java/JavaVirtualMachines/jdk1.8.0_151.jdk/Contents/Home/jre/lib/libzip.dylib
0x00000000046d8000 	/System/Library/Frameworks/JavaVM.framework/Versions/A/Frameworks/JavaRuntimeSupport.framework/Versions/A/JavaRuntimeSupport
0x00000000046d8000 	/System/Library/Frameworks/JavaVM.framework/Versions/A/Frameworks/JavaNativeFoundation.framework/Versions/A/JavaNativeFoundation
0x00000000046d8000 	/System/Library/Frameworks/JavaVM.framework/Versions/A/JavaVM
0x00000000046d8000 	/System/Library/Frameworks/Carbon.framework/Versions/A/Carbon
0x00000000046d8000 	/System/Library/PrivateFrameworks/JavaLaunching.framework/Versions/A/JavaLaunching
0x00000000046d8000 	/System/Library/Frameworks/Carbon.framework/Versions/A/Frameworks/CommonPanels.framework/Versions/A/CommonPanels
0x00000000046d8000 	/System/Library/Frameworks/Carbon.framework/Versions/A/Frameworks/Help.framework/Versions/A/Help
0x00000000046d8000 	/System/Library/Frameworks/Carbon.framework/Versions/A/Frameworks/ImageCapture.framework/Versions/A/ImageCapture
0x00000000046d8000 	/System/Library/Frameworks/Carbon.framework/Versions/A/Frameworks/OpenScripting.framework/Versions/A/OpenScripting
0x00000000046d8000 	/System/Library/Frameworks/Carbon.framework/Versions/A/Frameworks/Print.framework/Versions/A/Print
0x00000000046d8000 	/System/Library/Frameworks/Carbon.framework/Versions/A/Frameworks/SecurityHI.framework/Versions/A/SecurityHI
0x000000010dfa4000 	/Library/Java/JavaVirtualMachines/jdk1.8.0_151.jdk/Contents/Home/jre/lib/libawt.dylib
0x000000010e04c000 	/Library/Java/JavaVirtualMachines/jdk1.8.0_151.jdk/Contents/Home/jre/lib/./libmlib_image.dylib
0x000000010e118000 	/Library/Java/JavaVirtualMachines/jdk1.8.0_151.jdk/Contents/Home/jre/lib/libawt_lwawt.dylib
0x000000010e1cf000 	/Library/Java/JavaVirtualMachines/jdk1.8.0_151.jdk/Contents/Home/jre/lib/./libosxapp.dylib
0x00000000046d8000 	/System/Library/Frameworks/ExceptionHandling.framework/Versions/A/ExceptionHandling
0x00000000046d8000 	/System/Library/PrivateFrameworks/CoreServicesInternal.framework/Versions/A/CoreServicesInternal
0x00000000046d8000 	/System/Library/CoreServices/RawCamera.bundle/Contents/MacOS/RawCamera
0x00000000046d8000 	/System/Library/PrivateFrameworks/MobileAsset.framework/Versions/A/MobileAsset
0x00000000046d8000 	/System/Library/PrivateFrameworks/StreamingZip.framework/Versions/A/StreamingZip
0x00000000046d8000 	/System/Library/Frameworks/MediaToolbox.framework/Versions/A/MediaToolbox
0x00000000046d8000 	/System/Library/PrivateFrameworks/CoreAVCHD.framework/Versions/A/CoreAVCHD
0x00000000046d8000 	/System/Library/Frameworks/MediaAccessibility.framework/Versions/A/MediaAccessibility
0x00000000046d8000 	/System/Library/PrivateFrameworks/Mangrove.framework/Versions/A/Mangrove
0x00000000046d8000 	/System/Library/Frameworks/CoreMedia.framework/Versions/A/CoreMedia
0x00000000046d8000 	/System/Library/Frameworks/VideoToolbox.framework/Versions/A/VideoToolbox
0x00000000046d8000 	/System/Library/PrivateFrameworks/CoreAUC.framework/Versions/A/CoreAUC
0x00000000046d8000 	/usr/lib/libspindump.dylib
0x00000000046d8000 	/System/Library/PrivateFrameworks/AppleVA.framework/Versions/A/AppleVA
0x00000000046d8000 	/System/Library/Frameworks/Accelerate.framework/Versions/A/Frameworks/vImage.framework/Versions/A/Libraries/libCGInterfaces.dylib
0x00000000046d8000 	/System/Library/Frameworks/ApplicationServices.framework/Versions/A/Frameworks/ATS.framework/Versions/A/Resources/libTrueTypeScaler.dylib
0x00000000046d8000 	/System/Library/Extensions/AppleIntelHD5000GraphicsMTLDriver.bundle/Contents/MacOS/AppleIntelHD5000GraphicsMTLDriver
0x00000000046d8000 	/System/Library/PrivateFrameworks/GPUCompiler.framework/Versions/3802/Libraries/libmetal_timestamp.dylib
0x00000000046d8000 	/System/Library/PrivateFrameworks/FamilyControls.framework/Versions/A/FamilyControls
0x00000000046d8000 	/System/Library/PrivateFrameworks/CommerceKit.framework/Versions/A/Frameworks/CommerceCore.framework/Versions/A/CommerceCore
0x00000000046d8000 	/System/Library/PrivateFrameworks/SystemAdministration.framework/Versions/A/SystemAdministration
0x00000000046d8000 	/System/Library/PrivateFrameworks/AppContainer.framework/Versions/A/AppContainer
0x00000000046d8000 	/System/Library/PrivateFrameworks/SecCodeWrapper.framework/Versions/A/SecCodeWrapper
0x00000000046d8000 	/System/Library/PrivateFrameworks/DiskManagement.framework/Versions/A/DiskManagement
0x00000000046d8000 	/System/Library/Frameworks/DirectoryService.framework/Versions/A/DirectoryService
0x00000000046d8000 	/System/Library/PrivateFrameworks/DiskImages.framework/Versions/A/DiskImages
0x00000000046d8000 	/System/Library/PrivateFrameworks/LoginUIKit.framework/Versions/A/Frameworks/LoginUICore.framework/Versions/A/LoginUICore
0x00000000046d8000 	/usr/lib/libCoreStorage.dylib
0x00000000046d8000 	/usr/lib/libcsfde.dylib
0x00000000046d8000 	/usr/lib/libodfde.dylib
0x00000000046d8000 	/System/Library/PrivateFrameworks/MediaKit.framework/Versions/A/MediaKit
0x00000000046d8000 	/System/Library/Frameworks/DiscRecording.framework/Versions/A/DiscRecording
0x00000000046d8000 	/System/Library/PrivateFrameworks/EFILogin.framework/Versions/A/EFILogin
0x00000000046d8000 	/System/Library/PrivateFrameworks/ProtectedCloudStorage.framework/Versions/A/ProtectedCloudStorage
0x00000000046d8000 	/usr/lib/libcurl.4.dylib
0x00000000046d8000 	/usr/lib/libcrypto.35.dylib
0x00000000046d8000 	/usr/lib/libssl.35.dylib
0x00000000046d8000 	/System/Library/Frameworks/LDAP.framework/Versions/A/LDAP
0x00000000046d8000 	/System/Library/PrivateFrameworks/TrustEvaluationAgent.framework/Versions/A/TrustEvaluationAgent
0x00000000046d8000 	/usr/lib/libsasl2.2.dylib
0x00000000046d8000 	/System/Library/PrivateFrameworks/CoreDaemon.framework/Versions/B/CoreDaemon
0x00000000046d8000 	/System/Library/PrivateFrameworks/AppleSRP.framework/Versions/A/AppleSRP
0x00000000046d8000 	/System/Library/Frameworks/OpenGL.framework/Versions/A/Resources/GLEngine.bundle/GLEngine
0x00000000046d8000 	/System/Library/Frameworks/OpenGL.framework/Versions/A/Libraries/libGLProgrammability.dylib
0x0000000120d1e000 	/System/Library/Extensions/AppleIntelHD5000GraphicsGLDriver.bundle/Contents/MacOS/AppleIntelHD5000GraphicsGLDriver
0x00000000046d8000 	/System/Library/PrivateFrameworks/GPUSupport.framework/Versions/A/Libraries/libGPUSupportMercury.dylib
0x00000000046d8000 	/System/Library/Frameworks/OpenGL.framework/Versions/A/Resources/GLRendererFloat.bundle/GLRendererFloat
0x00000000046d8000 	/System/Library/Frameworks/OpenCL.framework/Versions/A/Libraries/libcldcpuengine.dylib
0x0000000121d6b000 	/Library/Java/JavaVirtualMachines/jdk1.8.0_151.jdk/Contents/Home/jre/lib/libfontmanager.dylib
0x00000000046d8000 	/System/Library/PrivateFrameworks/ViewBridge.framework/Versions/A/ViewBridge
0x00000001231ca000 	/Library/Java/JavaVirtualMachines/jdk1.8.0_151.jdk/Contents/Home/jre/lib/libosxui.dylib
0x0000000124065000 	/Library/Java/JavaVirtualMachines/jdk1.8.0_151.jdk/Contents/Home/jre/lib/libnet.dylib
0x0000000123eae000 	/Library/Java/JavaVirtualMachines/jdk1.8.0_151.jdk/Contents/Home/jre/lib/libnio.dylib
0x000000010e648000 	/private/var/folders/2b/rxb1vsr90zqgm70cphy2n7sh0000gn/T/jogamp_0000/file_cache/jln3051430268331564495/jln2505859667538552158/libgluegen-rt.jnilib
0x000000010ef7c000 	/private/var/folders/2b/rxb1vsr90zqgm70cphy2n7sh0000gn/T/jogamp_0000/file_cache/jln3051430268331564495/jln2505859667538552158/libnativewindow_awt.jnilib
0x000000010ef7f000 	/Library/Java/JavaVirtualMachines/jdk1.8.0_151.jdk/Contents/Home/jre/lib/libjawt.dylib
0x000000010ef82000 	/private/var/folders/2b/rxb1vsr90zqgm70cphy2n7sh0000gn/T/jogamp_0000/file_cache/jln3051430268331564495/jln2505859667538552158/libnativewindow_macosx.jnilib
0x000000018faf1000 	/private/var/folders/2b/rxb1vsr90zqgm70cphy2n7sh0000gn/T/jogamp_0000/file_cache/jln3051430268331564495/jln2505859667538552158/libjogl_desktop.jnilib
0x000000012055f000 	/Library/Java/JavaVirtualMachines/jdk1.8.0_151.jdk/Contents/Home/jre/lib/libsunec.dylib
0x0000000195e78000 	/Library/Java/JavaVirtualMachines/jdk1.8.0_151.jdk/Contents/Home/jre/lib/libt2k.dylib

VM Arguments:
jvm_args: -Djava.security.policy=java.policy.applet -Dfile.encoding=UTF-8 
java_command: sun.applet.AppletViewer module5.EarthquakeCityMap1531645913450.html
java_class_path (initial): /Library/Java/JavaVirtualMachines/jdk1.8.0_151.jdk/Contents/Home/jre/lib/resources.jar:/Library/Java/JavaVirtualMachines/jdk1.8.0_151.jdk/Contents/Home/jre/lib/rt.jar:/Library/Java/JavaVirtualMachines/jdk1.8.0_151.jdk/Contents/Home/jre/lib/jsse.jar:/Library/Java/JavaVirtualMachines/jdk1.8.0_151.jdk/Contents/Home/jre/lib/jce.jar:/Library/Java/JavaVirtualMachines/jdk1.8.0_151.jdk/Contents/Home/jre/lib/charsets.jar:/Library/Java/JavaVirtualMachines/jdk1.8.0_151.jdk/Contents/Home/jre/lib/jfr.jar:/Library/Java/JavaVirtualMachines/jdk1.8.0_151.jdk/Contents/Home/jre/lib/ext/sunec.jar:/Library/Java/JavaVirtualMachines/jdk1.8.0_151.jdk/Contents/Home/jre/lib/ext/nashorn.jar:/Library/Java/JavaVirtualMachines/jdk1.8.0_151.jdk/Contents/Home/jre/lib/ext/cldrdata.jar:/Library/Java/JavaVirtualMachines/jdk1.8.0_151.jdk/Contents/Home/jre/lib/ext/jfxrt.jar:/Library/Java/JavaVirtualMachines/jdk1.8.0_151.jdk/Contents/Home/jre/lib/ext/dnsns.jar:/Library/Java/JavaVirtualMachines/jdk1.8.0_151.jdk/Contents/Home/jre/lib/ext/localedata.jar:/Library/Java/JavaVirtualMachines/jdk1.8.0_151.jdk/Contents/Home/jre/lib/ext/sunjce_provider.jar:/Library/Java/JavaVirtualMachines/jdk1.8.0_151.jdk/Contents/Home/jre/lib/ext/sunpkcs11.jar:/Library/Java/JavaVirtualMachines/jdk1.8.0_151.jdk/Contents/Home/jre/lib/ext/jaccess.jar:/Library/Java/JavaVirtualMachines/jdk1.8.0_151.jdk/Contents/Home/jre/lib/ext/zipfs.jar:/System/Library/Java/Extensions/MRJToolkit.jar:/Users/yunsangil/Documents/computing/JAVA/UCSDUnfoldingMaps/build:/Users/yunsangil/Documents/computing/JAVA/UCSDUnfoldingMaps/lib/core.jar:/Users/yunsangil/Documents/computing/JAVA/UCSDUnfoldingMaps/lib/gluegen-rt.jar:/Users/yunsangil/Documents/computing/JAVA/UCSDUnfoldingMaps/lib/jogl-all.jar:/Users/yunsangil/Documents/computing/JAVA/UCSDUnfoldingMaps/lib/log4j-1.2.15.jar:/Users/yunsangil/Documents/computing/JAVA/UCSDUnfoldingMaps/lib/sqlite-jdbc-3.7.2.jar:/Users/yunsangil/Documents/computing/JAVA/UCSDUnfoldingMaps/lib/json4
Launcher Type: SUN_STANDARD

Environment Variables:
PATH=/usr/bin:/bin:/usr/sbin:/sbin
SHELL=/bin/bash

Signal Handlers:
SIGSEGV: [libjvm.dylib+0x5b27a5], sa_mask[0]=11111111011111110111111111111111, sa_flags=SA_ONSTACK|SA_RESTART|SA_SIGINFO
SIGBUS: [libjvm.dylib+0x5b27a5], sa_mask[0]=11111111011111110111111111111111, sa_flags=SA_RESTART|SA_SIGINFO
SIGFPE: [libjvm.dylib+0x4891c4], sa_mask[0]=11111111011111110111111111111111, sa_flags=SA_RESTART|SA_SIGINFO
SIGPIPE: [libjvm.dylib+0x4891c4], sa_mask[0]=11111111011111110111111111111111, sa_flags=SA_RESTART|SA_SIGINFO
SIGXFSZ: [libjvm.dylib+0x4891c4], sa_mask[0]=11111111011111110111111111111111, sa_flags=SA_RESTART|SA_SIGINFO
SIGILL: [libjvm.dylib+0x4891c4], sa_mask[0]=11111111011111110111111111111111, sa_flags=SA_RESTART|SA_SIGINFO
SIGUSR1: SIG_DFL, sa_mask[0]=00000000000000000000000000000000, sa_flags=none
SIGUSR2: [libjvm.dylib+0x488ce2], sa_mask[0]=00100000000000000000000000000000, sa_flags=SA_RESTART|SA_SIGINFO
SIGHUP: [libjvm.dylib+0x4872b9], sa_mask[0]=11111111011111110111111111111111, sa_flags=SA_RESTART|SA_SIGINFO
SIGINT: [libjvm.dylib+0x4872b9], sa_mask[0]=11111111011111110111111111111111, sa_flags=SA_RESTART|SA_SIGINFO
SIGTERM: [libjvm.dylib+0x4872b9], sa_mask[0]=11111111011111110111111111111111, sa_flags=SA_RESTART|SA_SIGINFO
SIGQUIT: [libjvm.dylib+0x4872b9], sa_mask[0]=11111111011111110111111111111111, sa_flags=SA_RESTART|SA_SIGINFO


---------------  S Y S T E M  ---------------

OS:Bsduname:Darwin 17.6.0 Darwin Kernel Version 17.6.0: Tue May  8 15:22:16 PDT 2018; root:xnu-4570.61.1~1/RELEASE_X86_64 x86_64
rlimit: STACK 8192k, CORE 0k, NPROC 709, NOFILE 10240, AS infinity
load average:2.00 2.04 2.28

CPU:total 4 (initial active 4) (2 cores per cpu, 2 threads per core) family 6 model 69 stepping 1, cmov, cx8, fxsr, mmx, sse, sse2, sse3, ssse3, sse4.1, sse4.2, popcnt, avx, avx2, aes, clmul, erms, lzcnt, ht, tsc, tscinvbit, bmi1, bmi2

Memory: 4k page, physical 8388608k(34732k free)

/proc/meminfo:


vm_info: Java HotSpot(TM) 64-Bit Server VM (25.151-b12) for bsd-amd64 JRE (1.8.0_151-b12), built on Sep  5 2017 19:37:08 by "java_re" with gcc 4.2.1 (Based on Apple Inc. build 5658) (LLVM build 2336.11.00)

time: Sun Jul 15 18:12:20 2018
elapsed time: 26 seconds (0d 0h 0m 26s)

