#
# A fatal error has been detected by the Java Runtime Environment:
#
#  SIGSEGV (0xb) at pc=0x00007fff5345bea9, pid=20267, tid=0x0000000000000307
#
# JRE version: Java(TM) SE Runtime Environment (8.0_151-b12) (build 1.8.0_151-b12)
# Java VM: Java HotSpot(TM) 64-Bit Server VM (25.151-b12 mixed mode bsd-amd64 compressed oops)
# Problematic frame:
# C  [libobjc.A.dylib+0x6ea9]  objc_msgSend+0x29
#
# Failed to write core dump. Core dumps have been disabled. To enable core dumping, try "ulimit -c unlimited" before starting Java again
#
# If you would like to submit a bug report, please visit:
#   http://bugreport.java.com/bugreport/crash.jsp
# The crash happened outside the Java Virtual Machine in native code.
# See problematic frame for where to report the bug.
#

---------------  T H R E A D  ---------------

Current thread (0x00007f9f8e1d4800):  JavaThread "AWT-AppKit" daemon [_thread_in_native, id=775, stack(0x00007ffee0620000,0x00007ffee0e20000)]

siginfo: si_signo: 11 (SIGSEGV), si_code: 1 (SEGV_MAPERR), si_addr: 0x0000000000000000

Registers:
RAX=0x00007f9f8dde3440, RBX=0x000000011993d450, RCX=0x0000000000000001, RDX=0x0000000000000000
RSP=0x00007ffee0e1acc8, RBP=0x00007ffee0e1ad80, RSI=0x00007fff2a4aa31e, RDI=0x00007f9f93cd4770
R8 =0x0000000000000000, R9 =0x0000000000000000, R10=0x00007f9f8e4e6000, R11=0x0000000000000000
R12=0x0000000000000000, R13=0x0000000198a497b8, R14=0x000000011993d440, R15=0x00007f9f8e1d4800
RIP=0x00007fff5345bea9, EFLAGS=0x0000000000010246, ERR=0x0000000000000004
  TRAPNO=0x000000000000000e

Top of Stack: (sp=0x00007ffee0e1acc8)
0x00007ffee0e1acc8:   000000011993b157 00007ffee0e1ad20
0x00007ffee0e1acd8:   0000000000000003 00007ffee0e1ad00
0x00007ffee0e1ace8:   000000010f00c92e 0000000198a497b8
0x00007ffee0e1acf8:   0000000198a497b8 00007f9f8dde3440
0x00007ffee0e1ad08:   000000011993d6a0 000000011993d710
0x00007ffee0e1ad18:   00007fff8634ab38 00007fff87a99178
0x00007ffee0e1ad28:   000000011993d450 000000011993d690
0x00007ffee0e1ad38:   00007f9f8dde3440 00007f9f93cd4770
0x00007ffee0e1ad48:   00007f9f93bd6050 00007f9f8dde3440
0x00007ffee0e1ad58:   00007f9f93cd4770 00007ffee0e1ae08
0x00007ffee0e1ad68:   00007f9f8e1d49f8 0000000198a497b8
0x00007ffee0e1ad78:   00007ffee0e1ae30 00007ffee0e1adf8
0x00007ffee0e1ad88:   000000011bdff9f4 0000000198a497b8
0x00007ffee0e1ad98:   00007ffee0e1ae30 00007ffee0e1adf8
0x00007ffee0e1ada8:   000000011bdff787 000000011bdff742
0x00007ffee0e1adb8:   00007ffee0e1adb8 0000000198a497b8
0x00007ffee0e1adc8:   00007ffee0e1ae30 0000000198a4c3f0
0x00007ffee0e1add8:   0000000000000000 0000000198a497b8
0x00007ffee0e1ade8:   0000000000000000 00007ffee0e1ae18
0x00007ffee0e1adf8:   00007ffee0e1ae78 000000011bdf02bd
0x00007ffee0e1ae08:   0000000740641920 000000011bdf9538
0x00007ffee0e1ae18:   00007f9f8dde3440 00007ffee0e1ae78
0x00007ffee0e1ae28:   00007f9f93cd4770 000000011bdfae02
0x00007ffee0e1ae38:   00007ffee0e1ae38 0000000198a49982
0x00007ffee0e1ae48:   00007ffee0e1aea0 0000000198a4c3f0
0x00007ffee0e1ae58:   0000000000000000 0000000198a49990
0x00007ffee0e1ae68:   00007ffee0e1ae18 00007ffee0e1ae88
0x00007ffee0e1ae78:   00007ffee0e1aee8 000000011bdf02bd
0x00007ffee0e1ae88:   00007f9f8dde3440 0000000740428be8
0x00007ffee0e1ae98:   00007f9f93cd4770 0000000740428be8
0x00007ffee0e1aea8:   00007ffee0e1aea8 000000019f771166
0x00007ffee0e1aeb8:   00007ffee0e1aef8 000000019f771220 

Instructions: (pc=0x00007fff5345bea9)
0x00007fff5345be89:   01 2e 75 66 49 ba f8 ff ff ff ff 7f 00 00 4c 23
0x00007fff5345be99:   17 49 89 f3 45 23 5a 18 49 c1 e3 04 4d 03 5a 10
0x00007fff5345bea9:   49 3b 33 75 04 41 ff 63 08 49 83 3b 01 76 0d 49
0x00007fff5345beb9:   83 c3 10 49 3b 33 75 f1 41 ff 63 08 72 64 4d 8b 

Register to memory mapping:

RAX=0x00007f9f8dde3440 is an unknown value
RBX=0x000000011993d450: Java_jogamp_nativewindow_macosx_OSXUtil_GetScreenRefreshRate0+0x1cf0 in /private/var/folders/2b/rxb1vsr90zqgm70cphy2n7sh0000gn/T/jogamp_0000/file_cache/jln8317936179614284879/jln2788570688814914432/libnativewindow_macosx.jnilib at 0x0000000119936000
RCX=0x0000000000000001 is an unknown value
RDX=0x0000000000000000 is an unknown value
RSP=0x00007ffee0e1acc8 is pointing into the stack for thread: 0x00007f9f8e1d4800
RBP=0x00007ffee0e1ad80 is pointing into the stack for thread: 0x00007f9f8e1d4800
RSI=0x00007fff2a4aa31e: .str.41.llvm.DC87FEEF+0x43861 in /System/Library/Frameworks/AppKit.framework/Versions/C/AppKit at 0x00007fff297d0000
RDI=0x00007f9f93cd4770 is an unknown value
R8 =0x0000000000000000 is an unknown value
R9 =0x0000000000000000 is an unknown value
R10=0x00007f9f8e4e6000 is a thread
R11=0x0000000000000000 is an unknown value
R12=0x0000000000000000 is an unknown value
R13={method} {0x0000000198a497b8} 'UnsetJAWTRootSurfaceLayer0' '(JJ)V' in 'jogamp/nativewindow/jawt/macosx/MacOSXJAWTWindow'
R14=0x000000011993d440: Java_jogamp_nativewindow_macosx_OSXUtil_GetScreenRefreshRate0+0x1ce0 in /private/var/folders/2b/rxb1vsr90zqgm70cphy2n7sh0000gn/T/jogamp_0000/file_cache/jln8317936179614284879/jln2788570688814914432/libnativewindow_macosx.jnilib at 0x0000000119936000
R15=0x00007f9f8e1d4800 is a thread


Stack: [0x00007ffee0620000,0x00007ffee0e20000],  sp=0x00007ffee0e1acc8,  free space=8171k
Native frames: (J=compiled Java code, j=interpreted, Vv=VM code, C=native code)
C  [libobjc.A.dylib+0x6ea9]  objc_msgSend+0x29
j  jogamp.nativewindow.jawt.macosx.MacOSXJAWTWindow.UnsetJAWTRootSurfaceLayer0(JJ)V+0
j  jogamp.nativewindow.jawt.macosx.MacOSXJAWTWindow.access$200(JJ)V+2
j  jogamp.nativewindow.jawt.macosx.MacOSXJAWTWindow$1.run()V+38
J 1872 C1 com.jogamp.common.util.RunnableTask.run()V (345 bytes) @ 0x000000011c4a9cb4 [0x000000011c4a9b20+0x194]
v  ~StubRoutines::call_stub
V  [libjvm.dylib+0x2ee9aa]  JavaCalls::call_helper(JavaValue*, methodHandle*, JavaCallArguments*, Thread*)+0x6ae
V  [libjvm.dylib+0x325b59]  jni_invoke_nonstatic(JNIEnv_*, JavaValue*, _jobject*, JNICallType, _jmethodID*, JNI_ArgumentPusher*, Thread*)+0x2ec
V  [libjvm.dylib+0x318327]  jni_CallVoidMethod+0x16b
C  [libnativewindow_macosx.jnilib+0x5326]  Java_jogamp_nativewindow_jawt_macosx_MacOSXJAWTWindow_UnsetJAWTRootSurfaceLayer0+0x2b6
C  [Foundation+0x682b5]  __NSThreadPerformPerform+0x14e
C  [CoreFoundation+0xa3a61]  __CFRUNLOOP_IS_CALLING_OUT_TO_A_SOURCE0_PERFORM_FUNCTION__+0x11
C  [CoreFoundation+0x15d47c]  __CFRunLoopDoSource0+0x6c
C  [CoreFoundation+0x864c0]  __CFRunLoopDoSources0+0xd0
C  [CoreFoundation+0x8593d]  __CFRunLoopRun+0x50d
C  [CoreFoundation+0x851a3]  CFRunLoopRunSpecific+0x1e3
C  [HIToolbox+0x2fd96]  RunCurrentEventLoopInMode+0x11e
C  [HIToolbox+0x2fa0f]  ReceiveNextEventCommon+0x16e
C  [HIToolbox+0x2f884]  _BlockUntilNextEventMatchingListInModeWithFilter+0x40
C  [AppKit+0x41a73]  _DPSNextEvent+0x825
C  [AppKit+0x7d7e34]  -[NSApplication(NSEvent) _nextEventMatchingEventMask:untilDate:inMode:dequeue:]+0xbe4
C  [libosxapp.dylib+0x23aa]  -[NSApplicationAWT nextEventMatchingMask:untilDate:inMode:dequeue:]+0x7c
C  [AppKit+0x36885]  -[NSApplication run]+0x2fc
C  [libosxapp.dylib+0x214d]  +[NSApplicationAWT runAWTLoopWithApp:]+0x9c
C  [libawt_lwawt.dylib+0x45edf]  -[AWTStarter starter:]+0x389
C  [Foundation+0x682b5]  __NSThreadPerformPerform+0x14e
C  [CoreFoundation+0xa3a61]  __CFRUNLOOP_IS_CALLING_OUT_TO_A_SOURCE0_PERFORM_FUNCTION__+0x11
C  [CoreFoundation+0x15d47c]  __CFRunLoopDoSource0+0x6c
C  [CoreFoundation+0x864c0]  __CFRunLoopDoSources0+0xd0
C  [CoreFoundation+0x8593d]  __CFRunLoopRun+0x50d
C  [CoreFoundation+0x851a3]  CFRunLoopRunSpecific+0x1e3
C  [java+0x6465]  CreateExecutionEnvironment+0x367
C  [java+0x218c]  JLI_Launch+0x7a0
C  [java+0x84c2]  main+0x65
C  [java+0x19e4]  start+0x34
C  0x0000000000000007

Java frames: (J=compiled Java code, j=interpreted, Vv=VM code)
j  jogamp.nativewindow.jawt.macosx.MacOSXJAWTWindow.UnsetJAWTRootSurfaceLayer0(JJ)V+0
j  jogamp.nativewindow.jawt.macosx.MacOSXJAWTWindow.access$200(JJ)V+2
j  jogamp.nativewindow.jawt.macosx.MacOSXJAWTWindow$1.run()V+38
J 1872 C1 com.jogamp.common.util.RunnableTask.run()V (345 bytes) @ 0x000000011c4a9cb4 [0x000000011c4a9b20+0x194]
v  ~StubRoutines::call_stub

---------------  P R O C E S S  ---------------

Java Threads: ( => current thread )
  0x00007f9f8e4e6000 JavaThread "Thread-19" [_thread_blocked, id=3099, stack(0x0000700003a25000,0x0000700003b25000)]
  0x00007f9f8fb49800 JavaThread "AWT-EventQueue-1" [_thread_in_native, id=58387, stack(0x000070000389f000,0x000070000399f000)]
  0x00007f9f8f193000 JavaThread "DestroyJavaVM" [_thread_blocked, id=4099, stack(0x0000700002151000,0x0000700002251000)]
  0x00007f9f8f140800 JavaThread "AWT-EventQueue-0" [_thread_blocked, id=53543, stack(0x0000700003699000,0x0000700003799000)]
  0x00007f9f8e914000 JavaThread "Java2D Disposer" daemon [_thread_blocked, id=51215, stack(0x0000700003410000,0x0000700003510000)]
  0x00007f9f8f904000 JavaThread "Java2D Queue Flusher" daemon [_thread_blocked, id=86407, stack(0x000070000330d000,0x000070000340d000)]
  0x00007f9f8f0e6000 JavaThread "AWT-Shutdown" [_thread_blocked, id=25899, stack(0x0000700003104000,0x0000700003204000)]
=>0x00007f9f8e1d4800 JavaThread "AWT-AppKit" daemon [_thread_in_native, id=775, stack(0x00007ffee0620000,0x00007ffee0e20000)]
  0x00007f9f8f018000 JavaThread "Service Thread" daemon [_thread_blocked, id=17411, stack(0x0000700002e7b000,0x0000700002f7b000)]
  0x00007f9f8e070800 JavaThread "C1 CompilerThread2" daemon [_thread_blocked, id=17667, stack(0x0000700002d78000,0x0000700002e78000)]
  0x00007f9f8e070000 JavaThread "C2 CompilerThread1" daemon [_thread_blocked, id=13571, stack(0x0000700002c75000,0x0000700002d75000)]
  0x00007f9f8f019000 JavaThread "C2 CompilerThread0" daemon [_thread_blocked, id=18435, stack(0x0000700002b72000,0x0000700002c72000)]
  0x00007f9f8f017800 JavaThread "Signal Dispatcher" daemon [_thread_blocked, id=18695, stack(0x0000700002a6f000,0x0000700002b6f000)]
  0x00007f9f8e80b000 JavaThread "Finalizer" daemon [_thread_blocked, id=20739, stack(0x000070000296c000,0x0000700002a6c000)]
  0x00007f9f8e05f800 JavaThread "Reference Handler" daemon [_thread_blocked, id=11779, stack(0x0000700002869000,0x0000700002969000)]

Other Threads:
  0x00007f9f8f808000 VMThread [stack: 0x0000700002766000,0x0000700002866000] [id=11267]
  0x00007f9f8e80e000 WatcherThread [stack: 0x0000700002f7e000,0x000070000307e000] [id=16899]

VM state:not at safepoint (normal execution)

VM Mutex/Monitor currently owned by a thread: None

Heap:
 PSYoungGen      total 184320K, used 79898K [0x0000000795580000, 0x00000007a4e80000, 0x00000007c0000000)
  eden space 165888K, 48% used [0x0000000795580000,0x000000079a366850,0x000000079f780000)
  from space 18432K, 0% used [0x000000079f780000,0x000000079f7a0000,0x00000007a0980000)
  to   space 18944K, 0% used [0x00000007a3c00000,0x00000007a3c00000,0x00000007a4e80000)
 ParOldGen       total 51200K, used 33694K [0x0000000740000000, 0x0000000743200000, 0x0000000795580000)
  object space 51200K, 65% used [0x0000000740000000,0x00000007420e7870,0x0000000743200000)
 Metaspace       used 24741K, capacity 25181K, committed 25344K, reserved 1073152K
  class space    used 2455K, capacity 2559K, committed 2560K, reserved 1048576K

Card table byte_map: [0x0000000110a35000,0x0000000110e36000] byte_map_base: 0x000000010d035000

Marking Bits: (ParMarkBitMap*) 0x000000010f70c5d0
 Begin Bits: [0x00000001110e1000, 0x00000001130e1000)
 End Bits:   [0x00000001130e1000, 0x00000001150e1000)

Polling page: 0x000000010fdce000

CodeCache: size=245760Kb used=10841Kb max_used=10999Kb free=234918Kb
 bounds [0x000000011bde8000, 0x000000011c8c8000, 0x000000012ade8000]
 total_blobs=4123 nmethods=3176 adapters=860
 compilation: enabled

Compilation events (10 events):
Event: 45.398 Thread 0x00007f9f8e070800 3661       3       de.fhpotsdam.unfolding.mapdisplay.AbstractMapDisplay$QueueSorter::setCenter (6 bytes)
Event: 45.398 Thread 0x00007f9f8e070800 nmethod 3661 0x000000011bfcb250 code [0x000000011bfcb3a0, 0x000000011bfcb510]
Event: 45.517 Thread 0x00007f9f8e070800 3662  s    3       java.awt.KeyboardFocusManager::getCurrentKeyboardFocusManager (32 bytes)
Event: 45.518 Thread 0x00007f9f8e070800 nmethod 3662 0x000000011c6b88d0 code [0x000000011c6b8a80, 0x000000011c6b9068]
Event: 45.539 Thread 0x00007f9f8e070800 3663   !   3       java.awt.Font::equals (132 bytes)
Event: 45.540 Thread 0x00007f9f8e070800 nmethod 3663 0x000000011c5fe550 code [0x000000011c5fe720, 0x000000011c5fef28]
Event: 45.583 Thread 0x00007f9f8e070000 3664  s    4       sun.misc.URLClassPath::getNextLoader (88 bytes)
Event: 45.583 Thread 0x00007f9f8f019000 3665  s!   4       sun.misc.URLClassPath::getLoader (243 bytes)
Event: 45.592 Thread 0x00007f9f8f019000 nmethod 3665 0x000000011c5d1d10 code [0x000000011c5d1e80, 0x000000011c5d2658]
Event: 45.593 Thread 0x00007f9f8e070000 nmethod 3664 0x000000011c662e10 code [0x000000011c662f80, 0x000000011c6636f8]

GC Heap History (10 events):
Event: 8.805 GC heap before
{Heap before GC invocations=6 (full 1):
 PSYoungGen      total 64512K, used 64254K [0x0000000795580000, 0x000000079a080000, 0x00000007c0000000)
  eden space 59392K, 99% used [0x0000000795580000,0x0000000798f41470,0x0000000798f80000)
  from space 5120K, 99% used [0x0000000799b80000,0x000000079a07e658,0x000000079a080000)
  to   space 5120K, 0% used [0x0000000799680000,0x0000000799680000,0x0000000799b80000)
 ParOldGen       total 51200K, used 17636K [0x0000000740000000, 0x0000000743200000, 0x0000000795580000)
  object space 51200K, 34% used [0x0000000740000000,0x00000007411390d8,0x0000000743200000)
 Metaspace       used 24060K, capacity 24535K, committed 24832K, reserved 1071104K
  class space    used 2448K, capacity 2558K, committed 2560K, reserved 1048576K
Event: 8.821 GC heap after
Heap after GC invocations=6 (full 1):
 PSYoungGen      total 71680K, used 5101K [0x0000000795580000, 0x000000079e180000, 0x00000007c0000000)
  eden space 66560K, 0% used [0x0000000795580000,0x0000000795580000,0x0000000799680000)
  from space 5120K, 99% used [0x0000000799680000,0x0000000799b7b450,0x0000000799b80000)
  to   space 19456K, 0% used [0x000000079ce80000,0x000000079ce80000,0x000000079e180000)
 ParOldGen       total 51200K, used 28257K [0x0000000740000000, 0x0000000743200000, 0x0000000795580000)
  object space 51200K, 55% used [0x0000000740000000,0x0000000741b98450,0x0000000743200000)
 Metaspace       used 24060K, capacity 24535K, committed 24832K, reserved 1071104K
  class space    used 2448K, capacity 2558K, committed 2560K, reserved 1048576K
}
Event: 13.030 GC heap before
{Heap before GC invocations=7 (full 1):
 PSYoungGen      total 71680K, used 71661K [0x0000000795580000, 0x000000079e180000, 0x00000007c0000000)
  eden space 66560K, 100% used [0x0000000795580000,0x0000000799680000,0x0000000799680000)
  from space 5120K, 99% used [0x0000000799680000,0x0000000799b7b450,0x0000000799b80000)
  to   space 19456K, 0% used [0x000000079ce80000,0x000000079ce80000,0x000000079e180000)
 ParOldGen       total 51200K, used 28257K [0x0000000740000000, 0x0000000743200000, 0x0000000795580000)
  object space 51200K, 55% used [0x0000000740000000,0x0000000741b98450,0x0000000743200000)
 Metaspace       used 24378K, capacity 24797K, committed 25088K, reserved 1071104K
  class space    used 2448K, capacity 2559K, committed 2560K, reserved 1048576K
Event: 13.040 GC heap after
Heap after GC invocations=7 (full 1):
 PSYoungGen      total 124416K, used 5469K [0x0000000795580000, 0x000000079e980000, 0x00000007c0000000)
  eden space 104960K, 0% used [0x0000000795580000,0x0000000795580000,0x000000079bc00000)
  from space 19456K, 28% used [0x000000079ce80000,0x000000079d3d7450,0x000000079e180000)
  to   space 18944K, 0% used [0x000000079bc00000,0x000000079bc00000,0x000000079ce80000)
 ParOldGen       total 51200K, used 28265K [0x0000000740000000, 0x0000000743200000, 0x0000000795580000)
  object space 51200K, 55% used [0x0000000740000000,0x0000000741b9a450,0x0000000743200000)
 Metaspace       used 24378K, capacity 24797K, committed 25088K, reserved 1071104K
  class space    used 2448K, capacity 2559K, committed 2560K, reserved 1048576K
}
Event: 19.949 GC heap before
{Heap before GC invocations=8 (full 1):
 PSYoungGen      total 124416K, used 110429K [0x0000000795580000, 0x000000079e980000, 0x00000007c0000000)
  eden space 104960K, 100% used [0x0000000795580000,0x000000079bc00000,0x000000079bc00000)
  from space 19456K, 28% used [0x000000079ce80000,0x000000079d3d7450,0x000000079e180000)
  to   space 18944K, 0% used [0x000000079bc00000,0x000000079bc00000,0x000000079ce80000)
 ParOldGen       total 51200K, used 28265K [0x0000000740000000, 0x0000000743200000, 0x0000000795580000)
  object space 51200K, 55% used [0x0000000740000000,0x0000000741b9a450,0x0000000743200000)
 Metaspace       used 24595K, capacity 25053K, committed 25344K, reserved 1073152K
  class space    used 2448K, capacity 2559K, committed 2560K, reserved 1048576K
Event: 19.954 GC heap after
Heap after GC invocations=8 (full 1):
 PSYoungGen      total 123904K, used 5485K [0x0000000795580000, 0x00000007a2280000, 0x00000007c0000000)
  eden space 104960K, 0% used [0x0000000795580000,0x0000000795580000,0x000000079bc00000)
  from space 18944K, 28% used [0x000000079bc00000,0x000000079c15b460,0x000000079ce80000)
  to   space 18432K, 0% used [0x00000007a1080000,0x00000007a1080000,0x00000007a2280000)
 ParOldGen       total 51200K, used 28273K [0x0000000740000000, 0x0000000743200000, 0x0000000795580000)
  object space 51200K, 55% used [0x0000000740000000,0x0000000741b9c450,0x0000000743200000)
 Metaspace       used 24595K, capacity 25053K, committed 25344K, reserved 1073152K
  class space    used 2448K, capacity 2559K, committed 2560K, reserved 1048576K
}
Event: 27.932 GC heap before
{Heap before GC invocations=9 (full 1):
 PSYoungGen      total 123904K, used 110445K [0x0000000795580000, 0x00000007a2280000, 0x00000007c0000000)
  eden space 104960K, 100% used [0x0000000795580000,0x000000079bc00000,0x000000079bc00000)
  from space 18944K, 28% used [0x000000079bc00000,0x000000079c15b460,0x000000079ce80000)
  to   space 18432K, 0% used [0x00000007a1080000,0x00000007a1080000,0x00000007a2280000)
 ParOldGen       total 51200K, used 28273K [0x0000000740000000, 0x0000000743200000, 0x0000000795580000)
  object space 51200K, 55% used [0x0000000740000000,0x0000000741b9c450,0x0000000743200000)
 Metaspace       used 24708K, capacity 25181K, committed 25344K, reserved 1073152K
  class space    used 2448K, capacity 2559K, committed 2560K, reserved 1048576K
Event: 27.938 GC heap after
Heap after GC invocations=9 (full 1):
 PSYoungGen      total 177152K, used 2304K [0x0000000795580000, 0x00000007a1b80000, 0x00000007c0000000)
  eden space 165888K, 0% used [0x0000000795580000,0x0000000795580000,0x000000079f780000)
  from space 11264K, 20% used [0x00000007a1080000,0x00000007a12c0080,0x00000007a1b80000)
  to   space 18432K, 0% used [0x000000079f780000,0x000000079f780000,0x00000007a0980000)
 ParOldGen       total 51200K, used 31504K [0x0000000740000000, 0x0000000743200000, 0x0000000795580000)
  object space 51200K, 61% used [0x0000000740000000,0x0000000741ec43a0,0x0000000743200000)
 Metaspace       used 24708K, capacity 25181K, committed 25344K, reserved 1073152K
  class space    used 2448K, capacity 2559K, committed 2560K, reserved 1048576K
}
Event: 40.179 GC heap before
{Heap before GC invocations=10 (full 1):
 PSYoungGen      total 177152K, used 168192K [0x0000000795580000, 0x00000007a1b80000, 0x00000007c0000000)
  eden space 165888K, 100% used [0x0000000795580000,0x000000079f780000,0x000000079f780000)
  from space 11264K, 20% used [0x00000007a1080000,0x00000007a12c0080,0x00000007a1b80000)
  to   space 18432K, 0% used [0x000000079f780000,0x000000079f780000,0x00000007a0980000)
 ParOldGen       total 51200K, used 31504K [0x0000000740000000, 0x0000000743200000, 0x0000000795580000)
  object space 51200K, 61% used [0x0000000740000000,0x0000000741ec43a0,0x0000000743200000)
 Metaspace       used 24713K, capacity 25181K, committed 25344K, reserved 1073152K
  class space    used 2448K, capacity 2559K, committed 2560K, reserved 1048576K
Event: 40.184 GC heap after
Heap after GC invocations=10 (full 1):
 PSYoungGen      total 184320K, used 128K [0x0000000795580000, 0x00000007a4e80000, 0x00000007c0000000)
  eden space 165888K, 0% used [0x0000000795580000,0x0000000795580000,0x000000079f780000)
  from space 18432K, 0% used [0x000000079f780000,0x000000079f7a0000,0x00000007a0980000)
  to   space 18944K, 0% used [0x00000007a3c00000,0x00000007a3c00000,0x00000007a4e80000)
 ParOldGen       total 51200K, used 33694K [0x0000000740000000, 0x0000000743200000, 0x0000000795580000)
  object space 51200K, 65% used [0x0000000740000000,0x00000007420e7870,0x0000000743200000)
 Metaspace       used 24713K, capacity 25181K, committed 25344K, reserved 1073152K
  class space    used 2448K, capacity 2559K, committed 2560K, reserved 1048576K
}

Deoptimization events (10 events):
Event: 8.547 Thread 0x00007f9f8fb49800 Uncommon trap: reason=unstable_if action=reinterpret pc=0x000000011c684244 method=processing.opengl.PGraphicsOpenGL$Tessellator.noCapsJoins()Z @ 23
Event: 8.547 Thread 0x00007f9f8fb49800 Uncommon trap: reason=unstable_if action=reinterpret pc=0x000000011c67a18c method=processing.opengl.PGraphicsOpenGL$Tessellator.addLineSegment3D(III[SZ)I @ 20
Event: 10.185 Thread 0x00007f9f8fb49800 Uncommon trap: reason=unstable_if action=reinterpret pc=0x000000011c3dcc94 method=module5.CommonMarker.draw(Lprocessing/core/PGraphics;FF)V @ 18
Event: 45.518 Thread 0x00007f9f8f140800 Uncommon trap: reason=unstable_if action=reinterpret pc=0x000000011c6a0cf8 method=java.awt.font.FontRenderContext.equals(Ljava/awt/font/FontRenderContext;)Z @ 2
Event: 45.518 Thread 0x00007f9f8f140800 Uncommon trap: reason=unstable_if action=reinterpret pc=0x000000011c6175d4 method=java.awt.Font.equals(Ljava/lang/Object;)Z @ 2
Event: 45.580 Thread 0x00007f9f8e23f800 Uncommon trap: reason=class_check action=maybe_recompile pc=0x000000011c323bfc method=java.util.HashMap.putVal(ILjava/lang/Object;Ljava/lang/Object;ZZ)Ljava/lang/Object; @ 91
Event: 45.580 Thread 0x00007f9f8e23f800 Uncommon trap: reason=class_check action=maybe_recompile pc=0x000000011c2d36f0 method=java.util.HashMap.putVal(ILjava/lang/Object;Ljava/lang/Object;ZZ)Ljava/lang/Object; @ 91
Event: 45.581 Thread 0x00007f9f8f140800 Uncommon trap: reason=unstable_if action=reinterpret pc=0x000000011c01a0f8 method=java.awt.font.FontRenderContext.equals(Ljava/awt/font/FontRenderContext;)Z @ 2
Event: 45.603 Thread 0x00007f9f8fb49800 Uncommon trap: reason=unstable_if action=reinterpret pc=0x000000011c7c91f4 method=java.security.AccessControlContext.optimize()Ljava/security/AccessControlContext; @ 233
Event: 45.606 Thread 0x00007f9f8e4e6000 Uncommon trap: reason=predicate action=maybe_recompile pc=0x000000011c6fa4d0 method=java.util.Vector.indexOf(Ljava/lang/Object;I)I @ 44

Internal exceptions (10 events):
Event: 0.258 Thread 0x00007f9f8e802800 Exception <a 'java/lang/NoSuchFieldError': method resolution failed> (0x000000079579bc28) thrown at [/Users/java_re/workspace/8-2-build-macosx-x86_64/jdk8u151/9699/hotspot/src/share/vm/prims/methodHandles.cpp, line 1146]
Event: 0.481 Thread 0x00007f9f8e802800 Exception <a 'java/io/FileNotFoundException'> (0x00000007958171f0) thrown at [/Users/java_re/workspace/8-2-build-macosx-x86_64/jdk8u151/9699/hotspot/src/share/vm/prims/jni.cpp, line 709]
Event: 0.482 Thread 0x00007f9f8e802800 Exception <a 'java/io/FileNotFoundException'> (0x0000000795817d78) thrown at [/Users/java_re/workspace/8-2-build-macosx-x86_64/jdk8u151/9699/hotspot/src/share/vm/prims/jni.cpp, line 709]
Event: 0.618 Thread 0x00007f9f8e802800 Exception <a 'java/io/FileNotFoundException'> (0x0000000795a0e7c8) thrown at [/Users/java_re/workspace/8-2-build-macosx-x86_64/jdk8u151/9699/hotspot/src/share/vm/prims/jni.cpp, line 709]
Event: 3.475 Thread 0x00007f9f8f1ce800 Exception <a 'java/lang/UnsatisfiedLinkError': com.jogamp.common.util.JarUtil.fixNativeLibAttribs(Ljava/lang/String;)Z> (0x0000000796c49f80) thrown at [/Users/java_re/workspace/8-2-build-macosx-x86_64/jdk8u151/9699/hotspot/src/share/vm/prims/nativeLookup.
Event: 3.841 Thread 0x00007f9f8e80b000 Exception <a 'java/lang/NullPointerException'> (0x00000007956a45c0) thrown at [/Users/java_re/workspace/8-2-build-macosx-x86_64/jdk8u151/9699/hotspot/src/share/vm/interpreter/linkResolver.cpp, line 1183]
Event: 4.835 Thread 0x00007f9f8fb49800 Exception <a 'java/io/FileNotFoundException'> (0x000000079607b308) thrown at [/Users/java_re/workspace/8-2-build-macosx-x86_64/jdk8u151/9699/hotspot/src/share/vm/prims/jni.cpp, line 709]
Event: 4.835 Thread 0x00007f9f8fb49800 Exception <a 'java/io/FileNotFoundException'> (0x0000000796081cd8) thrown at [/Users/java_re/workspace/8-2-build-macosx-x86_64/jdk8u151/9699/hotspot/src/share/vm/prims/jni.cpp, line 709]
Event: 4.835 Thread 0x00007f9f8fb49800 Implicit null exception at 0x000000011bfd03f6 to 0x000000011bfd07b9
Event: 5.394 Thread 0x00007f9f8fb49800 Implicit null exception at 0x000000011c1cb386 to 0x000000011c1cb5cd

Events (10 events):
Event: 45.603 loading class java/awt/LightweightDispatcher$2 done
Event: 45.603 loading class java/awt/event/AWTEventListenerProxy
Event: 45.603 loading class java/awt/event/AWTEventListenerProxy done
Event: 45.603 loading class java/awt/Toolkit$ToolkitEventMulticaster
Event: 45.604 loading class java/awt/Toolkit$ToolkitEventMulticaster done
Event: 45.605 Thread 0x00007f9f8e23f800 Thread exited: 0x00007f9f8e23f800
Event: 45.606 Thread 0x00007f9f8e4e6000 Uncommon trap: trap_request=0xffffff86 fr.pc=0x000000011c6fa4d0
Event: 45.606 Thread 0x00007f9f8e4e6000 DEOPT PACKING pc=0x000000011c6fa4d0 sp=0x0000700003b247f0
Event: 45.606 Thread 0x00007f9f8e4e6000 DEOPT UNPACKING pc=0x000000011bded229 sp=0x0000700003b247a0 mode 2
Event: 45.606 loading class java/awt/Window$1DisposeAction


Dynamic libraries:
0x00000000046d8000 	/System/Library/Frameworks/Cocoa.framework/Versions/A/Cocoa
0x00000000046d8000 	/System/Library/Frameworks/Security.framework/Versions/A/Security
0x00000000046d8000 	/System/Library/Frameworks/ApplicationServices.framework/Versions/A/ApplicationServices
0x00000000046d8000 	/usr/lib/libz.1.dylib
0x00000000046d8000 	/usr/lib/libSystem.B.dylib
0x00000000046d8000 	/usr/lib/libobjc.A.dylib
0x00000000046d8000 	/System/Library/Frameworks/CoreFoundation.framework/Versions/A/CoreFoundation
0x00000000046d8000 	/System/Library/Frameworks/Foundation.framework/Versions/C/Foundation
0x00000000046d8000 	/System/Library/Frameworks/AppKit.framework/Versions/C/AppKit
0x00000000046d8000 	/System/Library/Frameworks/CoreData.framework/Versions/A/CoreData
0x00000000046d8000 	/System/Library/PrivateFrameworks/RemoteViewServices.framework/Versions/A/RemoteViewServices
0x00000000046d8000 	/System/Library/PrivateFrameworks/UIFoundation.framework/Versions/A/UIFoundation
0x00000000046d8000 	/System/Library/PrivateFrameworks/DFRFoundation.framework/Versions/A/DFRFoundation
0x00000000046d8000 	/System/Library/Frameworks/Metal.framework/Versions/A/Metal
0x00000000046d8000 	/System/Library/PrivateFrameworks/DesktopServicesPriv.framework/Versions/A/DesktopServicesPriv
0x00000000046d8000 	/usr/lib/libenergytrace.dylib
0x00000000046d8000 	/System/Library/PrivateFrameworks/SkyLight.framework/Versions/A/SkyLight
0x00000000046d8000 	/System/Library/Frameworks/CoreGraphics.framework/Versions/A/CoreGraphics
0x00000000046d8000 	/usr/lib/libScreenReader.dylib
0x00000000046d8000 	/System/Library/Frameworks/Accelerate.framework/Versions/A/Accelerate
0x00000000046d8000 	/System/Library/Frameworks/IOSurface.framework/Versions/A/IOSurface
0x00000000046d8000 	/System/Library/Frameworks/AudioToolbox.framework/Versions/A/AudioToolbox
0x00000000046d8000 	/System/Library/Frameworks/AudioUnit.framework/Versions/A/AudioUnit
0x00000000046d8000 	/System/Library/PrivateFrameworks/DataDetectorsCore.framework/Versions/A/DataDetectorsCore
0x00000000046d8000 	/System/Library/Frameworks/Carbon.framework/Versions/A/Frameworks/HIToolbox.framework/Versions/A/HIToolbox
0x00000000046d8000 	/usr/lib/libicucore.A.dylib
0x00000000046d8000 	/System/Library/Frameworks/QuartzCore.framework/Versions/A/QuartzCore
0x00000000046d8000 	/System/Library/PrivateFrameworks/SignpostNotification.framework/Versions/A/SignpostNotification
0x00000000046d8000 	/System/Library/Frameworks/Carbon.framework/Versions/A/Frameworks/SpeechRecognition.framework/Versions/A/SpeechRecognition
0x00000000046d8000 	/usr/lib/libauto.dylib
0x00000000046d8000 	/usr/lib/libxml2.2.dylib
0x00000000046d8000 	/System/Library/PrivateFrameworks/CoreUI.framework/Versions/A/CoreUI
0x00000000046d8000 	/System/Library/Frameworks/CoreAudio.framework/Versions/A/CoreAudio
0x00000000046d8000 	/System/Library/Frameworks/DiskArbitration.framework/Versions/A/DiskArbitration
0x00000000046d8000 	/usr/lib/liblangid.dylib
0x00000000046d8000 	/System/Library/PrivateFrameworks/MultitouchSupport.framework/Versions/A/MultitouchSupport
0x00000000046d8000 	/System/Library/Frameworks/IOKit.framework/Versions/A/IOKit
0x00000000046d8000 	/usr/lib/libDiagnosticMessagesClient.dylib
0x00000000046d8000 	/System/Library/Frameworks/CoreServices.framework/Versions/A/CoreServices
0x00000000046d8000 	/System/Library/PrivateFrameworks/PerformanceAnalysis.framework/Versions/A/PerformanceAnalysis
0x00000000046d8000 	/System/Library/Frameworks/OpenGL.framework/Versions/A/OpenGL
0x00000000046d8000 	/System/Library/Frameworks/ColorSync.framework/Versions/A/ColorSync
0x00000000046d8000 	/System/Library/Frameworks/CoreImage.framework/Versions/A/CoreImage
0x00000000046d8000 	/System/Library/Frameworks/CoreText.framework/Versions/A/CoreText
0x00000000046d8000 	/System/Library/Frameworks/ImageIO.framework/Versions/A/ImageIO
0x00000000046d8000 	/System/Library/PrivateFrameworks/Backup.framework/Versions/A/Backup
0x00000000046d8000 	/usr/lib/libarchive.2.dylib
0x00000000046d8000 	/System/Library/Frameworks/CFNetwork.framework/Versions/A/CFNetwork
0x00000000046d8000 	/System/Library/Frameworks/SystemConfiguration.framework/Versions/A/SystemConfiguration
0x00000000046d8000 	/usr/lib/libCRFSuite.dylib
0x00000000046d8000 	/usr/lib/libc++.1.dylib
0x00000000046d8000 	/usr/lib/libc++abi.dylib
0x00000000046d8000 	/usr/lib/system/libcache.dylib
0x00000000046d8000 	/usr/lib/system/libcommonCrypto.dylib
0x00000000046d8000 	/usr/lib/system/libcompiler_rt.dylib
0x00000000046d8000 	/usr/lib/system/libcopyfile.dylib
0x00000000046d8000 	/usr/lib/system/libcorecrypto.dylib
0x00000000046d8000 	/usr/lib/system/libdispatch.dylib
0x00000000046d8000 	/usr/lib/system/libdyld.dylib
0x00000000046d8000 	/usr/lib/system/libkeymgr.dylib
0x00000000046d8000 	/usr/lib/system/liblaunch.dylib
0x00000000046d8000 	/usr/lib/system/libmacho.dylib
0x00000000046d8000 	/usr/lib/system/libquarantine.dylib
0x00000000046d8000 	/usr/lib/system/libremovefile.dylib
0x00000000046d8000 	/usr/lib/system/libsystem_asl.dylib
0x00000000046d8000 	/usr/lib/system/libsystem_blocks.dylib
0x00000000046d8000 	/usr/lib/system/libsystem_c.dylib
0x00000000046d8000 	/usr/lib/system/libsystem_configuration.dylib
0x00000000046d8000 	/usr/lib/system/libsystem_coreservices.dylib
0x00000000046d8000 	/usr/lib/system/libsystem_darwin.dylib
0x00000000046d8000 	/usr/lib/system/libsystem_dnssd.dylib
0x00000000046d8000 	/usr/lib/system/libsystem_info.dylib
0x00000000046d8000 	/usr/lib/system/libsystem_m.dylib
0x00000000046d8000 	/usr/lib/system/libsystem_malloc.dylib
0x00000000046d8000 	/usr/lib/system/libsystem_network.dylib
0x00000000046d8000 	/usr/lib/system/libsystem_networkextension.dylib
0x00000000046d8000 	/usr/lib/system/libsystem_notify.dylib
0x00000000046d8000 	/usr/lib/system/libsystem_sandbox.dylib
0x00000000046d8000 	/usr/lib/system/libsystem_secinit.dylib
0x00000000046d8000 	/usr/lib/system/libsystem_kernel.dylib
0x00000000046d8000 	/usr/lib/system/libsystem_platform.dylib
0x00000000046d8000 	/usr/lib/system/libsystem_pthread.dylib
0x00000000046d8000 	/usr/lib/system/libsystem_symptoms.dylib
0x00000000046d8000 	/usr/lib/system/libsystem_trace.dylib
0x00000000046d8000 	/usr/lib/system/libunwind.dylib
0x00000000046d8000 	/usr/lib/system/libxpc.dylib
0x00000000046d8000 	/usr/lib/closure/libclosured.dylib
0x00000000046d8000 	/usr/lib/libbsm.0.dylib
0x00000000046d8000 	/usr/lib/system/libkxld.dylib
0x00000000046d8000 	/usr/lib/libOpenScriptingUtil.dylib
0x00000000046d8000 	/usr/lib/libcoretls.dylib
0x00000000046d8000 	/usr/lib/libcoretls_cfhelpers.dylib
0x00000000046d8000 	/usr/lib/libpam.2.dylib
0x00000000046d8000 	/usr/lib/libsqlite3.dylib
0x00000000046d8000 	/usr/lib/libxar.1.dylib
0x00000000046d8000 	/usr/lib/libbz2.1.0.dylib
0x00000000046d8000 	/usr/lib/liblzma.5.dylib
0x00000000046d8000 	/usr/lib/libnetwork.dylib
0x00000000046d8000 	/usr/lib/libapple_nghttp2.dylib
0x00000000046d8000 	/usr/lib/libpcap.A.dylib
0x00000000046d8000 	/usr/lib/libboringssl.dylib
0x00000000046d8000 	/usr/lib/libusrtcp.dylib
0x00000000046d8000 	/usr/lib/libapple_crypto.dylib
0x00000000046d8000 	/System/Library/Frameworks/CoreServices.framework/Versions/A/Frameworks/FSEvents.framework/Versions/A/FSEvents
0x00000000046d8000 	/System/Library/Frameworks/CoreServices.framework/Versions/A/Frameworks/CarbonCore.framework/Versions/A/CarbonCore
0x00000000046d8000 	/System/Library/Frameworks/CoreServices.framework/Versions/A/Frameworks/Metadata.framework/Versions/A/Metadata
0x00000000046d8000 	/System/Library/Frameworks/CoreServices.framework/Versions/A/Frameworks/OSServices.framework/Versions/A/OSServices
0x00000000046d8000 	/System/Library/Frameworks/CoreServices.framework/Versions/A/Frameworks/SearchKit.framework/Versions/A/SearchKit
0x00000000046d8000 	/System/Library/Frameworks/CoreServices.framework/Versions/A/Frameworks/AE.framework/Versions/A/AE
0x00000000046d8000 	/System/Library/Frameworks/CoreServices.framework/Versions/A/Frameworks/LaunchServices.framework/Versions/A/LaunchServices
0x00000000046d8000 	/System/Library/Frameworks/CoreServices.framework/Versions/A/Frameworks/DictionaryServices.framework/Versions/A/DictionaryServices
0x00000000046d8000 	/System/Library/Frameworks/CoreServices.framework/Versions/A/Frameworks/SharedFileList.framework/Versions/A/SharedFileList
0x00000000046d8000 	/System/Library/Frameworks/NetFS.framework/Versions/A/NetFS
0x00000000046d8000 	/System/Library/PrivateFrameworks/NetAuth.framework/Versions/A/NetAuth
0x00000000046d8000 	/System/Library/PrivateFrameworks/login.framework/Versions/A/Frameworks/loginsupport.framework/Versions/A/loginsupport
0x00000000046d8000 	/System/Library/PrivateFrameworks/TCC.framework/Versions/A/TCC
0x00000000046d8000 	/usr/lib/libmecabra.dylib
0x00000000046d8000 	/System/Library/Frameworks/ApplicationServices.framework/Versions/A/Frameworks/ATS.framework/Versions/A/ATS
0x00000000046d8000 	/System/Library/Frameworks/ApplicationServices.framework/Versions/A/Frameworks/ColorSyncLegacy.framework/Versions/A/ColorSyncLegacy
0x00000000046d8000 	/System/Library/Frameworks/ApplicationServices.framework/Versions/A/Frameworks/HIServices.framework/Versions/A/HIServices
0x00000000046d8000 	/System/Library/Frameworks/ApplicationServices.framework/Versions/A/Frameworks/LangAnalysis.framework/Versions/A/LangAnalysis
0x00000000046d8000 	/System/Library/Frameworks/ApplicationServices.framework/Versions/A/Frameworks/PrintCore.framework/Versions/A/PrintCore
0x00000000046d8000 	/System/Library/Frameworks/ApplicationServices.framework/Versions/A/Frameworks/QD.framework/Versions/A/QD
0x00000000046d8000 	/System/Library/Frameworks/ApplicationServices.framework/Versions/A/Frameworks/SpeechSynthesis.framework/Versions/A/SpeechSynthesis
0x00000000046d8000 	/System/Library/Frameworks/CoreDisplay.framework/Versions/A/CoreDisplay
0x00000000046d8000 	/System/Library/Frameworks/Accelerate.framework/Versions/A/Frameworks/vImage.framework/Versions/A/vImage
0x00000000046d8000 	/System/Library/Frameworks/Accelerate.framework/Versions/A/Frameworks/vecLib.framework/Versions/A/vecLib
0x00000000046d8000 	/System/Library/Frameworks/Accelerate.framework/Versions/A/Frameworks/vecLib.framework/Versions/A/libvDSP.dylib
0x00000000046d8000 	/System/Library/Frameworks/Accelerate.framework/Versions/A/Frameworks/vecLib.framework/Versions/A/libBNNS.dylib
0x00000000046d8000 	/System/Library/Frameworks/Accelerate.framework/Versions/A/Frameworks/vecLib.framework/Versions/A/libQuadrature.dylib
0x00000000046d8000 	/System/Library/Frameworks/Accelerate.framework/Versions/A/Frameworks/vecLib.framework/Versions/A/libvMisc.dylib
0x00000000046d8000 	/System/Library/Frameworks/Accelerate.framework/Versions/A/Frameworks/vecLib.framework/Versions/A/libLAPACK.dylib
0x00000000046d8000 	/System/Library/Frameworks/Accelerate.framework/Versions/A/Frameworks/vecLib.framework/Versions/A/libBLAS.dylib
0x00000000046d8000 	/System/Library/Frameworks/Accelerate.framework/Versions/A/Frameworks/vecLib.framework/Versions/A/libLinearAlgebra.dylib
0x00000000046d8000 	/System/Library/Frameworks/Accelerate.framework/Versions/A/Frameworks/vecLib.framework/Versions/A/libSparse.dylib
0x00000000046d8000 	/System/Library/Frameworks/Accelerate.framework/Versions/A/Frameworks/vecLib.framework/Versions/A/libSparseBLAS.dylib
0x00000000046d8000 	/System/Library/PrivateFrameworks/GPUWrangler.framework/Versions/A/GPUWrangler
0x00000000046d8000 	/System/Library/PrivateFrameworks/IOAccelerator.framework/Versions/A/IOAccelerator
0x00000000046d8000 	/System/Library/PrivateFrameworks/IOPresentment.framework/Versions/A/IOPresentment
0x00000000046d8000 	/System/Library/PrivateFrameworks/DSExternalDisplay.framework/Versions/A/DSExternalDisplay
0x00000000046d8000 	/System/Library/Frameworks/OpenGL.framework/Versions/A/Libraries/libCoreFSCache.dylib
0x00000000046d8000 	/System/Library/Frameworks/CoreVideo.framework/Versions/A/CoreVideo
0x00000000046d8000 	/System/Library/PrivateFrameworks/GraphVisualizer.framework/Versions/A/GraphVisualizer
0x00000000046d8000 	/System/Library/Frameworks/MetalPerformanceShaders.framework/Versions/A/MetalPerformanceShaders
0x00000000046d8000 	/usr/lib/libFosl_dynamic.dylib
0x00000000046d8000 	/System/Library/PrivateFrameworks/FaceCore.framework/Versions/A/FaceCore
0x00000000046d8000 	/System/Library/Frameworks/OpenCL.framework/Versions/A/OpenCL
0x00000000046d8000 	/usr/lib/libcompression.dylib
0x00000000046d8000 	/System/Library/Frameworks/ApplicationServices.framework/Versions/A/Frameworks/ATS.framework/Versions/A/Resources/libFontParser.dylib
0x00000000046d8000 	/System/Library/Frameworks/ApplicationServices.framework/Versions/A/Frameworks/ATS.framework/Versions/A/Resources/libFontRegistry.dylib
0x00000000046d8000 	/System/Library/Frameworks/ImageIO.framework/Versions/A/Resources/libJPEG.dylib
0x00000000046d8000 	/System/Library/Frameworks/ImageIO.framework/Versions/A/Resources/libTIFF.dylib
0x00000000046d8000 	/System/Library/Frameworks/ImageIO.framework/Versions/A/Resources/libPng.dylib
0x00000000046d8000 	/System/Library/Frameworks/ImageIO.framework/Versions/A/Resources/libGIF.dylib
0x00000000046d8000 	/System/Library/Frameworks/ImageIO.framework/Versions/A/Resources/libJP2.dylib
0x00000000046d8000 	/System/Library/Frameworks/ImageIO.framework/Versions/A/Resources/libRadiance.dylib
0x00000000046d8000 	/System/Library/PrivateFrameworks/AppleJPEG.framework/Versions/A/AppleJPEG
0x00000000046d8000 	/System/Library/Frameworks/MetalPerformanceShaders.framework/Frameworks/MPSCore.framework/Versions/A/MPSCore
0x00000000046d8000 	/System/Library/Frameworks/MetalPerformanceShaders.framework/Frameworks/MPSImage.framework/Versions/A/MPSImage
0x00000000046d8000 	/System/Library/Frameworks/MetalPerformanceShaders.framework/Frameworks/MPSNeuralNetwork.framework/Versions/A/MPSNeuralNetwork
0x00000000046d8000 	/System/Library/Frameworks/MetalPerformanceShaders.framework/Frameworks/MPSMatrix.framework/Versions/A/MPSMatrix
0x00000000046d8000 	/System/Library/PrivateFrameworks/MetalTools.framework/Versions/A/MetalTools
0x00000000046d8000 	/System/Library/Frameworks/OpenGL.framework/Versions/A/Libraries/libGLU.dylib
0x00000000046d8000 	/System/Library/Frameworks/OpenGL.framework/Versions/A/Libraries/libGFXShared.dylib
0x00000000046d8000 	/System/Library/Frameworks/OpenGL.framework/Versions/A/Libraries/libGL.dylib
0x00000000046d8000 	/System/Library/Frameworks/OpenGL.framework/Versions/A/Libraries/libGLImage.dylib
0x00000000046d8000 	/System/Library/Frameworks/OpenGL.framework/Versions/A/Libraries/libCVMSPluginSupport.dylib
0x00000000046d8000 	/System/Library/Frameworks/OpenGL.framework/Versions/A/Libraries/libCoreVMClient.dylib
0x00000000046d8000 	/usr/lib/libcups.2.dylib
0x00000000046d8000 	/System/Library/Frameworks/Kerberos.framework/Versions/A/Kerberos
0x00000000046d8000 	/System/Library/Frameworks/GSS.framework/Versions/A/GSS
0x00000000046d8000 	/usr/lib/libresolv.9.dylib
0x00000000046d8000 	/usr/lib/libiconv.2.dylib
0x00000000046d8000 	/System/Library/PrivateFrameworks/Heimdal.framework/Versions/A/Heimdal
0x00000000046d8000 	/usr/lib/libheimdal-asn1.dylib
0x00000000046d8000 	/System/Library/Frameworks/OpenDirectory.framework/Versions/A/OpenDirectory
0x00000000046d8000 	/System/Library/PrivateFrameworks/CommonAuth.framework/Versions/A/CommonAuth
0x00000000046d8000 	/System/Library/Frameworks/OpenDirectory.framework/Versions/A/Frameworks/CFOpenDirectory.framework/Versions/A/CFOpenDirectory
0x00000000046d8000 	/System/Library/Frameworks/SecurityFoundation.framework/Versions/A/SecurityFoundation
0x00000000046d8000 	/System/Library/PrivateFrameworks/APFS.framework/Versions/A/APFS
0x00000000046d8000 	/usr/lib/libutil.dylib
0x00000000046d8000 	/System/Library/PrivateFrameworks/AppleSauce.framework/Versions/A/AppleSauce
0x00000000046d8000 	/System/Library/PrivateFrameworks/LinguisticData.framework/Versions/A/LinguisticData
0x00000000046d8000 	/usr/lib/libmarisa.dylib
0x00000000046d8000 	/System/Library/PrivateFrameworks/Lexicon.framework/Versions/A/Lexicon
0x00000000046d8000 	/usr/lib/libChineseTokenizer.dylib
0x00000000046d8000 	/usr/lib/libcmph.dylib
0x00000000046d8000 	/System/Library/PrivateFrameworks/LanguageModeling.framework/Versions/A/LanguageModeling
0x00000000046d8000 	/System/Library/PrivateFrameworks/CoreEmoji.framework/Versions/A/CoreEmoji
0x00000000046d8000 	/System/Library/Frameworks/ServiceManagement.framework/Versions/A/ServiceManagement
0x00000000046d8000 	/System/Library/PrivateFrameworks/BackgroundTaskManagement.framework/Versions/A/BackgroundTaskManagement
0x00000000046d8000 	/usr/lib/libxslt.1.dylib
0x00000000046d8000 	/System/Library/Frameworks/Carbon.framework/Versions/A/Frameworks/Ink.framework/Versions/A/Ink
0x00000000046d8000 	/System/Library/PrivateFrameworks/TextureIO.framework/Versions/A/TextureIO
0x00000000046d8000 	/usr/lib/libate.dylib
0x00000000046d8000 	/System/Library/PrivateFrameworks/CrashReporterSupport.framework/Versions/A/CrashReporterSupport
0x00000000046d8000 	/System/Library/PrivateFrameworks/Sharing.framework/Versions/A/Sharing
0x00000000046d8000 	/System/Library/PrivateFrameworks/IconServices.framework/Versions/A/IconServices
0x00000000046d8000 	/System/Library/PrivateFrameworks/Apple80211.framework/Versions/A/Apple80211
0x00000000046d8000 	/System/Library/PrivateFrameworks/CoreUtils.framework/Versions/A/CoreUtils
0x00000000046d8000 	/System/Library/Frameworks/CoreWLAN.framework/Versions/A/CoreWLAN
0x00000000046d8000 	/System/Library/Frameworks/IOBluetooth.framework/Versions/A/IOBluetooth
0x00000000046d8000 	/System/Library/PrivateFrameworks/ProtocolBuffer.framework/Versions/A/ProtocolBuffer
0x00000000046d8000 	/System/Library/PrivateFrameworks/CoreWiFi.framework/Versions/A/CoreWiFi
0x00000000046d8000 	/System/Library/Frameworks/CoreBluetooth.framework/Versions/A/CoreBluetooth
0x00000000046d8000 	/System/Library/PrivateFrameworks/DebugSymbols.framework/Versions/A/DebugSymbols
0x00000000046d8000 	/System/Library/PrivateFrameworks/CoreSymbolication.framework/Versions/A/CoreSymbolication
0x00000000046d8000 	/System/Library/PrivateFrameworks/Symbolication.framework/Versions/A/Symbolication
0x00000000046d8000 	/System/Library/PrivateFrameworks/AppleFSCompression.framework/Versions/A/AppleFSCompression
0x00000000046d8000 	/System/Library/PrivateFrameworks/SpeechRecognitionCore.framework/Versions/A/SpeechRecognitionCore
0x000000010ee19000 	/Library/Java/JavaVirtualMachines/jdk1.8.0_151.jdk/Contents/Home/jre/lib/server/libjvm.dylib
0x00000000046d8000 	/usr/lib/libstdc++.6.0.9.dylib
0x000000010fdc0000 	/Library/Java/JavaVirtualMachines/jdk1.8.0_151.jdk/Contents/Home/jre/lib/libverify.dylib
0x0000000110600000 	/Library/Java/JavaVirtualMachines/jdk1.8.0_151.jdk/Contents/Home/jre/lib/libjava.dylib
0x000000010fdd8000 	/Library/Java/JavaVirtualMachines/jdk1.8.0_151.jdk/Contents/Home/jre/lib/libzip.dylib
0x00000000046d8000 	/System/Library/Frameworks/JavaVM.framework/Versions/A/Frameworks/JavaRuntimeSupport.framework/Versions/A/JavaRuntimeSupport
0x00000000046d8000 	/System/Library/Frameworks/JavaVM.framework/Versions/A/Frameworks/JavaNativeFoundation.framework/Versions/A/JavaNativeFoundation
0x00000000046d8000 	/System/Library/Frameworks/JavaVM.framework/Versions/A/JavaVM
0x00000000046d8000 	/System/Library/Frameworks/Carbon.framework/Versions/A/Carbon
0x00000000046d8000 	/System/Library/PrivateFrameworks/JavaLaunching.framework/Versions/A/JavaLaunching
0x00000000046d8000 	/System/Library/Frameworks/Carbon.framework/Versions/A/Frameworks/CommonPanels.framework/Versions/A/CommonPanels
0x00000000046d8000 	/System/Library/Frameworks/Carbon.framework/Versions/A/Frameworks/Help.framework/Versions/A/Help
0x00000000046d8000 	/System/Library/Frameworks/Carbon.framework/Versions/A/Frameworks/ImageCapture.framework/Versions/A/ImageCapture
0x00000000046d8000 	/System/Library/Frameworks/Carbon.framework/Versions/A/Frameworks/OpenScripting.framework/Versions/A/OpenScripting
0x00000000046d8000 	/System/Library/Frameworks/Carbon.framework/Versions/A/Frameworks/Print.framework/Versions/A/Print
0x00000000046d8000 	/System/Library/Frameworks/Carbon.framework/Versions/A/Frameworks/SecurityHI.framework/Versions/A/SecurityHI
0x0000000118960000 	/Library/Java/JavaVirtualMachines/jdk1.8.0_151.jdk/Contents/Home/jre/lib/libawt.dylib
0x0000000118a08000 	/Library/Java/JavaVirtualMachines/jdk1.8.0_151.jdk/Contents/Home/jre/lib/./libmlib_image.dylib
0x0000000118ad4000 	/Library/Java/JavaVirtualMachines/jdk1.8.0_151.jdk/Contents/Home/jre/lib/libawt_lwawt.dylib
0x0000000118b8b000 	/Library/Java/JavaVirtualMachines/jdk1.8.0_151.jdk/Contents/Home/jre/lib/./libosxapp.dylib
0x00000000046d8000 	/System/Library/Frameworks/ExceptionHandling.framework/Versions/A/ExceptionHandling
0x00000000046d8000 	/System/Library/PrivateFrameworks/CoreServicesInternal.framework/Versions/A/CoreServicesInternal
0x00000000046d8000 	/System/Library/CoreServices/RawCamera.bundle/Contents/MacOS/RawCamera
0x00000000046d8000 	/System/Library/PrivateFrameworks/MobileAsset.framework/Versions/A/MobileAsset
0x00000000046d8000 	/System/Library/PrivateFrameworks/StreamingZip.framework/Versions/A/StreamingZip
0x00000000046d8000 	/System/Library/Frameworks/MediaToolbox.framework/Versions/A/MediaToolbox
0x00000000046d8000 	/System/Library/PrivateFrameworks/CoreAVCHD.framework/Versions/A/CoreAVCHD
0x00000000046d8000 	/System/Library/Frameworks/MediaAccessibility.framework/Versions/A/MediaAccessibility
0x00000000046d8000 	/System/Library/PrivateFrameworks/Mangrove.framework/Versions/A/Mangrove
0x00000000046d8000 	/System/Library/Frameworks/CoreMedia.framework/Versions/A/CoreMedia
0x00000000046d8000 	/System/Library/Frameworks/VideoToolbox.framework/Versions/A/VideoToolbox
0x00000000046d8000 	/System/Library/PrivateFrameworks/CoreAUC.framework/Versions/A/CoreAUC
0x00000000046d8000 	/usr/lib/libspindump.dylib
0x00000000046d8000 	/System/Library/PrivateFrameworks/AppleVA.framework/Versions/A/AppleVA
0x00000000046d8000 	/System/Library/Frameworks/Accelerate.framework/Versions/A/Frameworks/vImage.framework/Versions/A/Libraries/libCGInterfaces.dylib
0x00000000046d8000 	/System/Library/Frameworks/ApplicationServices.framework/Versions/A/Frameworks/ATS.framework/Versions/A/Resources/libTrueTypeScaler.dylib
0x00000000046d8000 	/System/Library/Extensions/AppleIntelHD5000GraphicsMTLDriver.bundle/Contents/MacOS/AppleIntelHD5000GraphicsMTLDriver
0x00000000046d8000 	/System/Library/PrivateFrameworks/GPUCompiler.framework/Versions/3802/Libraries/libmetal_timestamp.dylib
0x00000000046d8000 	/System/Library/PrivateFrameworks/FamilyControls.framework/Versions/A/FamilyControls
0x00000000046d8000 	/System/Library/PrivateFrameworks/CommerceKit.framework/Versions/A/Frameworks/CommerceCore.framework/Versions/A/CommerceCore
0x00000000046d8000 	/System/Library/PrivateFrameworks/SystemAdministration.framework/Versions/A/SystemAdministration
0x00000000046d8000 	/System/Library/PrivateFrameworks/AppContainer.framework/Versions/A/AppContainer
0x00000000046d8000 	/System/Library/PrivateFrameworks/SecCodeWrapper.framework/Versions/A/SecCodeWrapper
0x00000000046d8000 	/System/Library/PrivateFrameworks/DiskManagement.framework/Versions/A/DiskManagement
0x00000000046d8000 	/System/Library/Frameworks/DirectoryService.framework/Versions/A/DirectoryService
0x00000000046d8000 	/System/Library/PrivateFrameworks/DiskImages.framework/Versions/A/DiskImages
0x00000000046d8000 	/System/Library/PrivateFrameworks/LoginUIKit.framework/Versions/A/Frameworks/LoginUICore.framework/Versions/A/LoginUICore
0x00000000046d8000 	/usr/lib/libCoreStorage.dylib
0x00000000046d8000 	/usr/lib/libcsfde.dylib
0x00000000046d8000 	/usr/lib/libodfde.dylib
0x00000000046d8000 	/System/Library/PrivateFrameworks/MediaKit.framework/Versions/A/MediaKit
0x00000000046d8000 	/System/Library/Frameworks/DiscRecording.framework/Versions/A/DiscRecording
0x00000000046d8000 	/System/Library/PrivateFrameworks/EFILogin.framework/Versions/A/EFILogin
0x00000000046d8000 	/System/Library/PrivateFrameworks/ProtectedCloudStorage.framework/Versions/A/ProtectedCloudStorage
0x00000000046d8000 	/usr/lib/libcurl.4.dylib
0x00000000046d8000 	/usr/lib/libcrypto.35.dylib
0x00000000046d8000 	/usr/lib/libssl.35.dylib
0x00000000046d8000 	/System/Library/Frameworks/LDAP.framework/Versions/A/LDAP
0x00000000046d8000 	/System/Library/PrivateFrameworks/TrustEvaluationAgent.framework/Versions/A/TrustEvaluationAgent
0x00000000046d8000 	/usr/lib/libsasl2.2.dylib
0x00000000046d8000 	/System/Library/PrivateFrameworks/CoreDaemon.framework/Versions/B/CoreDaemon
0x00000000046d8000 	/System/Library/PrivateFrameworks/AppleSRP.framework/Versions/A/AppleSRP
0x00000000046d8000 	/System/Library/Frameworks/OpenGL.framework/Versions/A/Resources/GLEngine.bundle/GLEngine
0x00000000046d8000 	/System/Library/Frameworks/OpenGL.framework/Versions/A/Libraries/libGLProgrammability.dylib
0x000000011acaa000 	/System/Library/Extensions/AppleIntelHD5000GraphicsGLDriver.bundle/Contents/MacOS/AppleIntelHD5000GraphicsGLDriver
0x00000000046d8000 	/System/Library/PrivateFrameworks/GPUSupport.framework/Versions/A/Libraries/libGPUSupportMercury.dylib
0x00000000046d8000 	/System/Library/Frameworks/OpenGL.framework/Versions/A/Resources/GLRendererFloat.bundle/GLRendererFloat
0x00000000046d8000 	/System/Library/Frameworks/OpenCL.framework/Versions/A/Libraries/libcldcpuengine.dylib
0x000000012ade8000 	/Library/Java/JavaVirtualMachines/jdk1.8.0_151.jdk/Contents/Home/jre/lib/libfontmanager.dylib
0x00000000046d8000 	/System/Library/PrivateFrameworks/ViewBridge.framework/Versions/A/ViewBridge
0x000000012c20e000 	/Library/Java/JavaVirtualMachines/jdk1.8.0_151.jdk/Contents/Home/jre/lib/libosxui.dylib
0x000000012d09f000 	/Library/Java/JavaVirtualMachines/jdk1.8.0_151.jdk/Contents/Home/jre/lib/libnet.dylib
0x000000012cee8000 	/Library/Java/JavaVirtualMachines/jdk1.8.0_151.jdk/Contents/Home/jre/lib/libnio.dylib
0x000000011992b000 	/private/var/folders/2b/rxb1vsr90zqgm70cphy2n7sh0000gn/T/jogamp_0000/file_cache/jln8317936179614284879/jln2788570688814914432/libgluegen-rt.jnilib
0x0000000119930000 	/private/var/folders/2b/rxb1vsr90zqgm70cphy2n7sh0000gn/T/jogamp_0000/file_cache/jln8317936179614284879/jln2788570688814914432/libnativewindow_awt.jnilib
0x0000000119933000 	/Library/Java/JavaVirtualMachines/jdk1.8.0_151.jdk/Contents/Home/jre/lib/libjawt.dylib
0x0000000119936000 	/private/var/folders/2b/rxb1vsr90zqgm70cphy2n7sh0000gn/T/jogamp_0000/file_cache/jln8317936179614284879/jln2788570688814914432/libnativewindow_macosx.jnilib
0x0000000198b4f000 	/private/var/folders/2b/rxb1vsr90zqgm70cphy2n7sh0000gn/T/jogamp_0000/file_cache/jln8317936179614284879/jln2788570688814914432/libjogl_desktop.jnilib
0x000000011a33c000 	/Library/Java/JavaVirtualMachines/jdk1.8.0_151.jdk/Contents/Home/jre/lib/libsunec.dylib
0x000000019e96c000 	/Library/Java/JavaVirtualMachines/jdk1.8.0_151.jdk/Contents/Home/jre/lib/libt2k.dylib

VM Arguments:
jvm_args: -Djava.security.policy=java.policy.applet -Dfile.encoding=UTF-8 
java_command: sun.applet.AppletViewer module5.EarthquakeCityMap1531629989397.html
java_class_path (initial): /Library/Java/JavaVirtualMachines/jdk1.8.0_151.jdk/Contents/Home/jre/lib/resources.jar:/Library/Java/JavaVirtualMachines/jdk1.8.0_151.jdk/Contents/Home/jre/lib/rt.jar:/Library/Java/JavaVirtualMachines/jdk1.8.0_151.jdk/Contents/Home/jre/lib/jsse.jar:/Library/Java/JavaVirtualMachines/jdk1.8.0_151.jdk/Contents/Home/jre/lib/jce.jar:/Library/Java/JavaVirtualMachines/jdk1.8.0_151.jdk/Contents/Home/jre/lib/charsets.jar:/Library/Java/JavaVirtualMachines/jdk1.8.0_151.jdk/Contents/Home/jre/lib/jfr.jar:/Library/Java/JavaVirtualMachines/jdk1.8.0_151.jdk/Contents/Home/jre/lib/ext/sunec.jar:/Library/Java/JavaVirtualMachines/jdk1.8.0_151.jdk/Contents/Home/jre/lib/ext/nashorn.jar:/Library/Java/JavaVirtualMachines/jdk1.8.0_151.jdk/Contents/Home/jre/lib/ext/cldrdata.jar:/Library/Java/JavaVirtualMachines/jdk1.8.0_151.jdk/Contents/Home/jre/lib/ext/jfxrt.jar:/Library/Java/JavaVirtualMachines/jdk1.8.0_151.jdk/Contents/Home/jre/lib/ext/dnsns.jar:/Library/Java/JavaVirtualMachines/jdk1.8.0_151.jdk/Contents/Home/jre/lib/ext/localedata.jar:/Library/Java/JavaVirtualMachines/jdk1.8.0_151.jdk/Contents/Home/jre/lib/ext/sunjce_provider.jar:/Library/Java/JavaVirtualMachines/jdk1.8.0_151.jdk/Contents/Home/jre/lib/ext/sunpkcs11.jar:/Library/Java/JavaVirtualMachines/jdk1.8.0_151.jdk/Contents/Home/jre/lib/ext/jaccess.jar:/Library/Java/JavaVirtualMachines/jdk1.8.0_151.jdk/Contents/Home/jre/lib/ext/zipfs.jar:/System/Library/Java/Extensions/MRJToolkit.jar:/Users/yunsangil/Documents/computing/JAVA/UCSDUnfoldingMaps/build:/Users/yunsangil/Documents/computing/JAVA/UCSDUnfoldingMaps/lib/core.jar:/Users/yunsangil/Documents/computing/JAVA/UCSDUnfoldingMaps/lib/gluegen-rt.jar:/Users/yunsangil/Documents/computing/JAVA/UCSDUnfoldingMaps/lib/jogl-all.jar:/Users/yunsangil/Documents/computing/JAVA/UCSDUnfoldingMaps/lib/log4j-1.2.15.jar:/Users/yunsangil/Documents/computing/JAVA/UCSDUnfoldingMaps/lib/sqlite-jdbc-3.7.2.jar:/Users/yunsangil/Documents/computing/JAVA/UCSDUnfoldingMaps/lib/json4
Launcher Type: SUN_STANDARD

Environment Variables:
PATH=/usr/bin:/bin:/usr/sbin:/sbin
SHELL=/bin/bash

Signal Handlers:
SIGSEGV: [libjvm.dylib+0x5b27a5], sa_mask[0]=11111111011111110111111111111111, sa_flags=SA_ONSTACK|SA_RESTART|SA_SIGINFO
SIGBUS: [libjvm.dylib+0x5b27a5], sa_mask[0]=11111111011111110111111111111111, sa_flags=SA_RESTART|SA_SIGINFO
SIGFPE: [libjvm.dylib+0x4891c4], sa_mask[0]=11111111011111110111111111111111, sa_flags=SA_RESTART|SA_SIGINFO
SIGPIPE: [libjvm.dylib+0x4891c4], sa_mask[0]=11111111011111110111111111111111, sa_flags=SA_RESTART|SA_SIGINFO
SIGXFSZ: [libjvm.dylib+0x4891c4], sa_mask[0]=11111111011111110111111111111111, sa_flags=SA_RESTART|SA_SIGINFO
SIGILL: [libjvm.dylib+0x4891c4], sa_mask[0]=11111111011111110111111111111111, sa_flags=SA_RESTART|SA_SIGINFO
SIGUSR1: SIG_DFL, sa_mask[0]=00000000000000000000000000000000, sa_flags=none
SIGUSR2: [libjvm.dylib+0x488ce2], sa_mask[0]=00100000000000000000000000000000, sa_flags=SA_RESTART|SA_SIGINFO
SIGHUP: [libjvm.dylib+0x4872b9], sa_mask[0]=11111111011111110111111111111111, sa_flags=SA_RESTART|SA_SIGINFO
SIGINT: [libjvm.dylib+0x4872b9], sa_mask[0]=11111111011111110111111111111111, sa_flags=SA_RESTART|SA_SIGINFO
SIGTERM: [libjvm.dylib+0x4872b9], sa_mask[0]=11111111011111110111111111111111, sa_flags=SA_RESTART|SA_SIGINFO
SIGQUIT: [libjvm.dylib+0x4872b9], sa_mask[0]=11111111011111110111111111111111, sa_flags=SA_RESTART|SA_SIGINFO


---------------  S Y S T E M  ---------------

OS:Bsduname:Darwin 17.6.0 Darwin Kernel Version 17.6.0: Tue May  8 15:22:16 PDT 2018; root:xnu-4570.61.1~1/RELEASE_X86_64 x86_64
rlimit: STACK 8192k, CORE 0k, NPROC 709, NOFILE 10240, AS infinity
load average:2.55 2.16 2.10

CPU:total 4 (initial active 4) (2 cores per cpu, 2 threads per core) family 6 model 69 stepping 1, cmov, cx8, fxsr, mmx, sse, sse2, sse3, ssse3, sse4.1, sse4.2, popcnt, avx, avx2, aes, clmul, erms, lzcnt, ht, tsc, tscinvbit, bmi1, bmi2

Memory: 4k page, physical 8388608k(717408k free)

/proc/meminfo:


vm_info: Java HotSpot(TM) 64-Bit Server VM (25.151-b12) for bsd-amd64 JRE (1.8.0_151-b12), built on Sep  5 2017 19:37:08 by "java_re" with gcc 4.2.1 (Based on Apple Inc. build 5658) (LLVM build 2336.11.00)

time: Sun Jul 15 13:47:15 2018
elapsed time: 45 seconds (0d 0h 0m 45s)

