#
# A fatal error has been detected by the Java Runtime Environment:
#
#  SIGSEGV (0xb) at pc=0x00007fff5345be9d, pid=18827, tid=0x0000000000000307
#
# JRE version: Java(TM) SE Runtime Environment (8.0_151-b12) (build 1.8.0_151-b12)
# Java VM: Java HotSpot(TM) 64-Bit Server VM (25.151-b12 mixed mode bsd-amd64 compressed oops)
# Problematic frame:
# C  [libobjc.A.dylib+0x6e9d]  objc_msgSend+0x1d
#
# Failed to write core dump. Core dumps have been disabled. To enable core dumping, try "ulimit -c unlimited" before starting Java again
#
# If you would like to submit a bug report, please visit:
#   http://bugreport.java.com/bugreport/crash.jsp
# The crash happened outside the Java Virtual Machine in native code.
# See problematic frame for where to report the bug.
#

---------------  T H R E A D  ---------------

Current thread (0x00007f9d9b0fd000):  JavaThread "AWT-AppKit" daemon [_thread_in_native, id=775, stack(0x00007ffeea75b000,0x00007ffeeaf5b000)]

siginfo: si_signo: 11 (SIGSEGV), si_code: 1 (SEGV_MAPERR), si_addr: 0x000007f9d9955cd8

Registers:
RAX=0x00007f9d9eaa08c0, RBX=0x000000018cf44450, RCX=0x0000000000000001, RDX=0x0000000000000000
RSP=0x00007ffeeaf55cc8, RBP=0x00007ffeeaf55d80, RSI=0x00007fff2a4aa31e, RDI=0x00007f9d9ebd0590
R8 =0x0000000000000000, R9 =0x0000000000000000, R10=0x000007f9d9955cc0, R11=0x00007fff2a4aa31e
R12=0x0000000000000000, R13=0x000000018e8054f0, R14=0x000000018cf44440, R15=0x00007f9d9b0fd000
RIP=0x00007fff5345be9d, EFLAGS=0x0000000000010206, ERR=0x0000000000000004
  TRAPNO=0x000000000000000e

Top of Stack: (sp=0x00007ffeeaf55cc8)
0x00007ffeeaf55cc8:   000000018cf42157 00007ffeeaf55d20
0x00007ffeeaf55cd8:   0000000000000003 00007ffeeaf55d00
0x00007ffeeaf55ce8:   00000001057f392e 000000018e8054f0
0x00007ffeeaf55cf8:   000000018e8054f0 00007f9d9eaa08c0
0x00007ffeeaf55d08:   000000018cf446a0 000000018cf44710
0x00007ffeeaf55d18:   00007fff8634ab38 00007fff87a99178
0x00007ffeeaf55d28:   000000018cf44450 000000018cf44690
0x00007ffeeaf55d38:   00007f9d9eaa08c0 00007f9d9ebd0590
0x00007ffeeaf55d48:   00007f9d9962cc60 00007f9d9eaa08c0
0x00007ffeeaf55d58:   00007f9d9ebd0590 00007ffeeaf55e08
0x00007ffeeaf55d68:   00007f9d9b0fd1f8 000000018e8054f0
0x00007ffeeaf55d78:   00007ffeeaf55e30 00007ffeeaf55df8
0x00007ffeeaf55d88:   000000010a09a9f4 000000018e8054f0
0x00007ffeeaf55d98:   00007ffeeaf55e30 00007ffeeaf55df8
0x00007ffeeaf55da8:   000000010a09a787 000000010a09a742
0x00007ffeeaf55db8:   00007ffeeaf55db8 000000018e8054f0
0x00007ffeeaf55dc8:   00007ffeeaf55e30 000000018e808128
0x00007ffeeaf55dd8:   0000000000000000 000000018e8054f0
0x00007ffeeaf55de8:   0000000000000000 00007ffeeaf55e18
0x00007ffeeaf55df8:   00007ffeeaf55e78 000000010a08b2bd
0x00007ffeeaf55e08:   0000000740466328 000000010a094538
0x00007ffeeaf55e18:   00007f9d9eaa08c0 00007ffeeaf55e78
0x00007ffeeaf55e28:   00007f9d9ebd0590 000000010a095e02
0x00007ffeeaf55e38:   00007ffeeaf55e38 000000018e8056ba
0x00007ffeeaf55e48:   00007ffeeaf55ea0 000000018e808128
0x00007ffeeaf55e58:   0000000000000000 000000018e8056c8
0x00007ffeeaf55e68:   00007ffeeaf55e18 00007ffeeaf55e88
0x00007ffeeaf55e78:   00007ffeeaf55ee8 000000010a08b2bd
0x00007ffeeaf55e88:   00007f9d9eaa08c0 00000007403cd458
0x00007ffeeaf55e98:   00007f9d9ebd0590 00000007403cd458
0x00007ffeeaf55ea8:   00007ffeeaf55ea8 000000019601b856
0x00007ffeeaf55eb8:   00007ffeeaf55ef8 000000019601b910 

Instructions: (pc=0x00007fff5345be9d)
0x00007fff5345be7d:   0f 1f 00 48 85 ff 2e 74 62 40 f6 c7 01 2e 75 66
0x00007fff5345be8d:   49 ba f8 ff ff ff ff 7f 00 00 4c 23 17 49 89 f3
0x00007fff5345be9d:   45 23 5a 18 49 c1 e3 04 4d 03 5a 10 49 3b 33 75
0x00007fff5345bead:   04 41 ff 63 08 49 83 3b 01 76 0d 49 83 c3 10 49 

Register to memory mapping:

RAX=0x00007f9d9eaa08c0 is an unknown value
RBX=0x000000018cf44450: Java_jogamp_nativewindow_macosx_OSXUtil_GetScreenRefreshRate0+0x1cf0 in /private/var/folders/2b/rxb1vsr90zqgm70cphy2n7sh0000gn/T/jogamp_0000/file_cache/jln2412599162004808445/jln3237106776455063596/libnativewindow_macosx.jnilib at 0x000000018cf3d000
RCX=0x0000000000000001 is an unknown value
RDX=0x0000000000000000 is an unknown value
RSP=0x00007ffeeaf55cc8 is pointing into the stack for thread: 0x00007f9d9b0fd000
RBP=0x00007ffeeaf55d80 is pointing into the stack for thread: 0x00007f9d9b0fd000
RSI=0x00007fff2a4aa31e: .str.41.llvm.DC87FEEF+0x43861 in /System/Library/Frameworks/AppKit.framework/Versions/C/AppKit at 0x00007fff297d0000
RDI=0x00007f9d9ebd0590 is an unknown value
R8 =0x0000000000000000 is an unknown value
R9 =0x0000000000000000 is an unknown value
R10=0x000007f9d9955cc0 is an unknown value
R11=0x00007fff2a4aa31e: .str.41.llvm.DC87FEEF+0x43861 in /System/Library/Frameworks/AppKit.framework/Versions/C/AppKit at 0x00007fff297d0000
R12=0x0000000000000000 is an unknown value
R13={method} {0x000000018e8054f0} 'UnsetJAWTRootSurfaceLayer0' '(JJ)V' in 'jogamp/nativewindow/jawt/macosx/MacOSXJAWTWindow'
R14=0x000000018cf44440: Java_jogamp_nativewindow_macosx_OSXUtil_GetScreenRefreshRate0+0x1ce0 in /private/var/folders/2b/rxb1vsr90zqgm70cphy2n7sh0000gn/T/jogamp_0000/file_cache/jln2412599162004808445/jln3237106776455063596/libnativewindow_macosx.jnilib at 0x000000018cf3d000
R15=0x00007f9d9b0fd000 is a thread


Stack: [0x00007ffeea75b000,0x00007ffeeaf5b000],  sp=0x00007ffeeaf55cc8,  free space=8171k
Native frames: (J=compiled Java code, j=interpreted, Vv=VM code, C=native code)
C  [libobjc.A.dylib+0x6e9d]  objc_msgSend+0x1d
j  jogamp.nativewindow.jawt.macosx.MacOSXJAWTWindow.UnsetJAWTRootSurfaceLayer0(JJ)V+0
j  jogamp.nativewindow.jawt.macosx.MacOSXJAWTWindow.access$200(JJ)V+2
j  jogamp.nativewindow.jawt.macosx.MacOSXJAWTWindow$1.run()V+38
J 2082 C1 com.jogamp.common.util.RunnableTask.run()V (345 bytes) @ 0x000000010a7deaf4 [0x000000010a7de960+0x194]
v  ~StubRoutines::call_stub
V  [libjvm.dylib+0x2ee9aa]  JavaCalls::call_helper(JavaValue*, methodHandle*, JavaCallArguments*, Thread*)+0x6ae
V  [libjvm.dylib+0x325b59]  jni_invoke_nonstatic(JNIEnv_*, JavaValue*, _jobject*, JNICallType, _jmethodID*, JNI_ArgumentPusher*, Thread*)+0x2ec
V  [libjvm.dylib+0x318327]  jni_CallVoidMethod+0x16b
C  [libnativewindow_macosx.jnilib+0x5326]  Java_jogamp_nativewindow_jawt_macosx_MacOSXJAWTWindow_UnsetJAWTRootSurfaceLayer0+0x2b6
C  [Foundation+0x682b5]  __NSThreadPerformPerform+0x14e
C  [CoreFoundation+0xa3a61]  __CFRUNLOOP_IS_CALLING_OUT_TO_A_SOURCE0_PERFORM_FUNCTION__+0x11
C  [CoreFoundation+0x15d47c]  __CFRunLoopDoSource0+0x6c
C  [CoreFoundation+0x864c0]  __CFRunLoopDoSources0+0xd0
C  [CoreFoundation+0x8593d]  __CFRunLoopRun+0x50d
C  [CoreFoundation+0x851a3]  CFRunLoopRunSpecific+0x1e3
C  [HIToolbox+0x2fd96]  RunCurrentEventLoopInMode+0x11e
C  [HIToolbox+0x2fa0f]  ReceiveNextEventCommon+0x16e
C  [HIToolbox+0x2f884]  _BlockUntilNextEventMatchingListInModeWithFilter+0x40
C  [AppKit+0x41a73]  _DPSNextEvent+0x825
C  [AppKit+0x7d7e34]  -[NSApplication(NSEvent) _nextEventMatchingEventMask:untilDate:inMode:dequeue:]+0xbe4
C  [libosxapp.dylib+0x23aa]  -[NSApplicationAWT nextEventMatchingMask:untilDate:inMode:dequeue:]+0x7c
C  [AppKit+0x36885]  -[NSApplication run]+0x2fc
C  [libosxapp.dylib+0x214d]  +[NSApplicationAWT runAWTLoopWithApp:]+0x9c
C  [libawt_lwawt.dylib+0x45edf]  -[AWTStarter starter:]+0x389
C  [Foundation+0x682b5]  __NSThreadPerformPerform+0x14e
C  [CoreFoundation+0xa3a61]  __CFRUNLOOP_IS_CALLING_OUT_TO_A_SOURCE0_PERFORM_FUNCTION__+0x11
C  [CoreFoundation+0x15d47c]  __CFRunLoopDoSource0+0x6c
C  [CoreFoundation+0x864c0]  __CFRunLoopDoSources0+0xd0
C  [CoreFoundation+0x8593d]  __CFRunLoopRun+0x50d
C  [CoreFoundation+0x851a3]  CFRunLoopRunSpecific+0x1e3
C  [java+0x6465]  CreateExecutionEnvironment+0x367
C  [java+0x218c]  JLI_Launch+0x7a0
C  [java+0x84c2]  main+0x65
C  [java+0x19e4]  start+0x34
C  0x0000000000000007

Java frames: (J=compiled Java code, j=interpreted, Vv=VM code)
j  jogamp.nativewindow.jawt.macosx.MacOSXJAWTWindow.UnsetJAWTRootSurfaceLayer0(JJ)V+0
j  jogamp.nativewindow.jawt.macosx.MacOSXJAWTWindow.access$200(JJ)V+2
j  jogamp.nativewindow.jawt.macosx.MacOSXJAWTWindow$1.run()V+38
J 2082 C1 com.jogamp.common.util.RunnableTask.run()V (345 bytes) @ 0x000000010a7deaf4 [0x000000010a7de960+0x194]
v  ~StubRoutines::call_stub

---------------  P R O C E S S  ---------------

Java Threads: ( => current thread )
  0x00007f9d8c4b7000 JavaThread "Thread-20" [_thread_blocked, id=56355, stack(0x000070000f7ce000,0x000070000f8ce000)]
  0x00007f9d9aa3f000 JavaThread "AWT-EventQueue-1" [_thread_in_native, id=72211, stack(0x0000700010f1c000,0x000070001101c000)]
  0x00007f9d9b1e1000 JavaThread "DestroyJavaVM" [_thread_blocked, id=6915, stack(0x000070000f8d4000,0x000070000f9d4000)]
  0x00007f9d9b162800 JavaThread "AWT-EventQueue-0" [_thread_blocked, id=53011, stack(0x0000700010d16000,0x0000700010e16000)]
  0x00007f9d9b161800 JavaThread "Java2D Disposer" daemon [_thread_blocked, id=80143, stack(0x0000700010a8d000,0x0000700010b8d000)]
  0x00007f9d9a1d2800 JavaThread "Java2D Queue Flusher" daemon [_thread_blocked, id=45827, stack(0x000070001098a000,0x0000700010a8a000)]
  0x00007f9d9a13f800 JavaThread "AWT-Shutdown" [_thread_blocked, id=26411, stack(0x0000700010781000,0x0000700010881000)]
=>0x00007f9d9b0fd000 JavaThread "AWT-AppKit" daemon [_thread_in_native, id=775, stack(0x00007ffeea75b000,0x00007ffeeaf5b000)]
  0x00007f9d9a80b000 JavaThread "Service Thread" daemon [_thread_blocked, id=13571, stack(0x00007000104f8000,0x00007000105f8000)]
  0x00007f9d9a81d800 JavaThread "C1 CompilerThread2" daemon [_thread_blocked, id=13059, stack(0x00007000103f5000,0x00007000104f5000)]
  0x00007f9d9a81c800 JavaThread "C2 CompilerThread1" daemon [_thread_in_native, id=16899, stack(0x00007000102f2000,0x00007000103f2000)]
  0x00007f9d9a81b000 JavaThread "C2 CompilerThread0" daemon [_thread_in_native, id=17411, stack(0x00007000101ef000,0x00007000102ef000)]
  0x00007f9d9a808800 JavaThread "Signal Dispatcher" daemon [_thread_blocked, id=17927, stack(0x00007000100ec000,0x00007000101ec000)]
  0x00007f9d9a050800 JavaThread "Finalizer" daemon [_thread_blocked, id=20227, stack(0x000070000ffe9000,0x00007000100e9000)]
  0x00007f9d9a04d800 JavaThread "Reference Handler" daemon [_thread_blocked, id=11267, stack(0x000070000fee6000,0x000070000ffe6000)]

Other Threads:
  0x00007f9d9a04b000 VMThread [stack: 0x000070000fde3000,0x000070000fee3000] [id=20739]
  0x00007f9d9a838800 WatcherThread [stack: 0x00007000105fb000,0x00007000106fb000] [id=16387]

VM state:not at safepoint (normal execution)

VM Mutex/Monitor currently owned by a thread: None

Heap:
 PSYoungGen      total 656384K, used 56760K [0x0000000795580000, 0x00000007c0000000, 0x00000007c0000000)
  eden space 645632K, 7% used [0x0000000795580000,0x0000000798270358,0x00000007bcc00000)
  from space 10752K, 99% used [0x00000007bcc00000,0x00000007bd67e018,0x00000007bd680000)
  to   space 15360K, 0% used [0x00000007bf100000,0x00000007bf100000,0x00000007c0000000)
 ParOldGen       total 50176K, used 25943K [0x0000000740000000, 0x0000000743100000, 0x0000000795580000)
  object space 50176K, 51% used [0x0000000740000000,0x0000000741955f10,0x0000000743100000)
 Metaspace       used 31338K, capacity 31755K, committed 31920K, reserved 1079296K
  class space    used 2580K, capacity 2715K, committed 2736K, reserved 1048576K

Card table byte_map: [0x0000000106967000,0x0000000106d68000] byte_map_base: 0x0000000102f67000

Marking Bits: (ParMarkBitMap*) 0x0000000105ef35d0
 Begin Bits: [0x0000000119083000, 0x000000011b083000)
 End Bits:   [0x000000011b083000, 0x000000011d083000)

Polling page: 0x0000000104d21000

CodeCache: size=245760Kb used=12664Kb max_used=12664Kb free=233095Kb
 bounds [0x000000010a083000, 0x000000010acf3000, 0x0000000119083000]
 total_blobs=4344 nmethods=3388 adapters=869
 compilation: enabled

Compilation events (10 events):
Event: 31.908 Thread 0x00007f9d9a81c800 3724       4       java.nio.Bits::byteOrder (20 bytes)
Event: 31.908 Thread 0x00007f9d9a81c800 nmethod 3724 0x000000010a469650 code [0x000000010a4697a0, 0x000000010a4697f8]
Event: 31.969 Thread 0x00007f9d9a81d800 3725       3       sun.java2d.pipe.RenderQueue::unlock (4 bytes)
Event: 31.970 Thread 0x00007f9d9a81d800 nmethod 3725 0x000000010a82bc90 code [0x000000010a82be20, 0x000000010a82c188]
Event: 32.093 Thread 0x00007f9d9a81b000 3726       4       de.fhpotsdam.unfolding.mapdisplay.Java2DMapDisplay::draw (331 bytes)
Event: 32.142 Thread 0x00007f9d9a81c800 3727 % !   4       de.fhpotsdam.unfolding.mapdisplay.Java2DMapDisplay::getVisibleKeys @ 419 (763 bytes)
Event: 32.243 Thread 0x00007f9d9a81d800 3728       3       java.awt.Rectangle::isEmpty (20 bytes)
Event: 32.243 Thread 0x00007f9d9a81d800 nmethod 3728 0x000000010a62f010 code [0x000000010a62f180, 0x000000010a62f370]
Event: 32.246 Thread 0x00007f9d9a81d800 3729       1       sun.java2d.SurfaceData::isValid (5 bytes)
Event: 32.251 Thread 0x00007f9d9a81d800 nmethod 3729 0x000000010a4ba4d0 code [0x000000010a4ba620, 0x000000010a4ba730]

GC Heap History (10 events):
Event: 13.179 GC heap before
{Heap before GC invocations=16 (full 1):
 PSYoungGen      total 481280K, used 480896K [0x0000000795580000, 0x00000007b4500000, 0x00000007c0000000)
  eden space 480768K, 100% used [0x0000000795580000,0x00000007b2b00000,0x00000007b2b00000)
  from space 512K, 25% used [0x00000007b4480000,0x00000007b44a0000,0x00000007b4500000)
  to   space 12288K, 0% used [0x00000007b2d00000,0x00000007b2d00000,0x00000007b3900000)
 ParOldGen       total 50176K, used 20122K [0x0000000740000000, 0x0000000743100000, 0x0000000795580000)
  object space 50176K, 40% used [0x0000000740000000,0x00000007413a6800,0x0000000743100000)
 Metaspace       used 23101K, capacity 23471K, committed 23856K, reserved 1071104K
  class space    used 2380K, capacity 2486K, committed 2608K, reserved 1048576K
Event: 13.181 GC heap after
Heap after GC invocations=16 (full 1):
 PSYoungGen      total 495104K, used 128K [0x0000000795580000, 0x00000007bb300000, 0x00000007c0000000)
  eden space 482816K, 0% used [0x0000000795580000,0x0000000795580000,0x00000007b2d00000)
  from space 12288K, 1% used [0x00000007b2d00000,0x00000007b2d20000,0x00000007b3900000)
  to   space 12288K, 0% used [0x00000007ba700000,0x00000007ba700000,0x00000007bb300000)
 ParOldGen       total 50176K, used 20122K [0x0000000740000000, 0x0000000743100000, 0x0000000795580000)
  object space 50176K, 40% used [0x0000000740000000,0x00000007413a6800,0x0000000743100000)
 Metaspace       used 23101K, capacity 23471K, committed 23856K, reserved 1071104K
  class space    used 2380K, capacity 2486K, committed 2608K, reserved 1048576K
}
Event: 14.387 GC heap before
{Heap before GC invocations=17 (full 1):
 PSYoungGen      total 495104K, used 482944K [0x0000000795580000, 0x00000007bb300000, 0x00000007c0000000)
  eden space 482816K, 100% used [0x0000000795580000,0x00000007b2d00000,0x00000007b2d00000)
  from space 12288K, 1% used [0x00000007b2d00000,0x00000007b2d20000,0x00000007b3900000)
  to   space 12288K, 0% used [0x00000007ba700000,0x00000007ba700000,0x00000007bb300000)
 ParOldGen       total 50176K, used 20122K [0x0000000740000000, 0x0000000743100000, 0x0000000795580000)
  object space 50176K, 40% used [0x0000000740000000,0x00000007413a6800,0x0000000743100000)
 Metaspace       used 23101K, capacity 23471K, committed 23856K, reserved 1071104K
  class space    used 2380K, capacity 2486K, committed 2608K, reserved 1048576K
Event: 14.389 GC heap after
Heap after GC invocations=17 (full 1):
 PSYoungGen      total 583168K, used 160K [0x0000000795580000, 0x00000007ba780000, 0x00000007c0000000)
  eden space 582656K, 0% used [0x0000000795580000,0x0000000795580000,0x00000007b8e80000)
  from space 512K, 31% used [0x00000007ba700000,0x00000007ba728000,0x00000007ba780000)
  to   space 11776K, 0% used [0x00000007b9080000,0x00000007b9080000,0x00000007b9c00000)
 ParOldGen       total 50176K, used 20122K [0x0000000740000000, 0x0000000743100000, 0x0000000795580000)
  object space 50176K, 40% used [0x0000000740000000,0x00000007413a6800,0x0000000743100000)
 Metaspace       used 23101K, capacity 23471K, committed 23856K, reserved 1071104K
  class space    used 2380K, capacity 2486K, committed 2608K, reserved 1048576K
}
Event: 15.908 GC heap before
{Heap before GC invocations=18 (full 1):
 PSYoungGen      total 583168K, used 582816K [0x0000000795580000, 0x00000007ba780000, 0x00000007c0000000)
  eden space 582656K, 100% used [0x0000000795580000,0x00000007b8e80000,0x00000007b8e80000)
  from space 512K, 31% used [0x00000007ba700000,0x00000007ba728000,0x00000007ba780000)
  to   space 11776K, 0% used [0x00000007b9080000,0x00000007b9080000,0x00000007b9c00000)
 ParOldGen       total 50176K, used 20122K [0x0000000740000000, 0x0000000743100000, 0x0000000795580000)
  object space 50176K, 40% used [0x0000000740000000,0x00000007413a6800,0x0000000743100000)
 Metaspace       used 23101K, capacity 23471K, committed 23856K, reserved 1071104K
  class space    used 2380K, capacity 2486K, committed 2608K, reserved 1048576K
Event: 15.909 GC heap after
Heap after GC invocations=18 (full 1):
 PSYoungGen      total 596480K, used 160K [0x0000000795580000, 0x00000007be880000, 0x00000007c0000000)
  eden space 584704K, 0% used [0x0000000795580000,0x0000000795580000,0x00000007b9080000)
  from space 11776K, 1% used [0x00000007b9080000,0x00000007b90a8000,0x00000007b9c00000)
  to   space 11264K, 0% used [0x00000007bdd80000,0x00000007bdd80000,0x00000007be880000)
 ParOldGen       total 50176K, used 20122K [0x0000000740000000, 0x0000000743100000, 0x0000000795580000)
  object space 50176K, 40% used [0x0000000740000000,0x00000007413a6800,0x0000000743100000)
 Metaspace       used 23101K, capacity 23471K, committed 23856K, reserved 1071104K
  class space    used 2380K, capacity 2486K, committed 2608K, reserved 1048576K
}
Event: 17.373 GC heap before
{Heap before GC invocations=19 (full 1):
 PSYoungGen      total 596480K, used 584864K [0x0000000795580000, 0x00000007be880000, 0x00000007c0000000)
  eden space 584704K, 100% used [0x0000000795580000,0x00000007b9080000,0x00000007b9080000)
  from space 11776K, 1% used [0x00000007b9080000,0x00000007b90a8000,0x00000007b9c00000)
  to   space 11264K, 0% used [0x00000007bdd80000,0x00000007bdd80000,0x00000007be880000)
 ParOldGen       total 50176K, used 20122K [0x0000000740000000, 0x0000000743100000, 0x0000000795580000)
  object space 50176K, 40% used [0x0000000740000000,0x00000007413a6800,0x0000000743100000)
 Metaspace       used 23101K, capacity 23471K, committed 23856K, reserved 1071104K
  class space    used 2380K, capacity 2486K, committed 2608K, reserved 1048576K
Event: 17.375 GC heap after
Heap after GC invocations=19 (full 1):
 PSYoungGen      total 649216K, used 224K [0x0000000795580000, 0x00000007be100000, 0x00000007c0000000)
  eden space 645632K, 0% used [0x0000000795580000,0x0000000795580000,0x00000007bcc00000)
  from space 3584K, 6% used [0x00000007bdd80000,0x00000007bddb8000,0x00000007be100000)
  to   space 10752K, 0% used [0x00000007bcc00000,0x00000007bcc00000,0x00000007bd680000)
 ParOldGen       total 50176K, used 20122K [0x0000000740000000, 0x0000000743100000, 0x0000000795580000)
  object space 50176K, 40% used [0x0000000740000000,0x00000007413a6800,0x0000000743100000)
 Metaspace       used 23101K, capacity 23471K, committed 23856K, reserved 1071104K
  class space    used 2380K, capacity 2486K, committed 2608K, reserved 1048576K
}
Event: 31.211 GC heap before
{Heap before GC invocations=20 (full 1):
 PSYoungGen      total 649216K, used 645856K [0x0000000795580000, 0x00000007be100000, 0x00000007c0000000)
  eden space 645632K, 100% used [0x0000000795580000,0x00000007bcc00000,0x00000007bcc00000)
  from space 3584K, 6% used [0x00000007bdd80000,0x00000007bddb8000,0x00000007be100000)
  to   space 10752K, 0% used [0x00000007bcc00000,0x00000007bcc00000,0x00000007bd680000)
 ParOldGen       total 50176K, used 20122K [0x0000000740000000, 0x0000000743100000, 0x0000000795580000)
  object space 50176K, 40% used [0x0000000740000000,0x00000007413a6800,0x0000000743100000)
 Metaspace       used 31292K, capacity 31755K, committed 31920K, reserved 1079296K
  class space    used 2573K, capacity 2715K, committed 2736K, reserved 1048576K
Event: 31.240 GC heap after
Heap after GC invocations=20 (full 1):
 PSYoungGen      total 656384K, used 10744K [0x0000000795580000, 0x00000007c0000000, 0x00000007c0000000)
  eden space 645632K, 0% used [0x0000000795580000,0x0000000795580000,0x00000007bcc00000)
  from space 10752K, 99% used [0x00000007bcc00000,0x00000007bd67e018,0x00000007bd680000)
  to   space 15360K, 0% used [0x00000007bf100000,0x00000007bf100000,0x00000007c0000000)
 ParOldGen       total 50176K, used 25943K [0x0000000740000000, 0x0000000743100000, 0x0000000795580000)
  object space 50176K, 51% used [0x0000000740000000,0x0000000741955f10,0x0000000743100000)
 Metaspace       used 31292K, capacity 31755K, committed 31920K, reserved 1079296K
  class space    used 2573K, capacity 2715K, committed 2736K, reserved 1048576K
}

Deoptimization events (10 events):
Event: 19.719 Thread 0x00007f9d9b4e0000 Uncommon trap: reason=unstable_if action=reinterpret pc=0x000000010a924774 method=java.util.concurrent.ConcurrentHashMap.get(Ljava/lang/Object;)Ljava/lang/Object; @ 138
Event: 19.896 Thread 0x00007f9d9aa3f000 Uncommon trap: reason=unstable_if action=reinterpret pc=0x000000010a9d7ec0 method=java.util.Vector.indexOf(Ljava/lang/Object;I)I @ 41
Event: 22.980 Thread 0x00007f9d9aa3f000 Uncommon trap: reason=unstable_if action=reinterpret pc=0x000000010a9ce5d4 method=processing.opengl.PGraphicsOpenGL$TessGeometry.polyIndexCheck(I)V @ 13
Event: 22.996 Thread 0x00007f9d9aa3f000 Uncommon trap: reason=unstable_if action=reinterpret pc=0x000000010a7b2614 method=de.fhpotsdam.unfolding.mapdisplay.Java2DMapDisplay.getTransformedPosition(FFZ)[F @ 1
Event: 23.036 Thread 0x00007f9d9aa3f000 Uncommon trap: reason=unstable_if action=reinterpret pc=0x000000010a9b8e60 method=processing.opengl.PGraphicsOpenGL$TessGeometry.polyVertexCheck(I)V @ 15
Event: 32.243 Thread 0x00007f9d9aa3f000 Uncommon trap: reason=unstable_if action=reinterpret pc=0x000000010a2741e8 method=com.jogamp.common.util.VersionNumber.compareTo(Lcom/jogamp/common/util/VersionNumber;)I @ 21
Event: 32.245 Thread 0x00007f9d9b162800 Uncommon trap: reason=unstable_if action=reinterpret pc=0x000000010a52edf0 method=java.awt.font.FontRenderContext.equals(Ljava/awt/font/FontRenderContext;)Z @ 2
Event: 32.275 Thread 0x00007f9d9a9a7000 Uncommon trap: reason=class_check action=maybe_recompile pc=0x000000010a5bb03c method=java.util.HashMap.putVal(ILjava/lang/Object;Ljava/lang/Object;ZZ)Ljava/lang/Object; @ 91
Event: 32.275 Thread 0x00007f9d9a9a7000 Uncommon trap: reason=class_check action=maybe_recompile pc=0x000000010a557bf0 method=java.util.HashMap.putVal(ILjava/lang/Object;Ljava/lang/Object;ZZ)Ljava/lang/Object; @ 91
Event: 32.297 Thread 0x00007f9d8c4b7000 Uncommon trap: reason=predicate action=maybe_recompile pc=0x000000010aaf0cd0 method=java.util.Vector.indexOf(Ljava/lang/Object;I)I @ 44

Internal exceptions (10 events):
Event: 0.446 Thread 0x00007f9d9980b800 Exception <a 'java/io/FileNotFoundException'> (0x00000007958171f0) thrown at [/Users/java_re/workspace/8-2-build-macosx-x86_64/jdk8u151/9699/hotspot/src/share/vm/prims/jni.cpp, line 709]
Event: 0.446 Thread 0x00007f9d9980b800 Exception <a 'java/io/FileNotFoundException'> (0x0000000795817d78) thrown at [/Users/java_re/workspace/8-2-build-macosx-x86_64/jdk8u151/9699/hotspot/src/share/vm/prims/jni.cpp, line 709]
Event: 0.653 Thread 0x00007f9d9980b800 Exception <a 'java/io/FileNotFoundException'> (0x0000000795a0e7c8) thrown at [/Users/java_re/workspace/8-2-build-macosx-x86_64/jdk8u151/9699/hotspot/src/share/vm/prims/jni.cpp, line 709]
Event: 3.483 Thread 0x00007f9d9a92a000 Exception <a 'java/lang/UnsatisfiedLinkError': com.jogamp.common.util.JarUtil.fixNativeLibAttribs(Ljava/lang/String;)Z> (0x0000000796c32720) thrown at [/Users/java_re/workspace/8-2-build-macosx-x86_64/jdk8u151/9699/hotspot/src/share/vm/prims/nativeLookup.
Event: 3.866 Thread 0x00007f9d9a050800 Exception <a 'java/lang/NullPointerException'> (0x00000007956a2ef8) thrown at [/Users/java_re/workspace/8-2-build-macosx-x86_64/jdk8u151/9699/hotspot/src/share/vm/interpreter/linkResolver.cpp, line 1183]
Event: 4.755 Thread 0x00007f9d9aa3f000 Exception <a 'java/io/FileNotFoundException'> (0x00000007960311d8) thrown at [/Users/java_re/workspace/8-2-build-macosx-x86_64/jdk8u151/9699/hotspot/src/share/vm/prims/jni.cpp, line 709]
Event: 4.755 Thread 0x00007f9d9aa3f000 Exception <a 'java/io/FileNotFoundException'> (0x0000000796037be8) thrown at [/Users/java_re/workspace/8-2-build-macosx-x86_64/jdk8u151/9699/hotspot/src/share/vm/prims/jni.cpp, line 709]
Event: 4.756 Thread 0x00007f9d9aa3f000 Implicit null exception at 0x000000010a268b36 to 0x000000010a268ef9
Event: 5.220 Thread 0x00007f9d9aa3f000 Implicit null exception at 0x000000010a44e986 to 0x000000010a44ebcd
Event: 18.225 Thread 0x00007f9d9b4de000 Implicit null exception at 0x000000010a26afb5 to 0x000000010a26b375

Events (10 events):
Event: 32.295 loading class java/awt/LightweightDispatcher$2
Event: 32.295 loading class java/awt/LightweightDispatcher$2 done
Event: 32.295 loading class java/awt/event/AWTEventListenerProxy
Event: 32.296 loading class java/awt/event/AWTEventListenerProxy done
Event: 32.296 Executing VM operation: Deoptimize
Event: 32.296 Executing VM operation: Deoptimize done
Event: 32.296 loading class java/awt/Toolkit$ToolkitEventMulticaster
Event: 32.296 loading class java/awt/Toolkit$ToolkitEventMulticaster done
Event: 32.297 Thread 0x00007f9d8c4b7000 Uncommon trap: trap_request=0xffffff86 fr.pc=0x000000010aaf0cd0
Event: 32.297 Thread 0x00007f9d8c4b7000 DEOPT PACKING pc=0x000000010aaf0cd0 sp=0x000070000f8cd770


Dynamic libraries:
0x00000000046d8000 	/System/Library/Frameworks/Cocoa.framework/Versions/A/Cocoa
0x00000000046d8000 	/System/Library/Frameworks/Security.framework/Versions/A/Security
0x00000000046d8000 	/System/Library/Frameworks/ApplicationServices.framework/Versions/A/ApplicationServices
0x00000000046d8000 	/usr/lib/libz.1.dylib
0x00000000046d8000 	/usr/lib/libSystem.B.dylib
0x00000000046d8000 	/usr/lib/libobjc.A.dylib
0x00000000046d8000 	/System/Library/Frameworks/CoreFoundation.framework/Versions/A/CoreFoundation
0x00000000046d8000 	/System/Library/Frameworks/Foundation.framework/Versions/C/Foundation
0x00000000046d8000 	/System/Library/Frameworks/AppKit.framework/Versions/C/AppKit
0x00000000046d8000 	/System/Library/Frameworks/CoreData.framework/Versions/A/CoreData
0x00000000046d8000 	/System/Library/PrivateFrameworks/RemoteViewServices.framework/Versions/A/RemoteViewServices
0x00000000046d8000 	/System/Library/PrivateFrameworks/UIFoundation.framework/Versions/A/UIFoundation
0x00000000046d8000 	/System/Library/PrivateFrameworks/DFRFoundation.framework/Versions/A/DFRFoundation
0x00000000046d8000 	/System/Library/Frameworks/Metal.framework/Versions/A/Metal
0x00000000046d8000 	/System/Library/PrivateFrameworks/DesktopServicesPriv.framework/Versions/A/DesktopServicesPriv
0x00000000046d8000 	/usr/lib/libenergytrace.dylib
0x00000000046d8000 	/System/Library/PrivateFrameworks/SkyLight.framework/Versions/A/SkyLight
0x00000000046d8000 	/System/Library/Frameworks/CoreGraphics.framework/Versions/A/CoreGraphics
0x00000000046d8000 	/usr/lib/libScreenReader.dylib
0x00000000046d8000 	/System/Library/Frameworks/Accelerate.framework/Versions/A/Accelerate
0x00000000046d8000 	/System/Library/Frameworks/IOSurface.framework/Versions/A/IOSurface
0x00000000046d8000 	/System/Library/Frameworks/AudioToolbox.framework/Versions/A/AudioToolbox
0x00000000046d8000 	/System/Library/Frameworks/AudioUnit.framework/Versions/A/AudioUnit
0x00000000046d8000 	/System/Library/PrivateFrameworks/DataDetectorsCore.framework/Versions/A/DataDetectorsCore
0x00000000046d8000 	/System/Library/Frameworks/Carbon.framework/Versions/A/Frameworks/HIToolbox.framework/Versions/A/HIToolbox
0x00000000046d8000 	/usr/lib/libicucore.A.dylib
0x00000000046d8000 	/System/Library/Frameworks/QuartzCore.framework/Versions/A/QuartzCore
0x00000000046d8000 	/System/Library/PrivateFrameworks/SignpostNotification.framework/Versions/A/SignpostNotification
0x00000000046d8000 	/System/Library/Frameworks/Carbon.framework/Versions/A/Frameworks/SpeechRecognition.framework/Versions/A/SpeechRecognition
0x00000000046d8000 	/usr/lib/libauto.dylib
0x00000000046d8000 	/usr/lib/libxml2.2.dylib
0x00000000046d8000 	/System/Library/PrivateFrameworks/CoreUI.framework/Versions/A/CoreUI
0x00000000046d8000 	/System/Library/Frameworks/CoreAudio.framework/Versions/A/CoreAudio
0x00000000046d8000 	/System/Library/Frameworks/DiskArbitration.framework/Versions/A/DiskArbitration
0x00000000046d8000 	/usr/lib/liblangid.dylib
0x00000000046d8000 	/System/Library/PrivateFrameworks/MultitouchSupport.framework/Versions/A/MultitouchSupport
0x00000000046d8000 	/System/Library/Frameworks/IOKit.framework/Versions/A/IOKit
0x00000000046d8000 	/usr/lib/libDiagnosticMessagesClient.dylib
0x00000000046d8000 	/System/Library/Frameworks/CoreServices.framework/Versions/A/CoreServices
0x00000000046d8000 	/System/Library/PrivateFrameworks/PerformanceAnalysis.framework/Versions/A/PerformanceAnalysis
0x00000000046d8000 	/System/Library/Frameworks/OpenGL.framework/Versions/A/OpenGL
0x00000000046d8000 	/System/Library/Frameworks/ColorSync.framework/Versions/A/ColorSync
0x00000000046d8000 	/System/Library/Frameworks/CoreImage.framework/Versions/A/CoreImage
0x00000000046d8000 	/System/Library/Frameworks/CoreText.framework/Versions/A/CoreText
0x00000000046d8000 	/System/Library/Frameworks/ImageIO.framework/Versions/A/ImageIO
0x00000000046d8000 	/System/Library/PrivateFrameworks/Backup.framework/Versions/A/Backup
0x00000000046d8000 	/usr/lib/libarchive.2.dylib
0x00000000046d8000 	/System/Library/Frameworks/CFNetwork.framework/Versions/A/CFNetwork
0x00000000046d8000 	/System/Library/Frameworks/SystemConfiguration.framework/Versions/A/SystemConfiguration
0x00000000046d8000 	/usr/lib/libCRFSuite.dylib
0x00000000046d8000 	/usr/lib/libc++.1.dylib
0x00000000046d8000 	/usr/lib/libc++abi.dylib
0x00000000046d8000 	/usr/lib/system/libcache.dylib
0x00000000046d8000 	/usr/lib/system/libcommonCrypto.dylib
0x00000000046d8000 	/usr/lib/system/libcompiler_rt.dylib
0x00000000046d8000 	/usr/lib/system/libcopyfile.dylib
0x00000000046d8000 	/usr/lib/system/libcorecrypto.dylib
0x00000000046d8000 	/usr/lib/system/libdispatch.dylib
0x00000000046d8000 	/usr/lib/system/libdyld.dylib
0x00000000046d8000 	/usr/lib/system/libkeymgr.dylib
0x00000000046d8000 	/usr/lib/system/liblaunch.dylib
0x00000000046d8000 	/usr/lib/system/libmacho.dylib
0x00000000046d8000 	/usr/lib/system/libquarantine.dylib
0x00000000046d8000 	/usr/lib/system/libremovefile.dylib
0x00000000046d8000 	/usr/lib/system/libsystem_asl.dylib
0x00000000046d8000 	/usr/lib/system/libsystem_blocks.dylib
0x00000000046d8000 	/usr/lib/system/libsystem_c.dylib
0x00000000046d8000 	/usr/lib/system/libsystem_configuration.dylib
0x00000000046d8000 	/usr/lib/system/libsystem_coreservices.dylib
0x00000000046d8000 	/usr/lib/system/libsystem_darwin.dylib
0x00000000046d8000 	/usr/lib/system/libsystem_dnssd.dylib
0x00000000046d8000 	/usr/lib/system/libsystem_info.dylib
0x00000000046d8000 	/usr/lib/system/libsystem_m.dylib
0x00000000046d8000 	/usr/lib/system/libsystem_malloc.dylib
0x00000000046d8000 	/usr/lib/system/libsystem_network.dylib
0x00000000046d8000 	/usr/lib/system/libsystem_networkextension.dylib
0x00000000046d8000 	/usr/lib/system/libsystem_notify.dylib
0x00000000046d8000 	/usr/lib/system/libsystem_sandbox.dylib
0x00000000046d8000 	/usr/lib/system/libsystem_secinit.dylib
0x00000000046d8000 	/usr/lib/system/libsystem_kernel.dylib
0x00000000046d8000 	/usr/lib/system/libsystem_platform.dylib
0x00000000046d8000 	/usr/lib/system/libsystem_pthread.dylib
0x00000000046d8000 	/usr/lib/system/libsystem_symptoms.dylib
0x00000000046d8000 	/usr/lib/system/libsystem_trace.dylib
0x00000000046d8000 	/usr/lib/system/libunwind.dylib
0x00000000046d8000 	/usr/lib/system/libxpc.dylib
0x00000000046d8000 	/usr/lib/closure/libclosured.dylib
0x00000000046d8000 	/usr/lib/libbsm.0.dylib
0x00000000046d8000 	/usr/lib/system/libkxld.dylib
0x00000000046d8000 	/usr/lib/libOpenScriptingUtil.dylib
0x00000000046d8000 	/usr/lib/libcoretls.dylib
0x00000000046d8000 	/usr/lib/libcoretls_cfhelpers.dylib
0x00000000046d8000 	/usr/lib/libpam.2.dylib
0x00000000046d8000 	/usr/lib/libsqlite3.dylib
0x00000000046d8000 	/usr/lib/libxar.1.dylib
0x00000000046d8000 	/usr/lib/libbz2.1.0.dylib
0x00000000046d8000 	/usr/lib/liblzma.5.dylib
0x00000000046d8000 	/usr/lib/libnetwork.dylib
0x00000000046d8000 	/usr/lib/libapple_nghttp2.dylib
0x00000000046d8000 	/usr/lib/libpcap.A.dylib
0x00000000046d8000 	/usr/lib/libboringssl.dylib
0x00000000046d8000 	/usr/lib/libusrtcp.dylib
0x00000000046d8000 	/usr/lib/libapple_crypto.dylib
0x00000000046d8000 	/System/Library/Frameworks/CoreServices.framework/Versions/A/Frameworks/FSEvents.framework/Versions/A/FSEvents
0x00000000046d8000 	/System/Library/Frameworks/CoreServices.framework/Versions/A/Frameworks/CarbonCore.framework/Versions/A/CarbonCore
0x00000000046d8000 	/System/Library/Frameworks/CoreServices.framework/Versions/A/Frameworks/Metadata.framework/Versions/A/Metadata
0x00000000046d8000 	/System/Library/Frameworks/CoreServices.framework/Versions/A/Frameworks/OSServices.framework/Versions/A/OSServices
0x00000000046d8000 	/System/Library/Frameworks/CoreServices.framework/Versions/A/Frameworks/SearchKit.framework/Versions/A/SearchKit
0x00000000046d8000 	/System/Library/Frameworks/CoreServices.framework/Versions/A/Frameworks/AE.framework/Versions/A/AE
0x00000000046d8000 	/System/Library/Frameworks/CoreServices.framework/Versions/A/Frameworks/LaunchServices.framework/Versions/A/LaunchServices
0x00000000046d8000 	/System/Library/Frameworks/CoreServices.framework/Versions/A/Frameworks/DictionaryServices.framework/Versions/A/DictionaryServices
0x00000000046d8000 	/System/Library/Frameworks/CoreServices.framework/Versions/A/Frameworks/SharedFileList.framework/Versions/A/SharedFileList
0x00000000046d8000 	/System/Library/Frameworks/NetFS.framework/Versions/A/NetFS
0x00000000046d8000 	/System/Library/PrivateFrameworks/NetAuth.framework/Versions/A/NetAuth
0x00000000046d8000 	/System/Library/PrivateFrameworks/login.framework/Versions/A/Frameworks/loginsupport.framework/Versions/A/loginsupport
0x00000000046d8000 	/System/Library/PrivateFrameworks/TCC.framework/Versions/A/TCC
0x00000000046d8000 	/usr/lib/libmecabra.dylib
0x00000000046d8000 	/System/Library/Frameworks/ApplicationServices.framework/Versions/A/Frameworks/ATS.framework/Versions/A/ATS
0x00000000046d8000 	/System/Library/Frameworks/ApplicationServices.framework/Versions/A/Frameworks/ColorSyncLegacy.framework/Versions/A/ColorSyncLegacy
0x00000000046d8000 	/System/Library/Frameworks/ApplicationServices.framework/Versions/A/Frameworks/HIServices.framework/Versions/A/HIServices
0x00000000046d8000 	/System/Library/Frameworks/ApplicationServices.framework/Versions/A/Frameworks/LangAnalysis.framework/Versions/A/LangAnalysis
0x00000000046d8000 	/System/Library/Frameworks/ApplicationServices.framework/Versions/A/Frameworks/PrintCore.framework/Versions/A/PrintCore
0x00000000046d8000 	/System/Library/Frameworks/ApplicationServices.framework/Versions/A/Frameworks/QD.framework/Versions/A/QD
0x00000000046d8000 	/System/Library/Frameworks/ApplicationServices.framework/Versions/A/Frameworks/SpeechSynthesis.framework/Versions/A/SpeechSynthesis
0x00000000046d8000 	/System/Library/Frameworks/CoreDisplay.framework/Versions/A/CoreDisplay
0x00000000046d8000 	/System/Library/Frameworks/Accelerate.framework/Versions/A/Frameworks/vImage.framework/Versions/A/vImage
0x00000000046d8000 	/System/Library/Frameworks/Accelerate.framework/Versions/A/Frameworks/vecLib.framework/Versions/A/vecLib
0x00000000046d8000 	/System/Library/Frameworks/Accelerate.framework/Versions/A/Frameworks/vecLib.framework/Versions/A/libvDSP.dylib
0x00000000046d8000 	/System/Library/Frameworks/Accelerate.framework/Versions/A/Frameworks/vecLib.framework/Versions/A/libBNNS.dylib
0x00000000046d8000 	/System/Library/Frameworks/Accelerate.framework/Versions/A/Frameworks/vecLib.framework/Versions/A/libQuadrature.dylib
0x00000000046d8000 	/System/Library/Frameworks/Accelerate.framework/Versions/A/Frameworks/vecLib.framework/Versions/A/libvMisc.dylib
0x00000000046d8000 	/System/Library/Frameworks/Accelerate.framework/Versions/A/Frameworks/vecLib.framework/Versions/A/libLAPACK.dylib
0x00000000046d8000 	/System/Library/Frameworks/Accelerate.framework/Versions/A/Frameworks/vecLib.framework/Versions/A/libBLAS.dylib
0x00000000046d8000 	/System/Library/Frameworks/Accelerate.framework/Versions/A/Frameworks/vecLib.framework/Versions/A/libLinearAlgebra.dylib
0x00000000046d8000 	/System/Library/Frameworks/Accelerate.framework/Versions/A/Frameworks/vecLib.framework/Versions/A/libSparse.dylib
0x00000000046d8000 	/System/Library/Frameworks/Accelerate.framework/Versions/A/Frameworks/vecLib.framework/Versions/A/libSparseBLAS.dylib
0x00000000046d8000 	/System/Library/PrivateFrameworks/GPUWrangler.framework/Versions/A/GPUWrangler
0x00000000046d8000 	/System/Library/PrivateFrameworks/IOAccelerator.framework/Versions/A/IOAccelerator
0x00000000046d8000 	/System/Library/PrivateFrameworks/IOPresentment.framework/Versions/A/IOPresentment
0x00000000046d8000 	/System/Library/PrivateFrameworks/DSExternalDisplay.framework/Versions/A/DSExternalDisplay
0x00000000046d8000 	/System/Library/Frameworks/OpenGL.framework/Versions/A/Libraries/libCoreFSCache.dylib
0x00000000046d8000 	/System/Library/Frameworks/CoreVideo.framework/Versions/A/CoreVideo
0x00000000046d8000 	/System/Library/PrivateFrameworks/GraphVisualizer.framework/Versions/A/GraphVisualizer
0x00000000046d8000 	/System/Library/Frameworks/MetalPerformanceShaders.framework/Versions/A/MetalPerformanceShaders
0x00000000046d8000 	/usr/lib/libFosl_dynamic.dylib
0x00000000046d8000 	/System/Library/PrivateFrameworks/FaceCore.framework/Versions/A/FaceCore
0x00000000046d8000 	/System/Library/Frameworks/OpenCL.framework/Versions/A/OpenCL
0x00000000046d8000 	/usr/lib/libcompression.dylib
0x00000000046d8000 	/System/Library/Frameworks/ApplicationServices.framework/Versions/A/Frameworks/ATS.framework/Versions/A/Resources/libFontParser.dylib
0x00000000046d8000 	/System/Library/Frameworks/ApplicationServices.framework/Versions/A/Frameworks/ATS.framework/Versions/A/Resources/libFontRegistry.dylib
0x00000000046d8000 	/System/Library/Frameworks/ImageIO.framework/Versions/A/Resources/libJPEG.dylib
0x00000000046d8000 	/System/Library/Frameworks/ImageIO.framework/Versions/A/Resources/libTIFF.dylib
0x00000000046d8000 	/System/Library/Frameworks/ImageIO.framework/Versions/A/Resources/libPng.dylib
0x00000000046d8000 	/System/Library/Frameworks/ImageIO.framework/Versions/A/Resources/libGIF.dylib
0x00000000046d8000 	/System/Library/Frameworks/ImageIO.framework/Versions/A/Resources/libJP2.dylib
0x00000000046d8000 	/System/Library/Frameworks/ImageIO.framework/Versions/A/Resources/libRadiance.dylib
0x00000000046d8000 	/System/Library/PrivateFrameworks/AppleJPEG.framework/Versions/A/AppleJPEG
0x00000000046d8000 	/System/Library/Frameworks/MetalPerformanceShaders.framework/Frameworks/MPSCore.framework/Versions/A/MPSCore
0x00000000046d8000 	/System/Library/Frameworks/MetalPerformanceShaders.framework/Frameworks/MPSImage.framework/Versions/A/MPSImage
0x00000000046d8000 	/System/Library/Frameworks/MetalPerformanceShaders.framework/Frameworks/MPSNeuralNetwork.framework/Versions/A/MPSNeuralNetwork
0x00000000046d8000 	/System/Library/Frameworks/MetalPerformanceShaders.framework/Frameworks/MPSMatrix.framework/Versions/A/MPSMatrix
0x00000000046d8000 	/System/Library/PrivateFrameworks/MetalTools.framework/Versions/A/MetalTools
0x00000000046d8000 	/System/Library/Frameworks/OpenGL.framework/Versions/A/Libraries/libGLU.dylib
0x00000000046d8000 	/System/Library/Frameworks/OpenGL.framework/Versions/A/Libraries/libGFXShared.dylib
0x00000000046d8000 	/System/Library/Frameworks/OpenGL.framework/Versions/A/Libraries/libGL.dylib
0x00000000046d8000 	/System/Library/Frameworks/OpenGL.framework/Versions/A/Libraries/libGLImage.dylib
0x00000000046d8000 	/System/Library/Frameworks/OpenGL.framework/Versions/A/Libraries/libCVMSPluginSupport.dylib
0x00000000046d8000 	/System/Library/Frameworks/OpenGL.framework/Versions/A/Libraries/libCoreVMClient.dylib
0x00000000046d8000 	/usr/lib/libcups.2.dylib
0x00000000046d8000 	/System/Library/Frameworks/Kerberos.framework/Versions/A/Kerberos
0x00000000046d8000 	/System/Library/Frameworks/GSS.framework/Versions/A/GSS
0x00000000046d8000 	/usr/lib/libresolv.9.dylib
0x00000000046d8000 	/usr/lib/libiconv.2.dylib
0x00000000046d8000 	/System/Library/PrivateFrameworks/Heimdal.framework/Versions/A/Heimdal
0x00000000046d8000 	/usr/lib/libheimdal-asn1.dylib
0x00000000046d8000 	/System/Library/Frameworks/OpenDirectory.framework/Versions/A/OpenDirectory
0x00000000046d8000 	/System/Library/PrivateFrameworks/CommonAuth.framework/Versions/A/CommonAuth
0x00000000046d8000 	/System/Library/Frameworks/OpenDirectory.framework/Versions/A/Frameworks/CFOpenDirectory.framework/Versions/A/CFOpenDirectory
0x00000000046d8000 	/System/Library/Frameworks/SecurityFoundation.framework/Versions/A/SecurityFoundation
0x00000000046d8000 	/System/Library/PrivateFrameworks/APFS.framework/Versions/A/APFS
0x00000000046d8000 	/usr/lib/libutil.dylib
0x00000000046d8000 	/System/Library/PrivateFrameworks/AppleSauce.framework/Versions/A/AppleSauce
0x00000000046d8000 	/System/Library/PrivateFrameworks/LinguisticData.framework/Versions/A/LinguisticData
0x00000000046d8000 	/usr/lib/libmarisa.dylib
0x00000000046d8000 	/System/Library/PrivateFrameworks/Lexicon.framework/Versions/A/Lexicon
0x00000000046d8000 	/usr/lib/libChineseTokenizer.dylib
0x00000000046d8000 	/usr/lib/libcmph.dylib
0x00000000046d8000 	/System/Library/PrivateFrameworks/LanguageModeling.framework/Versions/A/LanguageModeling
0x00000000046d8000 	/System/Library/PrivateFrameworks/CoreEmoji.framework/Versions/A/CoreEmoji
0x00000000046d8000 	/System/Library/Frameworks/ServiceManagement.framework/Versions/A/ServiceManagement
0x00000000046d8000 	/System/Library/PrivateFrameworks/BackgroundTaskManagement.framework/Versions/A/BackgroundTaskManagement
0x00000000046d8000 	/usr/lib/libxslt.1.dylib
0x00000000046d8000 	/System/Library/Frameworks/Carbon.framework/Versions/A/Frameworks/Ink.framework/Versions/A/Ink
0x00000000046d8000 	/System/Library/PrivateFrameworks/TextureIO.framework/Versions/A/TextureIO
0x00000000046d8000 	/usr/lib/libate.dylib
0x00000000046d8000 	/System/Library/PrivateFrameworks/CrashReporterSupport.framework/Versions/A/CrashReporterSupport
0x00000000046d8000 	/System/Library/PrivateFrameworks/Sharing.framework/Versions/A/Sharing
0x00000000046d8000 	/System/Library/PrivateFrameworks/IconServices.framework/Versions/A/IconServices
0x00000000046d8000 	/System/Library/PrivateFrameworks/Apple80211.framework/Versions/A/Apple80211
0x00000000046d8000 	/System/Library/PrivateFrameworks/CoreUtils.framework/Versions/A/CoreUtils
0x00000000046d8000 	/System/Library/Frameworks/CoreWLAN.framework/Versions/A/CoreWLAN
0x00000000046d8000 	/System/Library/Frameworks/IOBluetooth.framework/Versions/A/IOBluetooth
0x00000000046d8000 	/System/Library/PrivateFrameworks/ProtocolBuffer.framework/Versions/A/ProtocolBuffer
0x00000000046d8000 	/System/Library/PrivateFrameworks/CoreWiFi.framework/Versions/A/CoreWiFi
0x00000000046d8000 	/System/Library/Frameworks/CoreBluetooth.framework/Versions/A/CoreBluetooth
0x00000000046d8000 	/System/Library/PrivateFrameworks/DebugSymbols.framework/Versions/A/DebugSymbols
0x00000000046d8000 	/System/Library/PrivateFrameworks/CoreSymbolication.framework/Versions/A/CoreSymbolication
0x00000000046d8000 	/System/Library/PrivateFrameworks/Symbolication.framework/Versions/A/Symbolication
0x00000000046d8000 	/System/Library/PrivateFrameworks/AppleFSCompression.framework/Versions/A/AppleFSCompression
0x00000000046d8000 	/System/Library/PrivateFrameworks/SpeechRecognitionCore.framework/Versions/A/SpeechRecognitionCore
0x0000000105600000 	/Library/Java/JavaVirtualMachines/jdk1.8.0_151.jdk/Contents/Home/jre/lib/server/libjvm.dylib
0x00000000046d8000 	/usr/lib/libstdc++.6.0.9.dylib
0x0000000104cde000 	/Library/Java/JavaVirtualMachines/jdk1.8.0_151.jdk/Contents/Home/jre/lib/libverify.dylib
0x0000000104cec000 	/Library/Java/JavaVirtualMachines/jdk1.8.0_151.jdk/Contents/Home/jre/lib/libjava.dylib
0x0000000104d6b000 	/Library/Java/JavaVirtualMachines/jdk1.8.0_151.jdk/Contents/Home/jre/lib/libzip.dylib
0x00000000046d8000 	/System/Library/Frameworks/JavaVM.framework/Versions/A/Frameworks/JavaRuntimeSupport.framework/Versions/A/JavaRuntimeSupport
0x00000000046d8000 	/System/Library/Frameworks/JavaVM.framework/Versions/A/Frameworks/JavaNativeFoundation.framework/Versions/A/JavaNativeFoundation
0x00000000046d8000 	/System/Library/Frameworks/JavaVM.framework/Versions/A/JavaVM
0x00000000046d8000 	/System/Library/Frameworks/Carbon.framework/Versions/A/Carbon
0x00000000046d8000 	/System/Library/PrivateFrameworks/JavaLaunching.framework/Versions/A/JavaLaunching
0x00000000046d8000 	/System/Library/Frameworks/Carbon.framework/Versions/A/Frameworks/CommonPanels.framework/Versions/A/CommonPanels
0x00000000046d8000 	/System/Library/Frameworks/Carbon.framework/Versions/A/Frameworks/Help.framework/Versions/A/Help
0x00000000046d8000 	/System/Library/Frameworks/Carbon.framework/Versions/A/Frameworks/ImageCapture.framework/Versions/A/ImageCapture
0x00000000046d8000 	/System/Library/Frameworks/Carbon.framework/Versions/A/Frameworks/OpenScripting.framework/Versions/A/OpenScripting
0x00000000046d8000 	/System/Library/Frameworks/Carbon.framework/Versions/A/Frameworks/Print.framework/Versions/A/Print
0x00000000046d8000 	/System/Library/Frameworks/Carbon.framework/Versions/A/Frameworks/SecurityHI.framework/Versions/A/SecurityHI
0x0000000108e9a000 	/Library/Java/JavaVirtualMachines/jdk1.8.0_151.jdk/Contents/Home/jre/lib/libawt.dylib
0x0000000108f42000 	/Library/Java/JavaVirtualMachines/jdk1.8.0_151.jdk/Contents/Home/jre/lib/./libmlib_image.dylib
0x000000010900e000 	/Library/Java/JavaVirtualMachines/jdk1.8.0_151.jdk/Contents/Home/jre/lib/libawt_lwawt.dylib
0x00000001090c5000 	/Library/Java/JavaVirtualMachines/jdk1.8.0_151.jdk/Contents/Home/jre/lib/./libosxapp.dylib
0x00000000046d8000 	/System/Library/Frameworks/ExceptionHandling.framework/Versions/A/ExceptionHandling
0x00000000046d8000 	/System/Library/PrivateFrameworks/CoreServicesInternal.framework/Versions/A/CoreServicesInternal
0x00000000046d8000 	/System/Library/CoreServices/RawCamera.bundle/Contents/MacOS/RawCamera
0x00000000046d8000 	/System/Library/PrivateFrameworks/MobileAsset.framework/Versions/A/MobileAsset
0x00000000046d8000 	/System/Library/PrivateFrameworks/StreamingZip.framework/Versions/A/StreamingZip
0x00000000046d8000 	/System/Library/Frameworks/MediaToolbox.framework/Versions/A/MediaToolbox
0x00000000046d8000 	/System/Library/PrivateFrameworks/CoreAVCHD.framework/Versions/A/CoreAVCHD
0x00000000046d8000 	/System/Library/Frameworks/MediaAccessibility.framework/Versions/A/MediaAccessibility
0x00000000046d8000 	/System/Library/PrivateFrameworks/Mangrove.framework/Versions/A/Mangrove
0x00000000046d8000 	/System/Library/Frameworks/CoreMedia.framework/Versions/A/CoreMedia
0x00000000046d8000 	/System/Library/Frameworks/VideoToolbox.framework/Versions/A/VideoToolbox
0x00000000046d8000 	/System/Library/PrivateFrameworks/CoreAUC.framework/Versions/A/CoreAUC
0x00000000046d8000 	/usr/lib/libspindump.dylib
0x00000000046d8000 	/System/Library/PrivateFrameworks/AppleVA.framework/Versions/A/AppleVA
0x00000000046d8000 	/System/Library/Frameworks/Accelerate.framework/Versions/A/Frameworks/vImage.framework/Versions/A/Libraries/libCGInterfaces.dylib
0x00000000046d8000 	/System/Library/Frameworks/ApplicationServices.framework/Versions/A/Frameworks/ATS.framework/Versions/A/Resources/libTrueTypeScaler.dylib
0x00000000046d8000 	/System/Library/Extensions/AppleIntelHD5000GraphicsMTLDriver.bundle/Contents/MacOS/AppleIntelHD5000GraphicsMTLDriver
0x00000000046d8000 	/System/Library/PrivateFrameworks/GPUCompiler.framework/Versions/3802/Libraries/libmetal_timestamp.dylib
0x00000000046d8000 	/System/Library/PrivateFrameworks/FamilyControls.framework/Versions/A/FamilyControls
0x00000000046d8000 	/System/Library/PrivateFrameworks/CommerceKit.framework/Versions/A/Frameworks/CommerceCore.framework/Versions/A/CommerceCore
0x00000000046d8000 	/System/Library/PrivateFrameworks/SystemAdministration.framework/Versions/A/SystemAdministration
0x00000000046d8000 	/System/Library/PrivateFrameworks/AppContainer.framework/Versions/A/AppContainer
0x00000000046d8000 	/System/Library/PrivateFrameworks/SecCodeWrapper.framework/Versions/A/SecCodeWrapper
0x00000000046d8000 	/System/Library/PrivateFrameworks/DiskManagement.framework/Versions/A/DiskManagement
0x00000000046d8000 	/System/Library/Frameworks/DirectoryService.framework/Versions/A/DirectoryService
0x00000000046d8000 	/System/Library/PrivateFrameworks/DiskImages.framework/Versions/A/DiskImages
0x00000000046d8000 	/System/Library/PrivateFrameworks/LoginUIKit.framework/Versions/A/Frameworks/LoginUICore.framework/Versions/A/LoginUICore
0x00000000046d8000 	/usr/lib/libCoreStorage.dylib
0x00000000046d8000 	/usr/lib/libcsfde.dylib
0x00000000046d8000 	/usr/lib/libodfde.dylib
0x00000000046d8000 	/System/Library/PrivateFrameworks/MediaKit.framework/Versions/A/MediaKit
0x00000000046d8000 	/System/Library/Frameworks/DiscRecording.framework/Versions/A/DiscRecording
0x00000000046d8000 	/System/Library/PrivateFrameworks/EFILogin.framework/Versions/A/EFILogin
0x00000000046d8000 	/System/Library/PrivateFrameworks/ProtectedCloudStorage.framework/Versions/A/ProtectedCloudStorage
0x00000000046d8000 	/usr/lib/libcurl.4.dylib
0x00000000046d8000 	/usr/lib/libcrypto.35.dylib
0x00000000046d8000 	/usr/lib/libssl.35.dylib
0x00000000046d8000 	/System/Library/Frameworks/LDAP.framework/Versions/A/LDAP
0x00000000046d8000 	/System/Library/PrivateFrameworks/TrustEvaluationAgent.framework/Versions/A/TrustEvaluationAgent
0x00000000046d8000 	/usr/lib/libsasl2.2.dylib
0x00000000046d8000 	/System/Library/PrivateFrameworks/CoreDaemon.framework/Versions/B/CoreDaemon
0x00000000046d8000 	/System/Library/PrivateFrameworks/AppleSRP.framework/Versions/A/AppleSRP
0x00000000046d8000 	/System/Library/Frameworks/OpenGL.framework/Versions/A/Resources/GLEngine.bundle/GLEngine
0x00000000046d8000 	/System/Library/Frameworks/OpenGL.framework/Versions/A/Libraries/libGLProgrammability.dylib
0x000000011fc7a000 	/System/Library/Extensions/AppleIntelHD5000GraphicsGLDriver.bundle/Contents/MacOS/AppleIntelHD5000GraphicsGLDriver
0x00000000046d8000 	/System/Library/PrivateFrameworks/GPUSupport.framework/Versions/A/Libraries/libGPUSupportMercury.dylib
0x00000000046d8000 	/System/Library/Frameworks/OpenGL.framework/Versions/A/Resources/GLRendererFloat.bundle/GLRendererFloat
0x00000000046d8000 	/System/Library/Frameworks/OpenCL.framework/Versions/A/Libraries/libcldcpuengine.dylib
0x0000000120cc0000 	/Library/Java/JavaVirtualMachines/jdk1.8.0_151.jdk/Contents/Home/jre/lib/libfontmanager.dylib
0x00000000046d8000 	/System/Library/PrivateFrameworks/ViewBridge.framework/Versions/A/ViewBridge
0x000000012211f000 	/Library/Java/JavaVirtualMachines/jdk1.8.0_151.jdk/Contents/Home/jre/lib/libosxui.dylib
0x0000000122fa2000 	/Library/Java/JavaVirtualMachines/jdk1.8.0_151.jdk/Contents/Home/jre/lib/libnet.dylib
0x0000000123001000 	/Library/Java/JavaVirtualMachines/jdk1.8.0_151.jdk/Contents/Home/jre/lib/libnio.dylib
0x0000000121d9f000 	/private/var/folders/2b/rxb1vsr90zqgm70cphy2n7sh0000gn/T/jogamp_0000/file_cache/jln2412599162004808445/jln3237106776455063596/libgluegen-rt.jnilib
0x0000000122d6c000 	/private/var/folders/2b/rxb1vsr90zqgm70cphy2n7sh0000gn/T/jogamp_0000/file_cache/jln2412599162004808445/jln3237106776455063596/libnativewindow_awt.jnilib
0x000000018cf3a000 	/Library/Java/JavaVirtualMachines/jdk1.8.0_151.jdk/Contents/Home/jre/lib/libjawt.dylib
0x000000018cf3d000 	/private/var/folders/2b/rxb1vsr90zqgm70cphy2n7sh0000gn/T/jogamp_0000/file_cache/jln2412599162004808445/jln3237106776455063596/libnativewindow_macosx.jnilib
0x000000018e92c000 	/private/var/folders/2b/rxb1vsr90zqgm70cphy2n7sh0000gn/T/jogamp_0000/file_cache/jln2412599162004808445/jln3237106776455063596/libjogl_desktop.jnilib
0x000000011f8a0000 	/Library/Java/JavaVirtualMachines/jdk1.8.0_151.jdk/Contents/Home/jre/lib/libsunec.dylib
0x000000011f83b000 	/Library/Java/JavaVirtualMachines/jdk1.8.0_151.jdk/Contents/Home/jre/lib/libt2k.dylib

VM Arguments:
jvm_args: -Djava.security.policy=java.policy.applet -Dfile.encoding=UTF-8 
java_command: sun.applet.AppletViewer module4.EarthquakeCityMap1531493312974.html
java_class_path (initial): /Library/Java/JavaVirtualMachines/jdk1.8.0_151.jdk/Contents/Home/jre/lib/resources.jar:/Library/Java/JavaVirtualMachines/jdk1.8.0_151.jdk/Contents/Home/jre/lib/rt.jar:/Library/Java/JavaVirtualMachines/jdk1.8.0_151.jdk/Contents/Home/jre/lib/jsse.jar:/Library/Java/JavaVirtualMachines/jdk1.8.0_151.jdk/Contents/Home/jre/lib/jce.jar:/Library/Java/JavaVirtualMachines/jdk1.8.0_151.jdk/Contents/Home/jre/lib/charsets.jar:/Library/Java/JavaVirtualMachines/jdk1.8.0_151.jdk/Contents/Home/jre/lib/jfr.jar:/Library/Java/JavaVirtualMachines/jdk1.8.0_151.jdk/Contents/Home/jre/lib/ext/sunec.jar:/Library/Java/JavaVirtualMachines/jdk1.8.0_151.jdk/Contents/Home/jre/lib/ext/nashorn.jar:/Library/Java/JavaVirtualMachines/jdk1.8.0_151.jdk/Contents/Home/jre/lib/ext/cldrdata.jar:/Library/Java/JavaVirtualMachines/jdk1.8.0_151.jdk/Contents/Home/jre/lib/ext/jfxrt.jar:/Library/Java/JavaVirtualMachines/jdk1.8.0_151.jdk/Contents/Home/jre/lib/ext/dnsns.jar:/Library/Java/JavaVirtualMachines/jdk1.8.0_151.jdk/Contents/Home/jre/lib/ext/localedata.jar:/Library/Java/JavaVirtualMachines/jdk1.8.0_151.jdk/Contents/Home/jre/lib/ext/sunjce_provider.jar:/Library/Java/JavaVirtualMachines/jdk1.8.0_151.jdk/Contents/Home/jre/lib/ext/sunpkcs11.jar:/Library/Java/JavaVirtualMachines/jdk1.8.0_151.jdk/Contents/Home/jre/lib/ext/jaccess.jar:/Library/Java/JavaVirtualMachines/jdk1.8.0_151.jdk/Contents/Home/jre/lib/ext/zipfs.jar:/System/Library/Java/Extensions/MRJToolkit.jar:/Users/yunsangil/Documents/computing/JAVA/UCSDUnfoldingMaps/build:/Users/yunsangil/Documents/computing/JAVA/UCSDUnfoldingMaps/lib/core.jar:/Users/yunsangil/Documents/computing/JAVA/UCSDUnfoldingMaps/lib/gluegen-rt.jar:/Users/yunsangil/Documents/computing/JAVA/UCSDUnfoldingMaps/lib/jogl-all.jar:/Users/yunsangil/Documents/computing/JAVA/UCSDUnfoldingMaps/lib/log4j-1.2.15.jar:/Users/yunsangil/Documents/computing/JAVA/UCSDUnfoldingMaps/lib/sqlite-jdbc-3.7.2.jar:/Users/yunsangil/Documents/computing/JAVA/UCSDUnfoldingMaps/lib/json4
Launcher Type: SUN_STANDARD

Environment Variables:
PATH=/usr/bin:/bin:/usr/sbin:/sbin
SHELL=/bin/bash

Signal Handlers:
SIGSEGV: [libjvm.dylib+0x5b27a5], sa_mask[0]=11111111011111110111111111111111, sa_flags=SA_ONSTACK|SA_RESTART|SA_SIGINFO
SIGBUS: [libjvm.dylib+0x5b27a5], sa_mask[0]=11111111011111110111111111111111, sa_flags=SA_RESTART|SA_SIGINFO
SIGFPE: [libjvm.dylib+0x4891c4], sa_mask[0]=11111111011111110111111111111111, sa_flags=SA_RESTART|SA_SIGINFO
SIGPIPE: [libjvm.dylib+0x4891c4], sa_mask[0]=11111111011111110111111111111111, sa_flags=SA_RESTART|SA_SIGINFO
SIGXFSZ: [libjvm.dylib+0x4891c4], sa_mask[0]=11111111011111110111111111111111, sa_flags=SA_RESTART|SA_SIGINFO
SIGILL: [libjvm.dylib+0x4891c4], sa_mask[0]=11111111011111110111111111111111, sa_flags=SA_RESTART|SA_SIGINFO
SIGUSR1: SIG_DFL, sa_mask[0]=00000000000000000000000000000000, sa_flags=none
SIGUSR2: [libjvm.dylib+0x488ce2], sa_mask[0]=00100000000000000000000000000000, sa_flags=SA_RESTART|SA_SIGINFO
SIGHUP: [libjvm.dylib+0x4872b9], sa_mask[0]=11111111011111110111111111111111, sa_flags=SA_RESTART|SA_SIGINFO
SIGINT: [libjvm.dylib+0x4872b9], sa_mask[0]=11111111011111110111111111111111, sa_flags=SA_RESTART|SA_SIGINFO
SIGTERM: [libjvm.dylib+0x4872b9], sa_mask[0]=11111111011111110111111111111111, sa_flags=SA_RESTART|SA_SIGINFO
SIGQUIT: [libjvm.dylib+0x4872b9], sa_mask[0]=11111111011111110111111111111111, sa_flags=SA_RESTART|SA_SIGINFO


---------------  S Y S T E M  ---------------

OS:Bsduname:Darwin 17.6.0 Darwin Kernel Version 17.6.0: Tue May  8 15:22:16 PDT 2018; root:xnu-4570.61.1~1/RELEASE_X86_64 x86_64
rlimit: STACK 8192k, CORE 0k, NPROC 709, NOFILE 10240, AS infinity
load average:2.12 2.11 2.06

CPU:total 4 (initial active 4) (2 cores per cpu, 2 threads per core) family 6 model 69 stepping 1, cmov, cx8, fxsr, mmx, sse, sse2, sse3, ssse3, sse4.1, sse4.2, popcnt, avx, avx2, aes, clmul, erms, lzcnt, ht, tsc, tscinvbit, bmi1, bmi2

Memory: 4k page, physical 8388608k(29852k free)

/proc/meminfo:


vm_info: Java HotSpot(TM) 64-Bit Server VM (25.151-b12) for bsd-amd64 JRE (1.8.0_151-b12), built on Sep  5 2017 19:37:08 by "java_re" with gcc 4.2.1 (Based on Apple Inc. build 5658) (LLVM build 2336.11.00)

time: Fri Jul 13 23:49:05 2018
elapsed time: 32 seconds (0d 0h 0m 32s)

